debug: -0.3006560575214934
init called
here are the name, val, min, max of each parameter
sh
8.0
(0.1, 50.0)

tha
-28.76
(-150.0, -1.0)

qa
5.41
(0.1, 100.0)

Ra
0.3282
(0.005, 2.0)

Rb
0.1
(0.005, 2.0)

thi1
-37.651
(-150.0, -1.0)

thi2
-30.0
(-150.0, -1.0)

qd
0.5
(0.0, 20.0)

qg
1.5
(0.0, 20.0)

mmin
0.02
(5e-05, 0.5)

hmin
0.01
(5e-05, 0.5)

q10
2.0
(0.0, 20.0)

Rg
0.01
(0.0005, 0.2)

Rd
0.02657
(0.0005, 0.2)

thinf
-45.0
(-150.0, -1.0)

qinf
7.69
(0.5, 100.0)

vhalfs
-60.0
(-150.0, -1.0)

a0s
0.0003
(1.5e-06, 0.1)

zetas
12.0
(0.1, 80.0)

gms
0.2
(0.003, 3.0)

smax
10.0
(0.1, 150.0)

vvh
-58.0
(-150.0, -1.0)

vvs
2.0
(-50.0, 60.0)

Ena
55.0
(45.0, 65.0)




here are the goals:
5.65
0.0
-208.77
155.28
0.0
0.0
0.0
exp(706.578) out of range, returning exp(700)
exp(707.701) out of range, returning exp(700)
exp(707.744) out of range, returning exp(700)
exp(707.746) out of range, returning exp(700)
No more errno warnings during this execution
exp(720.373) out of range, returning exp(700)
exp(721.672) out of range, returning exp(700)
exp(721.722) out of range, returning exp(700)
exp(721.724) out of range, returning exp(700)
No more errno warnings during this execution
exp(700.028) out of range, returning exp(700)
exp(700.094) out of range, returning exp(700)
exp(700.16) out of range, returning exp(700)
exp(700.227) out of range, returning exp(700)
No more errno warnings during this execution
exp(720.068) out of range, returning exp(700)
exp(721.366) out of range, returning exp(700)
exp(721.416) out of range, returning exp(700)
exp(721.418) out of range, returning exp(700)
No more errno warnings during this execution
[10.908309916817608, -87.10463023817512, 3.0011746787293077, 0.44727487421470496, 0.8785857493328914, -76.12397603410426, -115.27041691162168, 4.617330830819686, 4.375620746753772, 0.2298287526955799, 0.14492631821451327, 0.4297941053181775, 0.1675968061446833, 0.11151263736916048, -54.298139923065605, 18.99767345652441, -2.111031585766284, 0.0859948629597358, 9.759107788483933, 1.0000874705243068, 108.25051269673193, -44.03242631540333, 53.00846454794056, 53.4421399992283]
Current generation:  1
log: 
 gen	nevals	avg    	std    	min    	max   
1  	5     	82580.2	10425.8	71868.3	101397 

[14.050523968942905, -16.21100256142814, 66.63846343973289, 0.5138627063501463, 0.8175376198366756, -59.76625468536618, -52.91264706430832, 4.916398751699636, 4.326632773334939, 0.2322182477906541, 0.06449885785199969, 10.913308260279308, 0.15241103816615303, 0.09706258730111081, -80.13288072600095, 17.7008802169546, -113.86110284047703, 0.06946739742465888, 77.45274749820297, 1.0148260008990162, 3.914334562919774, -51.45875749743503, 52.96622486690901, 53.49188157793028]
Current generation:  2
log: 
 gen	nevals	avg    	std    	min    	max   
1  	5     	82580.2	10425.8	71868.3	101397
2  	5     	80760.7	9302.93	69248.1	101397 

[5.071381399440005, -113.91347680363421, 57.13220763486497, 0.44727487421470496, 0.026801799741577814, -76.12397603410426, -68.17947860400338, 4.617330830819686, 4.375620746753772, 0.27846499660277657, 0.2000609507475615, 0.3505597086522787, 0.1625828232246802, 0.09811723551247385, -54.343081252316196, 20.560920468199747, -138.05697646213653, 0.0360166728887202, 9.759107788483933, 1.0000874705243068, 119.57260780691821, -44.03242631540333, 50.37853618065724, 53.19635466793712]
Current generation:  3
log: 
 gen	nevals	avg    	std    	min    	max        
1  	5     	82580.2	10425.8	71868.3	101397     
2  	5     	80760.7	9302.93	69248.1	101397     
3  	5     	190640 	352873 	67666.2	1.24909e+06 

[5.071381399440005, -113.91347680363421, 57.13220763486497, 0.44727487421470496, 0.026801799741577814, -76.12397603410426, -68.17947860400338, 4.617330830819686, 4.375620746753772, 0.27846499660277657, 0.2000609507475615, 0.3505597086522787, 0.1625828232246802, 0.09811723551247385, -54.343081252316196, 20.560920468199747, -138.05697646213653, 0.0360166728887202, 9.759107788483933, 1.0000874705243068, 119.57260780691821, -44.03242631540333, 50.37853618065724, 53.19635466793712]
Current generation:  4
log: 
 gen	nevals	avg    	std    	min    	max        
1  	5     	82580.2	10425.8	71868.3	101397     
2  	5     	80760.7	9302.93	69248.1	101397     
3  	5     	190640 	352873 	67666.2	1.24909e+06
4  	5     	7e+15  	2.1e+16	67666.2	7e+16       

[5.138504615499354, -113.91347680363421, 57.13220763486497, 0.44727487421470496, 0.10097286276150647, -76.12397603410426, -68.18421315616779, 4.617330830819686, 6.4917392636085625, 0.34560752369983905, 0.2000609507475615, 0.4251846701866105, 0.18329279025278386, 0.08339867460986027, -53.25814583840825, 15.758904452117278, -138.05697646213653, 0.034054537705362105, 8.202873317021268, 1.8887090092185814, 119.57260780691821, -44.03242631540333, 50.37853618065724, 53.194765424635676]
Current generation:  5
log: 
 gen	nevals	avg    	std    	min    	max        
1  	5     	82580.2	10425.8	71868.3	101397     
2  	5     	80760.7	9302.93	69248.1	101397     
3  	5     	190640 	352873 	67666.2	1.24909e+06
4  	5     	7e+15  	2.1e+16	67666.2	7e+16      
5  	5     	67720.6	161.414	67545.4	68063.7     

[5.138504615499354, -113.91347680363421, 57.13220763486497, 0.44727487421470496, 0.10097286276150647, -76.12397603410426, -68.18421315616779, 4.617330830819686, 6.4917392636085625, 0.34560752369983905, 0.2000609507475615, 0.4251846701866105, 0.18329279025278386, 0.08339867460986027, -53.25814583840825, 15.758904452117278, -138.05697646213653, 0.034054537705362105, 8.202873317021268, 1.8887090092185814, 119.57260780691821, -44.03242631540333, 50.37853618065724, 53.194765424635676]
Current generation:  6
log: 
 gen	nevals	avg    	std    	min    	max        
1  	5     	82580.2	10425.8	71868.3	101397     
2  	5     	80760.7	9302.93	69248.1	101397     
3  	5     	190640 	352873 	67666.2	1.24909e+06
4  	5     	7e+15  	2.1e+16	67666.2	7e+16      
5  	5     	67720.6	161.414	67545.4	68063.7    
6  	5     	68138.2	995.188	67545.4	70834.9     

[5.138504615499354, -113.91347680363421, 57.13220763486497, 0.44727487421470496, 0.10097286276150647, -76.12397603410426, -68.18421315616779, 4.617330830819686, 6.4917392636085625, 0.34560752369983905, 0.2000609507475615, 0.4251846701866105, 0.18329279025278386, 0.08339867460986027, -53.25814583840825, 15.758904452117278, -138.05697646213653, 0.034054537705362105, 8.202873317021268, 1.8887090092185814, 119.57260780691821, -44.03242631540333, 50.37853618065724, 53.194765424635676]
Current generation:  7
log: 
 gen	nevals	avg    	std    	min    	max        
1  	5     	82580.2	10425.8	71868.3	101397     
2  	5     	80760.7	9302.93	69248.1	101397     
3  	5     	190640 	352873 	67666.2	1.24909e+06
4  	5     	7e+15  	2.1e+16	67666.2	7e+16      
5  	5     	67720.6	161.414	67545.4	68063.7    
6  	5     	68138.2	995.188	67545.4	70834.9    
7  	5     	69012  	3190.13	67592.3	78479.2     

[5.138504615499354, -113.91347680363421, 57.13220763486497, 0.44727487421470496, 0.10097286276150647, -76.12397603410426, -68.18421315616779, 4.617330830819686, 6.4917392636085625, 0.34560752369983905, 0.2000609507475615, 0.4251846701866105, 0.18329279025278386, 0.08339867460986027, -53.25814583840825, 15.758904452117278, -138.05697646213653, 0.034054537705362105, 8.202873317021268, 1.8887090092185814, 119.57260780691821, -44.03242631540333, 50.37853618065724, 53.194765424635676]
Current generation:  8
log: 
 gen	nevals	avg    	std    	min    	max        
1  	5     	82580.2	10425.8	71868.3	101397     
2  	5     	80760.7	9302.93	69248.1	101397     
3  	5     	190640 	352873 	67666.2	1.24909e+06
4  	5     	7e+15  	2.1e+16	67666.2	7e+16      
5  	5     	67720.6	161.414	67545.4	68063.7    
6  	5     	68138.2	995.188	67545.4	70834.9    
7  	5     	69012  	3190.13	67592.3	78479.2    
8  	5     	73436.1	5109.03	67815.6	78586.2     

[5.138504615499354, -113.91347680363421, 57.13220763486497, 0.44727487421470496, 0.10097286276150647, -76.12397603410426, -68.18421315616779, 4.617330830819686, 6.4917392636085625, 0.34560752369983905, 0.2000609507475615, 0.4251846701866105, 0.18329279025278386, 0.08339867460986027, -53.25814583840825, 15.758904452117278, -138.05697646213653, 0.034054537705362105, 8.202873317021268, 1.8887090092185814, 119.57260780691821, -44.03242631540333, 50.37853618065724, 53.194765424635676]
Current generation:  9
log: 
 gen	nevals	avg    	std    	min    	max        
1  	5     	82580.2	10425.8	71868.3	101397     
2  	5     	80760.7	9302.93	69248.1	101397     
3  	5     	190640 	352873 	67666.2	1.24909e+06
4  	5     	7e+15  	2.1e+16	67666.2	7e+16      
5  	5     	67720.6	161.414	67545.4	68063.7    
6  	5     	68138.2	995.188	67545.4	70834.9    
7  	5     	69012  	3190.13	67592.3	78479.2    
8  	5     	73436.1	5109.03	67815.6	78586.2    
9  	5     	70092.7	4337.81	67786.7	80501.2     

[5.138504615499354, -113.91347680363421, 57.13220763486497, 0.44727487421470496, 0.10097286276150647, -76.12397603410426, -68.18421315616779, 4.617330830819686, 6.4917392636085625, 0.34560752369983905, 0.2000609507475615, 0.4251846701866105, 0.18329279025278386, 0.08339867460986027, -53.25814583840825, 15.758904452117278, -138.05697646213653, 0.034054537705362105, 8.202873317021268, 1.8887090092185814, 119.57260780691821, -44.03242631540333, 50.37853618065724, 53.194765424635676]
Current generation:  10
log: 
 gen	nevals	avg    	std    	min    	max        
1  	5     	82580.2	10425.8	71868.3	101397     
2  	5     	80760.7	9302.93	69248.1	101397     
3  	5     	190640 	352873 	67666.2	1.24909e+06
4  	5     	7e+15  	2.1e+16	67666.2	7e+16      
5  	5     	67720.6	161.414	67545.4	68063.7    
6  	5     	68138.2	995.188	67545.4	70834.9    
7  	5     	69012  	3190.13	67592.3	78479.2    
8  	5     	73436.1	5109.03	67815.6	78586.2    
9  	5     	70092.7	4337.81	67786.7	80501.2    
10 	5     	69125.8	2141.02	67744.5	75419.8     

68.11191082000732
evaluate_with_lists is called
debug: 0.08320194453020563
evaluate_with_lists is called
debug: 0.06650211224096136
evaluate_with_lists is called
debug: 1.0201943823944981
/global/homes/j/jinan/.local/lib/python3.6/site-packages/scipy/stats/_stats_mstats_common.py:130: RuntimeWarning: invalid value encountered in double_scalars
  slope = r_num / ssxm
/global/homes/j/jinan/.local/lib/python3.6/site-packages/scipy/stats/_stats_mstats_common.py:142: RuntimeWarning: divide by zero encountered in double_scalars
  sterrest = np.sqrt((1 - r**2) * ssym / ssxm / df)
/global/homes/j/jinan/.local/lib/python3.6/site-packages/scipy/optimize/minpack.py:829: OptimizeWarning: Covariance of the parameters could not be estimated
  category=OptimizeWarning)
evaluate_with_lists is called
debug: 0.24985137794278778
evaluate_with_lists is called
debug: 0.30287784726662675
/global/homes/j/jinan/.local/lib/python3.6/site-packages/scipy/stats/_stats_mstats_common.py:130: RuntimeWarning: invalid value encountered in double_scalars
  slope = r_num / ssxm
/global/homes/j/jinan/.local/lib/python3.6/site-packages/scipy/stats/_stats_mstats_common.py:142: RuntimeWarning: divide by zero encountered in double_scalars
  sterrest = np.sqrt((1 - r**2) * ssym / ssxm / df)
/global/homes/j/jinan/.local/lib/python3.6/site-packages/scipy/optimize/minpack.py:829: OptimizeWarning: Covariance of the parameters could not be estimated
  category=OptimizeWarning)
/global/u1/j/jinan/dec18/SimulatingVariants/CHOP/files_for_optimization/curve_fitting.py:17: RuntimeWarning: overflow encountered in exp
  return bottom +  ((top - bottom) / (1.0 + np.exp((v_half - x)/slope)))
evaluate_with_lists is called
debug: 0.8516678925106725
evaluate_with_lists is called
debug: 0.004785460282599466
/global/homes/j/jinan/.local/lib/python3.6/site-packages/scipy/stats/_stats_mstats_common.py:130: RuntimeWarning: invalid value encountered in double_scalars
  slope = r_num / ssxm
/global/homes/j/jinan/.local/lib/python3.6/site-packages/scipy/stats/_stats_mstats_common.py:142: RuntimeWarning: divide by zero encountered in double_scalars
  sterrest = np.sqrt((1 - r**2) * ssym / ssxm / df)
/global/homes/j/jinan/.local/lib/python3.6/site-packages/scipy/optimize/minpack.py:829: OptimizeWarning: Covariance of the parameters could not be estimated
  category=OptimizeWarning)
evaluate_with_lists is called
debug: 0.4043522647948486
/global/homes/j/jinan/.local/lib/python3.6/site-packages/scipy/stats/_stats_mstats_common.py:130: RuntimeWarning: invalid value encountered in double_scalars
  slope = r_num / ssxm
/global/homes/j/jinan/.local/lib/python3.6/site-packages/scipy/stats/_stats_mstats_common.py:142: RuntimeWarning: divide by zero encountered in double_scalars
  sterrest = np.sqrt((1 - r**2) * ssym / ssxm / df)
/global/homes/j/jinan/.local/lib/python3.6/site-packages/scipy/optimize/minpack.py:829: OptimizeWarning: Covariance of the parameters could not be estimated
  category=OptimizeWarning)
evaluate_with_lists is called
debug: 0.062087437743526555
evaluate_with_lists is called
debug: 0.40718324983053683
/global/homes/j/jinan/.local/lib/python3.6/site-packages/scipy/stats/_stats_mstats_common.py:130: RuntimeWarning: invalid value encountered in double_scalars
  slope = r_num / ssxm
/global/homes/j/jinan/.local/lib/python3.6/site-packages/scipy/stats/_stats_mstats_common.py:142: RuntimeWarning: divide by zero encountered in double_scalars
  sterrest = np.sqrt((1 - r**2) * ssym / ssxm / df)
/global/homes/j/jinan/.local/lib/python3.6/site-packages/scipy/optimize/minpack.py:829: OptimizeWarning: Covariance of the parameters could not be estimated
  category=OptimizeWarning)
evaluate_with_lists is called
debug: 0.7760079755471111
/global/homes/j/jinan/.local/lib/python3.6/site-packages/scipy/stats/_stats_mstats_common.py:130: RuntimeWarning: invalid value encountered in double_scalars
  slope = r_num / ssxm
/global/homes/j/jinan/.local/lib/python3.6/site-packages/scipy/stats/_stats_mstats_common.py:142: RuntimeWarning: divide by zero encountered in double_scalars
  sterrest = np.sqrt((1 - r**2) * ssym / ssxm / df)
/global/homes/j/jinan/.local/lib/python3.6/site-packages/scipy/optimize/minpack.py:829: OptimizeWarning: Covariance of the parameters could not be estimated
  category=OptimizeWarning)
evaluate_with_lists is called
debug: 0.33596505262880294
/global/homes/j/jinan/.local/lib/python3.6/site-packages/scipy/stats/_stats_mstats_common.py:130: RuntimeWarning: invalid value encountered in double_scalars
  slope = r_num / ssxm
/global/homes/j/jinan/.local/lib/python3.6/site-packages/scipy/stats/_stats_mstats_common.py:142: RuntimeWarning: divide by zero encountered in double_scalars
  sterrest = np.sqrt((1 - r**2) * ssym / ssxm / df)
/global/homes/j/jinan/.local/lib/python3.6/site-packages/scipy/optimize/minpack.py:829: OptimizeWarning: Covariance of the parameters could not be estimated
  category=OptimizeWarning)
evaluate_with_lists is called
debug: 0.002437042482353812
/global/homes/j/jinan/.local/lib/python3.6/site-packages/scipy/stats/_stats_mstats_common.py:130: RuntimeWarning: invalid value encountered in double_scalars
  slope = r_num / ssxm
/global/homes/j/jinan/.local/lib/python3.6/site-packages/scipy/stats/_stats_mstats_common.py:142: RuntimeWarning: divide by zero encountered in double_scalars
  sterrest = np.sqrt((1 - r**2) * ssym / ssxm / df)
/global/homes/j/jinan/.local/lib/python3.6/site-packages/scipy/optimize/minpack.py:829: OptimizeWarning: Covariance of the parameters could not be estimated
  category=OptimizeWarning)
evaluate_with_lists is called
debug: 4.527730252545335
/global/homes/j/jinan/.local/lib/python3.6/site-packages/scipy/stats/_stats_mstats_common.py:130: RuntimeWarning: invalid value encountered in double_scalars
  slope = r_num / ssxm
/global/homes/j/jinan/.local/lib/python3.6/site-packages/scipy/stats/_stats_mstats_common.py:142: RuntimeWarning: divide by zero encountered in double_scalars
  sterrest = np.sqrt((1 - r**2) * ssym / ssxm / df)
/global/homes/j/jinan/.local/lib/python3.6/site-packages/scipy/optimize/minpack.py:829: OptimizeWarning: Covariance of the parameters could not be estimated
  category=OptimizeWarning)
evaluate_with_lists is called
Couldn't fit curve to activation.
debug: 0.5934502531626334
/global/u1/j/jinan/dec18/SimulatingVariants/CHOP/files_for_optimization/generalized_genSim_shorten_time.py:210: RuntimeWarning: overflow encountered in exp
  return Gmax * (vm - self.vrev) / (1 + np.exp((v_half - vm) / s))
/global/homes/j/jinan/.local/lib/python3.6/site-packages/scipy/optimize/minpack.py:829: OptimizeWarning: Covariance of the parameters could not be estimated
  category=OptimizeWarning)
evaluate_with_lists is called
evaluate_with_lists is called
Couldn't fit curve to activation.
debug: 0.28412146245001774
/global/u1/j/jinan/dec18/SimulatingVariants/CHOP/files_for_optimization/curve_fitting.py:17: RuntimeWarning: overflow encountered in exp
  return bottom +  ((top - bottom) / (1.0 + np.exp((v_half - x)/slope)))
/global/homes/j/jinan/.local/lib/python3.6/site-packages/scipy/optimize/minpack.py:829: OptimizeWarning: Covariance of the parameters could not be estimated
  category=OptimizeWarning)
evaluate_with_lists is called
Couldn't fit curve to activation.
debug: 0.5895427741800552
evaluate_with_lists is called
debug: 0.18412877273415687
evaluate_with_lists is called
debug: 4.63284172315401
evaluate_with_lists is called
debug: 1.0316369491241753
evaluate_with_lists is called
debug: 2.0747005419272058
evaluate_with_lists is called
debug: 4.603001813112807
evaluate_with_lists is called
debug: 4.704677963440411
evaluate_with_lists is called
debug: 2.769784145432617
/global/u1/j/jinan/dec18/SimulatingVariants/CHOP/files_for_optimization/generalized_genSim_shorten_time.py:210: RuntimeWarning: overflow encountered in exp
  return Gmax * (vm - self.vrev) / (1 + np.exp((v_half - vm) / s))
/global/u1/j/jinan/dec18/SimulatingVariants/CHOP/files_for_optimization/curve_fitting.py:17: RuntimeWarning: overflow encountered in exp
  return bottom +  ((top - bottom) / (1.0 + np.exp((v_half - x)/slope)))
/global/homes/j/jinan/.local/lib/python3.6/site-packages/scipy/stats/_stats_mstats_common.py:130: RuntimeWarning: invalid value encountered in double_scalars
  slope = r_num / ssxm
/global/homes/j/jinan/.local/lib/python3.6/site-packages/scipy/stats/_stats_mstats_common.py:142: RuntimeWarning: divide by zero encountered in double_scalars
  sterrest = np.sqrt((1 - r**2) * ssym / ssxm / df)
/global/homes/j/jinan/.local/lib/python3.6/site-packages/scipy/optimize/minpack.py:829: OptimizeWarning: Covariance of the parameters could not be estimated
  category=OptimizeWarning)
/global/homes/j/jinan/.local/lib/python3.6/site-packages/scipy/stats/_stats_mstats_common.py:130: RuntimeWarning: invalid value encountered in double_scalars
  slope = r_num / ssxm
/global/homes/j/jinan/.local/lib/python3.6/site-packages/scipy/stats/_stats_mstats_common.py:142: RuntimeWarning: divide by zero encountered in double_scalars
  sterrest = np.sqrt((1 - r**2) * ssym / ssxm / df)
/global/homes/j/jinan/.local/lib/python3.6/site-packages/scipy/optimize/minpack.py:829: OptimizeWarning: Covariance of the parameters could not be estimated
  category=OptimizeWarning)
/global/homes/j/jinan/.local/lib/python3.6/site-packages/scipy/stats/_stats_mstats_common.py:130: RuntimeWarning: invalid value encountered in double_scalars
  slope = r_num / ssxm
/global/homes/j/jinan/.local/lib/python3.6/site-packages/scipy/stats/_stats_mstats_common.py:142: RuntimeWarning: divide by zero encountered in double_scalars
  sterrest = np.sqrt((1 - r**2) * ssym / ssxm / df)
/global/homes/j/jinan/.local/lib/python3.6/site-packages/scipy/optimize/minpack.py:829: OptimizeWarning: Covariance of the parameters could not be estimated
  category=OptimizeWarning)
/global/homes/j/jinan/.local/lib/python3.6/site-packages/scipy/stats/_stats_mstats_common.py:130: RuntimeWarning: invalid value encountered in double_scalars
  slope = r_num / ssxm
/global/homes/j/jinan/.local/lib/python3.6/site-packages/scipy/stats/_stats_mstats_common.py:142: RuntimeWarning: divide by zero encountered in double_scalars
  sterrest = np.sqrt((1 - r**2) * ssym / ssxm / df)
/global/homes/j/jinan/.local/lib/python3.6/site-packages/scipy/optimize/minpack.py:829: OptimizeWarning: Covariance of the parameters could not be estimated
  category=OptimizeWarning)
/global/homes/j/jinan/.local/lib/python3.6/site-packages/scipy/stats/_stats_mstats_common.py:130: RuntimeWarning: invalid value encountered in double_scalars
  slope = r_num / ssxm
/global/homes/j/jinan/.local/lib/python3.6/site-packages/scipy/stats/_stats_mstats_common.py:142: RuntimeWarning: divide by zero encountered in double_scalars
  sterrest = np.sqrt((1 - r**2) * ssym / ssxm / df)
/global/homes/j/jinan/.local/lib/python3.6/site-packages/scipy/optimize/minpack.py:829: OptimizeWarning: Covariance of the parameters could not be estimated
  category=OptimizeWarning)
/global/homes/j/jinan/.local/lib/python3.6/site-packages/scipy/stats/_stats_mstats_common.py:130: RuntimeWarning: invalid value encountered in double_scalars
  slope = r_num / ssxm
/global/homes/j/jinan/.local/lib/python3.6/site-packages/scipy/stats/_stats_mstats_common.py:142: RuntimeWarning: divide by zero encountered in double_scalars
  sterrest = np.sqrt((1 - r**2) * ssym / ssxm / df)
/global/homes/j/jinan/.local/lib/python3.6/site-packages/scipy/optimize/minpack.py:829: OptimizeWarning: Covariance of the parameters could not be estimated
  category=OptimizeWarning)
/global/homes/j/jinan/.local/lib/python3.6/site-packages/scipy/stats/_stats_mstats_common.py:130: RuntimeWarning: invalid value encountered in double_scalars
  slope = r_num / ssxm
evaluate_with_lists is called
debug: 4.967957820079473
/global/homes/j/jinan/.local/lib/python3.6/site-packages/scipy/stats/_stats_mstats_common.py:142: RuntimeWarning: divide by zero encountered in double_scalars
  sterrest = np.sqrt((1 - r**2) * ssym / ssxm / df)
/global/homes/j/jinan/.local/lib/python3.6/site-packages/scipy/optimize/minpack.py:829: OptimizeWarning: Covariance of the parameters could not be estimated
  category=OptimizeWarning)
/global/homes/j/jinan/.local/lib/python3.6/site-packages/scipy/stats/_stats_mstats_common.py:130: RuntimeWarning: invalid value encountered in double_scalars
  slope = r_num / ssxm
/global/homes/j/jinan/.local/lib/python3.6/site-packages/scipy/stats/_stats_mstats_common.py:142: RuntimeWarning: divide by zero encountered in double_scalars
  sterrest = np.sqrt((1 - r**2) * ssym / ssxm / df)
/global/homes/j/jinan/.local/lib/python3.6/site-packages/scipy/optimize/minpack.py:829: OptimizeWarning: Covariance of the parameters could not be estimated
  category=OptimizeWarning)
evaluate_with_lists is called
debug: 0.6366432907357555
/global/homes/j/jinan/.local/lib/python3.6/site-packages/scipy/stats/_stats_mstats_common.py:130: RuntimeWarning: invalid value encountered in double_scalars
  slope = r_num / ssxm
/global/homes/j/jinan/.local/lib/python3.6/site-packages/scipy/stats/_stats_mstats_common.py:142: RuntimeWarning: divide by zero encountered in double_scalars
  sterrest = np.sqrt((1 - r**2) * ssym / ssxm / df)
/global/homes/j/jinan/.local/lib/python3.6/site-packages/scipy/optimize/minpack.py:829: OptimizeWarning: Covariance of the parameters could not be estimated
  category=OptimizeWarning)
evaluate_with_lists is called
debug: 4.232142761269112
/global/homes/j/jinan/.local/lib/python3.6/site-packages/scipy/stats/_stats_mstats_common.py:130: RuntimeWarning: invalid value encountered in double_scalars
  slope = r_num / ssxm
/global/homes/j/jinan/.local/lib/python3.6/site-packages/scipy/stats/_stats_mstats_common.py:142: RuntimeWarning: divide by zero encountered in double_scalars
  sterrest = np.sqrt((1 - r**2) * ssym / ssxm / df)
/global/homes/j/jinan/.local/lib/python3.6/site-packages/scipy/optimize/minpack.py:829: OptimizeWarning: Covariance of the parameters could not be estimated
  category=OptimizeWarning)
/global/u1/j/jinan/dec18/SimulatingVariants/CHOP/files_for_optimization/generalized_genSim_shorten_time.py:692: RuntimeWarning: overflow encountered in exp
  return a + b * np.exp(-1 * c * x)
/global/u1/j/jinan/dec18/SimulatingVariants/CHOP/files_for_optimization/eval_helper_na12.py:617: RuntimeWarning: overflow encountered in exp
  return a + b * np.exp(-1 * c * x)
evaluate_with_lists is called
debug: 2.765632905315554
/global/homes/j/jinan/.local/lib/python3.6/site-packages/scipy/stats/_stats_mstats_common.py:130: RuntimeWarning: invalid value encountered in double_scalars
  slope = r_num / ssxm
/global/homes/j/jinan/.local/lib/python3.6/site-packages/scipy/stats/_stats_mstats_common.py:142: RuntimeWarning: divide by zero encountered in double_scalars
  sterrest = np.sqrt((1 - r**2) * ssym / ssxm / df)
/global/homes/j/jinan/.local/lib/python3.6/site-packages/scipy/optimize/minpack.py:829: OptimizeWarning: Covariance of the parameters could not be estimated
  category=OptimizeWarning)
/global/u1/j/jinan/dec18/SimulatingVariants/CHOP/files_for_optimization/curve_fitting.py:17: RuntimeWarning: overflow encountered in exp
  return bottom +  ((top - bottom) / (1.0 + np.exp((v_half - x)/slope)))
evaluate_with_lists is called
debug: 0.6190765223324094
evaluate_with_lists is called
debug: 2.574403788543335
evaluate_with_lists is called
debug: 0.760965642051906
evaluate_with_lists is called
debug: 4.115254390216956
evaluate_with_lists is called
debug: 4.691444318066468
evaluate_with_lists is called
debug: 3.9910796079445925
evaluate_with_lists is called
debug: 0.7477564561972067
evaluate_with_lists is called
debug: 1.1232330398537853
evaluate_with_lists is called
debug: 1.784446837779275
evaluate_with_lists is called
debug: 0.6219740846390033
evaluate_with_lists is called
debug: 0.5245084494800694
/global/homes/j/jinan/.local/lib/python3.6/site-packages/scipy/stats/_stats_mstats_common.py:130: RuntimeWarning: invalid value encountered in double_scalars
  slope = r_num / ssxm
/global/homes/j/jinan/.local/lib/python3.6/site-packages/scipy/stats/_stats_mstats_common.py:142: RuntimeWarning: divide by zero encountered in double_scalars
  sterrest = np.sqrt((1 - r**2) * ssym / ssxm / df)
/global/homes/j/jinan/.local/lib/python3.6/site-packages/scipy/optimize/minpack.py:829: OptimizeWarning: Covariance of the parameters could not be estimated
  category=OptimizeWarning)
/global/homes/j/jinan/.local/lib/python3.6/site-packages/scipy/stats/_stats_mstats_common.py:130: RuntimeWarning: invalid value encountered in double_scalars
  slope = r_num / ssxm
/global/homes/j/jinan/.local/lib/python3.6/site-packages/scipy/stats/_stats_mstats_common.py:142: RuntimeWarning: divide by zero encountered in double_scalars
  sterrest = np.sqrt((1 - r**2) * ssym / ssxm / df)
/global/homes/j/jinan/.local/lib/python3.6/site-packages/scipy/optimize/minpack.py:829: OptimizeWarning: Covariance of the parameters could not be estimated
  category=OptimizeWarning)
/global/homes/j/jinan/.local/lib/python3.6/site-packages/scipy/optimize/minpack.py:829: OptimizeWarning: Covariance of the parameters could not be estimated
  category=OptimizeWarning)
/global/homes/j/jinan/.local/lib/python3.6/site-packages/scipy/stats/_stats_mstats_common.py:130: RuntimeWarning: invalid value encountered in double_scalars
  slope = r_num / ssxm
/global/homes/j/jinan/.local/lib/python3.6/site-packages/scipy/stats/_stats_mstats_common.py:142: RuntimeWarning: divide by zero encountered in double_scalars
  sterrest = np.sqrt((1 - r**2) * ssym / ssxm / df)
/global/homes/j/jinan/.local/lib/python3.6/site-packages/scipy/optimize/minpack.py:829: OptimizeWarning: Covariance of the parameters could not be estimated
  category=OptimizeWarning)
/global/homes/j/jinan/.local/lib/python3.6/site-packages/scipy/stats/_stats_mstats_common.py:130: RuntimeWarning: invalid value encountered in double_scalars
  slope = r_num / ssxm
/global/homes/j/jinan/.local/lib/python3.6/site-packages/scipy/stats/_stats_mstats_common.py:142: RuntimeWarning: divide by zero encountered in double_scalars
  sterrest = np.sqrt((1 - r**2) * ssym / ssxm / df)
/global/homes/j/jinan/.local/lib/python3.6/site-packages/scipy/optimize/minpack.py:829: OptimizeWarning: Covariance of the parameters could not be estimated
  category=OptimizeWarning)
/global/homes/j/jinan/.local/lib/python3.6/site-packages/scipy/stats/_stats_mstats_common.py:130: RuntimeWarning: invalid value encountered in double_scalars
  slope = r_num / ssxm
/global/homes/j/jinan/.local/lib/python3.6/site-packages/scipy/stats/_stats_mstats_common.py:142: RuntimeWarning: divide by zero encountered in double_scalars
  sterrest = np.sqrt((1 - r**2) * ssym / ssxm / df)
/global/homes/j/jinan/.local/lib/python3.6/site-packages/scipy/optimize/minpack.py:829: OptimizeWarning: Covariance of the parameters could not be estimated
  category=OptimizeWarning)
/global/homes/j/jinan/.local/lib/python3.6/site-packages/scipy/stats/_stats_mstats_common.py:130: RuntimeWarning: invalid value encountered in double_scalars
  slope = r_num / ssxm
/global/homes/j/jinan/.local/lib/python3.6/site-packages/scipy/stats/_stats_mstats_common.py:142: RuntimeWarning: divide by zero encountered in double_scalars
  sterrest = np.sqrt((1 - r**2) * ssym / ssxm / df)
/global/homes/j/jinan/.local/lib/python3.6/site-packages/scipy/optimize/minpack.py:829: OptimizeWarning: Covariance of the parameters could not be estimated
  category=OptimizeWarning)
/global/homes/j/jinan/.local/lib/python3.6/site-packages/scipy/stats/_stats_mstats_common.py:130: RuntimeWarning: invalid value encountered in double_scalars
  slope = r_num / ssxm
/global/homes/j/jinan/.local/lib/python3.6/site-packages/scipy/stats/_stats_mstats_common.py:142: RuntimeWarning: divide by zero encountered in double_scalars
  sterrest = np.sqrt((1 - r**2) * ssym / ssxm / df)
/global/homes/j/jinan/.local/lib/python3.6/site-packages/scipy/optimize/minpack.py:829: OptimizeWarning: Covariance of the parameters could not be estimated
  category=OptimizeWarning)
/global/homes/j/jinan/.local/lib/python3.6/site-packages/scipy/stats/_stats_mstats_common.py:130: RuntimeWarning: invalid value encountered in double_scalars
  slope = r_num / ssxm
/global/homes/j/jinan/.local/lib/python3.6/site-packages/scipy/stats/_stats_mstats_common.py:142: RuntimeWarning: divide by zero encountered in double_scalars
  sterrest = np.sqrt((1 - r**2) * ssym / ssxm / df)
/global/homes/j/jinan/.local/lib/python3.6/site-packages/scipy/optimize/minpack.py:829: OptimizeWarning: Covariance of the parameters could not be estimated
  category=OptimizeWarning)
/global/homes/j/jinan/.local/lib/python3.6/site-packages/scipy/stats/_stats_mstats_common.py:130: RuntimeWarning: invalid value encountered in double_scalars
  slope = r_num / ssxm
/global/homes/j/jinan/.local/lib/python3.6/site-packages/scipy/stats/_stats_mstats_common.py:142: RuntimeWarning: divide by zero encountered in double_scalars
  sterrest = np.sqrt((1 - r**2) * ssym / ssxm / df)
/global/homes/j/jinan/.local/lib/python3.6/site-packages/scipy/optimize/minpack.py:829: OptimizeWarning: Covariance of the parameters could not be estimated
  category=OptimizeWarning)
evaluate_with_lists is called
debug: 0.37640439178169927
evaluate_with_lists is called
debug: 1.8523712308352833
evaluate_with_lists is called
debug: 2.7687528395705154
evaluate_with_lists is called
debug: 2.1047649959288166
evaluate_with_lists is called
debug: 0.39485235078873215
/global/homes/j/jinan/.local/lib/python3.6/site-packages/scipy/stats/_stats_mstats_common.py:130: RuntimeWarning: invalid value encountered in double_scalars
  slope = r_num / ssxm
/global/homes/j/jinan/.local/lib/python3.6/site-packages/scipy/stats/_stats_mstats_common.py:142: RuntimeWarning: divide by zero encountered in double_scalars
  sterrest = np.sqrt((1 - r**2) * ssym / ssxm / df)
/global/homes/j/jinan/.local/lib/python3.6/site-packages/scipy/optimize/minpack.py:829: OptimizeWarning: Covariance of the parameters could not be estimated
  category=OptimizeWarning)
/global/homes/j/jinan/.local/lib/python3.6/site-packages/scipy/stats/_stats_mstats_common.py:130: RuntimeWarning: invalid value encountered in double_scalars
  slope = r_num / ssxm
/global/homes/j/jinan/.local/lib/python3.6/site-packages/scipy/stats/_stats_mstats_common.py:142: RuntimeWarning: divide by zero encountered in double_scalars
  sterrest = np.sqrt((1 - r**2) * ssym / ssxm / df)
/global/homes/j/jinan/.local/lib/python3.6/site-packages/scipy/optimize/minpack.py:829: OptimizeWarning: Covariance of the parameters could not be estimated
  category=OptimizeWarning)
/global/homes/j/jinan/.local/lib/python3.6/site-packages/scipy/stats/_stats_mstats_common.py:130: RuntimeWarning: invalid value encountered in double_scalars
  slope = r_num / ssxm
/global/homes/j/jinan/.local/lib/python3.6/site-packages/scipy/stats/_stats_mstats_common.py:142: RuntimeWarning: divide by zero encountered in double_scalars
  sterrest = np.sqrt((1 - r**2) * ssym / ssxm / df)
/global/homes/j/jinan/.local/lib/python3.6/site-packages/scipy/optimize/minpack.py:829: OptimizeWarning: Covariance of the parameters could not be estimated
  category=OptimizeWarning)
/global/u1/j/jinan/dec18/SimulatingVariants/CHOP/files_for_optimization/generalized_genSim_shorten_time.py:210: RuntimeWarning: overflow encountered in exp
  return Gmax * (vm - self.vrev) / (1 + np.exp((v_half - vm) / s))
evaluate_with_lists is called
debug: 1.0521588646902265
evaluate_with_lists is called
debug: 2.7753631770059064
evaluate_with_lists is called
debug: 2.474746206369295
evaluate_with_lists is called
debug: 1.6336917535082374
/global/homes/j/jinan/.local/lib/python3.6/site-packages/scipy/stats/_stats_mstats_common.py:130: RuntimeWarning: invalid value encountered in double_scalars
  slope = r_num / ssxm
/global/homes/j/jinan/.local/lib/python3.6/site-packages/scipy/stats/_stats_mstats_common.py:142: RuntimeWarning: divide by zero encountered in double_scalars
  sterrest = np.sqrt((1 - r**2) * ssym / ssxm / df)
/global/homes/j/jinan/.local/lib/python3.6/site-packages/scipy/optimize/minpack.py:829: OptimizeWarning: Covariance of the parameters could not be estimated
  category=OptimizeWarning)
/global/homes/j/jinan/.local/lib/python3.6/site-packages/scipy/stats/_stats_mstats_common.py:130: RuntimeWarning: invalid value encountered in double_scalars
  slope = r_num / ssxm
/global/homes/j/jinan/.local/lib/python3.6/site-packages/scipy/stats/_stats_mstats_common.py:142: RuntimeWarning: divide by zero encountered in double_scalars
  sterrest = np.sqrt((1 - r**2) * ssym / ssxm / df)
/global/homes/j/jinan/.local/lib/python3.6/site-packages/scipy/optimize/minpack.py:829: OptimizeWarning: Covariance of the parameters could not be estimated
  category=OptimizeWarning)
/global/homes/j/jinan/.local/lib/python3.6/site-packages/scipy/stats/_stats_mstats_common.py:130: RuntimeWarning: invalid value encountered in double_scalars
  slope = r_num / ssxm
/global/homes/j/jinan/.local/lib/python3.6/site-packages/scipy/stats/_stats_mstats_common.py:142: RuntimeWarning: divide by zero encountered in double_scalars
  sterrest = np.sqrt((1 - r**2) * ssym / ssxm / df)
/global/homes/j/jinan/.local/lib/python3.6/site-packages/scipy/optimize/minpack.py:829: OptimizeWarning: Covariance of the parameters could not be estimated
  category=OptimizeWarning)
evaluate_with_lists is called
debug: 2.534648396157842
/global/homes/j/jinan/.local/lib/python3.6/site-packages/scipy/stats/_stats_mstats_common.py:130: RuntimeWarning: invalid value encountered in double_scalars
  slope = r_num / ssxm
/global/homes/j/jinan/.local/lib/python3.6/site-packages/scipy/stats/_stats_mstats_common.py:142: RuntimeWarning: divide by zero encountered in double_scalars
  sterrest = np.sqrt((1 - r**2) * ssym / ssxm / df)
/global/homes/j/jinan/.local/lib/python3.6/site-packages/scipy/optimize/minpack.py:829: OptimizeWarning: Covariance of the parameters could not be estimated
  category=OptimizeWarning)
