Warning: Python module not loaded, you already have Python loaded via conda init
exp(775.22) out of range, returning exp(700)
exp(3326.25) out of range, returning exp(700)
exp(13465.5) out of range, returning exp(700)
exp(3124.34) out of range, returning exp(700)
exp(3622.7) out of range, returning exp(700)
exp(791.3) out of range, returning exp(700)
exp(981.449) out of range, returning exp(700)
exp(1527.62) out of range, returning exp(700)
No more errno warnings during this execution
No more errno warnings during this execution
exp(1373.34) out of range, returning exp(700)
exp(1373.31) out of range, returning exp(700)
exp(1373.31) out of range, returning exp(700)
exp(1373.31) out of range, returning exp(700)
No more errno warnings during this execution
exp(813.551) out of range, returning exp(700)
exp(1672.71) out of range, returning exp(700)
exp(24575.8) out of range, returning exp(700)
exp(9503.6) out of range, returning exp(700)
exp(813.551) out of range, returning exp(700)
exp(813.551) out of range, returning exp(700)
exp(769.219) out of range, returning exp(700)
exp(813.551) out of range, returning exp(700)
No more errno warnings during this execution
exp(1300.49) out of range, returning exp(700)
exp(739.36) out of range, returning exp(700)
exp(1556.97) out of range, returning exp(700)
exp(1303.16) out of range, returning exp(700)
No more errno warnings during this execution
exp(1004.75) out of range, returning exp(700)
exp(968.238) out of range, returning exp(700)
exp(899.523) out of range, returning exp(700)
exp(875.086) out of range, returning exp(700)
exp(794.292) out of range, returning exp(700)
exp(781.918) out of range, returning exp(700)
exp(755.669) out of range, returning exp(700)
No more errno warnings during this execution
exp(717.943) out of range, returning exp(700)
exp(717.943) out of range, returning exp(700)
exp(717.943) out of range, returning exp(700)
exp(1361.5) out of range, returning exp(700)
exp(1361.46) out of range, returning exp(700)
exp(1361.46) out of range, returning exp(700)
exp(1361.46) out of range, returning exp(700)
No more errno warnings during this execution
exp(807.27) out of range, returning exp(700)
exp(1850.92) out of range, returning exp(700)
exp(732.595) out of range, returning exp(700)
exp(807.27) out of range, returning exp(700)
No more errno warnings during this execution
exp(1720.34) out of range, returning exp(700)
exp(733.863) out of range, returning exp(700)
exp(963.231) out of range, returning exp(700)
exp(1060.7) out of range, returning exp(700)
No more errno warnings during this execution
exp(705.33) out of range, returning exp(700)
exp(785.106) out of range, returning exp(700)
exp(788.178) out of range, returning exp(700)
exp(788.296) out of range, returning exp(700)
No more errno warnings during this execution
exp(756.434) out of range, returning exp(700)
exp(758.987) out of range, returning exp(700)
exp(759.085) out of range, returning exp(700)
exp(759.089) out of range, returning exp(700)
No more errno warnings during this execution
exp(1346.08) out of range, returning exp(700)
exp(1346.08) out of range, returning exp(700)
exp(1346.08) out of range, returning exp(700)
exp(1346.08) out of range, returning exp(700)
No more errno warnings during this execution
exp(6246.45) out of range, returning exp(700)
exp(997.993) out of range, returning exp(700)
exp(2686.85) out of range, returning exp(700)
exp(764.629) out of range, returning exp(700)
exp(1451.81) out of range, returning exp(700)
No more errno warnings during this execution
exp(3378.54) out of range, returning exp(700)
exp(2598.13) out of range, returning exp(700)
exp(1146.53) out of range, returning exp(700)
exp(768.789) out of range, returning exp(700)
exp(865.595) out of range, returning exp(700)
exp(881.725) out of range, returning exp(700)
No more errno warnings during this execution
exp(1392.19) out of range, returning exp(700)
exp(1392.17) out of range, returning exp(700)
exp(1392.17) out of range, returning exp(700)
exp(1392.17) out of range, returning exp(700)
No more errno warnings during this execution
exp(3378.54) out of range, returning exp(700)
No more errno warnings during this execution
exp(1064.84) out of range, returning exp(700)
exp(1476.74) out of range, returning exp(700)
exp(3328.34) out of range, returning exp(700)
exp(1715.17) out of range, returning exp(700)
exp(3017.85) out of range, returning exp(700)
No more errno warnings during this execution
exp(1223.85) out of range, returning exp(700)
exp(950.431) out of range, returning exp(700)
exp(1627.61) out of range, returning exp(700)
No more errno warnings during this execution
exp(850.943) out of range, returning exp(700)
exp(1055.32) out of range, returning exp(700)
exp(1161.62) out of range, returning exp(700)
exp(741.168) out of range, returning exp(700)
exp(949.206) out of range, returning exp(700)
exp(1039.93) out of range, returning exp(700)
exp(843.091) out of range, returning exp(700)
exp(918.209) out of range, returning exp(700)
exp(736.976) out of range, returning exp(700)
exp(796.423) out of range, returning exp(700)
exp(3187.63) out of range, returning exp(700)
exp(1361.5) out of range, returning exp(700)
No more errno warnings during this execution
exp(1456.51) out of range, returning exp(700)
exp(763.057) out of range, returning exp(700)
exp(964.281) out of range, returning exp(700)
exp(1406.83) out of range, returning exp(700)
No more errno warnings during this execution
exp(5986.99) out of range, returning exp(700)
exp(5986.99) out of range, returning exp(700)
exp(987.334) out of range, returning exp(700)
exp(4537.83) out of range, returning exp(700)
exp(709.662) out of range, returning exp(700)
exp(1634.61) out of range, returning exp(700)
No more errno warnings during this execution
exp(5986.99) out of range, returning exp(700)
exp(5986.99) out of range, returning exp(700)
No more errno warnings during this execution
exp(2344.2) out of range, returning exp(700)
exp(4426.66) out of range, returning exp(700)
exp(1107.63) out of range, returning exp(700)
exp(901.588) out of range, returning exp(700)
exp(1029) out of range, returning exp(700)
No more errno warnings during this execution
exp(1332.87) out of range, returning exp(700)
exp(1133.78) out of range, returning exp(700)
exp(1133.78) out of range, returning exp(700)
exp(1133.78) out of range, returning exp(700)
No more errno warnings during this execution
exp(756.507) out of range, returning exp(700)
exp(1403.12) out of range, returning exp(700)
exp(6489.98) out of range, returning exp(700)
exp(1784.17) out of range, returning exp(700)
No more errno warnings during this execution
exp(1346.52) out of range, returning exp(700)
exp(1346.47) out of range, returning exp(700)
exp(1346.47) out of range, returning exp(700)
exp(1343.36) out of range, returning exp(700)
No more errno warnings during this execution
exp(827.321) out of range, returning exp(700)
exp(859.784) out of range, returning exp(700)
exp(1089.11) out of range, returning exp(700)
exp(730.519) out of range, returning exp(700)
No more errno warnings during this execution
exp(707.176) out of range, returning exp(700)
exp(1196.28) out of range, returning exp(700)
exp(2219.24) out of range, returning exp(700)
exp(1706.88) out of range, returning exp(700)
No more errno warnings during this execution
exp(788.306) out of range, returning exp(700)
exp(7286.71) out of range, returning exp(700)
exp(3715.77) out of range, returning exp(700)
exp(6584.45) out of range, returning exp(700)
No more errno warnings during this execution
exp(1731.63) out of range, returning exp(700)
exp(1593.82) out of range, returning exp(700)
exp(1969.34) out of range, returning exp(700)
exp(3321.37) out of range, returning exp(700)
exp(3520.49) out of range, returning exp(700)
exp(31291.5) out of range, returning exp(700)
exp(2507.93) out of range, returning exp(700)
exp(26883.4) out of range, returning exp(700)
No more errno warnings during this execution
exp(1073.29) out of range, returning exp(700)
exp(988.474) out of range, returning exp(700)
exp(963.147) out of range, returning exp(700)
exp(811.137) out of range, returning exp(700)
No more errno warnings during this execution
exp(870.492) out of range, returning exp(700)
exp(729.867) out of range, returning exp(700)
No more errno warnings during this execution
exp(777.788) out of range, returning exp(700)
exp(1018.7) out of range, returning exp(700)
exp(969.466) out of range, returning exp(700)
exp(1128.76) out of range, returning exp(700)
exp(969.466) out of range, returning exp(700)
exp(1128.76) out of range, returning exp(700)
No more errno warnings during this execution
exp(763.467) out of range, returning exp(700)
exp(969.466) out of range, returning exp(700)
No more errno warnings during this execution
exp(969.466) out of range, returning exp(700)
exp(763.467) out of range, returning exp(700)
No more errno warnings during this execution
exp(763.467) out of range, returning exp(700)
exp(909.073) out of range, returning exp(700)
exp(756.217) out of range, returning exp(700)
exp(1258.02) out of range, returning exp(700)
exp(1257.97) out of range, returning exp(700)
exp(1257.97) out of range, returning exp(700)
exp(1257.97) out of range, returning exp(700)
No more errno warnings during this execution
exp(2209.29) out of range, returning exp(700)
No more errno warnings during this execution
exp(6128.38) out of range, returning exp(700)
exp(3243.35) out of range, returning exp(700)
exp(6128.38) out of range, returning exp(700)
exp(3243.35) out of range, returning exp(700)
No more errno warnings during this execution
exp(869.896) out of range, returning exp(700)
exp(893.35) out of range, returning exp(700)
exp(794.161) out of range, returning exp(700)
exp(871.677) out of range, returning exp(700)
No more errno warnings during this execution
exp(2535.26) out of range, returning exp(700)
exp(2535.17) out of range, returning exp(700)
exp(2535.17) out of range, returning exp(700)
exp(2535.17) out of range, returning exp(700)
No more errno warnings during this execution
exp(1743.78) out of range, returning exp(700)
No more errno warnings during this execution
exp(796.035) out of range, returning exp(700)
exp(754.063) out of range, returning exp(700)
exp(753.629) out of range, returning exp(700)
No more errno warnings during this execution
exp(718.414) out of range, returning exp(700)
exp(718.414) out of range, returning exp(700)
exp(834.071) out of range, returning exp(700)
exp(1052.65) out of range, returning exp(700)
exp(1294.07) out of range, returning exp(700)
exp(1906.87) out of range, returning exp(700)
No more errno warnings during this execution
exp(925.289) out of range, returning exp(700)
exp(8332.01) out of range, returning exp(700)
exp(2551.04) out of range, returning exp(700)
exp(740.371) out of range, returning exp(700)
No more errno warnings during this execution
No more errno warnings during this execution
exp(2029.32) out of range, returning exp(700)
exp(1363.71) out of range, returning exp(700)
exp(1079.34) out of range, returning exp(700)
exp(722.72) out of range, returning exp(700)
No more errno warnings during this execution
exp(790.741) out of range, returning exp(700)
exp(790.715) out of range, returning exp(700)
exp(790.715) out of range, returning exp(700)
exp(790.715) out of range, returning exp(700)
No more errno warnings during this execution
exp(1732.29) out of range, returning exp(700)
exp(1732.23) out of range, returning exp(700)
exp(1732.23) out of range, returning exp(700)
No more errno warnings during this execution
exp(1151.61) out of range, returning exp(700)
No more errno warnings during this execution
exp(880.986) out of range, returning exp(700)
exp(793.585) out of range, returning exp(700)
exp(706.184) out of range, returning exp(700)
exp(1399.44) out of range, returning exp(700)
No more errno warnings during this execution
exp(840.351) out of range, returning exp(700)
exp(840.322) out of range, returning exp(700)
exp(840.322) out of range, returning exp(700)
exp(840.322) out of range, returning exp(700)
No more errno warnings during this execution
exp(1276.43) out of range, returning exp(700)
exp(1780.31) out of range, returning exp(700)
exp(828.122) out of range, returning exp(700)
exp(2173.66) out of range, returning exp(700)
exp(775.244) out of range, returning exp(700)
exp(2470.19) out of range, returning exp(700)
exp(1777.3) out of range, returning exp(700)
exp(865.51) out of range, returning exp(700)
exp(884.838) out of range, returning exp(700)
exp(869.642) out of range, returning exp(700)
No more errno warnings during this execution
Current generation:  1
log: 
 gen	nevals	avg   	std   	min     	max        
1  	100   	105061	893523	0.947421	8.99445e+06 

Current generation:  2
log: 
 gen	nevals	avg   	std        	min     	max        
1  	100   	105061	893523     	0.947421	8.99445e+06
2  	100   	133280	1.04209e+06	0.947421	1.14422e+07 

Current generation:  3
log: 
 gen	nevals	avg   	std        	min     	max        
1  	100   	105061	893523     	0.947421	8.99445e+06
2  	100   	133280	1.04209e+06	0.947421	1.14422e+07
3  	100   	152058	1.20026e+06	0.947421	1.14422e+07 

Current generation:  4
log: 
 gen	nevals	avg   	std        	min     	max        
1  	100   	105061	893523     	0.947421	8.99445e+06
2  	100   	133280	1.04209e+06	0.947421	1.14422e+07
3  	100   	152058	1.20026e+06	0.947421	1.14422e+07
4  	100   	137636	1.09299e+06	0.60439 	8.99445e+06 

Current generation:  5
log: 
 gen	nevals	avg   	std        	min     	max        
1  	100   	105061	893523     	0.947421	8.99445e+06
2  	100   	133280	1.04209e+06	0.947421	1.14422e+07
3  	100   	152058	1.20026e+06	0.947421	1.14422e+07
4  	100   	137636	1.09299e+06	0.60439 	8.99445e+06
5  	100   	272531	1.53388e+06	0.591789	8.99445e+06 

Current generation:  6
log: 
 gen	nevals	avg   	std        	min     	max        
1  	100   	105061	893523     	0.947421	8.99445e+06
2  	100   	133280	1.04209e+06	0.947421	1.14422e+07
3  	100   	152058	1.20026e+06	0.947421	1.14422e+07
4  	100   	137636	1.09299e+06	0.60439 	8.99445e+06
5  	100   	272531	1.53388e+06	0.591789	8.99445e+06
6  	100   	226597	1.40399e+06	1.23451 	8.99445e+06 

Current generation:  7
log: 
 gen	nevals	avg    	std        	min     	max        
1  	100   	105061 	893523     	0.947421	8.99445e+06
2  	100   	133280 	1.04209e+06	0.947421	1.14422e+07
3  	100   	152058 	1.20026e+06	0.947421	1.14422e+07
4  	100   	137636 	1.09299e+06	0.60439 	8.99445e+06
5  	100   	272531 	1.53388e+06	0.591789	8.99445e+06
6  	100   	226597 	1.40399e+06	1.23451 	8.99445e+06
7  	100   	46225.8	634340     	0.704192	8.99445e+06 

Current generation:  8
log: 
 gen	nevals	avg    	std        	min     	max        
1  	100   	105061 	893523     	0.947421	8.99445e+06
2  	100   	133280 	1.04209e+06	0.947421	1.14422e+07
3  	100   	152058 	1.20026e+06	0.947421	1.14422e+07
4  	100   	137636 	1.09299e+06	0.60439 	8.99445e+06
5  	100   	272531 	1.53388e+06	0.591789	8.99445e+06
6  	100   	226597 	1.40399e+06	1.23451 	8.99445e+06
7  	100   	46225.8	634340     	0.704192	8.99445e+06
8  	100   	967.823	4311.37    	0.48594 	28082.9     

Current generation:  9
log: 
 gen	nevals	avg    	std        	min     	max        
1  	100   	105061 	893523     	0.947421	8.99445e+06
2  	100   	133280 	1.04209e+06	0.947421	1.14422e+07
3  	100   	152058 	1.20026e+06	0.947421	1.14422e+07
4  	100   	137636 	1.09299e+06	0.60439 	8.99445e+06
5  	100   	272531 	1.53388e+06	0.591789	8.99445e+06
6  	100   	226597 	1.40399e+06	1.23451 	8.99445e+06
7  	100   	46225.8	634340     	0.704192	8.99445e+06
8  	100   	967.823	4311.37    	0.48594 	28082.9    
9  	100   	966.695	4311.32    	0.48594 	28081.7     

Current generation:  10
log: 
 gen	nevals	avg    	std        	min     	max        
1  	100   	105061 	893523     	0.947421	8.99445e+06
2  	100   	133280 	1.04209e+06	0.947421	1.14422e+07
3  	100   	152058 	1.20026e+06	0.947421	1.14422e+07
4  	100   	137636 	1.09299e+06	0.60439 	8.99445e+06
5  	100   	272531 	1.53388e+06	0.591789	8.99445e+06
6  	100   	226597 	1.40399e+06	1.23451 	8.99445e+06
7  	100   	46225.8	634340     	0.704192	8.99445e+06
8  	100   	967.823	4311.37    	0.48594 	28082.9    
9  	100   	966.695	4311.32    	0.48594 	28081.7    
10 	100   	6089.39	55435.7    	0.48594 	782006      

Current generation:  11
log: 
 gen	nevals	avg    	std        	min     	max        
1  	100   	105061 	893523     	0.947421	8.99445e+06
2  	100   	133280 	1.04209e+06	0.947421	1.14422e+07
3  	100   	152058 	1.20026e+06	0.947421	1.14422e+07
4  	100   	137636 	1.09299e+06	0.60439 	8.99445e+06
5  	100   	272531 	1.53388e+06	0.591789	8.99445e+06
6  	100   	226597 	1.40399e+06	1.23451 	8.99445e+06
7  	100   	46225.8	634340     	0.704192	8.99445e+06
8  	100   	967.823	4311.37    	0.48594 	28082.9    
9  	100   	966.695	4311.32    	0.48594 	28081.7    
10 	100   	6089.39	55435.7    	0.48594 	782006     
11 	100   	4430.68	55197.6    	0.725961	782006      

Current generation:  12
log: 
 gen	nevals	avg    	std        	min     	max        
1  	100   	105061 	893523     	0.947421	8.99445e+06
2  	100   	133280 	1.04209e+06	0.947421	1.14422e+07
3  	100   	152058 	1.20026e+06	0.947421	1.14422e+07
4  	100   	137636 	1.09299e+06	0.60439 	8.99445e+06
5  	100   	272531 	1.53388e+06	0.591789	8.99445e+06
6  	100   	226597 	1.40399e+06	1.23451 	8.99445e+06
7  	100   	46225.8	634340     	0.704192	8.99445e+06
8  	100   	967.823	4311.37    	0.48594 	28082.9    
9  	100   	966.695	4311.32    	0.48594 	28081.7    
10 	100   	6089.39	55435.7    	0.48594 	782006     
11 	100   	4430.68	55197.6    	0.725961	782006     
12 	100   	429.806	2662.31    	0.742584	17057.1     

Current generation:  13
log: 
 gen	nevals	avg    	std        	min     	max        
1  	100   	105061 	893523     	0.947421	8.99445e+06
2  	100   	133280 	1.04209e+06	0.947421	1.14422e+07
3  	100   	152058 	1.20026e+06	0.947421	1.14422e+07
4  	100   	137636 	1.09299e+06	0.60439 	8.99445e+06
5  	100   	272531 	1.53388e+06	0.591789	8.99445e+06
6  	100   	226597 	1.40399e+06	1.23451 	8.99445e+06
7  	100   	46225.8	634340     	0.704192	8.99445e+06
8  	100   	967.823	4311.37    	0.48594 	28082.9    
9  	100   	966.695	4311.32    	0.48594 	28081.7    
10 	100   	6089.39	55435.7    	0.48594 	782006     
11 	100   	4430.68	55197.6    	0.725961	782006     
12 	100   	429.806	2662.31    	0.742584	17057.1    
13 	100   	772.142	3535.19    	0.739788	17060.6     

Current generation:  14
log: 
 gen	nevals	avg    	std        	min     	max        
1  	100   	105061 	893523     	0.947421	8.99445e+06
2  	100   	133280 	1.04209e+06	0.947421	1.14422e+07
3  	100   	152058 	1.20026e+06	0.947421	1.14422e+07
4  	100   	137636 	1.09299e+06	0.60439 	8.99445e+06
5  	100   	272531 	1.53388e+06	0.591789	8.99445e+06
6  	100   	226597 	1.40399e+06	1.23451 	8.99445e+06
7  	100   	46225.8	634340     	0.704192	8.99445e+06
8  	100   	967.823	4311.37    	0.48594 	28082.9    
9  	100   	966.695	4311.32    	0.48594 	28081.7    
10 	100   	6089.39	55435.7    	0.48594 	782006     
11 	100   	4430.68	55197.6    	0.725961	782006     
12 	100   	429.806	2662.31    	0.742584	17057.1    
13 	100   	772.142	3535.19    	0.739788	17060.6    
14 	100   	1027.36	4049.74    	0.714913	17059.5     

Current generation:  15
log: 
 gen	nevals	avg    	std        	min     	max        
1  	100   	105061 	893523     	0.947421	8.99445e+06
2  	100   	133280 	1.04209e+06	0.947421	1.14422e+07
3  	100   	152058 	1.20026e+06	0.947421	1.14422e+07
4  	100   	137636 	1.09299e+06	0.60439 	8.99445e+06
5  	100   	272531 	1.53388e+06	0.591789	8.99445e+06
6  	100   	226597 	1.40399e+06	1.23451 	8.99445e+06
7  	100   	46225.8	634340     	0.704192	8.99445e+06
8  	100   	967.823	4311.37    	0.48594 	28082.9    
9  	100   	966.695	4311.32    	0.48594 	28081.7    
10 	100   	6089.39	55435.7    	0.48594 	782006     
11 	100   	4430.68	55197.6    	0.725961	782006     
12 	100   	429.806	2662.31    	0.742584	17057.1    
13 	100   	772.142	3535.19    	0.739788	17060.6    
14 	100   	1027.36	4049.74    	0.714913	17059.5    
15 	100   	686.81 	3341.6     	0.588923	17059.9     

Current generation:  16
log: 
 gen	nevals	avg    	std        	min     	max        
1  	100   	105061 	893523     	0.947421	8.99445e+06
2  	100   	133280 	1.04209e+06	0.947421	1.14422e+07
3  	100   	152058 	1.20026e+06	0.947421	1.14422e+07
4  	100   	137636 	1.09299e+06	0.60439 	8.99445e+06
5  	100   	272531 	1.53388e+06	0.591789	8.99445e+06
6  	100   	226597 	1.40399e+06	1.23451 	8.99445e+06
7  	100   	46225.8	634340     	0.704192	8.99445e+06
8  	100   	967.823	4311.37    	0.48594 	28082.9    
9  	100   	966.695	4311.32    	0.48594 	28081.7    
10 	100   	6089.39	55435.7    	0.48594 	782006     
11 	100   	4430.68	55197.6    	0.725961	782006     
12 	100   	429.806	2662.31    	0.742584	17057.1    
13 	100   	772.142	3535.19    	0.739788	17060.6    
14 	100   	1027.36	4049.74    	0.714913	17059.5    
15 	100   	686.81 	3341.6     	0.588923	17059.9    
exp(2561.41) out of range, returning exp(700)
exp(2561.32) out of range, returning exp(700)
exp(2561.32) out of range, returning exp(700)
exp(2561.32) out of range, returning exp(700)
No more errno warnings during this execution
exp(1942.73) out of range, returning exp(700)
No more errno warnings during this execution
16 	100   	1710.01	5115.45    	0.5073  	17059.4     

Current generation:  17
log: 
 gen	nevals	avg    	std        	min     	max        
1  	100   	105061 	893523     	0.947421	8.99445e+06
2  	100   	133280 	1.04209e+06	0.947421	1.14422e+07
3  	100   	152058 	1.20026e+06	0.947421	1.14422e+07
4  	100   	137636 	1.09299e+06	0.60439 	8.99445e+06
5  	100   	272531 	1.53388e+06	0.591789	8.99445e+06
6  	100   	226597 	1.40399e+06	1.23451 	8.99445e+06
7  	100   	46225.8	634340     	0.704192	8.99445e+06
8  	100   	967.823	4311.37    	0.48594 	28082.9    
9  	100   	966.695	4311.32    	0.48594 	28081.7    
10 	100   	6089.39	55435.7    	0.48594 	782006     
11 	100   	4430.68	55197.6    	0.725961	782006     
12 	100   	429.806	2662.31    	0.742584	17057.1    
13 	100   	772.142	3535.19    	0.739788	17060.6    
14 	100   	1027.36	4049.74    	0.714913	17059.5    
15 	100   	686.81 	3341.6     	0.588923	17059.9    
16 	100   	1710.01	5115.45    	0.5073  	17059.4    
17 	100   	1423.1 	4871.81    	0.5073  	28082.9     

Current generation:  18
log: 
 gen	nevals	avg    	std        	min     	max        
1  	100   	105061 	893523     	0.947421	8.99445e+06
2  	100   	133280 	1.04209e+06	0.947421	1.14422e+07
3  	100   	152058 	1.20026e+06	0.947421	1.14422e+07
4  	100   	137636 	1.09299e+06	0.60439 	8.99445e+06
5  	100   	272531 	1.53388e+06	0.591789	8.99445e+06
6  	100   	226597 	1.40399e+06	1.23451 	8.99445e+06
7  	100   	46225.8	634340     	0.704192	8.99445e+06
8  	100   	967.823	4311.37    	0.48594 	28082.9    
9  	100   	966.695	4311.32    	0.48594 	28081.7    
10 	100   	6089.39	55435.7    	0.48594 	782006     
11 	100   	4430.68	55197.6    	0.725961	782006     
12 	100   	429.806	2662.31    	0.742584	17057.1    
13 	100   	772.142	3535.19    	0.739788	17060.6    
14 	100   	1027.36	4049.74    	0.714913	17059.5    
15 	100   	686.81 	3341.6     	0.588923	17059.9    
16 	100   	1710.01	5115.45    	0.5073  	17059.4    
17 	100   	1423.1 	4871.81    	0.5073  	28082.9    
18 	100   	941.205	3887.66    	0.604934	17061.8     

Current generation:  19
log: 
 gen	nevals	avg    	std        	min     	max        
1  	100   	105061 	893523     	0.947421	8.99445e+06
2  	100   	133280 	1.04209e+06	0.947421	1.14422e+07
3  	100   	152058 	1.20026e+06	0.947421	1.14422e+07
4  	100   	137636 	1.09299e+06	0.60439 	8.99445e+06
5  	100   	272531 	1.53388e+06	0.591789	8.99445e+06
6  	100   	226597 	1.40399e+06	1.23451 	8.99445e+06
7  	100   	46225.8	634340     	0.704192	8.99445e+06
8  	100   	967.823	4311.37    	0.48594 	28082.9    
9  	100   	966.695	4311.32    	0.48594 	28081.7    
10 	100   	6089.39	55435.7    	0.48594 	782006     
11 	100   	4430.68	55197.6    	0.725961	782006     
12 	100   	429.806	2662.31    	0.742584	17057.1    
13 	100   	772.142	3535.19    	0.739788	17060.6    
14 	100   	1027.36	4049.74    	0.714913	17059.5    
15 	100   	686.81 	3341.6     	0.588923	17059.9    
16 	100   	1710.01	5115.45    	0.5073  	17059.4    
17 	100   	1423.1 	4871.81    	0.5073  	28082.9    
18 	100   	941.205	3887.66    	0.604934	17061.8    
19 	100   	515.318	2908.87    	0.604934	17056.9     

Current generation:  20
log: 
 gen	nevals	avg    	std        	min     	max        
1  	100   	105061 	893523     	0.947421	8.99445e+06
2  	100   	133280 	1.04209e+06	0.947421	1.14422e+07
3  	100   	152058 	1.20026e+06	0.947421	1.14422e+07
4  	100   	137636 	1.09299e+06	0.60439 	8.99445e+06
5  	100   	272531 	1.53388e+06	0.591789	8.99445e+06
6  	100   	226597 	1.40399e+06	1.23451 	8.99445e+06
7  	100   	46225.8	634340     	0.704192	8.99445e+06
8  	100   	967.823	4311.37    	0.48594 	28082.9    
9  	100   	966.695	4311.32    	0.48594 	28081.7    
10 	100   	6089.39	55435.7    	0.48594 	782006     
11 	100   	4430.68	55197.6    	0.725961	782006     
12 	100   	429.806	2662.31    	0.742584	17057.1    
13 	100   	772.142	3535.19    	0.739788	17060.6    
14 	100   	1027.36	4049.74    	0.714913	17059.5    
15 	100   	686.81 	3341.6     	0.588923	17059.9    
16 	100   	1710.01	5115.45    	0.5073  	17059.4    
17 	100   	1423.1 	4871.81    	0.5073  	28082.9    
18 	100   	941.205	3887.66    	0.604934	17061.8    
19 	100   	515.318	2908.87    	0.604934	17056.9    
20 	100   	173.625	1696.6     	0.491832	17055.6     

Current generation:  21
log: 
 gen	nevals	avg    	std        	min     	max        
1  	100   	105061 	893523     	0.947421	8.99445e+06
2  	100   	133280 	1.04209e+06	0.947421	1.14422e+07
3  	100   	152058 	1.20026e+06	0.947421	1.14422e+07
4  	100   	137636 	1.09299e+06	0.60439 	8.99445e+06
5  	100   	272531 	1.53388e+06	0.591789	8.99445e+06
6  	100   	226597 	1.40399e+06	1.23451 	8.99445e+06
7  	100   	46225.8	634340     	0.704192	8.99445e+06
8  	100   	967.823	4311.37    	0.48594 	28082.9    
9  	100   	966.695	4311.32    	0.48594 	28081.7    
10 	100   	6089.39	55435.7    	0.48594 	782006     
11 	100   	4430.68	55197.6    	0.725961	782006     
12 	100   	429.806	2662.31    	0.742584	17057.1    
13 	100   	772.142	3535.19    	0.739788	17060.6    
14 	100   	1027.36	4049.74    	0.714913	17059.5    
15 	100   	686.81 	3341.6     	0.588923	17059.9    
16 	100   	1710.01	5115.45    	0.5073  	17059.4    
17 	100   	1423.1 	4871.81    	0.5073  	28082.9    
18 	100   	941.205	3887.66    	0.604934	17061.8    
19 	100   	515.318	2908.87    	0.604934	17056.9    
20 	100   	173.625	1696.6     	0.491832	17055.6    
21 	100   	996.43 	4183.15    	0.491832	28082.9     

Current generation:  22
log: 
 gen	nevals	avg    	std        	min     	max        
1  	100   	105061 	893523     	0.947421	8.99445e+06
2  	100   	133280 	1.04209e+06	0.947421	1.14422e+07
3  	100   	152058 	1.20026e+06	0.947421	1.14422e+07
4  	100   	137636 	1.09299e+06	0.60439 	8.99445e+06
5  	100   	272531 	1.53388e+06	0.591789	8.99445e+06
6  	100   	226597 	1.40399e+06	1.23451 	8.99445e+06
7  	100   	46225.8	634340     	0.704192	8.99445e+06
8  	100   	967.823	4311.37    	0.48594 	28082.9    
9  	100   	966.695	4311.32    	0.48594 	28081.7    
10 	100   	6089.39	55435.7    	0.48594 	782006     
11 	100   	4430.68	55197.6    	0.725961	782006     
12 	100   	429.806	2662.31    	0.742584	17057.1    
13 	100   	772.142	3535.19    	0.739788	17060.6    
14 	100   	1027.36	4049.74    	0.714913	17059.5    
15 	100   	686.81 	3341.6     	0.588923	17059.9    
16 	100   	1710.01	5115.45    	0.5073  	17059.4    
17 	100   	1423.1 	4871.81    	0.5073  	28082.9    
18 	100   	941.205	3887.66    	0.604934	17061.8    
19 	100   	515.318	2908.87    	0.604934	17056.9    
20 	100   	173.625	1696.6     	0.491832	17055.6    
21 	100   	996.43 	4183.15    	0.491832	28082.9    
22 	100   	599.955	3134.08    	0.491832	17059.8     

Current generation:  23
log: 
 gen	nevals	avg    	std        	min     	max        
1  	100   	105061 	893523     	0.947421	8.99445e+06
2  	100   	133280 	1.04209e+06	0.947421	1.14422e+07
3  	100   	152058 	1.20026e+06	0.947421	1.14422e+07
4  	100   	137636 	1.09299e+06	0.60439 	8.99445e+06
5  	100   	272531 	1.53388e+06	0.591789	8.99445e+06
6  	100   	226597 	1.40399e+06	1.23451 	8.99445e+06
7  	100   	46225.8	634340     	0.704192	8.99445e+06
8  	100   	967.823	4311.37    	0.48594 	28082.9    
9  	100   	966.695	4311.32    	0.48594 	28081.7    
10 	100   	6089.39	55435.7    	0.48594 	782006     
11 	100   	4430.68	55197.6    	0.725961	782006     
12 	100   	429.806	2662.31    	0.742584	17057.1    
13 	100   	772.142	3535.19    	0.739788	17060.6    
14 	100   	1027.36	4049.74    	0.714913	17059.5    
15 	100   	686.81 	3341.6     	0.588923	17059.9    
16 	100   	1710.01	5115.45    	0.5073  	17059.4    
17 	100   	1423.1 	4871.81    	0.5073  	28082.9    
18 	100   	941.205	3887.66    	0.604934	17061.8    
19 	100   	515.318	2908.87    	0.604934	17056.9    
20 	100   	173.625	1696.6     	0.491832	17055.6    
21 	100   	996.43 	4183.15    	0.491832	28082.9    
22 	100   	599.955	3134.08    	0.491832	17059.8    
23 	100   	1166.97	4476.03    	0.491832	28083.5     

Current generation:  24
log: 
 gen	nevals	avg    	std        	min     	max        
1  	100   	105061 	893523     	0.947421	8.99445e+06
2  	100   	133280 	1.04209e+06	0.947421	1.14422e+07
3  	100   	152058 	1.20026e+06	0.947421	1.14422e+07
4  	100   	137636 	1.09299e+06	0.60439 	8.99445e+06
5  	100   	272531 	1.53388e+06	0.591789	8.99445e+06
6  	100   	226597 	1.40399e+06	1.23451 	8.99445e+06
7  	100   	46225.8	634340     	0.704192	8.99445e+06
8  	100   	967.823	4311.37    	0.48594 	28082.9    
9  	100   	966.695	4311.32    	0.48594 	28081.7    
10 	100   	6089.39	55435.7    	0.48594 	782006     
11 	100   	4430.68	55197.6    	0.725961	782006     
12 	100   	429.806	2662.31    	0.742584	17057.1    
13 	100   	772.142	3535.19    	0.739788	17060.6    
14 	100   	1027.36	4049.74    	0.714913	17059.5    
15 	100   	686.81 	3341.6     	0.588923	17059.9    
16 	100   	1710.01	5115.45    	0.5073  	17059.4    
17 	100   	1423.1 	4871.81    	0.5073  	28082.9    
18 	100   	941.205	3887.66    	0.604934	17061.8    
19 	100   	515.318	2908.87    	0.604934	17056.9    
20 	100   	173.625	1696.6     	0.491832	17055.6    
21 	100   	996.43 	4183.15    	0.491832	28082.9    
22 	100   	599.955	3134.08    	0.491832	17059.8    
23 	100   	1166.97	4476.03    	0.491832	28083.5    
exp(706.991) out of range, returning exp(700)
exp(709.385) out of range, returning exp(700)
exp(709.478) out of range, returning exp(700)
exp(709.481) out of range, returning exp(700)
No more errno warnings during this execution
exp(1029.24) out of range, returning exp(700)
exp(1029.21) out of range, returning exp(700)
No more errno warnings during this execution
exp(1642.14) out of range, returning exp(700)
exp(1642.08) out of range, returning exp(700)
exp(1642.08) out of range, returning exp(700)
exp(1642.08) out of range, returning exp(700)
No more errno warnings during this execution
exp(1120.47) out of range, returning exp(700)
exp(1120.43) out of range, returning exp(700)
exp(1120.43) out of range, returning exp(700)
exp(1068.92) out of range, returning exp(700)
No more errno warnings during this execution
24 	100   	258.838	2072.99    	0.604934	17059       

Current generation:  25
log: 
 gen	nevals	avg    	std        	min     	max        
1  	100   	105061 	893523     	0.947421	8.99445e+06
2  	100   	133280 	1.04209e+06	0.947421	1.14422e+07
3  	100   	152058 	1.20026e+06	0.947421	1.14422e+07
4  	100   	137636 	1.09299e+06	0.60439 	8.99445e+06
5  	100   	272531 	1.53388e+06	0.591789	8.99445e+06
6  	100   	226597 	1.40399e+06	1.23451 	8.99445e+06
7  	100   	46225.8	634340     	0.704192	8.99445e+06
8  	100   	967.823	4311.37    	0.48594 	28082.9    
9  	100   	966.695	4311.32    	0.48594 	28081.7    
10 	100   	6089.39	55435.7    	0.48594 	782006     
11 	100   	4430.68	55197.6    	0.725961	782006     
12 	100   	429.806	2662.31    	0.742584	17057.1    
13 	100   	772.142	3535.19    	0.739788	17060.6    
14 	100   	1027.36	4049.74    	0.714913	17059.5    
15 	100   	686.81 	3341.6     	0.588923	17059.9    
16 	100   	1710.01	5115.45    	0.5073  	17059.4    
17 	100   	1423.1 	4871.81    	0.5073  	28082.9    
18 	100   	941.205	3887.66    	0.604934	17061.8    
19 	100   	515.318	2908.87    	0.604934	17056.9    
20 	100   	173.625	1696.6     	0.491832	17055.6    
21 	100   	996.43 	4183.15    	0.491832	28082.9    
22 	100   	599.955	3134.08    	0.491832	17059.8    
23 	100   	1166.97	4476.03    	0.491832	28083.5    
24 	100   	258.838	2072.99    	0.604934	17059      
25 	100   	1197.8 	4350.81    	0.604934	17060.1     

Current generation:  26
log: 
 gen	nevals	avg    	std        	min     	max        
1  	100   	105061 	893523     	0.947421	8.99445e+06
2  	100   	133280 	1.04209e+06	0.947421	1.14422e+07
3  	100   	152058 	1.20026e+06	0.947421	1.14422e+07
4  	100   	137636 	1.09299e+06	0.60439 	8.99445e+06
5  	100   	272531 	1.53388e+06	0.591789	8.99445e+06
6  	100   	226597 	1.40399e+06	1.23451 	8.99445e+06
7  	100   	46225.8	634340     	0.704192	8.99445e+06
8  	100   	967.823	4311.37    	0.48594 	28082.9    
9  	100   	966.695	4311.32    	0.48594 	28081.7    
10 	100   	6089.39	55435.7    	0.48594 	782006     
11 	100   	4430.68	55197.6    	0.725961	782006     
12 	100   	429.806	2662.31    	0.742584	17057.1    
13 	100   	772.142	3535.19    	0.739788	17060.6    
14 	100   	1027.36	4049.74    	0.714913	17059.5    
15 	100   	686.81 	3341.6     	0.588923	17059.9    
16 	100   	1710.01	5115.45    	0.5073  	17059.4    
17 	100   	1423.1 	4871.81    	0.5073  	28082.9    
18 	100   	941.205	3887.66    	0.604934	17061.8    
19 	100   	515.318	2908.87    	0.604934	17056.9    
20 	100   	173.625	1696.6     	0.491832	17055.6    
21 	100   	996.43 	4183.15    	0.491832	28082.9    
22 	100   	599.955	3134.08    	0.491832	17059.8    
23 	100   	1166.97	4476.03    	0.491832	28083.5    
24 	100   	258.838	2072.99    	0.604934	17059      
25 	100   	1197.8 	4350.81    	0.604934	17060.1    
26 	100   	1453.24	4755.85    	0.636373	17062       

Current generation:  27
log: 
 gen	nevals	avg    	std        	min     	max        
1  	100   	105061 	893523     	0.947421	8.99445e+06
2  	100   	133280 	1.04209e+06	0.947421	1.14422e+07
3  	100   	152058 	1.20026e+06	0.947421	1.14422e+07
4  	100   	137636 	1.09299e+06	0.60439 	8.99445e+06
5  	100   	272531 	1.53388e+06	0.591789	8.99445e+06
6  	100   	226597 	1.40399e+06	1.23451 	8.99445e+06
7  	100   	46225.8	634340     	0.704192	8.99445e+06
8  	100   	967.823	4311.37    	0.48594 	28082.9    
9  	100   	966.695	4311.32    	0.48594 	28081.7    
10 	100   	6089.39	55435.7    	0.48594 	782006     
11 	100   	4430.68	55197.6    	0.725961	782006     
12 	100   	429.806	2662.31    	0.742584	17057.1    
13 	100   	772.142	3535.19    	0.739788	17060.6    
14 	100   	1027.36	4049.74    	0.714913	17059.5    
15 	100   	686.81 	3341.6     	0.588923	17059.9    
16 	100   	1710.01	5115.45    	0.5073  	17059.4    
17 	100   	1423.1 	4871.81    	0.5073  	28082.9    
18 	100   	941.205	3887.66    	0.604934	17061.8    
19 	100   	515.318	2908.87    	0.604934	17056.9    
20 	100   	173.625	1696.6     	0.491832	17055.6    
21 	100   	996.43 	4183.15    	0.491832	28082.9    
22 	100   	599.955	3134.08    	0.491832	17059.8    
23 	100   	1166.97	4476.03    	0.491832	28083.5    
24 	100   	258.838	2072.99    	0.604934	17059      
25 	100   	1197.8 	4350.81    	0.604934	17060.1    
26 	100   	1453.24	4755.85    	0.636373	17062      
27 	100   	429.693	2662.39    	0.733076	17060.1     

Current generation:  28
log: 
 gen	nevals	avg    	std        	min     	max        
1  	100   	105061 	893523     	0.947421	8.99445e+06
2  	100   	133280 	1.04209e+06	0.947421	1.14422e+07
3  	100   	152058 	1.20026e+06	0.947421	1.14422e+07
4  	100   	137636 	1.09299e+06	0.60439 	8.99445e+06
5  	100   	272531 	1.53388e+06	0.591789	8.99445e+06
6  	100   	226597 	1.40399e+06	1.23451 	8.99445e+06
7  	100   	46225.8	634340     	0.704192	8.99445e+06
8  	100   	967.823	4311.37    	0.48594 	28082.9    
9  	100   	966.695	4311.32    	0.48594 	28081.7    
10 	100   	6089.39	55435.7    	0.48594 	782006     
11 	100   	4430.68	55197.6    	0.725961	782006     
12 	100   	429.806	2662.31    	0.742584	17057.1    
13 	100   	772.142	3535.19    	0.739788	17060.6    
14 	100   	1027.36	4049.74    	0.714913	17059.5    
15 	100   	686.81 	3341.6     	0.588923	17059.9    
16 	100   	1710.01	5115.45    	0.5073  	17059.4    
17 	100   	1423.1 	4871.81    	0.5073  	28082.9    
18 	100   	941.205	3887.66    	0.604934	17061.8    
19 	100   	515.318	2908.87    	0.604934	17056.9    
20 	100   	173.625	1696.6     	0.491832	17055.6    
21 	100   	996.43 	4183.15    	0.491832	28082.9    
22 	100   	599.955	3134.08    	0.491832	17059.8    
23 	100   	1166.97	4476.03    	0.491832	28083.5    
24 	100   	258.838	2072.99    	0.604934	17059      
25 	100   	1197.8 	4350.81    	0.604934	17060.1    
26 	100   	1453.24	4755.85    	0.636373	17062      
27 	100   	429.693	2662.39    	0.733076	17060.1    
28 	100   	855.967	3716.55    	0.733076	17059.6     

Current generation:  29
log: 
 gen	nevals	avg    	std        	min     	max        
1  	100   	105061 	893523     	0.947421	8.99445e+06
2  	100   	133280 	1.04209e+06	0.947421	1.14422e+07
3  	100   	152058 	1.20026e+06	0.947421	1.14422e+07
4  	100   	137636 	1.09299e+06	0.60439 	8.99445e+06
5  	100   	272531 	1.53388e+06	0.591789	8.99445e+06
6  	100   	226597 	1.40399e+06	1.23451 	8.99445e+06
7  	100   	46225.8	634340     	0.704192	8.99445e+06
8  	100   	967.823	4311.37    	0.48594 	28082.9    
9  	100   	966.695	4311.32    	0.48594 	28081.7    
10 	100   	6089.39	55435.7    	0.48594 	782006     
11 	100   	4430.68	55197.6    	0.725961	782006     
12 	100   	429.806	2662.31    	0.742584	17057.1    
13 	100   	772.142	3535.19    	0.739788	17060.6    
14 	100   	1027.36	4049.74    	0.714913	17059.5    
15 	100   	686.81 	3341.6     	0.588923	17059.9    
16 	100   	1710.01	5115.45    	0.5073  	17059.4    
17 	100   	1423.1 	4871.81    	0.5073  	28082.9    
18 	100   	941.205	3887.66    	0.604934	17061.8    
19 	100   	515.318	2908.87    	0.604934	17056.9    
20 	100   	173.625	1696.6     	0.491832	17055.6    
21 	100   	996.43 	4183.15    	0.491832	28082.9    
22 	100   	599.955	3134.08    	0.491832	17059.8    
23 	100   	1166.97	4476.03    	0.491832	28083.5    
24 	100   	258.838	2072.99    	0.604934	17059      
25 	100   	1197.8 	4350.81    	0.604934	17060.1    
26 	100   	1453.24	4755.85    	0.636373	17062      
27 	100   	429.693	2662.39    	0.733076	17060.1    
28 	100   	855.967	3716.55    	0.733076	17059.6    
29 	100   	430.568	2662.26    	0.733076	17057.7     

Current generation:  30
log: 
 gen	nevals	avg    	std        	min     	max        
1  	100   	105061 	893523     	0.947421	8.99445e+06
2  	100   	133280 	1.04209e+06	0.947421	1.14422e+07
3  	100   	152058 	1.20026e+06	0.947421	1.14422e+07
4  	100   	137636 	1.09299e+06	0.60439 	8.99445e+06
5  	100   	272531 	1.53388e+06	0.591789	8.99445e+06
6  	100   	226597 	1.40399e+06	1.23451 	8.99445e+06
7  	100   	46225.8	634340     	0.704192	8.99445e+06
8  	100   	967.823	4311.37    	0.48594 	28082.9    
9  	100   	966.695	4311.32    	0.48594 	28081.7    
10 	100   	6089.39	55435.7    	0.48594 	782006     
11 	100   	4430.68	55197.6    	0.725961	782006     
12 	100   	429.806	2662.31    	0.742584	17057.1    
13 	100   	772.142	3535.19    	0.739788	17060.6    
14 	100   	1027.36	4049.74    	0.714913	17059.5    
15 	100   	686.81 	3341.6     	0.588923	17059.9    
16 	100   	1710.01	5115.45    	0.5073  	17059.4    
17 	100   	1423.1 	4871.81    	0.5073  	28082.9    
18 	100   	941.205	3887.66    	0.604934	17061.8    
19 	100   	515.318	2908.87    	0.604934	17056.9    
20 	100   	173.625	1696.6     	0.491832	17055.6    
21 	100   	996.43 	4183.15    	0.491832	28082.9    
22 	100   	599.955	3134.08    	0.491832	17059.8    
23 	100   	1166.97	4476.03    	0.491832	28083.5    
24 	100   	258.838	2072.99    	0.604934	17059      
25 	100   	1197.8 	4350.81    	0.604934	17060.1    
26 	100   	1453.24	4755.85    	0.636373	17062      
27 	100   	429.693	2662.39    	0.733076	17060.1    
28 	100   	855.967	3716.55    	0.733076	17059.6    
29 	100   	430.568	2662.26    	0.733076	17057.7    
exp(1016.62) out of range, returning exp(700)
exp(1016.58) out of range, returning exp(700)
exp(1016.58) out of range, returning exp(700)
exp(1016.58) out of range, returning exp(700)
No more errno warnings during this execution
No more errno warnings during this execution
30 	100   	1795.63	5227.24    	0.733076	17066.1     

Current generation:  31
log: 
 gen	nevals	avg    	std        	min     	max        
1  	100   	105061 	893523     	0.947421	8.99445e+06
2  	100   	133280 	1.04209e+06	0.947421	1.14422e+07
3  	100   	152058 	1.20026e+06	0.947421	1.14422e+07
4  	100   	137636 	1.09299e+06	0.60439 	8.99445e+06
5  	100   	272531 	1.53388e+06	0.591789	8.99445e+06
6  	100   	226597 	1.40399e+06	1.23451 	8.99445e+06
7  	100   	46225.8	634340     	0.704192	8.99445e+06
8  	100   	967.823	4311.37    	0.48594 	28082.9    
9  	100   	966.695	4311.32    	0.48594 	28081.7    
10 	100   	6089.39	55435.7    	0.48594 	782006     
11 	100   	4430.68	55197.6    	0.725961	782006     
12 	100   	429.806	2662.31    	0.742584	17057.1    
13 	100   	772.142	3535.19    	0.739788	17060.6    
14 	100   	1027.36	4049.74    	0.714913	17059.5    
15 	100   	686.81 	3341.6     	0.588923	17059.9    
16 	100   	1710.01	5115.45    	0.5073  	17059.4    
17 	100   	1423.1 	4871.81    	0.5073  	28082.9    
18 	100   	941.205	3887.66    	0.604934	17061.8    
19 	100   	515.318	2908.87    	0.604934	17056.9    
20 	100   	173.625	1696.6     	0.491832	17055.6    
21 	100   	996.43 	4183.15    	0.491832	28082.9    
22 	100   	599.955	3134.08    	0.491832	17059.8    
23 	100   	1166.97	4476.03    	0.491832	28083.5    
24 	100   	258.838	2072.99    	0.604934	17059      
25 	100   	1197.8 	4350.81    	0.604934	17060.1    
26 	100   	1453.24	4755.85    	0.636373	17062      
27 	100   	429.693	2662.39    	0.733076	17060.1    
28 	100   	855.967	3716.55    	0.733076	17059.6    
29 	100   	430.568	2662.26    	0.733076	17057.7    
30 	100   	1795.63	5227.24    	0.733076	17066.1    
31 	100   	1039.03	4050.34    	0.733076	17064.4     

Current generation:  32
log: 
 gen	nevals	avg    	std        	min     	max        
1  	100   	105061 	893523     	0.947421	8.99445e+06
2  	100   	133280 	1.04209e+06	0.947421	1.14422e+07
3  	100   	152058 	1.20026e+06	0.947421	1.14422e+07
4  	100   	137636 	1.09299e+06	0.60439 	8.99445e+06
5  	100   	272531 	1.53388e+06	0.591789	8.99445e+06
6  	100   	226597 	1.40399e+06	1.23451 	8.99445e+06
7  	100   	46225.8	634340     	0.704192	8.99445e+06
8  	100   	967.823	4311.37    	0.48594 	28082.9    
9  	100   	966.695	4311.32    	0.48594 	28081.7    
10 	100   	6089.39	55435.7    	0.48594 	782006     
11 	100   	4430.68	55197.6    	0.725961	782006     
12 	100   	429.806	2662.31    	0.742584	17057.1    
13 	100   	772.142	3535.19    	0.739788	17060.6    
14 	100   	1027.36	4049.74    	0.714913	17059.5    
15 	100   	686.81 	3341.6     	0.588923	17059.9    
16 	100   	1710.01	5115.45    	0.5073  	17059.4    
17 	100   	1423.1 	4871.81    	0.5073  	28082.9    
18 	100   	941.205	3887.66    	0.604934	17061.8    
19 	100   	515.318	2908.87    	0.604934	17056.9    
20 	100   	173.625	1696.6     	0.491832	17055.6    
21 	100   	996.43 	4183.15    	0.491832	28082.9    
22 	100   	599.955	3134.08    	0.491832	17059.8    
23 	100   	1166.97	4476.03    	0.491832	28083.5    
24 	100   	258.838	2072.99    	0.604934	17059      
25 	100   	1197.8 	4350.81    	0.604934	17060.1    
26 	100   	1453.24	4755.85    	0.636373	17062      
27 	100   	429.693	2662.39    	0.733076	17060.1    
28 	100   	855.967	3716.55    	0.733076	17059.6    
29 	100   	430.568	2662.26    	0.733076	17057.7    
30 	100   	1795.63	5227.24    	0.733076	17066.1    
31 	100   	1039.03	4050.34    	0.733076	17064.4    
32 	100   	966.112	4835.15    	0.733076	45136.3     

Current generation:  33
log: 
 gen	nevals	avg    	std        	min     	max        
1  	100   	105061 	893523     	0.947421	8.99445e+06
2  	100   	133280 	1.04209e+06	0.947421	1.14422e+07
3  	100   	152058 	1.20026e+06	0.947421	1.14422e+07
4  	100   	137636 	1.09299e+06	0.60439 	8.99445e+06
5  	100   	272531 	1.53388e+06	0.591789	8.99445e+06
6  	100   	226597 	1.40399e+06	1.23451 	8.99445e+06
7  	100   	46225.8	634340     	0.704192	8.99445e+06
8  	100   	967.823	4311.37    	0.48594 	28082.9    
9  	100   	966.695	4311.32    	0.48594 	28081.7    
10 	100   	6089.39	55435.7    	0.48594 	782006     
11 	100   	4430.68	55197.6    	0.725961	782006     
12 	100   	429.806	2662.31    	0.742584	17057.1    
13 	100   	772.142	3535.19    	0.739788	17060.6    
14 	100   	1027.36	4049.74    	0.714913	17059.5    
15 	100   	686.81 	3341.6     	0.588923	17059.9    
16 	100   	1710.01	5115.45    	0.5073  	17059.4    
17 	100   	1423.1 	4871.81    	0.5073  	28082.9    
18 	100   	941.205	3887.66    	0.604934	17061.8    
19 	100   	515.318	2908.87    	0.604934	17056.9    
20 	100   	173.625	1696.6     	0.491832	17055.6    
21 	100   	996.43 	4183.15    	0.491832	28082.9    
22 	100   	599.955	3134.08    	0.491832	17059.8    
23 	100   	1166.97	4476.03    	0.491832	28083.5    
24 	100   	258.838	2072.99    	0.604934	17059      
25 	100   	1197.8 	4350.81    	0.604934	17060.1    
26 	100   	1453.24	4755.85    	0.636373	17062      
27 	100   	429.693	2662.39    	0.733076	17060.1    
28 	100   	855.967	3716.55    	0.733076	17059.6    
29 	100   	430.568	2662.26    	0.733076	17057.7    
30 	100   	1795.63	5227.24    	0.733076	17066.1    
31 	100   	1039.03	4050.34    	0.733076	17064.4    
32 	100   	966.112	4835.15    	0.733076	45136.3    
33 	100   	1112.02	4204.07    	0.733076	17065.2     

Current generation:  34
log: 
 gen	nevals	avg    	std        	min     	max        
1  	100   	105061 	893523     	0.947421	8.99445e+06
2  	100   	133280 	1.04209e+06	0.947421	1.14422e+07
3  	100   	152058 	1.20026e+06	0.947421	1.14422e+07
4  	100   	137636 	1.09299e+06	0.60439 	8.99445e+06
5  	100   	272531 	1.53388e+06	0.591789	8.99445e+06
6  	100   	226597 	1.40399e+06	1.23451 	8.99445e+06
7  	100   	46225.8	634340     	0.704192	8.99445e+06
8  	100   	967.823	4311.37    	0.48594 	28082.9    
9  	100   	966.695	4311.32    	0.48594 	28081.7    
10 	100   	6089.39	55435.7    	0.48594 	782006     
11 	100   	4430.68	55197.6    	0.725961	782006     
12 	100   	429.806	2662.31    	0.742584	17057.1    
13 	100   	772.142	3535.19    	0.739788	17060.6    
14 	100   	1027.36	4049.74    	0.714913	17059.5    
15 	100   	686.81 	3341.6     	0.588923	17059.9    
16 	100   	1710.01	5115.45    	0.5073  	17059.4    
17 	100   	1423.1 	4871.81    	0.5073  	28082.9    
18 	100   	941.205	3887.66    	0.604934	17061.8    
19 	100   	515.318	2908.87    	0.604934	17056.9    
20 	100   	173.625	1696.6     	0.491832	17055.6    
21 	100   	996.43 	4183.15    	0.491832	28082.9    
22 	100   	599.955	3134.08    	0.491832	17059.8    
23 	100   	1166.97	4476.03    	0.491832	28083.5    
24 	100   	258.838	2072.99    	0.604934	17059      
25 	100   	1197.8 	4350.81    	0.604934	17060.1    
26 	100   	1453.24	4755.85    	0.636373	17062      
27 	100   	429.693	2662.39    	0.733076	17060.1    
28 	100   	855.967	3716.55    	0.733076	17059.6    
29 	100   	430.568	2662.26    	0.733076	17057.7    
30 	100   	1795.63	5227.24    	0.733076	17066.1    
31 	100   	1039.03	4050.34    	0.733076	17064.4    
32 	100   	966.112	4835.15    	0.733076	45136.3    
33 	100   	1112.02	4204.07    	0.733076	17065.2    
34 	100   	996.516	4182.88    	0.722518	28082.8     

Current generation:  35
log: 
 gen	nevals	avg    	std        	min     	max        
1  	100   	105061 	893523     	0.947421	8.99445e+06
2  	100   	133280 	1.04209e+06	0.947421	1.14422e+07
3  	100   	152058 	1.20026e+06	0.947421	1.14422e+07
4  	100   	137636 	1.09299e+06	0.60439 	8.99445e+06
5  	100   	272531 	1.53388e+06	0.591789	8.99445e+06
6  	100   	226597 	1.40399e+06	1.23451 	8.99445e+06
7  	100   	46225.8	634340     	0.704192	8.99445e+06
8  	100   	967.823	4311.37    	0.48594 	28082.9    
9  	100   	966.695	4311.32    	0.48594 	28081.7    
10 	100   	6089.39	55435.7    	0.48594 	782006     
11 	100   	4430.68	55197.6    	0.725961	782006     
12 	100   	429.806	2662.31    	0.742584	17057.1    
13 	100   	772.142	3535.19    	0.739788	17060.6    
14 	100   	1027.36	4049.74    	0.714913	17059.5    
15 	100   	686.81 	3341.6     	0.588923	17059.9    
16 	100   	1710.01	5115.45    	0.5073  	17059.4    
17 	100   	1423.1 	4871.81    	0.5073  	28082.9    
18 	100   	941.205	3887.66    	0.604934	17061.8    
19 	100   	515.318	2908.87    	0.604934	17056.9    
20 	100   	173.625	1696.6     	0.491832	17055.6    
21 	100   	996.43 	4183.15    	0.491832	28082.9    
22 	100   	599.955	3134.08    	0.491832	17059.8    
23 	100   	1166.97	4476.03    	0.491832	28083.5    
24 	100   	258.838	2072.99    	0.604934	17059      
25 	100   	1197.8 	4350.81    	0.604934	17060.1    
26 	100   	1453.24	4755.85    	0.636373	17062      
27 	100   	429.693	2662.39    	0.733076	17060.1    
28 	100   	855.967	3716.55    	0.733076	17059.6    
29 	100   	430.568	2662.26    	0.733076	17057.7    
30 	100   	1795.63	5227.24    	0.733076	17066.1    
31 	100   	1039.03	4050.34    	0.733076	17064.4    
32 	100   	966.112	4835.15    	0.733076	45136.3    
33 	100   	1112.02	4204.07    	0.733076	17065.2    
34 	100   	996.516	4182.88    	0.722518	28082.8    
exp(1314.28) out of range, returning exp(700)
No more errno warnings during this execution
exp(830.423) out of range, returning exp(700)
exp(830.423) out of range, returning exp(700)
exp(830.423) out of range, returning exp(700)
No more errno warnings during this execution
slurmstepd: error: *** STEP 42654981.0 ON nid13007 CANCELLED AT 2021-05-16T15:36:06 DUE TO TIME LIMIT ***
srun: Job step aborted: Waiting up to 32 seconds for job step to finish.
srun: got SIGCONT
srun: forcing job termination
