Warning: Python module not loaded, you already have Python loaded via conda init
exp(775.22) out of range, returning exp(700)
exp(3326.25) out of range, returning exp(700)
exp(13465.5) out of range, returning exp(700)
exp(3124.34) out of range, returning exp(700)
No more errno warnings during this execution
exp(3622.7) out of range, returning exp(700)
exp(791.3) out of range, returning exp(700)
exp(981.449) out of range, returning exp(700)
exp(1527.62) out of range, returning exp(700)
No more errno warnings during this execution
exp(769.219) out of range, returning exp(700)
exp(1373.34) out of range, returning exp(700)
exp(1373.31) out of range, returning exp(700)
exp(1373.31) out of range, returning exp(700)
exp(1373.31) out of range, returning exp(700)
No more errno warnings during this execution
exp(813.551) out of range, returning exp(700)
exp(1672.71) out of range, returning exp(700)
exp(24575.8) out of range, returning exp(700)
exp(9503.6) out of range, returning exp(700)
exp(813.551) out of range, returning exp(700)
exp(813.551) out of range, returning exp(700)
exp(813.551) out of range, returning exp(700)
No more errno warnings during this execution
exp(1300.49) out of range, returning exp(700)
exp(739.36) out of range, returning exp(700)
exp(1556.97) out of range, returning exp(700)
exp(1004.75) out of range, returning exp(700)
exp(1303.16) out of range, returning exp(700)
No more errno warnings during this execution
exp(968.238) out of range, returning exp(700)
exp(899.523) out of range, returning exp(700)
exp(875.086) out of range, returning exp(700)
exp(794.292) out of range, returning exp(700)
exp(781.918) out of range, returning exp(700)
exp(755.669) out of range, returning exp(700)
No more errno warnings during this execution
exp(717.943) out of range, returning exp(700)
exp(717.943) out of range, returning exp(700)
exp(717.943) out of range, returning exp(700)
exp(1361.5) out of range, returning exp(700)
exp(1361.46) out of range, returning exp(700)
exp(1361.46) out of range, returning exp(700)
exp(1361.46) out of range, returning exp(700)
No more errno warnings during this execution
exp(807.27) out of range, returning exp(700)
exp(1850.92) out of range, returning exp(700)
exp(732.595) out of range, returning exp(700)
exp(807.27) out of range, returning exp(700)
No more errno warnings during this execution
exp(1720.34) out of range, returning exp(700)
exp(733.863) out of range, returning exp(700)
exp(963.231) out of range, returning exp(700)
exp(1060.7) out of range, returning exp(700)
No more errno warnings during this execution
exp(756.434) out of range, returning exp(700)
exp(758.987) out of range, returning exp(700)
exp(759.085) out of range, returning exp(700)
exp(759.089) out of range, returning exp(700)
No more errno warnings during this execution
exp(705.33) out of range, returning exp(700)
exp(785.106) out of range, returning exp(700)
exp(788.178) out of range, returning exp(700)
exp(788.296) out of range, returning exp(700)
No more errno warnings during this execution
exp(1326.96) out of range, returning exp(700)
exp(1195.58) out of range, returning exp(700)
exp(1064.04) out of range, returning exp(700)
exp(932.152) out of range, returning exp(700)
No more errno warnings during this execution
exp(1346.08) out of range, returning exp(700)
exp(1346.08) out of range, returning exp(700)
exp(1346.08) out of range, returning exp(700)
exp(1346.08) out of range, returning exp(700)
No more errno warnings during this execution
exp(6246.45) out of range, returning exp(700)
exp(997.993) out of range, returning exp(700)
exp(2686.85) out of range, returning exp(700)
exp(764.629) out of range, returning exp(700)
exp(1451.81) out of range, returning exp(700)
No more errno warnings during this execution
exp(3378.54) out of range, returning exp(700)
exp(2598.13) out of range, returning exp(700)
exp(1146.53) out of range, returning exp(700)
exp(768.789) out of range, returning exp(700)
exp(865.595) out of range, returning exp(700)
exp(881.725) out of range, returning exp(700)
No more errno warnings during this execution
exp(1392.19) out of range, returning exp(700)
exp(1392.17) out of range, returning exp(700)
exp(1392.17) out of range, returning exp(700)
exp(1392.17) out of range, returning exp(700)
No more errno warnings during this execution
exp(2809.49) out of range, returning exp(700)
exp(9395.01) out of range, returning exp(700)
exp(2753.96) out of range, returning exp(700)
exp(66655.8) out of range, returning exp(700)
No more errno warnings during this execution
exp(3378.54) out of range, returning exp(700)
exp(2598.13) out of range, returning exp(700)
exp(995.049) out of range, returning exp(700)
exp(711.598) out of range, returning exp(700)
exp(934.528) out of range, returning exp(700)
exp(995.049) out of range, returning exp(700)
No more errno warnings during this execution
No more errno warnings during this execution
exp(1064.84) out of range, returning exp(700)
exp(1223.85) out of range, returning exp(700)
exp(950.431) out of range, returning exp(700)
exp(1627.61) out of range, returning exp(700)
No more errno warnings during this execution
exp(850.943) out of range, returning exp(700)
exp(1161.62) out of range, returning exp(700)
exp(1055.32) out of range, returning exp(700)
exp(1907.12) out of range, returning exp(700)
exp(949.206) out of range, returning exp(700)
exp(1039.93) out of range, returning exp(700)
exp(1718.84) out of range, returning exp(700)
exp(843.091) out of range, returning exp(700)
exp(918.209) out of range, returning exp(700)
exp(1530.56) out of range, returning exp(700)
exp(736.976) out of range, returning exp(700)
exp(796.423) out of range, returning exp(700)
exp(1342.29) out of range, returning exp(700)
No more errno warnings during this execution
exp(3187.63) out of range, returning exp(700)
exp(1456.51) out of range, returning exp(700)
exp(763.057) out of range, returning exp(700)
exp(964.281) out of range, returning exp(700)
exp(1406.83) out of range, returning exp(700)
No more errno warnings during this execution
exp(5986.99) out of range, returning exp(700)
exp(5986.99) out of range, returning exp(700)
exp(5986.99) out of range, returning exp(700)
exp(987.334) out of range, returning exp(700)
exp(4537.83) out of range, returning exp(700)
exp(709.662) out of range, returning exp(700)
exp(1634.61) out of range, returning exp(700)
No more errno warnings during this execution
exp(5986.99) out of range, returning exp(700)
No more errno warnings during this execution
exp(2344.2) out of range, returning exp(700)
exp(4426.66) out of range, returning exp(700)
exp(1107.63) out of range, returning exp(700)
exp(776.347) out of range, returning exp(700)
exp(861.68) out of range, returning exp(700)
exp(864.965) out of range, returning exp(700)
No more errno warnings during this execution
exp(1029) out of range, returning exp(700)
No more errno warnings during this execution
No more errno warnings during this execution
exp(2384.96) out of range, returning exp(700)
exp(1022.52) out of range, returning exp(700)
exp(1022.52) out of range, returning exp(700)
exp(1022.52) out of range, returning exp(700)
No more errno warnings during this execution
exp(910.312) out of range, returning exp(700)
exp(740.083) out of range, returning exp(700)
slurmstepd: error: *** STEP 42196281.0 ON nid00779 CANCELLED AT 2021-04-30T12:30:57 DUE TO TIME LIMIT ***
srun: got SIGCONT
srun: forcing job termination
