Warning: Python module not loaded, you already have Python loaded via conda init
exp(1373.34) out of range, returning exp(700)
exp(1373.31) out of range, returning exp(700)
exp(1373.31) out of range, returning exp(700)
exp(1373.31) out of range, returning exp(700)
No more errno warnings during this execution
exp(1361.5) out of range, returning exp(700)
exp(1361.46) out of range, returning exp(700)
exp(1361.46) out of range, returning exp(700)
exp(1361.46) out of range, returning exp(700)
No more errno warnings during this execution
exp(807.27) out of range, returning exp(700)
exp(1850.92) out of range, returning exp(700)
exp(732.595) out of range, returning exp(700)
exp(769.219) out of range, returning exp(700)
exp(807.27) out of range, returning exp(700)
No more errno warnings during this execution
exp(705.33) out of range, returning exp(700)
exp(785.106) out of range, returning exp(700)
exp(788.178) out of range, returning exp(700)
exp(788.296) out of range, returning exp(700)
No more errno warnings during this execution
exp(1720.34) out of range, returning exp(700)
exp(733.863) out of range, returning exp(700)
exp(963.231) out of range, returning exp(700)
exp(1060.7) out of range, returning exp(700)
exp(908.525) out of range, returning exp(700)
exp(896.218) out of range, returning exp(700)
exp(9083.47) out of range, returning exp(700)
exp(3832.91) out of range, returning exp(700)
No more errno warnings during this execution
exp(756.434) out of range, returning exp(700)
exp(758.987) out of range, returning exp(700)
exp(759.085) out of range, returning exp(700)
exp(759.089) out of range, returning exp(700)
No more errno warnings during this execution
No more errno warnings during this execution
exp(721.878) out of range, returning exp(700)
exp(1620.85) out of range, returning exp(700)
exp(1732.68) out of range, returning exp(700)
exp(3081.97) out of range, returning exp(700)
No more errno warnings during this execution
exp(1004.75) out of range, returning exp(700)
exp(799.767) out of range, returning exp(700)
exp(899.523) out of range, returning exp(700)
exp(721.564) out of range, returning exp(700)
exp(794.292) out of range, returning exp(700)
exp(2095.31) out of range, returning exp(700)
exp(1437.22) out of range, returning exp(700)
exp(2095.31) out of range, returning exp(700)
exp(1437.22) out of range, returning exp(700)
exp(2095.31) out of range, returning exp(700)
exp(1127.48) out of range, returning exp(700)
exp(1437.22) out of range, returning exp(700)
exp(729.387) out of range, returning exp(700)
No more errno warnings during this execution
exp(1127.48) out of range, returning exp(700)
exp(1437.22) out of range, returning exp(700)
No more errno warnings during this execution
exp(740.96) out of range, returning exp(700)
exp(775.22) out of range, returning exp(700)
exp(3326.25) out of range, returning exp(700)
exp(13465.5) out of range, returning exp(700)
exp(3124.34) out of range, returning exp(700)
No more errno warnings during this execution
exp(813.551) out of range, returning exp(700)
exp(813.551) out of range, returning exp(700)
exp(813.551) out of range, returning exp(700)
exp(813.551) out of range, returning exp(700)
No more errno warnings during this execution
exp(1300.49) out of range, returning exp(700)
exp(739.36) out of range, returning exp(700)
exp(1556.97) out of range, returning exp(700)
exp(968.238) out of range, returning exp(700)
exp(875.086) out of range, returning exp(700)
exp(781.918) out of range, returning exp(700)
exp(1346.08) out of range, returning exp(700)
exp(755.669) out of range, returning exp(700)
exp(1346.08) out of range, returning exp(700)
No more errno warnings during this execution
exp(1346.08) out of range, returning exp(700)
exp(717.943) out of range, returning exp(700)
exp(1346.08) out of range, returning exp(700)
exp(717.943) out of range, returning exp(700)
No more errno warnings during this execution
exp(717.943) out of range, returning exp(700)
exp(933.022) out of range, returning exp(700)
exp(839.701) out of range, returning exp(700)
exp(746.377) out of range, returning exp(700)
exp(2460.5) out of range, returning exp(700)
exp(2442.5) out of range, returning exp(700)
exp(2442.5) out of range, returning exp(700)
exp(2442.5) out of range, returning exp(700)
No more errno warnings during this execution
exp(1669.67) out of range, returning exp(700)
exp(1503.55) out of range, returning exp(700)
exp(1338.1) out of range, returning exp(700)
exp(1173.84) out of range, returning exp(700)
No more errno warnings during this execution
exp(893.661) out of range, returning exp(700)
exp(738.787) out of range, returning exp(700)
exp(5642.18) out of range, returning exp(700)
exp(4030.43) out of range, returning exp(700)
No more errno warnings during this execution
exp(3622.7) out of range, returning exp(700)
exp(791.3) out of range, returning exp(700)
exp(981.449) out of range, returning exp(700)
exp(1527.62) out of range, returning exp(700)
No more errno warnings during this execution
exp(3057.61) out of range, returning exp(700)
exp(4396.33) out of range, returning exp(700)
exp(924.423) out of range, returning exp(700)
exp(864.746) out of range, returning exp(700)
No more errno warnings during this execution
exp(1969.32) out of range, returning exp(700)
exp(1969.32) out of range, returning exp(700)
No more errno warnings during this execution
exp(6246.45) out of range, returning exp(700)
exp(2820.75) out of range, returning exp(700)
exp(1126.52) out of range, returning exp(700)
exp(1177.77) out of range, returning exp(700)
exp(2820.75) out of range, returning exp(700)
No more errno warnings during this execution
exp(931.072) out of range, returning exp(700)
exp(735.088) out of range, returning exp(700)
exp(5316.43) out of range, returning exp(700)
exp(1193.41) out of range, returning exp(700)
No more errno warnings during this execution
exp(937.199) out of range, returning exp(700)
No more errno warnings during this execution
exp(1318.15) out of range, returning exp(700)
exp(1181.14) out of range, returning exp(700)
exp(1044.12) out of range, returning exp(700)
exp(907.023) out of range, returning exp(700)
exp(1075.63) out of range, returning exp(700)
No more errno warnings during this execution
exp(968.591) out of range, returning exp(700)
exp(861.555) out of range, returning exp(700)
exp(754.519) out of range, returning exp(700)
exp(4242.27) out of range, returning exp(700)
exp(27025.3) out of range, returning exp(700)
exp(746.186) out of range, returning exp(700)
No more errno warnings during this execution
exp(1810.24) out of range, returning exp(700)
exp(704.326) out of range, returning exp(700)
exp(743.322) out of range, returning exp(700)
exp(2763.33) out of range, returning exp(700)
exp(769.913) out of range, returning exp(700)
exp(873.664) out of range, returning exp(700)
No more errno warnings during this execution
exp(1000.21) out of range, returning exp(700)
exp(1230.49) out of range, returning exp(700)
exp(2763.72) out of range, returning exp(700)
exp(14909) out of range, returning exp(700)
exp(4097.26) out of range, returning exp(700)
exp(25908.4) out of range, returning exp(700)
No more errno warnings during this execution
exp(1324.38) out of range, returning exp(700)
exp(1324.33) out of range, returning exp(700)
exp(1324.38) out of range, returning exp(700)
exp(1324.33) out of range, returning exp(700)
No more errno warnings during this execution
exp(893.875) out of range, returning exp(700)
exp(893.875) out of range, returning exp(700)
exp(893.875) out of range, returning exp(700)
exp(893.875) out of range, returning exp(700)
No more errno warnings during this execution
exp(719.538) out of range, returning exp(700)
exp(740.573) out of range, returning exp(700)
exp(762.545) out of range, returning exp(700)
exp(785.533) out of range, returning exp(700)
No more errno warnings during this execution
exp(817.794) out of range, returning exp(700)
exp(817.794) out of range, returning exp(700)
exp(1264.23) out of range, returning exp(700)
No more errno warnings during this execution
exp(1145.93) out of range, returning exp(700)
exp(1035.77) out of range, returning exp(700)
exp(925.704) out of range, returning exp(700)
exp(815.859) out of range, returning exp(700)
No more errno warnings during this execution
exp(729.062) out of range, returning exp(700)
exp(729.062) out of range, returning exp(700)
exp(13896.5) out of range, returning exp(700)
exp(13896) out of range, returning exp(700)
exp(13896.5) out of range, returning exp(700)
exp(13896) out of range, returning exp(700)
No more errno warnings during this execution
exp(717.389) out of range, returning exp(700)
exp(1599.25) out of range, returning exp(700)
exp(2198.52) out of range, returning exp(700)
No more errno warnings during this execution
exp(1904.76) out of range, returning exp(700)
exp(1719.63) out of range, returning exp(700)
No more errno warnings during this execution
srun: got SIGCONT
slurmstepd: error: *** STEP 42654296.0 ON nid00604 CANCELLED AT 2021-05-15T15:03:58 ***
srun: forcing job termination
srun: Job step aborted: Waiting up to 32 seconds for job step to finish.
