Warning: Python module not loaded, you already have Python loaded via conda init
srun: Warning: can't run 1 processes on 4 nodes, setting nnodes to 1
Current generation:  1
log: 
 gen	nevals	avg        	std        	min     	max        
1  	100   	4.03479e+07	3.72277e+08	0.183381	3.74387e+09 

Current generation:  2
log: 
 gen	nevals	avg        	std        	min     	max        
1  	100   	4.03479e+07	3.72277e+08	0.183381	3.74387e+09
2  	100   	2.19925e+07	2.63929e+08	0.142191	3.74387e+09 

Current generation:  3
log: 
 gen	nevals	avg        	std        	min     	max        
1  	100   	4.03479e+07	3.72277e+08	0.183381	3.74387e+09
2  	100   	2.19925e+07	2.63929e+08	0.142191	3.74387e+09
3  	100   	2.9094e+06 	6.66584e+06	0.183381	1.81828e+07 

Current generation:  4
log: 
 gen	nevals	avg        	std        	min     	max        
1  	100   	4.03479e+07	3.72277e+08	0.183381	3.74387e+09
2  	100   	2.19925e+07	2.63929e+08	0.142191	3.74387e+09
3  	100   	2.9094e+06 	6.66584e+06	0.183381	1.81828e+07
4  	100   	4.09128e+06	7.59271e+06	0.183381	1.81828e+07 

Current generation:  5
log: 
 gen	nevals	avg        	std        	min     	max        
1  	100   	4.03479e+07	3.72277e+08	0.183381	3.74387e+09
2  	100   	2.19925e+07	2.63929e+08	0.142191	3.74387e+09
3  	100   	2.9094e+06 	6.66584e+06	0.183381	1.81828e+07
4  	100   	4.09128e+06	7.59271e+06	0.183381	1.81828e+07
5  	100   	1.81851e+06	5.45475e+06	0.183381	1.81828e+07 

Current generation:  6
log: 
 gen	nevals	avg        	std        	min     	max        
1  	100   	4.03479e+07	3.72277e+08	0.183381	3.74387e+09
2  	100   	2.19925e+07	2.63929e+08	0.142191	3.74387e+09
3  	100   	2.9094e+06 	6.66584e+06	0.183381	1.81828e+07
4  	100   	4.09128e+06	7.59271e+06	0.183381	1.81828e+07
5  	100   	1.81851e+06	5.45475e+06	0.183381	1.81828e+07
6  	100   	3.27313e+06	6.98548e+06	0.141238	1.81828e+07 

Current generation:  7
log: 
 gen	nevals	avg        	std        	min     	max        
1  	100   	4.03479e+07	3.72277e+08	0.183381	3.74387e+09
2  	100   	2.19925e+07	2.63929e+08	0.142191	3.74387e+09
3  	100   	2.9094e+06 	6.66584e+06	0.183381	1.81828e+07
4  	100   	4.09128e+06	7.59271e+06	0.183381	1.81828e+07
5  	100   	1.81851e+06	5.45475e+06	0.183381	1.81828e+07
6  	100   	3.27313e+06	6.98548e+06	0.141238	1.81828e+07
7  	100   	3.09169e+06	6.82976e+06	0.183381	1.81828e+07 

Current generation:  8
log: 
 gen	nevals	avg        	std        	min     	max        
1  	100   	4.03479e+07	3.72277e+08	0.183381	3.74387e+09
2  	100   	2.19925e+07	2.63929e+08	0.142191	3.74387e+09
3  	100   	2.9094e+06 	6.66584e+06	0.183381	1.81828e+07
4  	100   	4.09128e+06	7.59271e+06	0.183381	1.81828e+07
5  	100   	1.81851e+06	5.45475e+06	0.183381	1.81828e+07
6  	100   	3.27313e+06	6.98548e+06	0.141238	1.81828e+07
7  	100   	3.09169e+06	6.82976e+06	0.183381	1.81828e+07
8  	100   	2.0001e+06 	5.6892e+06 	0.196686	1.81828e+07 

Current generation:  9
log: 
 gen	nevals	avg        	std        	min     	max        
1  	100   	4.03479e+07	3.72277e+08	0.183381	3.74387e+09
2  	100   	2.19925e+07	2.63929e+08	0.142191	3.74387e+09
3  	100   	2.9094e+06 	6.66584e+06	0.183381	1.81828e+07
4  	100   	4.09128e+06	7.59271e+06	0.183381	1.81828e+07
5  	100   	1.81851e+06	5.45475e+06	0.183381	1.81828e+07
6  	100   	3.27313e+06	6.98548e+06	0.141238	1.81828e+07
7  	100   	3.09169e+06	6.82976e+06	0.183381	1.81828e+07
8  	100   	2.0001e+06 	5.6892e+06 	0.196686	1.81828e+07
9  	100   	2.36394e+06	6.11485e+06	0.104299	1.81828e+07 

Current generation:  10
log: 
 gen	nevals	avg        	std        	min     	max        
1  	100   	4.03479e+07	3.72277e+08	0.183381	3.74387e+09
2  	100   	2.19925e+07	2.63929e+08	0.142191	3.74387e+09
3  	100   	2.9094e+06 	6.66584e+06	0.183381	1.81828e+07
4  	100   	4.09128e+06	7.59271e+06	0.183381	1.81828e+07
5  	100   	1.81851e+06	5.45475e+06	0.183381	1.81828e+07
6  	100   	3.27313e+06	6.98548e+06	0.141238	1.81828e+07
7  	100   	3.09169e+06	6.82976e+06	0.183381	1.81828e+07
8  	100   	2.0001e+06 	5.6892e+06 	0.196686	1.81828e+07
9  	100   	2.36394e+06	6.11485e+06	0.104299	1.81828e+07
10 	100   	3.45504e+06	7.13296e+06	0.190773	1.81828e+07 

Current generation:  11
log: 
 gen	nevals	avg        	std        	min     	max        
1  	100   	4.03479e+07	3.72277e+08	0.183381	3.74387e+09
2  	100   	2.19925e+07	2.63929e+08	0.142191	3.74387e+09
3  	100   	2.9094e+06 	6.66584e+06	0.183381	1.81828e+07
4  	100   	4.09128e+06	7.59271e+06	0.183381	1.81828e+07
5  	100   	1.81851e+06	5.45475e+06	0.183381	1.81828e+07
6  	100   	3.27313e+06	6.98548e+06	0.141238	1.81828e+07
7  	100   	3.09169e+06	6.82976e+06	0.183381	1.81828e+07
8  	100   	2.0001e+06 	5.6892e+06 	0.196686	1.81828e+07
9  	100   	2.36394e+06	6.11485e+06	0.104299	1.81828e+07
10 	100   	3.45504e+06	7.13296e+06	0.190773	1.81828e+07
11 	100   	1.81844e+06	5.45477e+06	0.146988	1.81828e+07 

Current generation:  12
log: 
 gen	nevals	avg        	std        	min     	max        
1  	100   	4.03479e+07	3.72277e+08	0.183381	3.74387e+09
2  	100   	2.19925e+07	2.63929e+08	0.142191	3.74387e+09
3  	100   	2.9094e+06 	6.66584e+06	0.183381	1.81828e+07
4  	100   	4.09128e+06	7.59271e+06	0.183381	1.81828e+07
5  	100   	1.81851e+06	5.45475e+06	0.183381	1.81828e+07
6  	100   	3.27313e+06	6.98548e+06	0.141238	1.81828e+07
7  	100   	3.09169e+06	6.82976e+06	0.183381	1.81828e+07
8  	100   	2.0001e+06 	5.6892e+06 	0.196686	1.81828e+07
9  	100   	2.36394e+06	6.11485e+06	0.104299	1.81828e+07
10 	100   	3.45504e+06	7.13296e+06	0.190773	1.81828e+07
11 	100   	1.81844e+06	5.45477e+06	0.146988	1.81828e+07
12 	100   	2.27316e+06	6.01326e+06	0.104448	1.81828e+07 

Current generation:  13
log: 
 gen	nevals	avg        	std        	min     	max        
1  	100   	4.03479e+07	3.72277e+08	0.183381	3.74387e+09
2  	100   	2.19925e+07	2.63929e+08	0.142191	3.74387e+09
3  	100   	2.9094e+06 	6.66584e+06	0.183381	1.81828e+07
4  	100   	4.09128e+06	7.59271e+06	0.183381	1.81828e+07
5  	100   	1.81851e+06	5.45475e+06	0.183381	1.81828e+07
6  	100   	3.27313e+06	6.98548e+06	0.141238	1.81828e+07
7  	100   	3.09169e+06	6.82976e+06	0.183381	1.81828e+07
8  	100   	2.0001e+06 	5.6892e+06 	0.196686	1.81828e+07
9  	100   	2.36394e+06	6.11485e+06	0.104299	1.81828e+07
10 	100   	3.45504e+06	7.13296e+06	0.190773	1.81828e+07
11 	100   	1.81844e+06	5.45477e+06	0.146988	1.81828e+07
12 	100   	2.27316e+06	6.01326e+06	0.104448	1.81828e+07
13 	100   	3.0921e+06 	6.82957e+06	0.104448	1.81828e+07 

Current generation:  14
log: 
 gen	nevals	avg        	std        	min     	max        
1  	100   	4.03479e+07	3.72277e+08	0.183381	3.74387e+09
2  	100   	2.19925e+07	2.63929e+08	0.142191	3.74387e+09
3  	100   	2.9094e+06 	6.66584e+06	0.183381	1.81828e+07
4  	100   	4.09128e+06	7.59271e+06	0.183381	1.81828e+07
5  	100   	1.81851e+06	5.45475e+06	0.183381	1.81828e+07
6  	100   	3.27313e+06	6.98548e+06	0.141238	1.81828e+07
7  	100   	3.09169e+06	6.82976e+06	0.183381	1.81828e+07
8  	100   	2.0001e+06 	5.6892e+06 	0.196686	1.81828e+07
9  	100   	2.36394e+06	6.11485e+06	0.104299	1.81828e+07
10 	100   	3.45504e+06	7.13296e+06	0.190773	1.81828e+07
11 	100   	1.81844e+06	5.45477e+06	0.146988	1.81828e+07
12 	100   	2.27316e+06	6.01326e+06	0.104448	1.81828e+07
13 	100   	3.0921e+06 	6.82957e+06	0.104448	1.81828e+07
14 	100   	1.90975e+06	5.5738e+06 	0.104448	1.81828e+07 

Current generation:  15
log: 
 gen	nevals	avg        	std        	min     	max        
1  	100   	4.03479e+07	3.72277e+08	0.183381	3.74387e+09
2  	100   	2.19925e+07	2.63929e+08	0.142191	3.74387e+09
3  	100   	2.9094e+06 	6.66584e+06	0.183381	1.81828e+07
4  	100   	4.09128e+06	7.59271e+06	0.183381	1.81828e+07
5  	100   	1.81851e+06	5.45475e+06	0.183381	1.81828e+07
6  	100   	3.27313e+06	6.98548e+06	0.141238	1.81828e+07
7  	100   	3.09169e+06	6.82976e+06	0.183381	1.81828e+07
8  	100   	2.0001e+06 	5.6892e+06 	0.196686	1.81828e+07
9  	100   	2.36394e+06	6.11485e+06	0.104299	1.81828e+07
10 	100   	3.45504e+06	7.13296e+06	0.190773	1.81828e+07
11 	100   	1.81844e+06	5.45477e+06	0.146988	1.81828e+07
12 	100   	2.27316e+06	6.01326e+06	0.104448	1.81828e+07
13 	100   	3.0921e+06 	6.82957e+06	0.104448	1.81828e+07
14 	100   	1.90975e+06	5.5738e+06 	0.104448	1.81828e+07
15 	100   	3.00158e+06	6.74845e+06	0.104448	1.81828e+07 

Current generation:  16
log: 
 gen	nevals	avg        	std        	min     	max        
1  	100   	4.03479e+07	3.72277e+08	0.183381	3.74387e+09
2  	100   	2.19925e+07	2.63929e+08	0.142191	3.74387e+09
3  	100   	2.9094e+06 	6.66584e+06	0.183381	1.81828e+07
4  	100   	4.09128e+06	7.59271e+06	0.183381	1.81828e+07
5  	100   	1.81851e+06	5.45475e+06	0.183381	1.81828e+07
6  	100   	3.27313e+06	6.98548e+06	0.141238	1.81828e+07
7  	100   	3.09169e+06	6.82976e+06	0.183381	1.81828e+07
8  	100   	2.0001e+06 	5.6892e+06 	0.196686	1.81828e+07
9  	100   	2.36394e+06	6.11485e+06	0.104299	1.81828e+07
10 	100   	3.45504e+06	7.13296e+06	0.190773	1.81828e+07
11 	100   	1.81844e+06	5.45477e+06	0.146988	1.81828e+07
12 	100   	2.27316e+06	6.01326e+06	0.104448	1.81828e+07
13 	100   	3.0921e+06 	6.82957e+06	0.104448	1.81828e+07
14 	100   	1.90975e+06	5.5738e+06 	0.104448	1.81828e+07
15 	100   	3.00158e+06	6.74845e+06	0.104448	1.81828e+07
16 	100   	1.90927e+06	5.57396e+06	0.104448	1.81828e+07 

Current generation:  17
log: 
 gen	nevals	avg        	std        	min     	max        
1  	100   	4.03479e+07	3.72277e+08	0.183381	3.74387e+09
2  	100   	2.19925e+07	2.63929e+08	0.142191	3.74387e+09
3  	100   	2.9094e+06 	6.66584e+06	0.183381	1.81828e+07
4  	100   	4.09128e+06	7.59271e+06	0.183381	1.81828e+07
5  	100   	1.81851e+06	5.45475e+06	0.183381	1.81828e+07
6  	100   	3.27313e+06	6.98548e+06	0.141238	1.81828e+07
7  	100   	3.09169e+06	6.82976e+06	0.183381	1.81828e+07
8  	100   	2.0001e+06 	5.6892e+06 	0.196686	1.81828e+07
9  	100   	2.36394e+06	6.11485e+06	0.104299	1.81828e+07
10 	100   	3.45504e+06	7.13296e+06	0.190773	1.81828e+07
11 	100   	1.81844e+06	5.45477e+06	0.146988	1.81828e+07
12 	100   	2.27316e+06	6.01326e+06	0.104448	1.81828e+07
13 	100   	3.0921e+06 	6.82957e+06	0.104448	1.81828e+07
14 	100   	1.90975e+06	5.5738e+06 	0.104448	1.81828e+07
15 	100   	3.00158e+06	6.74845e+06	0.104448	1.81828e+07
16 	100   	1.90927e+06	5.57396e+06	0.104448	1.81828e+07
17 	100   	727748     	3.56299e+06	0.102889	1.81828e+07 

Current generation:  18
log: 
 gen	nevals	avg        	std        	min     	max        
1  	100   	4.03479e+07	3.72277e+08	0.183381	3.74387e+09
2  	100   	2.19925e+07	2.63929e+08	0.142191	3.74387e+09
3  	100   	2.9094e+06 	6.66584e+06	0.183381	1.81828e+07
4  	100   	4.09128e+06	7.59271e+06	0.183381	1.81828e+07
5  	100   	1.81851e+06	5.45475e+06	0.183381	1.81828e+07
6  	100   	3.27313e+06	6.98548e+06	0.141238	1.81828e+07
7  	100   	3.09169e+06	6.82976e+06	0.183381	1.81828e+07
8  	100   	2.0001e+06 	5.6892e+06 	0.196686	1.81828e+07
9  	100   	2.36394e+06	6.11485e+06	0.104299	1.81828e+07
10 	100   	3.45504e+06	7.13296e+06	0.190773	1.81828e+07
11 	100   	1.81844e+06	5.45477e+06	0.146988	1.81828e+07
12 	100   	2.27316e+06	6.01326e+06	0.104448	1.81828e+07
13 	100   	3.0921e+06 	6.82957e+06	0.104448	1.81828e+07
14 	100   	1.90975e+06	5.5738e+06 	0.104448	1.81828e+07
15 	100   	3.00158e+06	6.74845e+06	0.104448	1.81828e+07
16 	100   	1.90927e+06	5.57396e+06	0.104448	1.81828e+07
17 	100   	727748     	3.56299e+06	0.102889	1.81828e+07
18 	100   	3.00016e+06	6.74908e+06	0.194131	1.81828e+07 

Current generation:  19
log: 
 gen	nevals	avg        	std        	min     	max        
1  	100   	4.03479e+07	3.72277e+08	0.183381	3.74387e+09
2  	100   	2.19925e+07	2.63929e+08	0.142191	3.74387e+09
3  	100   	2.9094e+06 	6.66584e+06	0.183381	1.81828e+07
4  	100   	4.09128e+06	7.59271e+06	0.183381	1.81828e+07
5  	100   	1.81851e+06	5.45475e+06	0.183381	1.81828e+07
6  	100   	3.27313e+06	6.98548e+06	0.141238	1.81828e+07
7  	100   	3.09169e+06	6.82976e+06	0.183381	1.81828e+07
8  	100   	2.0001e+06 	5.6892e+06 	0.196686	1.81828e+07
9  	100   	2.36394e+06	6.11485e+06	0.104299	1.81828e+07
10 	100   	3.45504e+06	7.13296e+06	0.190773	1.81828e+07
11 	100   	1.81844e+06	5.45477e+06	0.146988	1.81828e+07
12 	100   	2.27316e+06	6.01326e+06	0.104448	1.81828e+07
13 	100   	3.0921e+06 	6.82957e+06	0.104448	1.81828e+07
14 	100   	1.90975e+06	5.5738e+06 	0.104448	1.81828e+07
15 	100   	3.00158e+06	6.74845e+06	0.104448	1.81828e+07
16 	100   	1.90927e+06	5.57396e+06	0.104448	1.81828e+07
17 	100   	727748     	3.56299e+06	0.102889	1.81828e+07
18 	100   	3.00016e+06	6.74908e+06	0.194131	1.81828e+07
19 	100   	1.63645e+06	5.20357e+06	0.192571	1.81828e+07 

Current generation:  20
log: 
 gen	nevals	avg        	std        	min     	max        
1  	100   	4.03479e+07	3.72277e+08	0.183381	3.74387e+09
2  	100   	2.19925e+07	2.63929e+08	0.142191	3.74387e+09
3  	100   	2.9094e+06 	6.66584e+06	0.183381	1.81828e+07
4  	100   	4.09128e+06	7.59271e+06	0.183381	1.81828e+07
5  	100   	1.81851e+06	5.45475e+06	0.183381	1.81828e+07
6  	100   	3.27313e+06	6.98548e+06	0.141238	1.81828e+07
7  	100   	3.09169e+06	6.82976e+06	0.183381	1.81828e+07
8  	100   	2.0001e+06 	5.6892e+06 	0.196686	1.81828e+07
9  	100   	2.36394e+06	6.11485e+06	0.104299	1.81828e+07
10 	100   	3.45504e+06	7.13296e+06	0.190773	1.81828e+07
11 	100   	1.81844e+06	5.45477e+06	0.146988	1.81828e+07
12 	100   	2.27316e+06	6.01326e+06	0.104448	1.81828e+07
13 	100   	3.0921e+06 	6.82957e+06	0.104448	1.81828e+07
14 	100   	1.90975e+06	5.5738e+06 	0.104448	1.81828e+07
15 	100   	3.00158e+06	6.74845e+06	0.104448	1.81828e+07
16 	100   	1.90927e+06	5.57396e+06	0.104448	1.81828e+07
17 	100   	727748     	3.56299e+06	0.102889	1.81828e+07
18 	100   	3.00016e+06	6.74908e+06	0.194131	1.81828e+07
19 	100   	1.63645e+06	5.20357e+06	0.192571	1.81828e+07
20 	100   	636553     	3.34159e+06	0.194349	1.81828e+07 

17208.367987394333
[[329.05329639102604, 0.1606308091165473, 0.03747348501333136, 0.06526885803219298, 190.9036832318502, 0.1796721956330009, 3.1289379891044624, 0.3334967529455608, 612.3972657411969, 0.3025076706861414, 3.025676019511704, 0.1259582839920209, 7.510910096536974, 0.09873672648427731, 0.45240175567275553, 2.432778951401892, 936.167509954995, 0.0192159423779658, 7.098868873725916, 2.7656822791019575], [193.81594416440603, 0.020709610856416233, 0.044302928631286, 0.5001029843630403, 141.0067395752114, 0.21602366821753508, 3.853353814007282, 0.4942978896372775, 68.38476566015751, 0.29250870064915513, 2.782091318447158, 0.25479982142963103, 7.354922074050631, 0.7642346484352824, 0.06608138327860034, 3.8653807669896527, 421.92965774238456, 0.1633993801802586, 2.5755156064475315, 6.979134490848065], [193.81594416440603, 0.020709610856416233, 0.044302928631286, 0.5001029843630403, 141.0067395752114, 0.21602366821753508, 3.853353814007282, 0.4942978896372775, 68.38476566015751, 0.29250870064915513, 2.782091318447158, 0.25479982142963103, 7.354922074050631, 0.7642346484352824, 0.06608138327860034, 3.8653807669896527, 421.92965774238456, 0.1633993801802586, 2.5755156064475315, 6.979134490848065], [193.81594416440603, 0.020709610856416233, 0.044302928631286, 0.5001029843630403, 141.0067395752114, 0.21602366821753508, 3.853353814007282, 0.4942978896372775, 68.38476566015751, 0.29250870064915513, 2.782091318447158, 0.25479982142963103, 7.354922074050631, 0.7642346484352824, 0.06608138327860034, 3.8653807669896527, 421.92965774238456, 0.1633993801802586, 2.5755156064475315, 6.979134490848065], [193.81594416440603, 0.020709610856416233, 0.044302928631286, 0.5001029843630403, 141.0067395752114, 0.21602366821753508, 3.853353814007282, 0.4942978896372775, 68.38476566015751, 0.29250870064915513, 2.782091318447158, 0.25479982142963103, 7.354922074050631, 0.7642346484352824, 0.06608138327860034, 3.8653807669896527, 421.92965774238456, 0.1633993801802586, 2.5755156064475315, 6.979134490848065], [130.49514470054405, 0.0037716430947054473, 0.022854867406179435, 0.669079078429754, 52.24601251371793, 0.057758585360511004, 2.4407215999368193, 0.24297369260273116, 319.20738201944874, 0.41959188683852977, 2.511059087477803, 0.0738097249773179, 27.390078947250252, 2.445482032253609, 0.5582313391997044, 1.4378094447206393, 452.8507486930529, 0.07278895626910095, 2.736904047869535, 16.55885704757383], [130.49514470054405, 0.0037716430947054473, 0.022854867406179435, 0.669079078429754, 52.24601251371793, 0.057758585360511004, 2.4407215999368193, 0.24297369260273116, 319.20738201944874, 0.41959188683852977, 2.511059087477803, 0.0738097249773179, 27.390078947250252, 2.445482032253609, 0.5582313391997044, 1.4378094447206393, 452.8507486930529, 0.07278895626910095, 2.736904047869535, 16.55885704757383], [130.49514470054405, 0.0037716430947054473, 0.022854867406179435, 0.669079078429754, 52.24601251371793, 0.057758585360511004, 2.4407215999368193, 0.24297369260273116, 319.20738201944874, 0.41959188683852977, 2.511059087477803, 0.0738097249773179, 27.390078947250252, 2.445482032253609, 0.5582313391997044, 1.4378094447206393, 452.8507486930529, 0.07278895626910095, 2.736904047869535, 16.55885704757383], [398.1903852947747, 0.0026684449052451695, 0.11246564435516118, 0.8794413455216997, 157.12072337272087, 0.04012549002467869, 1.734830318484641, 0.12746112105154433, 223.39902229281145, 0.39110021232526854, 3.7344400001385614, 0.015030622565570972, 25.673383859895917, 1.4570912785064458, 0.6142566656426763, 1.7495566772195241, 510.2449522301072, 0.03450296606746542, 4.695753762041306, 18.710403795232384], [398.1903852947747, 0.0026684449052451695, 0.11246564435516118, 0.8794413455216997, 157.12072337272087, 0.04012549002467869, 1.734830318484641, 0.12746112105154433, 223.39902229281145, 0.39110021232526854, 3.7344400001385614, 0.015030622565570972, 25.673383859895917, 1.4570912785064458, 0.6142566656426763, 1.7495566772195241, 510.2449522301072, 0.03450296606746542, 4.695753762041306, 18.710403795232384], [398.1903852947747, 0.0026684449052451695, 0.11246564435516118, 0.8794413455216997, 157.12072337272087, 0.04012549002467869, 1.734830318484641, 0.12746112105154433, 223.39902229281145, 0.39110021232526854, 3.7344400001385614, 0.015030622565570972, 25.673383859895917, 1.4570912785064458, 0.6142566656426763, 1.7495566772195241, 510.2449522301072, 0.03450296606746542, 4.695753762041306, 18.710403795232384], [398.1903852947747, 0.0026684449052451695, 0.11246564435516118, 0.8794413455216997, 157.12072337272087, 0.04012549002467869, 1.734830318484641, 0.12746112105154433, 223.39902229281145, 0.39110021232526854, 3.7344400001385614, 0.015030622565570972, 25.673383859895917, 1.4570912785064458, 0.6142566656426763, 1.7495566772195241, 510.2449522301072, 0.03450296606746542, 4.695753762041306, 18.710403795232384], [398.1903852947747, 0.0026684449052451695, 0.11246564435516118, 0.8794413455216997, 157.12072337272087, 0.04012549002467869, 1.734830318484641, 0.12746112105154433, 223.39902229281145, 0.39110021232526854, 3.7344400001385614, 0.015030622565570972, 25.673383859895917, 1.4570912785064458, 0.6142566656426763, 1.7495566772195241, 510.2449522301072, 0.03450296606746542, 4.695753762041306, 18.710403795232384], [398.1903852947747, 0.0026684449052451695, 0.11246564435516118, 0.8794413455216997, 157.12072337272087, 0.04012549002467869, 1.734830318484641, 0.12746112105154433, 223.39902229281145, 0.39110021232526854, 3.7344400001385614, 0.015030622565570972, 25.673383859895917, 1.4570912785064458, 0.6142566656426763, 1.7495566772195241, 510.2449522301072, 0.03450296606746542, 4.695753762041306, 18.710403795232384], [398.1903852947747, 0.0026684449052451695, 0.11246564435516118, 0.8794413455216997, 157.12072337272087, 0.04012549002467869, 1.734830318484641, 0.12746112105154433, 223.39902229281145, 0.39110021232526854, 3.7344400001385614, 0.015030622565570972, 25.673383859895917, 1.4570912785064458, 0.6142566656426763, 1.7495566772195241, 510.2449522301072, 0.03450296606746542, 4.695753762041306, 18.710403795232384], [398.1903852947747, 0.0026684449052451695, 0.11246564435516118, 0.8794413455216997, 157.12072337272087, 0.04012549002467869, 1.734830318484641, 0.12746112105154433, 223.39902229281145, 0.39110021232526854, 3.7344400001385614, 0.015030622565570972, 25.673383859895917, 1.4570912785064458, 0.6142566656426763, 1.7495566772195241, 510.2449522301072, 0.03450296606746542, 4.695753762041306, 18.710403795232384], [405.8612606667069, 0.0586544934693994, 0.01995677317408598, 0.05523445924811626, 156.66621204906818, 0.1576581313099339, 2.5256848265377223, 0.5860501636877888, 673.5614321358368, 0.37599263453121945, 4.689937360575502, 0.15648893233905053, 26.020414408273908, 0.07857812651747975, 0.4536770343098789, 5.5132140905251115, 356.4860328663235, 0.07347042892156687, 5.068362794096348, 14.804559080578771], [405.8612606667069, 0.0586544934693994, 0.01995677317408598, 0.05523445924811626, 156.66621204906818, 0.1576581313099339, 2.5256848265377223, 0.5860501636877888, 673.5614321358368, 0.37599263453121945, 4.689937360575502, 0.15648893233905053, 26.020414408273908, 0.07857812651747975, 0.4536770343098789, 5.5132140905251115, 356.4860328663235, 0.07347042892156687, 5.068362794096348, 14.804559080578771], [405.8612606667069, 0.0586544934693994, 0.01995677317408598, 0.05523445924811626, 156.66621204906818, 0.1576581313099339, 2.5256848265377223, 0.5860501636877888, 673.5614321358368, 0.37599263453121945, 4.689937360575502, 0.15648893233905053, 26.020414408273908, 0.07857812651747975, 0.4536770343098789, 5.5132140905251115, 356.4860328663235, 0.07347042892156687, 5.068362794096348, 14.804559080578771], [405.8612606667069, 0.0586544934693994, 0.01995677317408598, 0.05523445924811626, 156.66621204906818, 0.1576581313099339, 2.5256848265377223, 0.5860501636877888, 673.5614321358368, 0.37599263453121945, 4.689937360575502, 0.15648893233905053, 26.020414408273908, 0.07857812651747975, 0.4536770343098789, 5.5132140905251115, 356.4860328663235, 0.07347042892156687, 5.068362794096348, 14.804559080578771]]
gen	nevals	avg        	std        	min     	max        
1  	100   	4.03479e+07	3.72277e+08	0.183381	3.74387e+09
2  	100   	2.19925e+07	2.63929e+08	0.142191	3.74387e+09
3  	100   	2.9094e+06 	6.66584e+06	0.183381	1.81828e+07
4  	100   	4.09128e+06	7.59271e+06	0.183381	1.81828e+07
5  	100   	1.81851e+06	5.45475e+06	0.183381	1.81828e+07
6  	100   	3.27313e+06	6.98548e+06	0.141238	1.81828e+07
7  	100   	3.09169e+06	6.82976e+06	0.183381	1.81828e+07
8  	100   	2.0001e+06 	5.6892e+06 	0.196686	1.81828e+07
9  	100   	2.36394e+06	6.11485e+06	0.104299	1.81828e+07
10 	100   	3.45504e+06	7.13296e+06	0.190773	1.81828e+07
11 	100   	1.81844e+06	5.45477e+06	0.146988	1.81828e+07
12 	100   	2.27316e+06	6.01326e+06	0.104448	1.81828e+07
13 	100   	3.0921e+06 	6.82957e+06	0.104448	1.81828e+07
14 	100   	1.90975e+06	5.5738e+06 	0.104448	1.81828e+07
15 	100   	3.00158e+06	6.74845e+06	0.104448	1.81828e+07
16 	100   	1.90927e+06	5.57396e+06	0.104448	1.81828e+07
17 	100   	727748     	3.56299e+06	0.102889	1.81828e+07
18 	100   	3.00016e+06	6.74908e+06	0.194131	1.81828e+07
19 	100   	1.63645e+06	5.20357e+06	0.192571	1.81828e+07
20 	100   	636553     	3.34159e+06	0.194349	1.81828e+07
Couldn't fit curve to recovery.
Couldn't fit curve to recovery.
Couldn't fit curve to recovery.
Couldn't fit curve to recovery.
Couldn't fit curve to recovery.
Couldn't fit curve to recovery.
/global/u1/m/mikelam/vclamp/generalized_genSim_shorten_time_HMM.py:699: RuntimeWarning: divide by zero encountered in log
  tau = -h.tstop / np.log(-RF_t + 1)
/global/homes/m/mikelam/.local/cori/3.7-anaconda-2019.07/lib/python3.7/site-packages/scipy/optimize/minpack.py:794: OptimizeWarning: Covariance of the parameters could not be estimated
  category=OptimizeWarning)
/global/u1/m/mikelam/vclamp/generalized_genSim_shorten_time_HMM.py:699: RuntimeWarning: invalid value encountered in log
  tau = -h.tstop / np.log(-RF_t + 1)
Couldn't fit curve to recovery.
Couldn't fit curve to recovery.
Couldn't fit curve to recovery.
Couldn't fit curve to recovery.
Couldn't fit curve to recovery.
Couldn't fit curve to recovery.
Couldn't fit curve to recovery.
Couldn't fit curve to recovery.
Couldn't fit curve to recovery.
/global/u1/m/mikelam/vclamp/generalized_genSim_shorten_time_HMM.py:699: RuntimeWarning: invalid value encountered in log
  tau = -h.tstop / np.log(-RF_t + 1)
/global/u1/m/mikelam/vclamp/generalized_genSim_shorten_time_HMM.py:699: RuntimeWarning: divide by zero encountered in log
  tau = -h.tstop / np.log(-RF_t + 1)
/global/homes/m/mikelam/.local/cori/3.7-anaconda-2019.07/lib/python3.7/site-packages/scipy/optimize/minpack.py:794: OptimizeWarning: Covariance of the parameters could not be estimated
  category=OptimizeWarning)
Couldn't fit curve to recovery.
Couldn't fit curve to recovery.
Couldn't fit curve to recovery.
Couldn't fit curve to recovery.
Couldn't fit curve to recovery.
Couldn't fit curve to recovery.
/global/u1/m/mikelam/vclamp/generalized_genSim_shorten_time_HMM.py:699: RuntimeWarning: divide by zero encountered in log
  tau = -h.tstop / np.log(-RF_t + 1)
/global/homes/m/mikelam/.local/cori/3.7-anaconda-2019.07/lib/python3.7/site-packages/scipy/optimize/minpack.py:794: OptimizeWarning: Covariance of the parameters could not be estimated
  category=OptimizeWarning)
/global/u1/m/mikelam/vclamp/generalized_genSim_shorten_time.py:1568: RuntimeWarning: invalid value encountered in sqrt
  perr = np.sqrt(np.diag(pcov))
/global/u1/m/mikelam/vclamp/generalized_genSim_shorten_time_HMM.py:699: RuntimeWarning: invalid value encountered in log
  tau = -h.tstop / np.log(-RF_t + 1)
Couldn't fit curve to recovery.
Couldn't fit curve to recovery.
Couldn't fit curve to recovery.
Couldn't fit curve to recovery.
Couldn't fit curve to recovery.
/global/u1/m/mikelam/vclamp/generalized_genSim_shorten_time_HMM.py:699: RuntimeWarning: divide by zero encountered in log
  tau = -h.tstop / np.log(-RF_t + 1)
/global/homes/m/mikelam/.local/cori/3.7-anaconda-2019.07/lib/python3.7/site-packages/scipy/optimize/minpack.py:794: OptimizeWarning: Covariance of the parameters could not be estimated
  category=OptimizeWarning)
/global/u1/m/mikelam/vclamp/generalized_genSim_shorten_time_HMM.py:699: RuntimeWarning: invalid value encountered in log
  tau = -h.tstop / np.log(-RF_t + 1)
Couldn't fit curve to recovery.
Couldn't fit curve to recovery.
Couldn't fit curve to recovery.
Couldn't fit curve to recovery.
Couldn't fit curve to recovery.
/global/u1/m/mikelam/vclamp/generalized_genSim_shorten_time_HMM.py:699: RuntimeWarning: invalid value encountered in log
  tau = -h.tstop / np.log(-RF_t + 1)
/global/u1/m/mikelam/vclamp/generalized_genSim_shorten_time_HMM.py:699: RuntimeWarning: divide by zero encountered in log
  tau = -h.tstop / np.log(-RF_t + 1)
/global/homes/m/mikelam/.local/cori/3.7-anaconda-2019.07/lib/python3.7/site-packages/scipy/optimize/minpack.py:794: OptimizeWarning: Covariance of the parameters could not be estimated
  category=OptimizeWarning)
Couldn't fit curve to recovery.
Couldn't fit curve to recovery.
Couldn't fit curve to recovery.
Couldn't fit curve to recovery.
Couldn't fit curve to recovery.
Couldn't fit curve to recovery.
/global/u1/m/mikelam/vclamp/generalized_genSim_shorten_time_HMM.py:699: RuntimeWarning: invalid value encountered in log
  tau = -h.tstop / np.log(-RF_t + 1)
/global/u1/m/mikelam/vclamp/generalized_genSim_shorten_time_HMM.py:699: RuntimeWarning: divide by zero encountered in log
  tau = -h.tstop / np.log(-RF_t + 1)
/global/homes/m/mikelam/.local/cori/3.7-anaconda-2019.07/lib/python3.7/site-packages/scipy/optimize/minpack.py:794: OptimizeWarning: Covariance of the parameters could not be estimated
  category=OptimizeWarning)
Couldn't fit curve to recovery.
Couldn't fit curve to recovery.
Couldn't fit curve to recovery.
Couldn't fit curve to recovery.
Couldn't fit curve to recovery.
/global/u1/m/mikelam/vclamp/generalized_genSim_shorten_time_HMM.py:699: RuntimeWarning: divide by zero encountered in log
  tau = -h.tstop / np.log(-RF_t + 1)
/global/u1/m/mikelam/vclamp/generalized_genSim_shorten_time_HMM.py:699: RuntimeWarning: invalid value encountered in log
  tau = -h.tstop / np.log(-RF_t + 1)
/global/homes/m/mikelam/.local/cori/3.7-anaconda-2019.07/lib/python3.7/site-packages/scipy/optimize/minpack.py:794: OptimizeWarning: Covariance of the parameters could not be estimated
  category=OptimizeWarning)
Couldn't fit curve to recovery.
Couldn't fit curve to recovery.
Couldn't fit curve to recovery.
/global/u1/m/mikelam/vclamp/generalized_genSim_shorten_time_HMM.py:699: RuntimeWarning: invalid value encountered in log
  tau = -h.tstop / np.log(-RF_t + 1)
/global/u1/m/mikelam/vclamp/generalized_genSim_shorten_time_HMM.py:699: RuntimeWarning: divide by zero encountered in log
  tau = -h.tstop / np.log(-RF_t + 1)
/global/homes/m/mikelam/.local/cori/3.7-anaconda-2019.07/lib/python3.7/site-packages/scipy/optimize/minpack.py:794: OptimizeWarning: Covariance of the parameters could not be estimated
  category=OptimizeWarning)
/global/u1/m/mikelam/vclamp/curve_fitting.py:27: RuntimeWarning: invalid value encountered in add
  return y0 + span_fast * (1 - np.exp(-k_fast * x)) + span_slow * (1 - np.exp(-k_slow * x))
Couldn't fit curve to recovery.
Couldn't fit curve to recovery.
Couldn't fit curve to recovery.
Couldn't fit curve to recovery.
Couldn't fit curve to recovery.
Couldn't fit curve to recovery.
Couldn't fit curve to recovery.
Couldn't fit curve to recovery.
/global/u1/m/mikelam/vclamp/generalized_genSim_shorten_time_HMM.py:699: RuntimeWarning: invalid value encountered in log
  tau = -h.tstop / np.log(-RF_t + 1)
/global/u1/m/mikelam/vclamp/generalized_genSim_shorten_time_HMM.py:699: RuntimeWarning: divide by zero encountered in log
  tau = -h.tstop / np.log(-RF_t + 1)
/global/homes/m/mikelam/.local/cori/3.7-anaconda-2019.07/lib/python3.7/site-packages/scipy/optimize/minpack.py:794: OptimizeWarning: Covariance of the parameters could not be estimated
  category=OptimizeWarning)
Couldn't fit curve to recovery.
/global/u1/m/mikelam/vclamp/generalized_genSim_shorten_time_HMM.py:699: RuntimeWarning: divide by zero encountered in log
  tau = -h.tstop / np.log(-RF_t + 1)
/global/u1/m/mikelam/vclamp/generalized_genSim_shorten_time_HMM.py:699: RuntimeWarning: invalid value encountered in log
  tau = -h.tstop / np.log(-RF_t + 1)
/global/homes/m/mikelam/.local/cori/3.7-anaconda-2019.07/lib/python3.7/site-packages/scipy/optimize/minpack.py:794: OptimizeWarning: Covariance of the parameters could not be estimated
  category=OptimizeWarning)
Couldn't fit curve to recovery.
Couldn't fit curve to recovery.
Couldn't fit curve to recovery.
Couldn't fit curve to recovery.
Couldn't fit curve to recovery.
/global/u1/m/mikelam/vclamp/generalized_genSim_shorten_time_HMM.py:699: RuntimeWarning: divide by zero encountered in log
  tau = -h.tstop / np.log(-RF_t + 1)
/global/u1/m/mikelam/vclamp/generalized_genSim_shorten_time_HMM.py:699: RuntimeWarning: invalid value encountered in log
  tau = -h.tstop / np.log(-RF_t + 1)
/global/homes/m/mikelam/.local/cori/3.7-anaconda-2019.07/lib/python3.7/site-packages/scipy/optimize/minpack.py:794: OptimizeWarning: Covariance of the parameters could not be estimated
  category=OptimizeWarning)
Couldn't fit curve to recovery.
Couldn't fit curve to recovery.
Couldn't fit curve to recovery.
Couldn't fit curve to recovery.
Couldn't fit curve to recovery.
/global/u1/m/mikelam/vclamp/generalized_genSim_shorten_time_HMM.py:699: RuntimeWarning: divide by zero encountered in log
  tau = -h.tstop / np.log(-RF_t + 1)
/global/homes/m/mikelam/.local/cori/3.7-anaconda-2019.07/lib/python3.7/site-packages/scipy/optimize/minpack.py:794: OptimizeWarning: Covariance of the parameters could not be estimated
  category=OptimizeWarning)
/global/u1/m/mikelam/vclamp/generalized_genSim_shorten_time_HMM.py:699: RuntimeWarning: invalid value encountered in log
  tau = -h.tstop / np.log(-RF_t + 1)
Couldn't fit curve to recovery.
Couldn't fit curve to recovery.
Couldn't fit curve to recovery.
/global/u1/m/mikelam/vclamp/generalized_genSim_shorten_time_HMM.py:699: RuntimeWarning: divide by zero encountered in log
  tau = -h.tstop / np.log(-RF_t + 1)
/global/homes/m/mikelam/.local/cori/3.7-anaconda-2019.07/lib/python3.7/site-packages/scipy/optimize/minpack.py:794: OptimizeWarning: Covariance of the parameters could not be estimated
  category=OptimizeWarning)
/global/u1/m/mikelam/vclamp/generalized_genSim_shorten_time_HMM.py:699: RuntimeWarning: invalid value encountered in log
  tau = -h.tstop / np.log(-RF_t + 1)
Couldn't fit curve to recovery.
Couldn't fit curve to recovery.
Couldn't fit curve to recovery.
Couldn't fit curve to recovery.
/global/u1/m/mikelam/vclamp/generalized_genSim_shorten_time_HMM.py:699: RuntimeWarning: invalid value encountered in log
  tau = -h.tstop / np.log(-RF_t + 1)
/global/u1/m/mikelam/vclamp/generalized_genSim_shorten_time_HMM.py:699: RuntimeWarning: divide by zero encountered in log
  tau = -h.tstop / np.log(-RF_t + 1)
/global/homes/m/mikelam/.local/cori/3.7-anaconda-2019.07/lib/python3.7/site-packages/scipy/optimize/minpack.py:794: OptimizeWarning: Covariance of the parameters could not be estimated
  category=OptimizeWarning)
Couldn't fit curve to recovery.
Couldn't fit curve to recovery.
Couldn't fit curve to recovery.
Couldn't fit curve to recovery.
Couldn't fit curve to recovery.
/global/u1/m/mikelam/vclamp/generalized_genSim_shorten_time_HMM.py:699: RuntimeWarning: invalid value encountered in log
  tau = -h.tstop / np.log(-RF_t + 1)
/global/u1/m/mikelam/vclamp/generalized_genSim_shorten_time_HMM.py:699: RuntimeWarning: divide by zero encountered in log
  tau = -h.tstop / np.log(-RF_t + 1)
/global/homes/m/mikelam/.local/cori/3.7-anaconda-2019.07/lib/python3.7/site-packages/scipy/optimize/minpack.py:794: OptimizeWarning: Covariance of the parameters could not be estimated
  category=OptimizeWarning)
Couldn't fit curve to recovery.
Couldn't fit curve to recovery.
/global/u1/m/mikelam/vclamp/generalized_genSim_shorten_time_HMM.py:699: RuntimeWarning: invalid value encountered in log
  tau = -h.tstop / np.log(-RF_t + 1)
/global/u1/m/mikelam/vclamp/generalized_genSim_shorten_time_HMM.py:699: RuntimeWarning: divide by zero encountered in log
  tau = -h.tstop / np.log(-RF_t + 1)
/global/homes/m/mikelam/.local/cori/3.7-anaconda-2019.07/lib/python3.7/site-packages/scipy/optimize/minpack.py:794: OptimizeWarning: Covariance of the parameters could not be estimated
  category=OptimizeWarning)
Couldn't fit curve to recovery.
Couldn't fit curve to recovery.
/global/u1/m/mikelam/vclamp/generalized_genSim_shorten_time_HMM.py:699: RuntimeWarning: invalid value encountered in log
  tau = -h.tstop / np.log(-RF_t + 1)
/global/u1/m/mikelam/vclamp/generalized_genSim_shorten_time_HMM.py:699: RuntimeWarning: divide by zero encountered in log
  tau = -h.tstop / np.log(-RF_t + 1)
/global/homes/m/mikelam/.local/cori/3.7-anaconda-2019.07/lib/python3.7/site-packages/scipy/optimize/minpack.py:794: OptimizeWarning: Covariance of the parameters could not be estimated
  category=OptimizeWarning)
/global/u1/m/mikelam/vclamp/curve_fitting.py:27: RuntimeWarning: invalid value encountered in add
  return y0 + span_fast * (1 - np.exp(-k_fast * x)) + span_slow * (1 - np.exp(-k_slow * x))
Couldn't fit curve to recovery.
Couldn't fit curve to recovery.
Couldn't fit curve to recovery.
Couldn't fit curve to recovery.
/global/u1/m/mikelam/vclamp/generalized_genSim_shorten_time_HMM.py:699: RuntimeWarning: divide by zero encountered in log
  tau = -h.tstop / np.log(-RF_t + 1)
/global/homes/m/mikelam/.local/cori/3.7-anaconda-2019.07/lib/python3.7/site-packages/scipy/optimize/minpack.py:794: OptimizeWarning: Covariance of the parameters could not be estimated
  category=OptimizeWarning)
/global/u1/m/mikelam/vclamp/generalized_genSim_shorten_time_HMM.py:699: RuntimeWarning: invalid value encountered in log
  tau = -h.tstop / np.log(-RF_t + 1)
Couldn't fit curve to recovery.
Couldn't fit curve to recovery.
Couldn't fit curve to recovery.
/global/u1/m/mikelam/vclamp/generalized_genSim_shorten_time_HMM.py:699: RuntimeWarning: divide by zero encountered in log
  tau = -h.tstop / np.log(-RF_t + 1)
/global/homes/m/mikelam/.local/cori/3.7-anaconda-2019.07/lib/python3.7/site-packages/scipy/optimize/minpack.py:794: OptimizeWarning: Covariance of the parameters could not be estimated
  category=OptimizeWarning)
/global/u1/m/mikelam/vclamp/generalized_genSim_shorten_time_HMM.py:699: RuntimeWarning: invalid value encountered in log
  tau = -h.tstop / np.log(-RF_t + 1)
Couldn't fit curve to recovery.
Couldn't fit curve to recovery.
Couldn't fit curve to recovery.
Couldn't fit curve to recovery.
Couldn't fit curve to recovery.
Couldn't fit curve to recovery.
Couldn't fit curve to recovery.
Couldn't fit curve to recovery.
/global/u1/m/mikelam/vclamp/generalized_genSim_shorten_time_HMM.py:699: RuntimeWarning: divide by zero encountered in log
  tau = -h.tstop / np.log(-RF_t + 1)
/global/homes/m/mikelam/.local/cori/3.7-anaconda-2019.07/lib/python3.7/site-packages/scipy/optimize/minpack.py:794: OptimizeWarning: Covariance of the parameters could not be estimated
  category=OptimizeWarning)
/global/u1/m/mikelam/vclamp/generalized_genSim_shorten_time_HMM.py:699: RuntimeWarning: invalid value encountered in log
  tau = -h.tstop / np.log(-RF_t + 1)
Couldn't fit curve to recovery.
Couldn't fit curve to recovery.
Couldn't fit curve to recovery.
Couldn't fit curve to recovery.
Couldn't fit curve to recovery.
/global/u1/m/mikelam/vclamp/generalized_genSim_shorten_time_HMM.py:699: RuntimeWarning: invalid value encountered in log
  tau = -h.tstop / np.log(-RF_t + 1)
/global/u1/m/mikelam/vclamp/generalized_genSim_shorten_time_HMM.py:699: RuntimeWarning: divide by zero encountered in log
  tau = -h.tstop / np.log(-RF_t + 1)
/global/homes/m/mikelam/.local/cori/3.7-anaconda-2019.07/lib/python3.7/site-packages/scipy/optimize/minpack.py:794: OptimizeWarning: Covariance of the parameters could not be estimated
  category=OptimizeWarning)
Couldn't fit curve to recovery.
Couldn't fit curve to recovery.
Couldn't fit curve to recovery.
Couldn't fit curve to recovery.
/global/u1/m/mikelam/vclamp/generalized_genSim_shorten_time_HMM.py:699: RuntimeWarning: divide by zero encountered in log
  tau = -h.tstop / np.log(-RF_t + 1)
/global/u1/m/mikelam/vclamp/generalized_genSim_shorten_time_HMM.py:699: RuntimeWarning: invalid value encountered in log
  tau = -h.tstop / np.log(-RF_t + 1)
/global/homes/m/mikelam/.local/cori/3.7-anaconda-2019.07/lib/python3.7/site-packages/scipy/optimize/minpack.py:794: OptimizeWarning: Covariance of the parameters could not be estimated
  category=OptimizeWarning)
Couldn't fit curve to recovery.
Couldn't fit curve to recovery.
/global/u1/m/mikelam/vclamp/generalized_genSim_shorten_time_HMM.py:699: RuntimeWarning: invalid value encountered in log
  tau = -h.tstop / np.log(-RF_t + 1)
/global/u1/m/mikelam/vclamp/generalized_genSim_shorten_time_HMM.py:699: RuntimeWarning: divide by zero encountered in log
  tau = -h.tstop / np.log(-RF_t + 1)
/global/homes/m/mikelam/.local/cori/3.7-anaconda-2019.07/lib/python3.7/site-packages/scipy/optimize/minpack.py:794: OptimizeWarning: Covariance of the parameters could not be estimated
  category=OptimizeWarning)
Couldn't fit curve to recovery.
Couldn't fit curve to recovery.
Couldn't fit curve to recovery.
Couldn't fit curve to recovery.
Couldn't fit curve to recovery.
/global/u1/m/mikelam/vclamp/generalized_genSim_shorten_time_HMM.py:699: RuntimeWarning: divide by zero encountered in log
  tau = -h.tstop / np.log(-RF_t + 1)
/global/u1/m/mikelam/vclamp/generalized_genSim_shorten_time_HMM.py:699: RuntimeWarning: invalid value encountered in log
  tau = -h.tstop / np.log(-RF_t + 1)
/global/homes/m/mikelam/.local/cori/3.7-anaconda-2019.07/lib/python3.7/site-packages/scipy/optimize/minpack.py:794: OptimizeWarning: Covariance of the parameters could not be estimated
  category=OptimizeWarning)
Couldn't fit curve to recovery.
Couldn't fit curve to recovery.
Couldn't fit curve to recovery.
Couldn't fit curve to recovery.
Couldn't fit curve to recovery.
/global/u1/m/mikelam/vclamp/generalized_genSim_shorten_time_HMM.py:699: RuntimeWarning: invalid value encountered in log
  tau = -h.tstop / np.log(-RF_t + 1)
/global/u1/m/mikelam/vclamp/generalized_genSim_shorten_time_HMM.py:699: RuntimeWarning: divide by zero encountered in log
  tau = -h.tstop / np.log(-RF_t + 1)
/global/homes/m/mikelam/.local/cori/3.7-anaconda-2019.07/lib/python3.7/site-packages/scipy/optimize/minpack.py:794: OptimizeWarning: Covariance of the parameters could not be estimated
  category=OptimizeWarning)
Couldn't fit curve to recovery.
Couldn't fit curve to recovery.
/global/u1/m/mikelam/vclamp/generalized_genSim_shorten_time_HMM.py:699: RuntimeWarning: divide by zero encountered in log
  tau = -h.tstop / np.log(-RF_t + 1)
/global/u1/m/mikelam/vclamp/generalized_genSim_shorten_time_HMM.py:699: RuntimeWarning: invalid value encountered in log
  tau = -h.tstop / np.log(-RF_t + 1)
/global/homes/m/mikelam/.local/cori/3.7-anaconda-2019.07/lib/python3.7/site-packages/scipy/optimize/minpack.py:794: OptimizeWarning: Covariance of the parameters could not be estimated
  category=OptimizeWarning)
Couldn't fit curve to recovery.
Couldn't fit curve to recovery.
Couldn't fit curve to recovery.
Couldn't fit curve to recovery.
/global/u1/m/mikelam/vclamp/generalized_genSim_shorten_time_HMM.py:699: RuntimeWarning: invalid value encountered in log
  tau = -h.tstop / np.log(-RF_t + 1)
/global/u1/m/mikelam/vclamp/generalized_genSim_shorten_time_HMM.py:699: RuntimeWarning: divide by zero encountered in log
  tau = -h.tstop / np.log(-RF_t + 1)
/global/homes/m/mikelam/.local/cori/3.7-anaconda-2019.07/lib/python3.7/site-packages/scipy/optimize/minpack.py:794: OptimizeWarning: Covariance of the parameters could not be estimated
  category=OptimizeWarning)
Couldn't fit curve to recovery.
Couldn't fit curve to recovery.
/global/u1/m/mikelam/vclamp/generalized_genSim_shorten_time_HMM.py:699: RuntimeWarning: invalid value encountered in log
  tau = -h.tstop / np.log(-RF_t + 1)
/global/u1/m/mikelam/vclamp/generalized_genSim_shorten_time_HMM.py:699: RuntimeWarning: divide by zero encountered in log
  tau = -h.tstop / np.log(-RF_t + 1)
/global/homes/m/mikelam/.local/cori/3.7-anaconda-2019.07/lib/python3.7/site-packages/scipy/optimize/minpack.py:794: OptimizeWarning: Covariance of the parameters could not be estimated
  category=OptimizeWarning)
Couldn't fit curve to recovery.
Couldn't fit curve to recovery.
Couldn't fit curve to recovery.
Couldn't fit curve to recovery.
Couldn't fit curve to recovery.
/global/u1/m/mikelam/vclamp/generalized_genSim_shorten_time_HMM.py:699: RuntimeWarning: divide by zero encountered in log
  tau = -h.tstop / np.log(-RF_t + 1)
/global/homes/m/mikelam/.local/cori/3.7-anaconda-2019.07/lib/python3.7/site-packages/scipy/optimize/minpack.py:794: OptimizeWarning: Covariance of the parameters could not be estimated
  category=OptimizeWarning)
/global/u1/m/mikelam/vclamp/generalized_genSim_shorten_time_HMM.py:699: RuntimeWarning: invalid value encountered in log
  tau = -h.tstop / np.log(-RF_t + 1)
Couldn't fit curve to recovery.
Couldn't fit curve to recovery.
/global/u1/m/mikelam/vclamp/generalized_genSim_shorten_time_HMM.py:699: RuntimeWarning: invalid value encountered in log
  tau = -h.tstop / np.log(-RF_t + 1)
/global/u1/m/mikelam/vclamp/generalized_genSim_shorten_time_HMM.py:699: RuntimeWarning: divide by zero encountered in log
  tau = -h.tstop / np.log(-RF_t + 1)
/global/homes/m/mikelam/.local/cori/3.7-anaconda-2019.07/lib/python3.7/site-packages/scipy/optimize/minpack.py:794: OptimizeWarning: Covariance of the parameters could not be estimated
  category=OptimizeWarning)
Couldn't fit curve to recovery.
Couldn't fit curve to recovery.
Couldn't fit curve to recovery.
Couldn't fit curve to recovery.
Couldn't fit curve to recovery.
Couldn't fit curve to recovery.
Couldn't fit curve to recovery.
Couldn't fit curve to recovery.
Couldn't fit curve to recovery.
/global/u1/m/mikelam/vclamp/generalized_genSim_shorten_time_HMM.py:699: RuntimeWarning: divide by zero encountered in log
  tau = -h.tstop / np.log(-RF_t + 1)
/global/homes/m/mikelam/.local/cori/3.7-anaconda-2019.07/lib/python3.7/site-packages/scipy/optimize/minpack.py:794: OptimizeWarning: Covariance of the parameters could not be estimated
  category=OptimizeWarning)
/global/u1/m/mikelam/vclamp/generalized_genSim_shorten_time_HMM.py:699: RuntimeWarning: invalid value encountered in log
  tau = -h.tstop / np.log(-RF_t + 1)
/global/u1/m/mikelam/vclamp/generalized_genSim_shorten_time.py:1568: RuntimeWarning: invalid value encountered in sqrt
  perr = np.sqrt(np.diag(pcov))
Couldn't fit curve to recovery.
Couldn't fit curve to recovery.
Couldn't fit curve to recovery.
Couldn't fit curve to recovery.
Couldn't fit curve to recovery.
/global/u1/m/mikelam/vclamp/generalized_genSim_shorten_time_HMM.py:699: RuntimeWarning: invalid value encountered in log
  tau = -h.tstop / np.log(-RF_t + 1)
/global/u1/m/mikelam/vclamp/generalized_genSim_shorten_time_HMM.py:699: RuntimeWarning: divide by zero encountered in log
  tau = -h.tstop / np.log(-RF_t + 1)
/global/homes/m/mikelam/.local/cori/3.7-anaconda-2019.07/lib/python3.7/site-packages/scipy/optimize/minpack.py:794: OptimizeWarning: Covariance of the parameters could not be estimated
  category=OptimizeWarning)
Couldn't fit curve to recovery.
Couldn't fit curve to recovery.
Couldn't fit curve to recovery.
Couldn't fit curve to recovery.
Couldn't fit curve to recovery.
Couldn't fit curve to recovery.
Couldn't fit curve to recovery.
Couldn't fit curve to recovery.
/global/u1/m/mikelam/vclamp/generalized_genSim_shorten_time_HMM.py:699: RuntimeWarning: invalid value encountered in log
  tau = -h.tstop / np.log(-RF_t + 1)
/global/u1/m/mikelam/vclamp/generalized_genSim_shorten_time_HMM.py:699: RuntimeWarning: divide by zero encountered in log
  tau = -h.tstop / np.log(-RF_t + 1)
/global/homes/m/mikelam/.local/cori/3.7-anaconda-2019.07/lib/python3.7/site-packages/scipy/optimize/minpack.py:794: OptimizeWarning: Covariance of the parameters could not be estimated
  category=OptimizeWarning)
/global/u1/m/mikelam/vclamp/curve_fitting.py:27: RuntimeWarning: invalid value encountered in add
  return y0 + span_fast * (1 - np.exp(-k_fast * x)) + span_slow * (1 - np.exp(-k_slow * x))
Couldn't fit curve to recovery.
Couldn't fit curve to recovery.
Couldn't fit curve to recovery.
Couldn't fit curve to recovery.
Couldn't fit curve to recovery.
Couldn't fit curve to recovery.
/global/u1/m/mikelam/vclamp/generalized_genSim_shorten_time_HMM.py:699: RuntimeWarning: divide by zero encountered in log
  tau = -h.tstop / np.log(-RF_t + 1)
/global/homes/m/mikelam/.local/cori/3.7-anaconda-2019.07/lib/python3.7/site-packages/scipy/optimize/minpack.py:794: OptimizeWarning: Covariance of the parameters could not be estimated
  category=OptimizeWarning)
/global/u1/m/mikelam/vclamp/generalized_genSim_shorten_time_HMM.py:699: RuntimeWarning: invalid value encountered in log
  tau = -h.tstop / np.log(-RF_t + 1)
Couldn't fit curve to recovery.
Couldn't fit curve to recovery.
Couldn't fit curve to recovery.
Couldn't fit curve to recovery.
/global/u1/m/mikelam/vclamp/generalized_genSim_shorten_time_HMM.py:699: RuntimeWarning: divide by zero encountered in log
  tau = -h.tstop / np.log(-RF_t + 1)
/global/homes/m/mikelam/.local/cori/3.7-anaconda-2019.07/lib/python3.7/site-packages/scipy/optimize/minpack.py:794: OptimizeWarning: Covariance of the parameters could not be estimated
  category=OptimizeWarning)
/global/u1/m/mikelam/vclamp/generalized_genSim_shorten_time_HMM.py:699: RuntimeWarning: invalid value encountered in log
  tau = -h.tstop / np.log(-RF_t + 1)
Couldn't fit curve to recovery.
Couldn't fit curve to recovery.
Couldn't fit curve to recovery.
Couldn't fit curve to recovery.
Couldn't fit curve to recovery.
/global/u1/m/mikelam/vclamp/generalized_genSim_shorten_time_HMM.py:699: RuntimeWarning: invalid value encountered in log
  tau = -h.tstop / np.log(-RF_t + 1)
/global/u1/m/mikelam/vclamp/generalized_genSim_shorten_time_HMM.py:699: RuntimeWarning: divide by zero encountered in log
  tau = -h.tstop / np.log(-RF_t + 1)
/global/homes/m/mikelam/.local/cori/3.7-anaconda-2019.07/lib/python3.7/site-packages/scipy/optimize/minpack.py:794: OptimizeWarning: Covariance of the parameters could not be estimated
  category=OptimizeWarning)
Couldn't fit curve to recovery.
Couldn't fit curve to recovery.
Couldn't fit curve to recovery.
Couldn't fit curve to recovery.
Couldn't fit curve to recovery.
/global/u1/m/mikelam/vclamp/generalized_genSim_shorten_time_HMM.py:699: RuntimeWarning: divide by zero encountered in log
  tau = -h.tstop / np.log(-RF_t + 1)
/global/homes/m/mikelam/.local/cori/3.7-anaconda-2019.07/lib/python3.7/site-packages/scipy/optimize/minpack.py:794: OptimizeWarning: Covariance of the parameters could not be estimated
  category=OptimizeWarning)
/global/u1/m/mikelam/vclamp/generalized_genSim_shorten_time_HMM.py:699: RuntimeWarning: invalid value encountered in log
  tau = -h.tstop / np.log(-RF_t + 1)
Couldn't fit curve to recovery.
Couldn't fit curve to recovery.
Couldn't fit curve to recovery.
Couldn't fit curve to recovery.
Couldn't fit curve to recovery.
Couldn't fit curve to recovery.
Couldn't fit curve to recovery.
Couldn't fit curve to recovery.
Couldn't fit curve to recovery.
Couldn't fit curve to recovery.
Couldn't fit curve to recovery.
/global/u1/m/mikelam/vclamp/generalized_genSim_shorten_time_HMM.py:699: RuntimeWarning: divide by zero encountered in log
  tau = -h.tstop / np.log(-RF_t + 1)
/global/homes/m/mikelam/.local/cori/3.7-anaconda-2019.07/lib/python3.7/site-packages/scipy/optimize/minpack.py:794: OptimizeWarning: Covariance of the parameters could not be estimated
  category=OptimizeWarning)
Couldn't fit curve to recovery.
Couldn't fit curve to recovery.
Couldn't fit curve to recovery.
Couldn't fit curve to recovery.
Couldn't fit curve to recovery.
/global/u1/m/mikelam/vclamp/generalized_genSim_shorten_time_HMM.py:699: RuntimeWarning: divide by zero encountered in log
  tau = -h.tstop / np.log(-RF_t + 1)
/global/u1/m/mikelam/vclamp/generalized_genSim_shorten_time_HMM.py:699: RuntimeWarning: invalid value encountered in log
  tau = -h.tstop / np.log(-RF_t + 1)
/global/homes/m/mikelam/.local/cori/3.7-anaconda-2019.07/lib/python3.7/site-packages/scipy/optimize/minpack.py:794: OptimizeWarning: Covariance of the parameters could not be estimated
  category=OptimizeWarning)
Couldn't fit curve to recovery.
Couldn't fit curve to recovery.
Couldn't fit curve to recovery.
/global/u1/m/mikelam/vclamp/generalized_genSim_shorten_time.py:1568: RuntimeWarning: invalid value encountered in sqrt
  perr = np.sqrt(np.diag(pcov))
/global/u1/m/mikelam/vclamp/generalized_genSim_shorten_time_HMM.py:699: RuntimeWarning: divide by zero encountered in log
  tau = -h.tstop / np.log(-RF_t + 1)
/global/homes/m/mikelam/.local/cori/3.7-anaconda-2019.07/lib/python3.7/site-packages/scipy/optimize/minpack.py:794: OptimizeWarning: Covariance of the parameters could not be estimated
  category=OptimizeWarning)
/global/u1/m/mikelam/vclamp/generalized_genSim_shorten_time_HMM.py:699: RuntimeWarning: invalid value encountered in log
  tau = -h.tstop / np.log(-RF_t + 1)
Couldn't fit curve to recovery.
Couldn't fit curve to recovery.
Couldn't fit curve to recovery.
Couldn't fit curve to recovery.
Couldn't fit curve to recovery.
Couldn't fit curve to recovery.
Couldn't fit curve to recovery.
Couldn't fit curve to recovery.
/global/u1/m/mikelam/vclamp/generalized_genSim_shorten_time_HMM.py:699: RuntimeWarning: invalid value encountered in log
  tau = -h.tstop / np.log(-RF_t + 1)
/global/u1/m/mikelam/vclamp/generalized_genSim_shorten_time_HMM.py:699: RuntimeWarning: divide by zero encountered in log
  tau = -h.tstop / np.log(-RF_t + 1)
/global/homes/m/mikelam/.local/cori/3.7-anaconda-2019.07/lib/python3.7/site-packages/scipy/optimize/minpack.py:794: OptimizeWarning: Covariance of the parameters could not be estimated
  category=OptimizeWarning)
Couldn't fit curve to recovery.
Couldn't fit curve to recovery.
Couldn't fit curve to recovery.
/global/u1/m/mikelam/vclamp/generalized_genSim_shorten_time_HMM.py:699: RuntimeWarning: divide by zero encountered in log
  tau = -h.tstop / np.log(-RF_t + 1)
/global/homes/m/mikelam/.local/cori/3.7-anaconda-2019.07/lib/python3.7/site-packages/scipy/optimize/minpack.py:794: OptimizeWarning: Covariance of the parameters could not be estimated
  category=OptimizeWarning)
/global/u1/m/mikelam/vclamp/generalized_genSim_shorten_time_HMM.py:699: RuntimeWarning: invalid value encountered in log
  tau = -h.tstop / np.log(-RF_t + 1)
Couldn't fit curve to recovery.
Couldn't fit curve to recovery.
Couldn't fit curve to recovery.
Couldn't fit curve to recovery.
Couldn't fit curve to recovery.
/global/u1/m/mikelam/vclamp/generalized_genSim_shorten_time_HMM.py:699: RuntimeWarning: divide by zero encountered in log
  tau = -h.tstop / np.log(-RF_t + 1)
/global/homes/m/mikelam/.local/cori/3.7-anaconda-2019.07/lib/python3.7/site-packages/scipy/optimize/minpack.py:794: OptimizeWarning: Covariance of the parameters could not be estimated
  category=OptimizeWarning)
/global/u1/m/mikelam/vclamp/generalized_genSim_shorten_time_HMM.py:699: RuntimeWarning: invalid value encountered in log
  tau = -h.tstop / np.log(-RF_t + 1)
Couldn't fit curve to recovery.
Couldn't fit curve to recovery.
Couldn't fit curve to recovery.
/global/u1/m/mikelam/vclamp/generalized_genSim_shorten_time_HMM.py:699: RuntimeWarning: divide by zero encountered in log
  tau = -h.tstop / np.log(-RF_t + 1)
/global/homes/m/mikelam/.local/cori/3.7-anaconda-2019.07/lib/python3.7/site-packages/scipy/optimize/minpack.py:794: OptimizeWarning: Covariance of the parameters could not be estimated
  category=OptimizeWarning)
/global/u1/m/mikelam/vclamp/generalized_genSim_shorten_time_HMM.py:699: RuntimeWarning: invalid value encountered in log
  tau = -h.tstop / np.log(-RF_t + 1)
Couldn't fit curve to recovery.
Couldn't fit curve to recovery.
Couldn't fit curve to recovery.
Couldn't fit curve to recovery.
Couldn't fit curve to recovery.
Couldn't fit curve to recovery.
/global/u1/m/mikelam/vclamp/generalized_genSim_shorten_time_HMM.py:699: RuntimeWarning: divide by zero encountered in log
  tau = -h.tstop / np.log(-RF_t + 1)
/global/homes/m/mikelam/.local/cori/3.7-anaconda-2019.07/lib/python3.7/site-packages/scipy/optimize/minpack.py:794: OptimizeWarning: Covariance of the parameters could not be estimated
  category=OptimizeWarning)
/global/u1/m/mikelam/vclamp/generalized_genSim_shorten_time_HMM.py:699: RuntimeWarning: invalid value encountered in log
  tau = -h.tstop / np.log(-RF_t + 1)
Couldn't fit curve to recovery.
Couldn't fit curve to recovery.
Couldn't fit curve to recovery.
Couldn't fit curve to recovery.
/global/u1/m/mikelam/vclamp/generalized_genSim_shorten_time_HMM.py:699: RuntimeWarning: invalid value encountered in log
  tau = -h.tstop / np.log(-RF_t + 1)
/global/u1/m/mikelam/vclamp/generalized_genSim_shorten_time_HMM.py:699: RuntimeWarning: divide by zero encountered in log
  tau = -h.tstop / np.log(-RF_t + 1)
/global/homes/m/mikelam/.local/cori/3.7-anaconda-2019.07/lib/python3.7/site-packages/scipy/optimize/minpack.py:794: OptimizeWarning: Covariance of the parameters could not be estimated
  category=OptimizeWarning)
Couldn't fit curve to recovery.
Couldn't fit curve to recovery.
Couldn't fit curve to recovery.
Couldn't fit curve to recovery.
Couldn't fit curve to recovery.
/global/u1/m/mikelam/vclamp/generalized_genSim_shorten_time_HMM.py:699: RuntimeWarning: invalid value encountered in log
  tau = -h.tstop / np.log(-RF_t + 1)
/global/u1/m/mikelam/vclamp/generalized_genSim_shorten_time_HMM.py:699: RuntimeWarning: divide by zero encountered in log
  tau = -h.tstop / np.log(-RF_t + 1)
/global/homes/m/mikelam/.local/cori/3.7-anaconda-2019.07/lib/python3.7/site-packages/scipy/optimize/minpack.py:794: OptimizeWarning: Covariance of the parameters could not be estimated
  category=OptimizeWarning)
/global/u1/m/mikelam/vclamp/generalized_genSim_shorten_time.py:1568: RuntimeWarning: invalid value encountered in sqrt
  perr = np.sqrt(np.diag(pcov))
Couldn't fit curve to recovery.
Couldn't fit curve to recovery.
Couldn't fit curve to recovery.
Couldn't fit curve to recovery.
Couldn't fit curve to recovery.
Couldn't fit curve to recovery.
Couldn't fit curve to recovery.
Couldn't fit curve to recovery.
/global/u1/m/mikelam/vclamp/generalized_genSim_shorten_time_HMM.py:699: RuntimeWarning: invalid value encountered in log
  tau = -h.tstop / np.log(-RF_t + 1)
/global/u1/m/mikelam/vclamp/generalized_genSim_shorten_time_HMM.py:699: RuntimeWarning: divide by zero encountered in log
  tau = -h.tstop / np.log(-RF_t + 1)
/global/homes/m/mikelam/.local/cori/3.7-anaconda-2019.07/lib/python3.7/site-packages/scipy/optimize/minpack.py:794: OptimizeWarning: Covariance of the parameters could not be estimated
  category=OptimizeWarning)
Couldn't fit curve to recovery.
Couldn't fit curve to recovery.
Couldn't fit curve to recovery.
Couldn't fit curve to recovery.
Couldn't fit curve to recovery.
Couldn't fit curve to recovery.
Couldn't fit curve to recovery.
/global/u1/m/mikelam/vclamp/generalized_genSim_shorten_time_HMM.py:699: RuntimeWarning: invalid value encountered in log
  tau = -h.tstop / np.log(-RF_t + 1)
/global/u1/m/mikelam/vclamp/generalized_genSim_shorten_time_HMM.py:699: RuntimeWarning: divide by zero encountered in log
  tau = -h.tstop / np.log(-RF_t + 1)
/global/homes/m/mikelam/.local/cori/3.7-anaconda-2019.07/lib/python3.7/site-packages/scipy/optimize/minpack.py:794: OptimizeWarning: Covariance of the parameters could not be estimated
  category=OptimizeWarning)
/global/u1/m/mikelam/vclamp/curve_fitting.py:27: RuntimeWarning: invalid value encountered in add
  return y0 + span_fast * (1 - np.exp(-k_fast * x)) + span_slow * (1 - np.exp(-k_slow * x))
/global/homes/m/mikelam/.local/cori/3.7-anaconda-2019.07/lib/python3.7/site-packages/scipy/optimize/minpack.py:794: OptimizeWarning: Covariance of the parameters could not be estimated
  category=OptimizeWarning)
/global/u1/m/mikelam/vclamp/generalized_genSim_shorten_time_HMM.py:699: RuntimeWarning: divide by zero encountered in log
  tau = -h.tstop / np.log(-RF_t + 1)
/global/u1/m/mikelam/vclamp/generalized_genSim_shorten_time_HMM.py:699: RuntimeWarning: invalid value encountered in log
  tau = -h.tstop / np.log(-RF_t + 1)
Couldn't fit curve to recovery.
Couldn't fit curve to recovery.
Couldn't fit curve to recovery.
/global/u1/m/mikelam/vclamp/generalized_genSim_shorten_time_HMM.py:699: RuntimeWarning: invalid value encountered in log
  tau = -h.tstop / np.log(-RF_t + 1)
/global/u1/m/mikelam/vclamp/generalized_genSim_shorten_time_HMM.py:699: RuntimeWarning: divide by zero encountered in log
  tau = -h.tstop / np.log(-RF_t + 1)
/global/homes/m/mikelam/.local/cori/3.7-anaconda-2019.07/lib/python3.7/site-packages/scipy/optimize/minpack.py:794: OptimizeWarning: Covariance of the parameters could not be estimated
  category=OptimizeWarning)
Couldn't fit curve to recovery.
Couldn't fit curve to recovery.
Couldn't fit curve to recovery.
Couldn't fit curve to recovery.
Couldn't fit curve to recovery.
Couldn't fit curve to recovery.
/global/u1/m/mikelam/vclamp/generalized_genSim_shorten_time_HMM.py:699: RuntimeWarning: invalid value encountered in log
  tau = -h.tstop / np.log(-RF_t + 1)
/global/u1/m/mikelam/vclamp/generalized_genSim_shorten_time_HMM.py:699: RuntimeWarning: divide by zero encountered in log
  tau = -h.tstop / np.log(-RF_t + 1)
/global/homes/m/mikelam/.local/cori/3.7-anaconda-2019.07/lib/python3.7/site-packages/scipy/optimize/minpack.py:794: OptimizeWarning: Covariance of the parameters could not be estimated
  category=OptimizeWarning)
Couldn't fit curve to recovery.
Couldn't fit curve to recovery.
Couldn't fit curve to recovery.
Couldn't fit curve to recovery.
Couldn't fit curve to recovery.
Couldn't fit curve to recovery.
Couldn't fit curve to recovery.
Couldn't fit curve to recovery.
Couldn't fit curve to recovery.
/global/u1/m/mikelam/vclamp/generalized_genSim_shorten_time_HMM.py:699: RuntimeWarning: invalid value encountered in log
  tau = -h.tstop / np.log(-RF_t + 1)
/global/u1/m/mikelam/vclamp/generalized_genSim_shorten_time_HMM.py:699: RuntimeWarning: divide by zero encountered in log
  tau = -h.tstop / np.log(-RF_t + 1)
/global/homes/m/mikelam/.local/cori/3.7-anaconda-2019.07/lib/python3.7/site-packages/scipy/optimize/minpack.py:794: OptimizeWarning: Covariance of the parameters could not be estimated
  category=OptimizeWarning)
Couldn't fit curve to recovery.
Couldn't fit curve to recovery.
Couldn't fit curve to recovery.
Couldn't fit curve to recovery.
Couldn't fit curve to recovery.
Couldn't fit curve to recovery.
Couldn't fit curve to recovery.
Couldn't fit curve to recovery.
Couldn't fit curve to recovery.
/global/u1/m/mikelam/vclamp/generalized_genSim_shorten_time_HMM.py:699: RuntimeWarning: invalid value encountered in log
  tau = -h.tstop / np.log(-RF_t + 1)
/global/u1/m/mikelam/vclamp/generalized_genSim_shorten_time_HMM.py:699: RuntimeWarning: divide by zero encountered in log
  tau = -h.tstop / np.log(-RF_t + 1)
/global/homes/m/mikelam/.local/cori/3.7-anaconda-2019.07/lib/python3.7/site-packages/scipy/optimize/minpack.py:794: OptimizeWarning: Covariance of the parameters could not be estimated
  category=OptimizeWarning)
/global/u1/m/mikelam/vclamp/generalized_genSim_shorten_time.py:1568: RuntimeWarning: invalid value encountered in sqrt
  perr = np.sqrt(np.diag(pcov))
Couldn't fit curve to recovery.
Couldn't fit curve to recovery.
/global/u1/m/mikelam/vclamp/generalized_genSim_shorten_time_HMM.py:699: RuntimeWarning: invalid value encountered in log
  tau = -h.tstop / np.log(-RF_t + 1)
/global/u1/m/mikelam/vclamp/generalized_genSim_shorten_time_HMM.py:699: RuntimeWarning: divide by zero encountered in log
  tau = -h.tstop / np.log(-RF_t + 1)
/global/homes/m/mikelam/.local/cori/3.7-anaconda-2019.07/lib/python3.7/site-packages/scipy/optimize/minpack.py:794: OptimizeWarning: Covariance of the parameters could not be estimated
  category=OptimizeWarning)
Couldn't fit curve to recovery.
Couldn't fit curve to recovery.
Couldn't fit curve to recovery.
Couldn't fit curve to recovery.
Couldn't fit curve to recovery.
/global/u1/m/mikelam/vclamp/generalized_genSim_shorten_time_HMM.py:699: RuntimeWarning: divide by zero encountered in log
  tau = -h.tstop / np.log(-RF_t + 1)
/global/homes/m/mikelam/.local/cori/3.7-anaconda-2019.07/lib/python3.7/site-packages/scipy/optimize/minpack.py:794: OptimizeWarning: Covariance of the parameters could not be estimated
  category=OptimizeWarning)
/global/u1/m/mikelam/vclamp/generalized_genSim_shorten_time_HMM.py:699: RuntimeWarning: invalid value encountered in log
  tau = -h.tstop / np.log(-RF_t + 1)
Couldn't fit curve to recovery.
Couldn't fit curve to recovery.
Couldn't fit curve to recovery.
/global/u1/m/mikelam/vclamp/generalized_genSim_shorten_time_HMM.py:699: RuntimeWarning: invalid value encountered in log
  tau = -h.tstop / np.log(-RF_t + 1)
/global/u1/m/mikelam/vclamp/generalized_genSim_shorten_time_HMM.py:699: RuntimeWarning: divide by zero encountered in log
  tau = -h.tstop / np.log(-RF_t + 1)
/global/homes/m/mikelam/.local/cori/3.7-anaconda-2019.07/lib/python3.7/site-packages/scipy/optimize/minpack.py:794: OptimizeWarning: Covariance of the parameters could not be estimated
  category=OptimizeWarning)
Couldn't fit curve to recovery.
Couldn't fit curve to recovery.
Couldn't fit curve to recovery.
Couldn't fit curve to recovery.
Couldn't fit curve to recovery.
Couldn't fit curve to recovery.
/global/u1/m/mikelam/vclamp/generalized_genSim_shorten_time_HMM.py:699: RuntimeWarning: divide by zero encountered in log
  tau = -h.tstop / np.log(-RF_t + 1)
/global/homes/m/mikelam/.local/cori/3.7-anaconda-2019.07/lib/python3.7/site-packages/scipy/optimize/minpack.py:794: OptimizeWarning: Covariance of the parameters could not be estimated
  category=OptimizeWarning)
/global/u1/m/mikelam/vclamp/generalized_genSim_shorten_time_HMM.py:699: RuntimeWarning: invalid value encountered in log
  tau = -h.tstop / np.log(-RF_t + 1)
Couldn't fit curve to recovery.
Couldn't fit curve to recovery.
Couldn't fit curve to recovery.
Couldn't fit curve to recovery.
/global/u1/m/mikelam/vclamp/generalized_genSim_shorten_time_HMM.py:699: RuntimeWarning: invalid value encountered in log
  tau = -h.tstop / np.log(-RF_t + 1)
/global/u1/m/mikelam/vclamp/generalized_genSim_shorten_time_HMM.py:699: RuntimeWarning: divide by zero encountered in log
  tau = -h.tstop / np.log(-RF_t + 1)
/global/homes/m/mikelam/.local/cori/3.7-anaconda-2019.07/lib/python3.7/site-packages/scipy/optimize/minpack.py:794: OptimizeWarning: Covariance of the parameters could not be estimated
  category=OptimizeWarning)
/global/u1/m/mikelam/vclamp/generalized_genSim_shorten_time.py:1568: RuntimeWarning: invalid value encountered in sqrt
  perr = np.sqrt(np.diag(pcov))
Couldn't fit curve to recovery.
Couldn't fit curve to recovery.
Couldn't fit curve to recovery.
Couldn't fit curve to recovery.
Couldn't fit curve to recovery.
Couldn't fit curve to recovery.
Couldn't fit curve to recovery.
/global/u1/m/mikelam/vclamp/generalized_genSim_shorten_time_HMM.py:699: RuntimeWarning: invalid value encountered in log
  tau = -h.tstop / np.log(-RF_t + 1)
/global/u1/m/mikelam/vclamp/generalized_genSim_shorten_time_HMM.py:699: RuntimeWarning: divide by zero encountered in log
  tau = -h.tstop / np.log(-RF_t + 1)
/global/homes/m/mikelam/.local/cori/3.7-anaconda-2019.07/lib/python3.7/site-packages/scipy/optimize/minpack.py:794: OptimizeWarning: Covariance of the parameters could not be estimated
  category=OptimizeWarning)
Couldn't fit curve to recovery.
Couldn't fit curve to recovery.
Couldn't fit curve to recovery.
Couldn't fit curve to recovery.
/global/u1/m/mikelam/vclamp/generalized_genSim_shorten_time_HMM.py:699: RuntimeWarning: invalid value encountered in log
  tau = -h.tstop / np.log(-RF_t + 1)
/global/u1/m/mikelam/vclamp/generalized_genSim_shorten_time_HMM.py:699: RuntimeWarning: divide by zero encountered in log
  tau = -h.tstop / np.log(-RF_t + 1)
/global/homes/m/mikelam/.local/cori/3.7-anaconda-2019.07/lib/python3.7/site-packages/scipy/optimize/minpack.py:794: OptimizeWarning: Covariance of the parameters could not be estimated
  category=OptimizeWarning)
Couldn't fit curve to recovery.
Couldn't fit curve to recovery.
Couldn't fit curve to recovery.
Couldn't fit curve to recovery.
Couldn't fit curve to recovery.
Couldn't fit curve to recovery.
Couldn't fit curve to recovery.
Couldn't fit curve to recovery.
/global/u1/m/mikelam/vclamp/generalized_genSim_shorten_time.py:1568: RuntimeWarning: invalid value encountered in sqrt
  perr = np.sqrt(np.diag(pcov))
/global/u1/m/mikelam/vclamp/generalized_genSim_shorten_time_HMM.py:699: RuntimeWarning: invalid value encountered in log
  tau = -h.tstop / np.log(-RF_t + 1)
/global/u1/m/mikelam/vclamp/generalized_genSim_shorten_time_HMM.py:699: RuntimeWarning: divide by zero encountered in log
  tau = -h.tstop / np.log(-RF_t + 1)
/global/homes/m/mikelam/.local/cori/3.7-anaconda-2019.07/lib/python3.7/site-packages/scipy/optimize/minpack.py:794: OptimizeWarning: Covariance of the parameters could not be estimated
  category=OptimizeWarning)
Couldn't fit curve to recovery.
Couldn't fit curve to recovery.
Couldn't fit curve to recovery.
Couldn't fit curve to recovery.
Couldn't fit curve to recovery.
Couldn't fit curve to recovery.
Couldn't fit curve to recovery.
Couldn't fit curve to recovery.
/global/u1/m/mikelam/vclamp/generalized_genSim_shorten_time_HMM.py:699: RuntimeWarning: invalid value encountered in log
  tau = -h.tstop / np.log(-RF_t + 1)
/global/u1/m/mikelam/vclamp/generalized_genSim_shorten_time_HMM.py:699: RuntimeWarning: divide by zero encountered in log
  tau = -h.tstop / np.log(-RF_t + 1)
/global/homes/m/mikelam/.local/cori/3.7-anaconda-2019.07/lib/python3.7/site-packages/scipy/optimize/minpack.py:794: OptimizeWarning: Covariance of the parameters could not be estimated
  category=OptimizeWarning)
Couldn't fit curve to recovery.
Couldn't fit curve to recovery.
Couldn't fit curve to recovery.
Couldn't fit curve to recovery.
Couldn't fit curve to recovery.
Couldn't fit curve to recovery.
Couldn't fit curve to recovery.
Couldn't fit curve to recovery.
/global/u1/m/mikelam/vclamp/generalized_genSim_shorten_time_HMM.py:699: RuntimeWarning: divide by zero encountered in log
  tau = -h.tstop / np.log(-RF_t + 1)
/global/homes/m/mikelam/.local/cori/3.7-anaconda-2019.07/lib/python3.7/site-packages/scipy/optimize/minpack.py:794: OptimizeWarning: Covariance of the parameters could not be estimated
  category=OptimizeWarning)
/global/u1/m/mikelam/vclamp/generalized_genSim_shorten_time_HMM.py:699: RuntimeWarning: invalid value encountered in log
  tau = -h.tstop / np.log(-RF_t + 1)
