debug: -3.2027341340615103
init called
here are the name, val, min, max of each parameter
sh
8.0
(0.1, 50.0)

tha
-35.0
(-150.0, -1.0)

qa
7.2
(0.1, 100.0)

Ra
0.4
(0.005, 2.0)

Rb
0.124
(0.005, 2.0)

thi1
-45.0
(-150.0, -1.0)

thi2
-45.0
(-150.0, -1.0)

qd
0.5
(0.0, 20.0)

qg
1.5
(0.0, 20.0)

mmin
0.02
(5e-05, 0.5)

hmin
0.01
(5e-05, 0.5)

q10
2.0
(0.0, 20.0)

Rg
0.01
(0.0005, 0.2)

Rd
0.03
(0.0005, 0.2)

thinf
-45.0
(-150.0, -1.0)

qinf
7.0
(0.5, 100.0)

vhalfs
-60.0
(-150.0, -1.0)

a0s
0.0003
(1.5e-06, 0.1)

zetas
12.0
(0.1, 80.0)

gms
0.2
(0.003, 3.0)

smax
10.0
(0.1, 150.0)

vvh
-58.0
(-150.0, -1.0)

vvs
2.0
(-50.0, 60.0)

Ena
55.0
(45.0, 65.0)




here are the goals:
10.59
18.83
1.456
1.31
0.18
2.0
1
