/opt/cray/pe/modules/3.2.11.4/bin/modulecmd: error while loading shared libraries: libtcl8.6.so: cannot open shared object file: No such file or directory
/opt/cray/pe/modules/3.2.11.4/bin/modulecmd: error while loading shared libraries: libtcl8.6.so: cannot open shared object file: No such file or directory
/opt/cray/pe/modules/3.2.11.4/bin/modulecmd: error while loading shared libraries: libtcl8.6.so: cannot open shared object file: No such file or directory
/opt/cray/pe/modules/3.2.11.4/bin/modulecmd: error while loading shared libraries: libtcl8.6.so: cannot open shared object file: No such file or directory
ls: cannot access 'mechs/*.inc': No such file or directory
/global/homes/m/mikelam/.bashrc: line 10: module: command not found
/global/homes/m/mikelam/.bashrc: line 11: module: command not found
/global/homes/m/mikelam/.bashrc: line 12: module: command not found
/global/homes/m/mikelam/.bashrc: line 13: module: command not found
/global/homes/m/mikelam/.bashrc: line 10: module: command not found
/global/homes/m/mikelam/.bashrc: line 11: module: command not found
/global/homes/m/mikelam/.bashrc: line 12: module: command not found
/global/homes/m/mikelam/.bashrc: line 13: module: command not found
/global/homes/m/mikelam/.bashrc: line 10: module: command not found
/global/homes/m/mikelam/.bashrc: line 11: module: command not found
/global/homes/m/mikelam/.bashrc: line 12: module: command not found
/global/homes/m/mikelam/.bashrc: line 13: module: command not found
/global/homes/m/mikelam/.bashrc: line 10: module: command not found
/global/homes/m/mikelam/.bashrc: line 11: module: command not found
/global/homes/m/mikelam/.bashrc: line 12: module: command not found
/global/homes/m/mikelam/.bashrc: line 13: module: command not found
  Cache entry deserialization failed, entry ignored
Traceback (most recent call last):
  File "/global/u1/m/mikelam/SimulatingVariants/Optimization_HHtoHMM.py", line 9, in <module>
    import bluepyopt as bpop
ModuleNotFoundError: No module named 'bluepyopt'
srun: error: nid01294: task 0: Exited with exit code 1
srun: launch/slurm: _step_signal: Terminating StepId=53135302.0
