/opt/cray/pe/modules/3.2.11.4/bin/modulecmd: error while loading shared libraries: libtcl8.6.so: cannot open shared object file: No such file or directory
/opt/cray/pe/modules/3.2.11.4/bin/modulecmd: error while loading shared libraries: libtcl8.6.so: cannot open shared object file: No such file or directory
/opt/cray/pe/modules/3.2.11.4/bin/modulecmd: error while loading shared libraries: libtcl8.6.so: cannot open shared object file: No such file or directory
/opt/cray/pe/modules/3.2.11.4/bin/modulecmd: error while loading shared libraries: libtcl8.6.so: cannot open shared object file: No such file or directory
ls: cannot access 'mechs/*.inc': No such file or directory
/global/homes/m/mikelam/.bashrc: line 10: module: command not found
/global/homes/m/mikelam/.bashrc: line 11: module: command not found
/global/homes/m/mikelam/.bashrc: line 12: module: command not found
/global/homes/m/mikelam/.bashrc: line 13: module: command not found
/global/homes/m/mikelam/.bashrc: line 10: module: command not found
/global/homes/m/mikelam/.bashrc: line 11: module: command not found
/global/homes/m/mikelam/.bashrc: line 12: module: command not found
/global/homes/m/mikelam/.bashrc: line 13: module: command not found
/global/homes/m/mikelam/.bashrc: line 10: module: command not found
/global/homes/m/mikelam/.bashrc: line 11: module: command not found
/global/homes/m/mikelam/.bashrc: line 12: module: command not found
/global/homes/m/mikelam/.bashrc: line 13: module: command not found
/global/homes/m/mikelam/.bashrc: line 10: module: command not found
/global/homes/m/mikelam/.bashrc: line 11: module: command not found
/global/homes/m/mikelam/.bashrc: line 12: module: command not found
/global/homes/m/mikelam/.bashrc: line 13: module: command not found
  Cache entry deserialization failed, entry ignored
  Cache entry deserialization failed, entry ignored
Traceback (most recent call last):
  File "/global/u1/m/mikelam/SimulatingVariants/Optimization_HHtoHMM.py", line 4, in <module>
    import generalized_genSim_shorten_time_HMM as ggsdHMM
  File "/global/u1/m/mikelam/SimulatingVariants/generalized_genSim_shorten_time_HMM.py", line 22, in <module>
    import curve_fitting as cf
  File "/global/u1/m/mikelam/SimulatingVariants/curve_fitting.py", line 8, in <module>
    import eval_helper as eh
  File "/global/u1/m/mikelam/SimulatingVariants/eval_helper.py", line 5, in <module>
    import generalized_genSim_shorten_time as ggsd
  File "/global/u1/m/mikelam/SimulatingVariants/generalized_genSim_shorten_time.py", line 25, in <module>
    import optimize_na_ga_v2 as opt
  File "/global/u1/m/mikelam/SimulatingVariants/optimize_na_ga_v2.py", line 18, in <module>
    from deap import algorithms, base, creator, tools
ModuleNotFoundError: No module named 'deap'
srun: error: nid00883: task 0: Exited with exit code 1
srun: launch/slurm: _step_signal: Terminating StepId=53135230.0
