Requirement already satisfied: scipy in /global/u1/m/mikelam/.local/cori/3.7-anaconda-2019.07/lib/python3.7/site-packages (1.1.0)
Requirement already satisfied: numpy>=1.8.2 in /global/common/cori_cle7/software/python/3.7-anaconda-2019.07/lib/python3.7/site-packages (from scipy) (1.16.4)
/global/cscratch1/sd/adisaran/neuronBBP_build2/nrn/lib/python/
/global/u1/m/mikelam/SimulatingVariants
mechs/na12_mut.mod mechs/na16.mod mechs/na8stmut.mod mechs/vclmp_pl.mod
na12_mut.mod na16.mod na8stmut.mod vclmp_pl.mod
"/global/cscratch1/sd/adisaran/neuronBBP_build2/nrn/share/nrn/libtool" --tag=CC --mode=compile mpicc -DHAVE_CONFIG_H  -I. -I.. -I"/global/cscratch1/sd/adisaran/neuronBBP_build2/nrn/include/nrn" -I"/global/cscratch1/sd/adisaran/neuronBBP_build2/nrn/x86_64/lib"      -g -O2 -c -o mod_func.lo mod_func.c
libtool: compile:  mpicc -DHAVE_CONFIG_H -I. -I.. -I/global/cscratch1/sd/adisaran/neuronBBP_build2/nrn/include/nrn -I/global/cscratch1/sd/adisaran/neuronBBP_build2/nrn/x86_64/lib -g -O2 -c mod_func.c  -fPIC -DPIC -o .libs/mod_func.o
"/global/cscratch1/sd/adisaran/neuronBBP_build2/nrn/share/nrn/libtool" --tag=CC --mode=link mpicc -module  -g -O2    -o libnrnmech.la -rpath "/global/cscratch1/sd/adisaran/neuronBBP_build2/nrn/x86_64/lib"  na12_mut.lo na16.lo na8stmut.lo vclmp_pl.lo mod_func.lo  -L"/global/cscratch1/sd/adisaran/neuronBBP_build2/nrn/x86_64/lib" -lnrnoc -loc -lmemacs -lnrnmpi -lscopmath -lsparse13 -lreadline -lncurses -ltinfo -L"/global/cscratch1/sd/adisaran/neuronBBP_build2/nrn/x86_64/lib" -lnrniv -livoc -lneuron_gnu -lmeschach -lsundials -livos      -lm -ldl
libtool: link: rm -fr  .libs/libnrnmech.la .libs/libnrnmech.lai .libs/libnrnmech.so .libs/libnrnmech.so.0 .libs/libnrnmech.so.0.0.0
libtool: link: mpicc -shared  -fPIC -DPIC  .libs/na12_mut.o .libs/na16.o .libs/na8stmut.o .libs/vclmp_pl.o .libs/mod_func.o   -Wl,-rpath -Wl,/global/cscratch1/sd/adisaran/neuronBBP_build2/nrn/x86_64/lib -Wl,-rpath -Wl,/global/cscratch1/sd/adisaran/neuronBBP_build2/nrn/x86_64/lib -L/global/cscratch1/sd/adisaran/neuronBBP_build2/nrn/x86_64/lib /global/cscratch1/sd/adisaran/neuronBBP_build2/nrn/x86_64/lib/libnrnoc.so /global/cscratch1/sd/adisaran/neuronBBP_build2/nrn/x86_64/lib/liboc.so /global/cscratch1/sd/adisaran/neuronBBP_build2/nrn/x86_64/lib/libmemacs.so /global/cscratch1/sd/adisaran/neuronBBP_build2/nrn/x86_64/lib/libnrnmpi.so /global/cscratch1/sd/adisaran/neuronBBP_build2/nrn/x86_64/lib/libscopmath.so /global/cscratch1/sd/adisaran/neuronBBP_build2/nrn/x86_64/lib/libsparse13.so /global/cscratch1/sd/adisaran/neuronBBP_build2/nrn/x86_64/lib/libreadline.so -lncurses -ltinfo /global/cscratch1/sd/adisaran/neuronBBP_build2/nrn/x86_64/lib/libnrniv.so /global/cscratch1/sd/adisaran/neuronBBP_build2/nrn/x86_64/lib/libivoc.so /global/cscratch1/sd/adisaran/neuronBBP_build2/nrn/x86_64/lib/libneuron_gnu.so /global/cscratch1/sd/adisaran/neuronBBP_build2/nrn/x86_64/lib/libmeschach.so /global/cscratch1/sd/adisaran/neuronBBP_build2/nrn/x86_64/lib/libsundials.so /global/cscratch1/sd/adisaran/neuronBBP_build2/nrn/x86_64/lib/libivos.so -lm -ldl  -g -O2   -pthread -Wl,-soname -Wl,libnrnmech.so.0 -o .libs/libnrnmech.so.0.0.0
libtool: link: (cd ".libs" && rm -f "libnrnmech.so.0" && ln -s "libnrnmech.so.0.0.0" "libnrnmech.so.0")
libtool: link: (cd ".libs" && rm -f "libnrnmech.so" && ln -s "libnrnmech.so.0.0.0" "libnrnmech.so")
libtool: link: ( cd ".libs" && rm -f "libnrnmech.la" && ln -s "../libnrnmech.la" "libnrnmech.la" )
Successfully created x86_64/special
Collecting scipy
  Using cached https://files.pythonhosted.org/packages/c8/89/63171228d5ced148f5ced50305c89e8576ffc695a90b58fe5bb602b910c2/scipy-1.5.4-cp36-cp36m-manylinux1_x86_64.whl
Collecting numpy>=1.14.5 (from scipy)
  Using cached https://files.pythonhosted.org/packages/45/b2/6c7545bb7a38754d63048c7696804a0d947328125d81bf12beaa692c3ae3/numpy-1.19.5-cp36-cp36m-manylinux1_x86_64.whl
Installing collected packages: numpy, scipy
Successfully installed numpy-1.19.5 scipy-1.5.4
Collecting deap
  Using cached https://files.pythonhosted.org/packages/eb/00/84e60274a4bdd5475fd45b3be3f969bb328862ca2a68b13e4c07d8597389/deap-1.3.1-cp36-cp36m-manylinux1_x86_64.whl
Collecting numpy (from deap)
  Using cached https://files.pythonhosted.org/packages/45/b2/6c7545bb7a38754d63048c7696804a0d947328125d81bf12beaa692c3ae3/numpy-1.19.5-cp36-cp36m-manylinux1_x86_64.whl
Installing collected packages: numpy, deap
Successfully installed deap-1.3.1 numpy-1.19.5
Collecting bluepyopt
  Downloading https://files.pythonhosted.org/packages/e2/1e/fcfb7caec11c67f3aa2dad537527e617b05cd3a89cba488763abb2ff2088/bluepyopt-1.11.7.tar.gz (190kB)
Collecting Jinja2>=2.8 (from bluepyopt)
  Downloading https://files.pythonhosted.org/packages/20/9a/e5d9ec41927401e41aea8af6d16e78b5e612bca4699d417f646a9610a076/Jinja2-3.0.3-py3-none-any.whl (133kB)
Collecting Pebble>=4.3.10 (from bluepyopt)
  Downloading https://files.pythonhosted.org/packages/e1/22/16fae923323a173c287e1a8525f2223274fbd70c7b8292d7f25d583f5028/Pebble-4.6.3-py2.py3-none-any.whl
Collecting deap (from bluepyopt)
  Using cached https://files.pythonhosted.org/packages/eb/00/84e60274a4bdd5475fd45b3be3f969bb328862ca2a68b13e4c07d8597389/deap-1.3.1-cp36-cp36m-manylinux1_x86_64.whl
Collecting efel>=2.13 (from bluepyopt)
  Downloading https://files.pythonhosted.org/packages/31/d8/1c0682ad5f944976a2e186d7415a5eba2b60023934151e19554d304b8351/efel-4.0.4.tar.gz (104kB)
Collecting future (from bluepyopt)
  Downloading https://files.pythonhosted.org/packages/45/0b/38b06fd9b92dc2b68d58b75f900e97884c45bedd2ff83203d933cf5851c9/future-0.18.2.tar.gz (829kB)
Collecting ipyparallel (from bluepyopt)
  Downloading https://files.pythonhosted.org/packages/84/cf/863e9ec04057a6033e78e2c64ab06ae85e849e3e0b0903c7005cbe56ac93/ipyparallel-8.1.0-py3-none-any.whl (296kB)
Collecting numpy>=1.6 (from bluepyopt)
  Using cached https://files.pythonhosted.org/packages/45/b2/6c7545bb7a38754d63048c7696804a0d947328125d81bf12beaa692c3ae3/numpy-1.19.5-cp36-cp36m-manylinux1_x86_64.whl
Collecting pandas>=0.18 (from bluepyopt)
  Downloading https://files.pythonhosted.org/packages/c3/e2/00cacecafbab071c787019f00ad84ca3185952f6bb9bca9550ed83870d4d/pandas-1.1.5-cp36-cp36m-manylinux1_x86_64.whl (9.5MB)
Collecting pickleshare>=0.7.3 (from bluepyopt)
  Downloading https://files.pythonhosted.org/packages/9a/41/220f49aaea88bc6fa6cba8d05ecf24676326156c23b991e80b3f2fc24c77/pickleshare-0.7.5-py2.py3-none-any.whl
Collecting MarkupSafe>=2.0 (from Jinja2>=2.8->bluepyopt)
  Downloading https://files.pythonhosted.org/packages/fc/d6/57f9a97e56447a1e340f8574836d3b636e2c14de304943836bd645fa9c7e/MarkupSafe-2.0.1-cp36-cp36m-manylinux1_x86_64.whl
Collecting six (from efel>=2.13->bluepyopt)
  Downloading https://files.pythonhosted.org/packages/d9/5a/e7c31adbe875f2abbb91bd84cf2dc52d792b5a01506781dbcf25c91daf11/six-1.16.0-py2.py3-none-any.whl
Collecting decorator (from ipyparallel->bluepyopt)
  Downloading https://files.pythonhosted.org/packages/d5/50/83c593b07763e1161326b3b8c6686f0f4b0f24d5526546bee538c89837d6/decorator-5.1.1-py3-none-any.whl
Collecting tqdm (from ipyparallel->bluepyopt)
  Downloading https://files.pythonhosted.org/packages/63/f3/b7a1b8e40fd1bd049a34566eb353527bb9b8e9b98f8b6cf803bb64d8ce95/tqdm-4.62.3-py2.py3-none-any.whl (76kB)
Collecting entrypoints (from ipyparallel->bluepyopt)
  Downloading https://files.pythonhosted.org/packages/ac/c6/44694103f8c221443ee6b0041f69e2740d89a25641e62fb4f2ee568f2f9c/entrypoints-0.3-py2.py3-none-any.whl
Collecting tornado>=5.1 (from ipyparallel->bluepyopt)
  Downloading https://files.pythonhosted.org/packages/01/d1/8750ad20cbcefb499bb8b405e243f83c2c89f78d139e6f8c8d800640f554/tornado-6.1-cp36-cp36m-manylinux1_x86_64.whl (427kB)
Collecting traitlets>=4.3 (from ipyparallel->bluepyopt)
  Downloading https://files.pythonhosted.org/packages/ca/ab/872a23e29cec3cf2594af7e857f18b687ad21039c1f9b922fac5b9b142d5/traitlets-4.3.3-py2.py3-none-any.whl (75kB)
Collecting ipython>=4 (from ipyparallel->bluepyopt)
  Downloading https://files.pythonhosted.org/packages/27/2b/547334a7763cb0e0016c2756fbda7b0eb862524e2860ec3f0913d8c432a5/ipython-7.16.2-py3-none-any.whl (782kB)
Collecting pyzmq>=18 (from ipyparallel->bluepyopt)
  Downloading https://files.pythonhosted.org/packages/4b/d3/0cf139d9149bbf3f052b385842afa4e202ea743d85632815d98d0e67685a/pyzmq-22.3.0-cp36-cp36m-manylinux_2_5_x86_64.manylinux1_x86_64.whl (1.1MB)
Collecting jupyter-client (from ipyparallel->bluepyopt)
  Downloading https://files.pythonhosted.org/packages/ab/0a/c54391499d614a973f78f8bed12f56d25b0cceb041e88191df4ce553d6f4/jupyter_client-7.1.0-py3-none-any.whl (129kB)
Collecting ipykernel>=4.4 (from ipyparallel->bluepyopt)
  Downloading https://files.pythonhosted.org/packages/e9/ad/9101e0ab5e84dd117462bb3a1379d31728a849b6886458452e3d97dc6bba/ipykernel-5.5.6-py3-none-any.whl (121kB)
Collecting psutil (from ipyparallel->bluepyopt)
  Downloading https://files.pythonhosted.org/packages/47/b6/ea8a7728f096a597f0032564e8013b705aa992a0990becd773dcc4d7b4a7/psutil-5.9.0.tar.gz (478kB)
Collecting python-dateutil>=2.1 (from ipyparallel->bluepyopt)
  Downloading https://files.pythonhosted.org/packages/36/7a/87837f39d0296e723bb9b62bbb257d0355c7f6128853c78955f57342a56d/python_dateutil-2.8.2-py2.py3-none-any.whl (247kB)
Collecting pytz>=2017.2 (from pandas>=0.18->bluepyopt)
  Downloading https://files.pythonhosted.org/packages/d3/e3/d9f046b5d1c94a3aeab15f1f867aa414f8ee9d196fae6865f1d6a0ee1a0b/pytz-2021.3-py2.py3-none-any.whl (503kB)
Collecting ipython-genutils (from traitlets>=4.3->ipyparallel->bluepyopt)
  Downloading https://files.pythonhosted.org/packages/fa/bc/9bd3b5c2b4774d5f33b2d544f1460be9df7df2fe42f352135381c347c69a/ipython_genutils-0.2.0-py2.py3-none-any.whl
Collecting pexpect; sys_platform != "win32" (from ipython>=4->ipyparallel->bluepyopt)
  Downloading https://files.pythonhosted.org/packages/39/7b/88dbb785881c28a102619d46423cb853b46dbccc70d3ac362d99773a78ce/pexpect-4.8.0-py2.py3-none-any.whl (59kB)
Collecting setuptools>=18.5 (from ipython>=4->ipyparallel->bluepyopt)
  Downloading https://files.pythonhosted.org/packages/b0/3a/88b210db68e56854d0bcf4b38e165e03be377e13907746f825790f3df5bf/setuptools-59.6.0-py3-none-any.whl (952kB)
Collecting backcall (from ipython>=4->ipyparallel->bluepyopt)
  Downloading https://files.pythonhosted.org/packages/4c/1c/ff6546b6c12603d8dd1070aa3c3d273ad4c07f5771689a7b69a550e8c951/backcall-0.2.0-py2.py3-none-any.whl
Collecting jedi<=0.17.2,>=0.10 (from ipython>=4->ipyparallel->bluepyopt)
  Downloading https://files.pythonhosted.org/packages/c3/d4/36136b18daae06ad798966735f6c3fb96869c1be9f8245d2a8f556e40c36/jedi-0.17.2-py2.py3-none-any.whl (1.4MB)
Collecting pygments (from ipython>=4->ipyparallel->bluepyopt)
  Downloading https://files.pythonhosted.org/packages/1d/17/ed4d2df187995561b28f1073df24137cb750e12f9879d291cc8ab67c65d2/Pygments-2.11.2-py3-none-any.whl (1.1MB)
Collecting prompt-toolkit!=3.0.0,!=3.0.1,<3.1.0,>=2.0.0 (from ipython>=4->ipyparallel->bluepyopt)
  Downloading https://files.pythonhosted.org/packages/fb/37/4f9ae5a6cd0ebdfc1fbafcfd03e812df1ed92a92bf0bee09441c52164f58/prompt_toolkit-3.0.24-py3-none-any.whl (374kB)
Collecting jupyter-core>=4.6.0 (from jupyter-client->ipyparallel->bluepyopt)
  Downloading https://files.pythonhosted.org/packages/d5/8e/fad835e31e3f54ea39d2b76027348a347433dcbc674a841ffe0716091c2d/jupyter_core-4.9.1-py3-none-any.whl (86kB)
Collecting nest-asyncio>=1.5 (from jupyter-client->ipyparallel->bluepyopt)
  Downloading https://files.pythonhosted.org/packages/06/e0/93453ebab12f5ce9a9ceda2ff71648b30e5f2ce5bba19ee3c95cbd0aaa67/nest_asyncio-1.5.4-py3-none-any.whl
Collecting ptyprocess>=0.5 (from pexpect; sys_platform != "win32"->ipython>=4->ipyparallel->bluepyopt)
  Downloading https://files.pythonhosted.org/packages/22/a6/858897256d0deac81a172289110f31629fc4cee19b6f01283303e18c8db3/ptyprocess-0.7.0-py2.py3-none-any.whl
Collecting parso<0.8.0,>=0.7.0 (from jedi<=0.17.2,>=0.10->ipython>=4->ipyparallel->bluepyopt)
  Downloading https://files.pythonhosted.org/packages/93/d1/e635bdde32890db5aeb2ffbde17e74f68986305a4466b0aa373b861e3f00/parso-0.7.1-py2.py3-none-any.whl (109kB)
Collecting wcwidth (from prompt-toolkit!=3.0.0,!=3.0.1,<3.1.0,>=2.0.0->ipython>=4->ipyparallel->bluepyopt)
  Downloading https://files.pythonhosted.org/packages/59/7c/e39aca596badaf1b78e8f547c807b04dae603a433d3e7a7e04d67f2ef3e5/wcwidth-0.2.5-py2.py3-none-any.whl
Building wheels for collected packages: bluepyopt, efel, future, psutil
  Running setup.py bdist_wheel for bluepyopt: started
  Running setup.py bdist_wheel for bluepyopt: finished with status 'done'
  Stored in directory: /global/homes/m/mikelam/.cache/pip/wheels/eb/01/f4/62b824fceb3fea7c61bfaef54268008650ef2b8786bfac6d53
  Running setup.py bdist_wheel for efel: started
  Running setup.py bdist_wheel for efel: finished with status 'done'
  Stored in directory: /global/homes/m/mikelam/.cache/pip/wheels/64/71/bc/629b05d6a2e0f0b1a50ba016e655e67a7ecc718144ef446f32
  Running setup.py bdist_wheel for future: started
  Running setup.py bdist_wheel for future: finished with status 'done'
  Stored in directory: /global/homes/m/mikelam/.cache/pip/wheels/8b/99/a0/81daf51dcd359a9377b110a8a886b3895921802d2fc1b2397e
  Running setup.py bdist_wheel for psutil: started
  Running setup.py bdist_wheel for psutil: finished with status 'done'
  Stored in directory: /global/homes/m/mikelam/.cache/pip/wheels/b8/c4/6a/265e60f0711d5715c6554bf14f58e74f24be139a5036a3f626
Successfully built bluepyopt efel future psutil
Installing collected packages: MarkupSafe, Jinja2, Pebble, numpy, deap, six, efel, future, decorator, tqdm, entrypoints, tornado, ipython-genutils, traitlets, ptyprocess, pexpect, setuptools, pickleshare, backcall, parso, jedi, pygments, wcwidth, prompt-toolkit, ipython, pyzmq, jupyter-core, nest-asyncio, python-dateutil, jupyter-client, ipykernel, psutil, ipyparallel, pytz, pandas, bluepyopt
Successfully installed Jinja2-3.0.3 MarkupSafe-2.0.1 Pebble-4.6.3 backcall-0.2.0 bluepyopt-1.11.7 deap-1.3.1 decorator-5.1.1 efel-4.0.4 entrypoints-0.3 future-0.18.2 ipykernel-5.5.6 ipyparallel-8.1.0 ipython-7.16.2 ipython-genutils-0.2.0 jedi-0.17.2 jupyter-client-7.1.0 jupyter-core-4.9.1 nest-asyncio-1.5.4 numpy-1.19.5 pandas-1.1.5 parso-0.7.1 pexpect-4.8.0 pickleshare-0.7.5 prompt-toolkit-3.0.24 psutil-5.9.0 ptyprocess-0.7.0 pygments-2.11.2 python-dateutil-2.8.2 pytz-2021.3 pyzmq-22.3.0 setuptools-59.6.0 six-1.16.0 tornado-6.1 tqdm-4.62.3 traitlets-4.3.3 wcwidth-0.2.5
Current generation:  1
log: 
 gen	nevals	avg    	std    	min    	max    
1  	10    	2.38014	1.66475	0.21624	4.68436 

3.435969591140747
[21.313880767862162, 1.9750580475829143, 0.26945430232620177, 1.3583419734929838, 897.1719648753925, 0.9334359348727179, 32.93611638091616, 4.75392577323918, 46.90459861406241, 0.09798632085404885, 32.7582639708458, 0.24660846693042243, 156.2758801714715, 0.3125687870903152, 0.9837924924581031, 1.1643753103050483, 751.4826687871599, 2.0198295675997264, 18.809167078852074, -15.689577089143324]
[0.2096702021565719, 0.004360525486353279, 0.0008846943807893827, 0.0006992505157870284, 0.0006250000000000178]
