Warning: Python module not loaded, you already have Python loaded via conda init
/opt/cray/pe/modules/3.2.11.4/bin/modulecmd: error while loading shared libraries: libtcl8.6.so: cannot open shared object file: No such file or directory
/opt/cray/pe/modules/3.2.11.4/bin/modulecmd: error while loading shared libraries: libtcl8.6.so: cannot open shared object file: No such file or directory
/opt/cray/pe/modules/3.2.11.4/bin/modulecmd: error while loading shared libraries: libtcl8.6.so: cannot open shared object file: No such file or directory
/opt/cray/pe/modules/3.2.11.4/bin/modulecmd: error while loading shared libraries: libtcl8.6.so: cannot open shared object file: No such file or directory
ls: cannot access 'mechs/*.inc': No such file or directory
/global/homes/m/mikelam/.bashrc: line 10: module: command not found
/global/homes/m/mikelam/.bashrc: line 11: module: command not found
/global/homes/m/mikelam/.bashrc: line 12: module: command not found
/global/homes/m/mikelam/.bashrc: line 13: module: command not found
/global/homes/m/mikelam/.bashrc: line 10: module: command not found
/global/homes/m/mikelam/.bashrc: line 11: module: command not found
/global/homes/m/mikelam/.bashrc: line 12: module: command not found
/global/homes/m/mikelam/.bashrc: line 13: module: command not found
/global/homes/m/mikelam/.bashrc: line 10: module: command not found
/global/homes/m/mikelam/.bashrc: line 11: module: command not found
/global/homes/m/mikelam/.bashrc: line 12: module: command not found
/global/homes/m/mikelam/.bashrc: line 13: module: command not found
/global/homes/m/mikelam/.bashrc: line 10: module: command not found
/global/homes/m/mikelam/.bashrc: line 11: module: command not found
/global/homes/m/mikelam/.bashrc: line 12: module: command not found
/global/homes/m/mikelam/.bashrc: line 13: module: command not found
/global/u1/m/mikelam/SimulatingVariants/curve_fitting.py:29: RuntimeWarning: overflow encountered in exp
  return y0 + span_fast * (1 - np.exp(-k_fast * x)) + span_slow * (1 - np.exp(-k_slow * x))
/global/u1/m/mikelam/SimulatingVariants/curve_fitting.py:19: RuntimeWarning: overflow encountered in exp
  return bottom +  ((top - bottom) / (1.0 + np.exp((v_half - x)/slope)))
/global/homes/m/mikelam/.local/cori/3.7-anaconda-2019.07/lib/python3.6/site-packages/scipy/optimize/minpack.py:829: OptimizeWarning: Covariance of the parameters could not be estimated
  category=OptimizeWarning)
/global/u1/m/mikelam/SimulatingVariants/curve_fitting.py:19: RuntimeWarning: overflow encountered in exp
  return bottom +  ((top - bottom) / (1.0 + np.exp((v_half - x)/slope)))
/global/homes/m/mikelam/.local/cori/3.7-anaconda-2019.07/lib/python3.6/site-packages/scipy/optimize/minpack.py:829: OptimizeWarning: Covariance of the parameters could not be estimated
  category=OptimizeWarning)
/global/u1/m/mikelam/SimulatingVariants/generalized_genSim_shorten_time_HMM.py:214: RuntimeWarning: overflow encountered in exp
  return Gmax * (vm - self.vrev) / (1 + np.exp((v_half - vm) / s))
/global/u1/m/mikelam/SimulatingVariants/generalized_genSim_shorten_time_HMM.py:222: RuntimeWarning: overflow encountered in exp
  norm_g.append(1 / (1 + np.exp(-(volt - self.v_half) / self.s)))
/global/homes/m/mikelam/.local/cori/3.7-anaconda-2019.07/lib/python3.6/site-packages/scipy/optimize/minpack.py:829: OptimizeWarning: Covariance of the parameters could not be estimated
  category=OptimizeWarning)
/global/u1/m/mikelam/SimulatingVariants/curve_fitting.py:19: RuntimeWarning: overflow encountered in exp
  return bottom +  ((top - bottom) / (1.0 + np.exp((v_half - x)/slope)))
/global/u1/m/mikelam/SimulatingVariants/generalized_genSim_shorten_time_HMM.py:214: RuntimeWarning: overflow encountered in exp
  return Gmax * (vm - self.vrev) / (1 + np.exp((v_half - vm) / s))
/global/u1/m/mikelam/SimulatingVariants/generalized_genSim_shorten_time_HMM.py:222: RuntimeWarning: overflow encountered in exp
  norm_g.append(1 / (1 + np.exp(-(volt - self.v_half) / self.s)))
/global/u1/m/mikelam/SimulatingVariants/curve_fitting.py:19: RuntimeWarning: overflow encountered in exp
  return bottom +  ((top - bottom) / (1.0 + np.exp((v_half - x)/slope)))
/global/homes/m/mikelam/.local/cori/3.7-anaconda-2019.07/lib/python3.6/site-packages/scipy/optimize/minpack.py:829: OptimizeWarning: Covariance of the parameters could not be estimated
  category=OptimizeWarning)
/global/u1/m/mikelam/SimulatingVariants/generalized_genSim_shorten_time_HMM.py:214: RuntimeWarning: overflow encountered in exp
  return Gmax * (vm - self.vrev) / (1 + np.exp((v_half - vm) / s))
/global/u1/m/mikelam/SimulatingVariants/generalized_genSim_shorten_time_HMM.py:222: RuntimeWarning: overflow encountered in exp
  norm_g.append(1 / (1 + np.exp(-(volt - self.v_half) / self.s)))
/global/u1/m/mikelam/SimulatingVariants/curve_fitting.py:19: RuntimeWarning: overflow encountered in exp
  return bottom +  ((top - bottom) / (1.0 + np.exp((v_half - x)/slope)))
/global/homes/m/mikelam/.local/cori/3.7-anaconda-2019.07/lib/python3.6/site-packages/scipy/optimize/minpack.py:829: OptimizeWarning: Covariance of the parameters could not be estimated
  category=OptimizeWarning)
/global/u1/m/mikelam/SimulatingVariants/generalized_genSim_shorten_time_HMM.py:214: RuntimeWarning: overflow encountered in exp
  return Gmax * (vm - self.vrev) / (1 + np.exp((v_half - vm) / s))
/global/u1/m/mikelam/SimulatingVariants/generalized_genSim_shorten_time_HMM.py:222: RuntimeWarning: overflow encountered in exp
  norm_g.append(1 / (1 + np.exp(-(volt - self.v_half) / self.s)))
/global/u1/m/mikelam/SimulatingVariants/curve_fitting.py:19: RuntimeWarning: overflow encountered in exp
  return bottom +  ((top - bottom) / (1.0 + np.exp((v_half - x)/slope)))
/global/homes/m/mikelam/.local/cori/3.7-anaconda-2019.07/lib/python3.6/site-packages/scipy/optimize/minpack.py:829: OptimizeWarning: Covariance of the parameters could not be estimated
  category=OptimizeWarning)
/global/u1/m/mikelam/SimulatingVariants/generalized_genSim_shorten_time_HMM.py:214: RuntimeWarning: overflow encountered in exp
  return Gmax * (vm - self.vrev) / (1 + np.exp((v_half - vm) / s))
/global/u1/m/mikelam/SimulatingVariants/generalized_genSim_shorten_time_HMM.py:222: RuntimeWarning: overflow encountered in exp
  norm_g.append(1 / (1 + np.exp(-(volt - self.v_half) / self.s)))
/global/u1/m/mikelam/SimulatingVariants/curve_fitting.py:19: RuntimeWarning: overflow encountered in exp
  return bottom +  ((top - bottom) / (1.0 + np.exp((v_half - x)/slope)))
/global/homes/m/mikelam/.local/cori/3.7-anaconda-2019.07/lib/python3.6/site-packages/scipy/optimize/minpack.py:829: OptimizeWarning: Covariance of the parameters could not be estimated
  category=OptimizeWarning)
/global/u1/m/mikelam/SimulatingVariants/generalized_genSim_shorten_time_HMM.py:214: RuntimeWarning: overflow encountered in exp
  return Gmax * (vm - self.vrev) / (1 + np.exp((v_half - vm) / s))
/global/u1/m/mikelam/SimulatingVariants/generalized_genSim_shorten_time_HMM.py:222: RuntimeWarning: overflow encountered in exp
  norm_g.append(1 / (1 + np.exp(-(volt - self.v_half) / self.s)))
/global/u1/m/mikelam/SimulatingVariants/curve_fitting.py:19: RuntimeWarning: overflow encountered in exp
  return bottom +  ((top - bottom) / (1.0 + np.exp((v_half - x)/slope)))
/global/homes/m/mikelam/.local/cori/3.7-anaconda-2019.07/lib/python3.6/site-packages/scipy/optimize/minpack.py:829: OptimizeWarning: Covariance of the parameters could not be estimated
  category=OptimizeWarning)
/global/u1/m/mikelam/SimulatingVariants/generalized_genSim_shorten_time_HMM.py:214: RuntimeWarning: overflow encountered in exp
  return Gmax * (vm - self.vrev) / (1 + np.exp((v_half - vm) / s))
/global/u1/m/mikelam/SimulatingVariants/generalized_genSim_shorten_time_HMM.py:222: RuntimeWarning: overflow encountered in exp
  norm_g.append(1 / (1 + np.exp(-(volt - self.v_half) / self.s)))
/global/u1/m/mikelam/SimulatingVariants/curve_fitting.py:19: RuntimeWarning: overflow encountered in exp
  return bottom +  ((top - bottom) / (1.0 + np.exp((v_half - x)/slope)))
/global/homes/m/mikelam/.local/cori/3.7-anaconda-2019.07/lib/python3.6/site-packages/scipy/optimize/minpack.py:829: OptimizeWarning: Covariance of the parameters could not be estimated
  category=OptimizeWarning)
/global/u1/m/mikelam/SimulatingVariants/generalized_genSim_shorten_time_HMM.py:214: RuntimeWarning: overflow encountered in exp
  return Gmax * (vm - self.vrev) / (1 + np.exp((v_half - vm) / s))
/global/u1/m/mikelam/SimulatingVariants/generalized_genSim_shorten_time_HMM.py:222: RuntimeWarning: overflow encountered in exp
  norm_g.append(1 / (1 + np.exp(-(volt - self.v_half) / self.s)))
/global/u1/m/mikelam/SimulatingVariants/curve_fitting.py:19: RuntimeWarning: overflow encountered in exp
  return bottom +  ((top - bottom) / (1.0 + np.exp((v_half - x)/slope)))
/global/homes/m/mikelam/.local/cori/3.7-anaconda-2019.07/lib/python3.6/site-packages/scipy/optimize/minpack.py:829: OptimizeWarning: Covariance of the parameters could not be estimated
  category=OptimizeWarning)
/global/u1/m/mikelam/SimulatingVariants/generalized_genSim_shorten_time_HMM.py:214: RuntimeWarning: overflow encountered in exp
  return Gmax * (vm - self.vrev) / (1 + np.exp((v_half - vm) / s))
/global/u1/m/mikelam/SimulatingVariants/generalized_genSim_shorten_time_HMM.py:222: RuntimeWarning: overflow encountered in exp
  norm_g.append(1 / (1 + np.exp(-(volt - self.v_half) / self.s)))
/global/u1/m/mikelam/SimulatingVariants/curve_fitting.py:19: RuntimeWarning: overflow encountered in exp
  return bottom +  ((top - bottom) / (1.0 + np.exp((v_half - x)/slope)))
/global/homes/m/mikelam/.local/cori/3.7-anaconda-2019.07/lib/python3.6/site-packages/scipy/optimize/minpack.py:829: OptimizeWarning: Covariance of the parameters could not be estimated
  category=OptimizeWarning)
/global/u1/m/mikelam/SimulatingVariants/generalized_genSim_shorten_time_HMM.py:214: RuntimeWarning: overflow encountered in exp
  return Gmax * (vm - self.vrev) / (1 + np.exp((v_half - vm) / s))
/global/u1/m/mikelam/SimulatingVariants/generalized_genSim_shorten_time_HMM.py:222: RuntimeWarning: overflow encountered in exp
  norm_g.append(1 / (1 + np.exp(-(volt - self.v_half) / self.s)))
/global/u1/m/mikelam/SimulatingVariants/curve_fitting.py:19: RuntimeWarning: overflow encountered in exp
  return bottom +  ((top - bottom) / (1.0 + np.exp((v_half - x)/slope)))
/global/homes/m/mikelam/.local/cori/3.7-anaconda-2019.07/lib/python3.6/site-packages/scipy/optimize/minpack.py:829: OptimizeWarning: Covariance of the parameters could not be estimated
  category=OptimizeWarning)
/global/u1/m/mikelam/SimulatingVariants/generalized_genSim_shorten_time_HMM.py:214: RuntimeWarning: overflow encountered in exp
  return Gmax * (vm - self.vrev) / (1 + np.exp((v_half - vm) / s))
/global/u1/m/mikelam/SimulatingVariants/generalized_genSim_shorten_time_HMM.py:222: RuntimeWarning: overflow encountered in exp
  norm_g.append(1 / (1 + np.exp(-(volt - self.v_half) / self.s)))
/global/u1/m/mikelam/SimulatingVariants/curve_fitting.py:19: RuntimeWarning: overflow encountered in exp
  return bottom +  ((top - bottom) / (1.0 + np.exp((v_half - x)/slope)))
/global/homes/m/mikelam/.local/cori/3.7-anaconda-2019.07/lib/python3.6/site-packages/scipy/optimize/minpack.py:829: OptimizeWarning: Covariance of the parameters could not be estimated
  category=OptimizeWarning)
/global/u1/m/mikelam/SimulatingVariants/generalized_genSim_shorten_time_HMM.py:214: RuntimeWarning: overflow encountered in exp
  return Gmax * (vm - self.vrev) / (1 + np.exp((v_half - vm) / s))
/global/u1/m/mikelam/SimulatingVariants/generalized_genSim_shorten_time_HMM.py:222: RuntimeWarning: overflow encountered in exp
  norm_g.append(1 / (1 + np.exp(-(volt - self.v_half) / self.s)))
/global/u1/m/mikelam/SimulatingVariants/curve_fitting.py:19: RuntimeWarning: overflow encountered in exp
  return bottom +  ((top - bottom) / (1.0 + np.exp((v_half - x)/slope)))
/global/u1/m/mikelam/SimulatingVariants/generalized_genSim_shorten_time_HMM.py:214: RuntimeWarning: overflow encountered in exp
  return Gmax * (vm - self.vrev) / (1 + np.exp((v_half - vm) / s))
/global/homes/m/mikelam/.local/cori/3.7-anaconda-2019.07/lib/python3.6/site-packages/scipy/optimize/minpack.py:829: OptimizeWarning: Covariance of the parameters could not be estimated
  category=OptimizeWarning)
/global/u1/m/mikelam/SimulatingVariants/generalized_genSim_shorten_time_HMM.py:222: RuntimeWarning: overflow encountered in exp
  norm_g.append(1 / (1 + np.exp(-(volt - self.v_half) / self.s)))
/global/u1/m/mikelam/SimulatingVariants/curve_fitting.py:19: RuntimeWarning: overflow encountered in exp
  return bottom +  ((top - bottom) / (1.0 + np.exp((v_half - x)/slope)))
/global/homes/m/mikelam/.local/cori/3.7-anaconda-2019.07/lib/python3.6/site-packages/scipy/optimize/minpack.py:829: OptimizeWarning: Covariance of the parameters could not be estimated
  category=OptimizeWarning)
/global/u1/m/mikelam/SimulatingVariants/generalized_genSim_shorten_time_HMM.py:214: RuntimeWarning: overflow encountered in exp
  return Gmax * (vm - self.vrev) / (1 + np.exp((v_half - vm) / s))
/global/u1/m/mikelam/SimulatingVariants/generalized_genSim_shorten_time_HMM.py:222: RuntimeWarning: overflow encountered in exp
  norm_g.append(1 / (1 + np.exp(-(volt - self.v_half) / self.s)))
/global/u1/m/mikelam/SimulatingVariants/curve_fitting.py:19: RuntimeWarning: overflow encountered in exp
  return bottom +  ((top - bottom) / (1.0 + np.exp((v_half - x)/slope)))
/global/u1/m/mikelam/SimulatingVariants/generalized_genSim_shorten_time_HMM.py:214: RuntimeWarning: overflow encountered in exp
  return Gmax * (vm - self.vrev) / (1 + np.exp((v_half - vm) / s))
/global/homes/m/mikelam/.local/cori/3.7-anaconda-2019.07/lib/python3.6/site-packages/scipy/optimize/minpack.py:829: OptimizeWarning: Covariance of the parameters could not be estimated
  category=OptimizeWarning)
/global/u1/m/mikelam/SimulatingVariants/generalized_genSim_shorten_time_HMM.py:222: RuntimeWarning: overflow encountered in exp
  norm_g.append(1 / (1 + np.exp(-(volt - self.v_half) / self.s)))
/global/u1/m/mikelam/SimulatingVariants/curve_fitting.py:19: RuntimeWarning: overflow encountered in exp
  return bottom +  ((top - bottom) / (1.0 + np.exp((v_half - x)/slope)))
/global/homes/m/mikelam/.local/cori/3.7-anaconda-2019.07/lib/python3.6/site-packages/scipy/optimize/minpack.py:829: OptimizeWarning: Covariance of the parameters could not be estimated
  category=OptimizeWarning)
/global/u1/m/mikelam/SimulatingVariants/generalized_genSim_shorten_time_HMM.py:214: RuntimeWarning: overflow encountered in exp
  return Gmax * (vm - self.vrev) / (1 + np.exp((v_half - vm) / s))
/global/u1/m/mikelam/SimulatingVariants/generalized_genSim_shorten_time_HMM.py:222: RuntimeWarning: overflow encountered in exp
  norm_g.append(1 / (1 + np.exp(-(volt - self.v_half) / self.s)))
/global/u1/m/mikelam/SimulatingVariants/curve_fitting.py:19: RuntimeWarning: overflow encountered in exp
  return bottom +  ((top - bottom) / (1.0 + np.exp((v_half - x)/slope)))
/global/homes/m/mikelam/.local/cori/3.7-anaconda-2019.07/lib/python3.6/site-packages/scipy/optimize/minpack.py:829: OptimizeWarning: Covariance of the parameters could not be estimated
  category=OptimizeWarning)
/global/u1/m/mikelam/SimulatingVariants/generalized_genSim_shorten_time_HMM.py:214: RuntimeWarning: overflow encountered in exp
  return Gmax * (vm - self.vrev) / (1 + np.exp((v_half - vm) / s))
/global/u1/m/mikelam/SimulatingVariants/generalized_genSim_shorten_time_HMM.py:222: RuntimeWarning: overflow encountered in exp
  norm_g.append(1 / (1 + np.exp(-(volt - self.v_half) / self.s)))
/global/u1/m/mikelam/SimulatingVariants/curve_fitting.py:19: RuntimeWarning: overflow encountered in exp
  return bottom +  ((top - bottom) / (1.0 + np.exp((v_half - x)/slope)))
/global/homes/m/mikelam/.local/cori/3.7-anaconda-2019.07/lib/python3.6/site-packages/scipy/optimize/minpack.py:829: OptimizeWarning: Covariance of the parameters could not be estimated
  category=OptimizeWarning)
/global/u1/m/mikelam/SimulatingVariants/generalized_genSim_shorten_time_HMM.py:214: RuntimeWarning: overflow encountered in exp
  return Gmax * (vm - self.vrev) / (1 + np.exp((v_half - vm) / s))
/global/u1/m/mikelam/SimulatingVariants/generalized_genSim_shorten_time_HMM.py:222: RuntimeWarning: overflow encountered in exp
  norm_g.append(1 / (1 + np.exp(-(volt - self.v_half) / self.s)))
/global/u1/m/mikelam/SimulatingVariants/curve_fitting.py:19: RuntimeWarning: overflow encountered in exp
  return bottom +  ((top - bottom) / (1.0 + np.exp((v_half - x)/slope)))
/global/homes/m/mikelam/.local/cori/3.7-anaconda-2019.07/lib/python3.6/site-packages/scipy/optimize/minpack.py:829: OptimizeWarning: Covariance of the parameters could not be estimated
  category=OptimizeWarning)
/global/u1/m/mikelam/SimulatingVariants/generalized_genSim_shorten_time_HMM.py:214: RuntimeWarning: overflow encountered in exp
  return Gmax * (vm - self.vrev) / (1 + np.exp((v_half - vm) / s))
/global/u1/m/mikelam/SimulatingVariants/generalized_genSim_shorten_time_HMM.py:222: RuntimeWarning: overflow encountered in exp
  norm_g.append(1 / (1 + np.exp(-(volt - self.v_half) / self.s)))
/global/u1/m/mikelam/SimulatingVariants/curve_fitting.py:19: RuntimeWarning: overflow encountered in exp
  return bottom +  ((top - bottom) / (1.0 + np.exp((v_half - x)/slope)))
/global/homes/m/mikelam/.local/cori/3.7-anaconda-2019.07/lib/python3.6/site-packages/scipy/optimize/minpack.py:829: OptimizeWarning: Covariance of the parameters could not be estimated
  category=OptimizeWarning)
/global/u1/m/mikelam/SimulatingVariants/generalized_genSim_shorten_time_HMM.py:214: RuntimeWarning: overflow encountered in exp
  return Gmax * (vm - self.vrev) / (1 + np.exp((v_half - vm) / s))
/global/u1/m/mikelam/SimulatingVariants/generalized_genSim_shorten_time_HMM.py:222: RuntimeWarning: overflow encountered in exp
  norm_g.append(1 / (1 + np.exp(-(volt - self.v_half) / self.s)))
/global/u1/m/mikelam/SimulatingVariants/curve_fitting.py:19: RuntimeWarning: overflow encountered in exp
  return bottom +  ((top - bottom) / (1.0 + np.exp((v_half - x)/slope)))
/global/u1/m/mikelam/SimulatingVariants/generalized_genSim_shorten_time_HMM.py:214: RuntimeWarning: overflow encountered in exp
  return Gmax * (vm - self.vrev) / (1 + np.exp((v_half - vm) / s))
/global/homes/m/mikelam/.local/cori/3.7-anaconda-2019.07/lib/python3.6/site-packages/scipy/optimize/minpack.py:829: OptimizeWarning: Covariance of the parameters could not be estimated
  category=OptimizeWarning)
/global/u1/m/mikelam/SimulatingVariants/generalized_genSim_shorten_time_HMM.py:222: RuntimeWarning: overflow encountered in exp
  norm_g.append(1 / (1 + np.exp(-(volt - self.v_half) / self.s)))
/global/u1/m/mikelam/SimulatingVariants/curve_fitting.py:19: RuntimeWarning: overflow encountered in exp
  return bottom +  ((top - bottom) / (1.0 + np.exp((v_half - x)/slope)))
/global/homes/m/mikelam/.local/cori/3.7-anaconda-2019.07/lib/python3.6/site-packages/scipy/optimize/minpack.py:829: OptimizeWarning: Covariance of the parameters could not be estimated
  category=OptimizeWarning)
/global/u1/m/mikelam/SimulatingVariants/generalized_genSim_shorten_time_HMM.py:214: RuntimeWarning: overflow encountered in exp
  return Gmax * (vm - self.vrev) / (1 + np.exp((v_half - vm) / s))
/global/u1/m/mikelam/SimulatingVariants/generalized_genSim_shorten_time_HMM.py:222: RuntimeWarning: overflow encountered in exp
  norm_g.append(1 / (1 + np.exp(-(volt - self.v_half) / self.s)))
/global/u1/m/mikelam/SimulatingVariants/curve_fitting.py:19: RuntimeWarning: overflow encountered in exp
  return bottom +  ((top - bottom) / (1.0 + np.exp((v_half - x)/slope)))
/global/homes/m/mikelam/.local/cori/3.7-anaconda-2019.07/lib/python3.6/site-packages/scipy/optimize/minpack.py:829: OptimizeWarning: Covariance of the parameters could not be estimated
  category=OptimizeWarning)
/global/u1/m/mikelam/SimulatingVariants/generalized_genSim_shorten_time_HMM.py:214: RuntimeWarning: overflow encountered in exp
  return Gmax * (vm - self.vrev) / (1 + np.exp((v_half - vm) / s))
/global/u1/m/mikelam/SimulatingVariants/generalized_genSim_shorten_time_HMM.py:222: RuntimeWarning: overflow encountered in exp
  norm_g.append(1 / (1 + np.exp(-(volt - self.v_half) / self.s)))
/global/u1/m/mikelam/SimulatingVariants/curve_fitting.py:19: RuntimeWarning: overflow encountered in exp
  return bottom +  ((top - bottom) / (1.0 + np.exp((v_half - x)/slope)))
/global/homes/m/mikelam/.local/cori/3.7-anaconda-2019.07/lib/python3.6/site-packages/scipy/optimize/minpack.py:829: OptimizeWarning: Covariance of the parameters could not be estimated
  category=OptimizeWarning)
/global/u1/m/mikelam/SimulatingVariants/generalized_genSim_shorten_time_HMM.py:214: RuntimeWarning: overflow encountered in exp
  return Gmax * (vm - self.vrev) / (1 + np.exp((v_half - vm) / s))
/global/u1/m/mikelam/SimulatingVariants/generalized_genSim_shorten_time_HMM.py:222: RuntimeWarning: overflow encountered in exp
  norm_g.append(1 / (1 + np.exp(-(volt - self.v_half) / self.s)))
/global/u1/m/mikelam/SimulatingVariants/curve_fitting.py:19: RuntimeWarning: overflow encountered in exp
  return bottom +  ((top - bottom) / (1.0 + np.exp((v_half - x)/slope)))
/global/homes/m/mikelam/.local/cori/3.7-anaconda-2019.07/lib/python3.6/site-packages/scipy/optimize/minpack.py:829: OptimizeWarning: Covariance of the parameters could not be estimated
  category=OptimizeWarning)
/global/u1/m/mikelam/SimulatingVariants/generalized_genSim_shorten_time_HMM.py:214: RuntimeWarning: overflow encountered in exp
  return Gmax * (vm - self.vrev) / (1 + np.exp((v_half - vm) / s))
/global/u1/m/mikelam/SimulatingVariants/generalized_genSim_shorten_time_HMM.py:222: RuntimeWarning: overflow encountered in exp
  norm_g.append(1 / (1 + np.exp(-(volt - self.v_half) / self.s)))
/global/u1/m/mikelam/SimulatingVariants/curve_fitting.py:19: RuntimeWarning: overflow encountered in exp
  return bottom +  ((top - bottom) / (1.0 + np.exp((v_half - x)/slope)))
/global/u1/m/mikelam/SimulatingVariants/generalized_genSim_shorten_time_HMM.py:214: RuntimeWarning: overflow encountered in exp
  return Gmax * (vm - self.vrev) / (1 + np.exp((v_half - vm) / s))
/global/homes/m/mikelam/.local/cori/3.7-anaconda-2019.07/lib/python3.6/site-packages/scipy/optimize/minpack.py:829: OptimizeWarning: Covariance of the parameters could not be estimated
  category=OptimizeWarning)
/global/u1/m/mikelam/SimulatingVariants/generalized_genSim_shorten_time_HMM.py:222: RuntimeWarning: overflow encountered in exp
  norm_g.append(1 / (1 + np.exp(-(volt - self.v_half) / self.s)))
/global/u1/m/mikelam/SimulatingVariants/curve_fitting.py:19: RuntimeWarning: overflow encountered in exp
  return bottom +  ((top - bottom) / (1.0 + np.exp((v_half - x)/slope)))
/global/homes/m/mikelam/.local/cori/3.7-anaconda-2019.07/lib/python3.6/site-packages/scipy/optimize/minpack.py:829: OptimizeWarning: Covariance of the parameters could not be estimated
  category=OptimizeWarning)
/global/u1/m/mikelam/SimulatingVariants/generalized_genSim_shorten_time_HMM.py:214: RuntimeWarning: overflow encountered in exp
  return Gmax * (vm - self.vrev) / (1 + np.exp((v_half - vm) / s))
/global/u1/m/mikelam/SimulatingVariants/generalized_genSim_shorten_time_HMM.py:222: RuntimeWarning: overflow encountered in exp
  norm_g.append(1 / (1 + np.exp(-(volt - self.v_half) / self.s)))
/global/u1/m/mikelam/SimulatingVariants/curve_fitting.py:19: RuntimeWarning: overflow encountered in exp
  return bottom +  ((top - bottom) / (1.0 + np.exp((v_half - x)/slope)))
/global/homes/m/mikelam/.local/cori/3.7-anaconda-2019.07/lib/python3.6/site-packages/scipy/optimize/minpack.py:829: OptimizeWarning: Covariance of the parameters could not be estimated
  category=OptimizeWarning)
/global/u1/m/mikelam/SimulatingVariants/generalized_genSim_shorten_time_HMM.py:214: RuntimeWarning: overflow encountered in exp
  return Gmax * (vm - self.vrev) / (1 + np.exp((v_half - vm) / s))
/global/u1/m/mikelam/SimulatingVariants/generalized_genSim_shorten_time_HMM.py:222: RuntimeWarning: overflow encountered in exp
  norm_g.append(1 / (1 + np.exp(-(volt - self.v_half) / self.s)))
/global/u1/m/mikelam/SimulatingVariants/curve_fitting.py:19: RuntimeWarning: overflow encountered in exp
  return bottom +  ((top - bottom) / (1.0 + np.exp((v_half - x)/slope)))
/global/homes/m/mikelam/.local/cori/3.7-anaconda-2019.07/lib/python3.6/site-packages/scipy/optimize/minpack.py:829: OptimizeWarning: Covariance of the parameters could not be estimated
  category=OptimizeWarning)
/global/u1/m/mikelam/SimulatingVariants/generalized_genSim_shorten_time_HMM.py:214: RuntimeWarning: overflow encountered in exp
  return Gmax * (vm - self.vrev) / (1 + np.exp((v_half - vm) / s))
/global/u1/m/mikelam/SimulatingVariants/generalized_genSim_shorten_time_HMM.py:222: RuntimeWarning: overflow encountered in exp
  norm_g.append(1 / (1 + np.exp(-(volt - self.v_half) / self.s)))
/global/homes/m/mikelam/.local/cori/3.7-anaconda-2019.07/lib/python3.6/site-packages/scipy/optimize/minpack.py:829: OptimizeWarning: Covariance of the parameters could not be estimated
  category=OptimizeWarning)
/global/u1/m/mikelam/SimulatingVariants/curve_fitting.py:19: RuntimeWarning: overflow encountered in exp
  return bottom +  ((top - bottom) / (1.0 + np.exp((v_half - x)/slope)))
/global/u1/m/mikelam/SimulatingVariants/generalized_genSim_shorten_time_HMM.py:214: RuntimeWarning: overflow encountered in exp
  return Gmax * (vm - self.vrev) / (1 + np.exp((v_half - vm) / s))
/global/u1/m/mikelam/SimulatingVariants/generalized_genSim_shorten_time_HMM.py:222: RuntimeWarning: overflow encountered in exp
  norm_g.append(1 / (1 + np.exp(-(volt - self.v_half) / self.s)))
