Requirement already satisfied: scipy in /global/u1/m/mikelam/.local/cori/3.7-anaconda-2019.07/lib/python3.7/site-packages (1.1.0)
Requirement already satisfied: numpy>=1.8.2 in /global/common/cori_cle7/software/python/3.7-anaconda-2019.07/lib/python3.7/site-packages (from scipy) (1.16.4)
/global/cscratch1/sd/adisaran/neuronBBP_build2/nrn/lib/python/
/global/u1/m/mikelam/SimulatingVariants
mechs/na12_mut.mod mechs/na16.mod mechs/na8stmut.mod mechs/vclmp_pl.mod
na12_mut.mod na16.mod na8stmut.mod vclmp_pl.mod
"/global/cscratch1/sd/adisaran/neuronBBP_build2/nrn/share/nrn/libtool" --tag=CC --mode=compile mpicc -DHAVE_CONFIG_H  -I. -I.. -I"/global/cscratch1/sd/adisaran/neuronBBP_build2/nrn/include/nrn" -I"/global/cscratch1/sd/adisaran/neuronBBP_build2/nrn/x86_64/lib"      -g -O2 -c -o mod_func.lo mod_func.c
libtool: compile:  mpicc -DHAVE_CONFIG_H -I. -I.. -I/global/cscratch1/sd/adisaran/neuronBBP_build2/nrn/include/nrn -I/global/cscratch1/sd/adisaran/neuronBBP_build2/nrn/x86_64/lib -g -O2 -c mod_func.c  -fPIC -DPIC -o .libs/mod_func.o
"/global/cscratch1/sd/adisaran/neuronBBP_build2/nrn/share/nrn/libtool" --tag=CC --mode=link mpicc -module  -g -O2    -o libnrnmech.la -rpath "/global/cscratch1/sd/adisaran/neuronBBP_build2/nrn/x86_64/lib"  na12_mut.lo na16.lo na8stmut.lo vclmp_pl.lo mod_func.lo  -L"/global/cscratch1/sd/adisaran/neuronBBP_build2/nrn/x86_64/lib" -lnrnoc -loc -lmemacs -lnrnmpi -lscopmath -lsparse13 -lreadline -lncurses -ltinfo -L"/global/cscratch1/sd/adisaran/neuronBBP_build2/nrn/x86_64/lib" -lnrniv -livoc -lneuron_gnu -lmeschach -lsundials -livos      -lm -ldl
libtool: link: rm -fr  .libs/libnrnmech.la .libs/libnrnmech.lai .libs/libnrnmech.so .libs/libnrnmech.so.0 .libs/libnrnmech.so.0.0.0
libtool: link: mpicc -shared  -fPIC -DPIC  .libs/na12_mut.o .libs/na16.o .libs/na8stmut.o .libs/vclmp_pl.o .libs/mod_func.o   -Wl,-rpath -Wl,/global/cscratch1/sd/adisaran/neuronBBP_build2/nrn/x86_64/lib -Wl,-rpath -Wl,/global/cscratch1/sd/adisaran/neuronBBP_build2/nrn/x86_64/lib -L/global/cscratch1/sd/adisaran/neuronBBP_build2/nrn/x86_64/lib /global/cscratch1/sd/adisaran/neuronBBP_build2/nrn/x86_64/lib/libnrnoc.so /global/cscratch1/sd/adisaran/neuronBBP_build2/nrn/x86_64/lib/liboc.so /global/cscratch1/sd/adisaran/neuronBBP_build2/nrn/x86_64/lib/libmemacs.so /global/cscratch1/sd/adisaran/neuronBBP_build2/nrn/x86_64/lib/libnrnmpi.so /global/cscratch1/sd/adisaran/neuronBBP_build2/nrn/x86_64/lib/libscopmath.so /global/cscratch1/sd/adisaran/neuronBBP_build2/nrn/x86_64/lib/libsparse13.so /global/cscratch1/sd/adisaran/neuronBBP_build2/nrn/x86_64/lib/libreadline.so -lncurses -ltinfo /global/cscratch1/sd/adisaran/neuronBBP_build2/nrn/x86_64/lib/libnrniv.so /global/cscratch1/sd/adisaran/neuronBBP_build2/nrn/x86_64/lib/libivoc.so /global/cscratch1/sd/adisaran/neuronBBP_build2/nrn/x86_64/lib/libneuron_gnu.so /global/cscratch1/sd/adisaran/neuronBBP_build2/nrn/x86_64/lib/libmeschach.so /global/cscratch1/sd/adisaran/neuronBBP_build2/nrn/x86_64/lib/libsundials.so /global/cscratch1/sd/adisaran/neuronBBP_build2/nrn/x86_64/lib/libivos.so -lm -ldl  -g -O2   -pthread -Wl,-soname -Wl,libnrnmech.so.0 -o .libs/libnrnmech.so.0.0.0
libtool: link: (cd ".libs" && rm -f "libnrnmech.so.0" && ln -s "libnrnmech.so.0.0.0" "libnrnmech.so.0")
libtool: link: (cd ".libs" && rm -f "libnrnmech.so" && ln -s "libnrnmech.so.0.0.0" "libnrnmech.so")
libtool: link: ( cd ".libs" && rm -f "libnrnmech.la" && ln -s "../libnrnmech.la" "libnrnmech.la" )
Successfully created x86_64/special
Collecting scipy
  Using cached https://files.pythonhosted.org/packages/c8/89/63171228d5ced148f5ced50305c89e8576ffc695a90b58fe5bb602b910c2/scipy-1.5.4-cp36-cp36m-manylinux1_x86_64.whl
Collecting numpy>=1.14.5 (from scipy)
  Using cached https://files.pythonhosted.org/packages/45/b2/6c7545bb7a38754d63048c7696804a0d947328125d81bf12beaa692c3ae3/numpy-1.19.5-cp36-cp36m-manylinux1_x86_64.whl
Installing collected packages: numpy, scipy
Successfully installed numpy-1.19.5 scipy-1.5.4
Collecting deap
  Using cached https://files.pythonhosted.org/packages/eb/00/84e60274a4bdd5475fd45b3be3f969bb328862ca2a68b13e4c07d8597389/deap-1.3.1-cp36-cp36m-manylinux1_x86_64.whl
Collecting numpy (from deap)
  Using cached https://files.pythonhosted.org/packages/45/b2/6c7545bb7a38754d63048c7696804a0d947328125d81bf12beaa692c3ae3/numpy-1.19.5-cp36-cp36m-manylinux1_x86_64.whl
Installing collected packages: numpy, deap
Successfully installed deap-1.3.1 numpy-1.19.5
Collecting bluepyopt
Collecting Pebble>=4.3.10 (from bluepyopt)
  Using cached https://files.pythonhosted.org/packages/e1/22/16fae923323a173c287e1a8525f2223274fbd70c7b8292d7f25d583f5028/Pebble-4.6.3-py2.py3-none-any.whl
Collecting future (from bluepyopt)
Collecting Jinja2>=2.8 (from bluepyopt)
  Using cached https://files.pythonhosted.org/packages/20/9a/e5d9ec41927401e41aea8af6d16e78b5e612bca4699d417f646a9610a076/Jinja2-3.0.3-py3-none-any.whl
Collecting ipyparallel (from bluepyopt)
  Using cached https://files.pythonhosted.org/packages/84/cf/863e9ec04057a6033e78e2c64ab06ae85e849e3e0b0903c7005cbe56ac93/ipyparallel-8.1.0-py3-none-any.whl
Collecting efel>=2.13 (from bluepyopt)
Collecting numpy>=1.6 (from bluepyopt)
  Using cached https://files.pythonhosted.org/packages/45/b2/6c7545bb7a38754d63048c7696804a0d947328125d81bf12beaa692c3ae3/numpy-1.19.5-cp36-cp36m-manylinux1_x86_64.whl
Collecting pickleshare>=0.7.3 (from bluepyopt)
  Using cached https://files.pythonhosted.org/packages/9a/41/220f49aaea88bc6fa6cba8d05ecf24676326156c23b991e80b3f2fc24c77/pickleshare-0.7.5-py2.py3-none-any.whl
Collecting deap (from bluepyopt)
  Using cached https://files.pythonhosted.org/packages/eb/00/84e60274a4bdd5475fd45b3be3f969bb328862ca2a68b13e4c07d8597389/deap-1.3.1-cp36-cp36m-manylinux1_x86_64.whl
Collecting pandas>=0.18 (from bluepyopt)
  Using cached https://files.pythonhosted.org/packages/c3/e2/00cacecafbab071c787019f00ad84ca3185952f6bb9bca9550ed83870d4d/pandas-1.1.5-cp36-cp36m-manylinux1_x86_64.whl
Collecting MarkupSafe>=2.0 (from Jinja2>=2.8->bluepyopt)
  Using cached https://files.pythonhosted.org/packages/fc/d6/57f9a97e56447a1e340f8574836d3b636e2c14de304943836bd645fa9c7e/MarkupSafe-2.0.1-cp36-cp36m-manylinux1_x86_64.whl
Collecting decorator (from ipyparallel->bluepyopt)
  Using cached https://files.pythonhosted.org/packages/d5/50/83c593b07763e1161326b3b8c6686f0f4b0f24d5526546bee538c89837d6/decorator-5.1.1-py3-none-any.whl
Collecting tqdm (from ipyparallel->bluepyopt)
  Using cached https://files.pythonhosted.org/packages/63/f3/b7a1b8e40fd1bd049a34566eb353527bb9b8e9b98f8b6cf803bb64d8ce95/tqdm-4.62.3-py2.py3-none-any.whl
Collecting entrypoints (from ipyparallel->bluepyopt)
  Using cached https://files.pythonhosted.org/packages/ac/c6/44694103f8c221443ee6b0041f69e2740d89a25641e62fb4f2ee568f2f9c/entrypoints-0.3-py2.py3-none-any.whl
Collecting ipykernel>=4.4 (from ipyparallel->bluepyopt)
  Using cached https://files.pythonhosted.org/packages/e9/ad/9101e0ab5e84dd117462bb3a1379d31728a849b6886458452e3d97dc6bba/ipykernel-5.5.6-py3-none-any.whl
Collecting psutil (from ipyparallel->bluepyopt)
Collecting ipython>=4 (from ipyparallel->bluepyopt)
  Downloading https://files.pythonhosted.org/packages/53/09/958a4802489d28b2484114ee6414c7502ef57de6f2dbc9095b718640060c/ipython-7.16.3-py3-none-any.whl (783kB)
Collecting tornado>=5.1 (from ipyparallel->bluepyopt)
  Using cached https://files.pythonhosted.org/packages/01/d1/8750ad20cbcefb499bb8b405e243f83c2c89f78d139e6f8c8d800640f554/tornado-6.1-cp36-cp36m-manylinux1_x86_64.whl
Collecting pyzmq>=18 (from ipyparallel->bluepyopt)
  Using cached https://files.pythonhosted.org/packages/4b/d3/0cf139d9149bbf3f052b385842afa4e202ea743d85632815d98d0e67685a/pyzmq-22.3.0-cp36-cp36m-manylinux_2_5_x86_64.manylinux1_x86_64.whl
Collecting traitlets>=4.3 (from ipyparallel->bluepyopt)
  Using cached https://files.pythonhosted.org/packages/ca/ab/872a23e29cec3cf2594af7e857f18b687ad21039c1f9b922fac5b9b142d5/traitlets-4.3.3-py2.py3-none-any.whl
Collecting jupyter-client (from ipyparallel->bluepyopt)
  Using cached https://files.pythonhosted.org/packages/26/04/64e2be4216c38af315207216653ce82fbd5e73e85c5cad9c60dddc5315f1/jupyter_client-7.1.1-py3-none-any.whl
Collecting python-dateutil>=2.1 (from ipyparallel->bluepyopt)
  Using cached https://files.pythonhosted.org/packages/36/7a/87837f39d0296e723bb9b62bbb257d0355c7f6128853c78955f57342a56d/python_dateutil-2.8.2-py2.py3-none-any.whl
Collecting six (from efel>=2.13->bluepyopt)
  Using cached https://files.pythonhosted.org/packages/d9/5a/e7c31adbe875f2abbb91bd84cf2dc52d792b5a01506781dbcf25c91daf11/six-1.16.0-py2.py3-none-any.whl
Collecting pytz>=2017.2 (from pandas>=0.18->bluepyopt)
  Using cached https://files.pythonhosted.org/packages/d3/e3/d9f046b5d1c94a3aeab15f1f867aa414f8ee9d196fae6865f1d6a0ee1a0b/pytz-2021.3-py2.py3-none-any.whl
Collecting ipython-genutils (from ipykernel>=4.4->ipyparallel->bluepyopt)
  Using cached https://files.pythonhosted.org/packages/fa/bc/9bd3b5c2b4774d5f33b2d544f1460be9df7df2fe42f352135381c347c69a/ipython_genutils-0.2.0-py2.py3-none-any.whl
Collecting pygments (from ipython>=4->ipyparallel->bluepyopt)
  Using cached https://files.pythonhosted.org/packages/1d/17/ed4d2df187995561b28f1073df24137cb750e12f9879d291cc8ab67c65d2/Pygments-2.11.2-py3-none-any.whl
Collecting backcall (from ipython>=4->ipyparallel->bluepyopt)
  Using cached https://files.pythonhosted.org/packages/4c/1c/ff6546b6c12603d8dd1070aa3c3d273ad4c07f5771689a7b69a550e8c951/backcall-0.2.0-py2.py3-none-any.whl
Collecting setuptools>=18.5 (from ipython>=4->ipyparallel->bluepyopt)
  Using cached https://files.pythonhosted.org/packages/b0/3a/88b210db68e56854d0bcf4b38e165e03be377e13907746f825790f3df5bf/setuptools-59.6.0-py3-none-any.whl
Collecting prompt-toolkit!=3.0.0,!=3.0.1,<3.1.0,>=2.0.0 (from ipython>=4->ipyparallel->bluepyopt)
  Using cached https://files.pythonhosted.org/packages/fb/37/4f9ae5a6cd0ebdfc1fbafcfd03e812df1ed92a92bf0bee09441c52164f58/prompt_toolkit-3.0.24-py3-none-any.whl
Collecting pexpect; sys_platform != "win32" (from ipython>=4->ipyparallel->bluepyopt)
  Using cached https://files.pythonhosted.org/packages/39/7b/88dbb785881c28a102619d46423cb853b46dbccc70d3ac362d99773a78ce/pexpect-4.8.0-py2.py3-none-any.whl
Collecting jedi<=0.17.2,>=0.10 (from ipython>=4->ipyparallel->bluepyopt)
  Using cached https://files.pythonhosted.org/packages/c3/d4/36136b18daae06ad798966735f6c3fb96869c1be9f8245d2a8f556e40c36/jedi-0.17.2-py2.py3-none-any.whl
Collecting nest-asyncio>=1.5 (from jupyter-client->ipyparallel->bluepyopt)
  Using cached https://files.pythonhosted.org/packages/06/e0/93453ebab12f5ce9a9ceda2ff71648b30e5f2ce5bba19ee3c95cbd0aaa67/nest_asyncio-1.5.4-py3-none-any.whl
Collecting jupyter-core>=4.6.0 (from jupyter-client->ipyparallel->bluepyopt)
  Using cached https://files.pythonhosted.org/packages/d5/8e/fad835e31e3f54ea39d2b76027348a347433dcbc674a841ffe0716091c2d/jupyter_core-4.9.1-py3-none-any.whl
Collecting wcwidth (from prompt-toolkit!=3.0.0,!=3.0.1,<3.1.0,>=2.0.0->ipython>=4->ipyparallel->bluepyopt)
  Using cached https://files.pythonhosted.org/packages/59/7c/e39aca596badaf1b78e8f547c807b04dae603a433d3e7a7e04d67f2ef3e5/wcwidth-0.2.5-py2.py3-none-any.whl
Collecting ptyprocess>=0.5 (from pexpect; sys_platform != "win32"->ipython>=4->ipyparallel->bluepyopt)
  Using cached https://files.pythonhosted.org/packages/22/a6/858897256d0deac81a172289110f31629fc4cee19b6f01283303e18c8db3/ptyprocess-0.7.0-py2.py3-none-any.whl
Collecting parso<0.8.0,>=0.7.0 (from jedi<=0.17.2,>=0.10->ipython>=4->ipyparallel->bluepyopt)
  Using cached https://files.pythonhosted.org/packages/93/d1/e635bdde32890db5aeb2ffbde17e74f68986305a4466b0aa373b861e3f00/parso-0.7.1-py2.py3-none-any.whl
Installing collected packages: Pebble, future, MarkupSafe, Jinja2, decorator, tqdm, entrypoints, ipython-genutils, pygments, backcall, setuptools, wcwidth, prompt-toolkit, pickleshare, ptyprocess, pexpect, parso, jedi, six, traitlets, ipython, nest-asyncio, jupyter-core, pyzmq, tornado, python-dateutil, jupyter-client, ipykernel, psutil, ipyparallel, numpy, efel, deap, pytz, pandas, bluepyopt
Successfully installed Jinja2-3.0.3 MarkupSafe-2.0.1 Pebble-4.6.3 backcall-0.2.0 bluepyopt-1.11.7 deap-1.3.1 decorator-5.1.1 efel-4.0.4 entrypoints-0.3 future-0.18.2 ipykernel-5.5.6 ipyparallel-8.1.0 ipython-7.16.3 ipython-genutils-0.2.0 jedi-0.17.2 jupyter-client-7.1.1 jupyter-core-4.9.1 nest-asyncio-1.5.4 numpy-1.19.5 pandas-1.1.5 parso-0.7.1 pexpect-4.8.0 pickleshare-0.7.5 prompt-toolkit-3.0.24 psutil-5.9.0 ptyprocess-0.7.0 pygments-2.11.2 python-dateutil-2.8.2 pytz-2021.3 pyzmq-22.3.0 setuptools-59.6.0 six-1.16.0 tornado-6.1 tqdm-4.62.3 traitlets-4.3.3 wcwidth-0.2.5
Current generation:  1
log: 
 gen	nevals	avg      	std        	min    	max        
1  	100   	1.399e+06	5.09912e+06	18.3677	1.99861e+07 

Current generation:  2
log: 
 gen	nevals	avg        	std        	min    	max        
1  	100   	1.399e+06  	5.09912e+06	18.3677	1.99861e+07
2  	100   	1.09922e+06	4.55618e+06	2.62793	1.99861e+07 

Total runtime: 21.126119136810303
Best params: [8068.728760744234, 83.01210178747996, 31.72469655073637, 0.3066450493627023, 80644.6805689714, 92.22685412923218, 1188.6200048454937, 240.0919518699652, 35687.96400129992, 197.83786792483514, 1709.0417702855052, 46.09309034583655, 7984.520453785847, 2546.7893101158506, 174.43885866569124, 41.87276653669854, 190877.69529495607, 188.28243080178626, 46.091055355641174, 444.0417955673291]
[inact_err, act_err, tau0_err, peak_amp_err, time_to_peak_err]: [1.3309712742260937, 1.0682466528199228, 0.17516250825669594, 0.03104810270354453, 0.02250000000000064]
Best invs list: [[136.7878611452097, 177.9061162619223, 2.9773639824430913, 422.7830138123556, 6293.051403918357, 108.35296608446717, 1053.016064603695, 173.58417245327902, 22353.067343206927, 95.60220036220954, 1533.3761502303153, 36.75344294947422, 3990.2380258790836, 469.4407112951243, 149.31298332826816, 47.73785426910606, 296479.921005233, 91.02528268985867, 91.21736079063817, -1600.0800798202417], [8068.728760744234, 83.01210178747996, 31.72469655073637, 0.3066450493627023, 80644.6805689714, 92.22685412923218, 1188.6200048454937, 240.0919518699652, 35687.96400129992, 197.83786792483514, 1709.0417702855052, 46.09309034583655, 7984.520453785847, 2546.7893101158506, 174.43885866569124, 41.87276653669854, 190877.69529495607, 188.28243080178626, 46.091055355641174, 444.0417955673291]]
Couldn't generate activation data
Couldn't fit curve to activation.
Couldn't generate activation data
Couldn't fit curve to inactivation.
Couldn't generate activation data
Couldn't generate activation data
Couldn't fit curve to activation.
Couldn't fit curve to activation.
Couldn't generate activation data
Couldn't fit curve to inactivation.
Couldn't fit curve to inactivation.
Couldn't generate activation data
Couldn't generate activation data
Couldn't generate activation data
