Requirement already satisfied: scipy in /global/u1/m/mikelam/.local/cori/3.7-anaconda-2019.07/lib/python3.7/site-packages (1.1.0)
Requirement already satisfied: numpy>=1.8.2 in /global/common/cori_cle7/software/python/3.7-anaconda-2019.07/lib/python3.7/site-packages (from scipy) (1.16.4)
/global/cscratch1/sd/adisaran/neuronBBP_build2/nrn/lib/python/
/global/u1/m/mikelam/SimulatingVariants
mechs/na12_mut.mod mechs/na16.mod mechs/na8stmut.mod mechs/vclmp_pl.mod
na12_mut.mod na16.mod na8stmut.mod vclmp_pl.mod
"/global/cscratch1/sd/adisaran/neuronBBP_build2/nrn/share/nrn/libtool" --tag=CC --mode=compile mpicc -DHAVE_CONFIG_H  -I. -I.. -I"/global/cscratch1/sd/adisaran/neuronBBP_build2/nrn/include/nrn" -I"/global/cscratch1/sd/adisaran/neuronBBP_build2/nrn/x86_64/lib"      -g -O2 -c -o mod_func.lo mod_func.c
libtool: compile:  mpicc -DHAVE_CONFIG_H -I. -I.. -I/global/cscratch1/sd/adisaran/neuronBBP_build2/nrn/include/nrn -I/global/cscratch1/sd/adisaran/neuronBBP_build2/nrn/x86_64/lib -g -O2 -c mod_func.c  -fPIC -DPIC -o .libs/mod_func.o
"/global/cscratch1/sd/adisaran/neuronBBP_build2/nrn/share/nrn/libtool" --tag=CC --mode=link mpicc -module  -g -O2    -o libnrnmech.la -rpath "/global/cscratch1/sd/adisaran/neuronBBP_build2/nrn/x86_64/lib"  na12_mut.lo na16.lo na8stmut.lo vclmp_pl.lo mod_func.lo  -L"/global/cscratch1/sd/adisaran/neuronBBP_build2/nrn/x86_64/lib" -lnrnoc -loc -lmemacs -lnrnmpi -lscopmath -lsparse13 -lreadline -lncurses -ltinfo -L"/global/cscratch1/sd/adisaran/neuronBBP_build2/nrn/x86_64/lib" -lnrniv -livoc -lneuron_gnu -lmeschach -lsundials -livos      -lm -ldl
libtool: link: rm -fr  .libs/libnrnmech.la .libs/libnrnmech.lai .libs/libnrnmech.so .libs/libnrnmech.so.0 .libs/libnrnmech.so.0.0.0
libtool: link: mpicc -shared  -fPIC -DPIC  .libs/na12_mut.o .libs/na16.o .libs/na8stmut.o .libs/vclmp_pl.o .libs/mod_func.o   -Wl,-rpath -Wl,/global/cscratch1/sd/adisaran/neuronBBP_build2/nrn/x86_64/lib -Wl,-rpath -Wl,/global/cscratch1/sd/adisaran/neuronBBP_build2/nrn/x86_64/lib -L/global/cscratch1/sd/adisaran/neuronBBP_build2/nrn/x86_64/lib /global/cscratch1/sd/adisaran/neuronBBP_build2/nrn/x86_64/lib/libnrnoc.so /global/cscratch1/sd/adisaran/neuronBBP_build2/nrn/x86_64/lib/liboc.so /global/cscratch1/sd/adisaran/neuronBBP_build2/nrn/x86_64/lib/libmemacs.so /global/cscratch1/sd/adisaran/neuronBBP_build2/nrn/x86_64/lib/libnrnmpi.so /global/cscratch1/sd/adisaran/neuronBBP_build2/nrn/x86_64/lib/libscopmath.so /global/cscratch1/sd/adisaran/neuronBBP_build2/nrn/x86_64/lib/libsparse13.so /global/cscratch1/sd/adisaran/neuronBBP_build2/nrn/x86_64/lib/libreadline.so -lncurses -ltinfo /global/cscratch1/sd/adisaran/neuronBBP_build2/nrn/x86_64/lib/libnrniv.so /global/cscratch1/sd/adisaran/neuronBBP_build2/nrn/x86_64/lib/libivoc.so /global/cscratch1/sd/adisaran/neuronBBP_build2/nrn/x86_64/lib/libneuron_gnu.so /global/cscratch1/sd/adisaran/neuronBBP_build2/nrn/x86_64/lib/libmeschach.so /global/cscratch1/sd/adisaran/neuronBBP_build2/nrn/x86_64/lib/libsundials.so /global/cscratch1/sd/adisaran/neuronBBP_build2/nrn/x86_64/lib/libivos.so -lm -ldl  -g -O2   -pthread -Wl,-soname -Wl,libnrnmech.so.0 -o .libs/libnrnmech.so.0.0.0
libtool: link: (cd ".libs" && rm -f "libnrnmech.so.0" && ln -s "libnrnmech.so.0.0.0" "libnrnmech.so.0")
libtool: link: (cd ".libs" && rm -f "libnrnmech.so" && ln -s "libnrnmech.so.0.0.0" "libnrnmech.so")
libtool: link: ( cd ".libs" && rm -f "libnrnmech.la" && ln -s "../libnrnmech.la" "libnrnmech.la" )
Successfully created x86_64/special
Collecting scipy
  Using cached https://files.pythonhosted.org/packages/c8/89/63171228d5ced148f5ced50305c89e8576ffc695a90b58fe5bb602b910c2/scipy-1.5.4-cp36-cp36m-manylinux1_x86_64.whl
Collecting numpy>=1.14.5 (from scipy)
  Using cached https://files.pythonhosted.org/packages/45/b2/6c7545bb7a38754d63048c7696804a0d947328125d81bf12beaa692c3ae3/numpy-1.19.5-cp36-cp36m-manylinux1_x86_64.whl
Installing collected packages: numpy, scipy
Successfully installed numpy-1.19.5 scipy-1.5.4
Collecting deap
  Using cached https://files.pythonhosted.org/packages/eb/00/84e60274a4bdd5475fd45b3be3f969bb328862ca2a68b13e4c07d8597389/deap-1.3.1-cp36-cp36m-manylinux1_x86_64.whl
Collecting numpy (from deap)
  Using cached https://files.pythonhosted.org/packages/45/b2/6c7545bb7a38754d63048c7696804a0d947328125d81bf12beaa692c3ae3/numpy-1.19.5-cp36-cp36m-manylinux1_x86_64.whl
Installing collected packages: numpy, deap
Successfully installed deap-1.3.1 numpy-1.19.5
Collecting bluepyopt
Collecting pickleshare>=0.7.3 (from bluepyopt)
  Using cached https://files.pythonhosted.org/packages/9a/41/220f49aaea88bc6fa6cba8d05ecf24676326156c23b991e80b3f2fc24c77/pickleshare-0.7.5-py2.py3-none-any.whl
Collecting Pebble>=4.3.10 (from bluepyopt)
  Using cached https://files.pythonhosted.org/packages/e1/22/16fae923323a173c287e1a8525f2223274fbd70c7b8292d7f25d583f5028/Pebble-4.6.3-py2.py3-none-any.whl
Collecting numpy>=1.6 (from bluepyopt)
  Using cached https://files.pythonhosted.org/packages/45/b2/6c7545bb7a38754d63048c7696804a0d947328125d81bf12beaa692c3ae3/numpy-1.19.5-cp36-cp36m-manylinux1_x86_64.whl
Collecting ipyparallel (from bluepyopt)
  Using cached https://files.pythonhosted.org/packages/84/cf/863e9ec04057a6033e78e2c64ab06ae85e849e3e0b0903c7005cbe56ac93/ipyparallel-8.1.0-py3-none-any.whl
Collecting future (from bluepyopt)
Collecting Jinja2>=2.8 (from bluepyopt)
  Using cached https://files.pythonhosted.org/packages/20/9a/e5d9ec41927401e41aea8af6d16e78b5e612bca4699d417f646a9610a076/Jinja2-3.0.3-py3-none-any.whl
Collecting efel>=2.13 (from bluepyopt)
Collecting deap (from bluepyopt)
  Using cached https://files.pythonhosted.org/packages/eb/00/84e60274a4bdd5475fd45b3be3f969bb328862ca2a68b13e4c07d8597389/deap-1.3.1-cp36-cp36m-manylinux1_x86_64.whl
Collecting pandas>=0.18 (from bluepyopt)
  Using cached https://files.pythonhosted.org/packages/c3/e2/00cacecafbab071c787019f00ad84ca3185952f6bb9bca9550ed83870d4d/pandas-1.1.5-cp36-cp36m-manylinux1_x86_64.whl
Collecting ipython>=4 (from ipyparallel->bluepyopt)
  Using cached https://files.pythonhosted.org/packages/53/09/958a4802489d28b2484114ee6414c7502ef57de6f2dbc9095b718640060c/ipython-7.16.3-py3-none-any.whl
Collecting tornado>=5.1 (from ipyparallel->bluepyopt)
  Using cached https://files.pythonhosted.org/packages/01/d1/8750ad20cbcefb499bb8b405e243f83c2c89f78d139e6f8c8d800640f554/tornado-6.1-cp36-cp36m-manylinux1_x86_64.whl
Collecting entrypoints (from ipyparallel->bluepyopt)
  Using cached https://files.pythonhosted.org/packages/ac/c6/44694103f8c221443ee6b0041f69e2740d89a25641e62fb4f2ee568f2f9c/entrypoints-0.3-py2.py3-none-any.whl
Collecting jupyter-client (from ipyparallel->bluepyopt)
  Using cached https://files.pythonhosted.org/packages/56/a7/f4d3790ce7bb925d3ffe299244501a264f23ee7ec401914f7d788881ea31/jupyter_client-7.1.2-py3-none-any.whl
Collecting ipykernel>=4.4 (from ipyparallel->bluepyopt)
  Using cached https://files.pythonhosted.org/packages/e9/ad/9101e0ab5e84dd117462bb3a1379d31728a849b6886458452e3d97dc6bba/ipykernel-5.5.6-py3-none-any.whl
Collecting python-dateutil>=2.1 (from ipyparallel->bluepyopt)
  Using cached https://files.pythonhosted.org/packages/36/7a/87837f39d0296e723bb9b62bbb257d0355c7f6128853c78955f57342a56d/python_dateutil-2.8.2-py2.py3-none-any.whl
Collecting pyzmq>=18 (from ipyparallel->bluepyopt)
  Using cached https://files.pythonhosted.org/packages/4b/d3/0cf139d9149bbf3f052b385842afa4e202ea743d85632815d98d0e67685a/pyzmq-22.3.0-cp36-cp36m-manylinux_2_5_x86_64.manylinux1_x86_64.whl
Collecting tqdm (from ipyparallel->bluepyopt)
  Using cached https://files.pythonhosted.org/packages/63/f3/b7a1b8e40fd1bd049a34566eb353527bb9b8e9b98f8b6cf803bb64d8ce95/tqdm-4.62.3-py2.py3-none-any.whl
Collecting traitlets>=4.3 (from ipyparallel->bluepyopt)
  Using cached https://files.pythonhosted.org/packages/ca/ab/872a23e29cec3cf2594af7e857f18b687ad21039c1f9b922fac5b9b142d5/traitlets-4.3.3-py2.py3-none-any.whl
Collecting decorator (from ipyparallel->bluepyopt)
  Using cached https://files.pythonhosted.org/packages/d5/50/83c593b07763e1161326b3b8c6686f0f4b0f24d5526546bee538c89837d6/decorator-5.1.1-py3-none-any.whl
Collecting psutil (from ipyparallel->bluepyopt)
Collecting MarkupSafe>=2.0 (from Jinja2>=2.8->bluepyopt)
  Using cached https://files.pythonhosted.org/packages/fc/d6/57f9a97e56447a1e340f8574836d3b636e2c14de304943836bd645fa9c7e/MarkupSafe-2.0.1-cp36-cp36m-manylinux1_x86_64.whl
Collecting six (from efel>=2.13->bluepyopt)
  Using cached https://files.pythonhosted.org/packages/d9/5a/e7c31adbe875f2abbb91bd84cf2dc52d792b5a01506781dbcf25c91daf11/six-1.16.0-py2.py3-none-any.whl
Collecting pytz>=2017.2 (from pandas>=0.18->bluepyopt)
  Using cached https://files.pythonhosted.org/packages/d3/e3/d9f046b5d1c94a3aeab15f1f867aa414f8ee9d196fae6865f1d6a0ee1a0b/pytz-2021.3-py2.py3-none-any.whl
Collecting jedi<=0.17.2,>=0.10 (from ipython>=4->ipyparallel->bluepyopt)
  Using cached https://files.pythonhosted.org/packages/c3/d4/36136b18daae06ad798966735f6c3fb96869c1be9f8245d2a8f556e40c36/jedi-0.17.2-py2.py3-none-any.whl
Collecting pygments (from ipython>=4->ipyparallel->bluepyopt)
  Using cached https://files.pythonhosted.org/packages/1d/17/ed4d2df187995561b28f1073df24137cb750e12f9879d291cc8ab67c65d2/Pygments-2.11.2-py3-none-any.whl
Collecting setuptools>=18.5 (from ipython>=4->ipyparallel->bluepyopt)
  Using cached https://files.pythonhosted.org/packages/b0/3a/88b210db68e56854d0bcf4b38e165e03be377e13907746f825790f3df5bf/setuptools-59.6.0-py3-none-any.whl
Collecting backcall (from ipython>=4->ipyparallel->bluepyopt)
  Using cached https://files.pythonhosted.org/packages/4c/1c/ff6546b6c12603d8dd1070aa3c3d273ad4c07f5771689a7b69a550e8c951/backcall-0.2.0-py2.py3-none-any.whl
Collecting prompt-toolkit!=3.0.0,!=3.0.1,<3.1.0,>=2.0.0 (from ipython>=4->ipyparallel->bluepyopt)
  Using cached https://files.pythonhosted.org/packages/fb/37/4f9ae5a6cd0ebdfc1fbafcfd03e812df1ed92a92bf0bee09441c52164f58/prompt_toolkit-3.0.24-py3-none-any.whl
Collecting pexpect; sys_platform != "win32" (from ipython>=4->ipyparallel->bluepyopt)
  Using cached https://files.pythonhosted.org/packages/39/7b/88dbb785881c28a102619d46423cb853b46dbccc70d3ac362d99773a78ce/pexpect-4.8.0-py2.py3-none-any.whl
Collecting jupyter-core>=4.6.0 (from jupyter-client->ipyparallel->bluepyopt)
  Using cached https://files.pythonhosted.org/packages/d5/8e/fad835e31e3f54ea39d2b76027348a347433dcbc674a841ffe0716091c2d/jupyter_core-4.9.1-py3-none-any.whl
Collecting nest-asyncio>=1.5 (from jupyter-client->ipyparallel->bluepyopt)
  Using cached https://files.pythonhosted.org/packages/06/e0/93453ebab12f5ce9a9ceda2ff71648b30e5f2ce5bba19ee3c95cbd0aaa67/nest_asyncio-1.5.4-py3-none-any.whl
Collecting ipython-genutils (from ipykernel>=4.4->ipyparallel->bluepyopt)
  Using cached https://files.pythonhosted.org/packages/fa/bc/9bd3b5c2b4774d5f33b2d544f1460be9df7df2fe42f352135381c347c69a/ipython_genutils-0.2.0-py2.py3-none-any.whl
Collecting parso<0.8.0,>=0.7.0 (from jedi<=0.17.2,>=0.10->ipython>=4->ipyparallel->bluepyopt)
  Using cached https://files.pythonhosted.org/packages/93/d1/e635bdde32890db5aeb2ffbde17e74f68986305a4466b0aa373b861e3f00/parso-0.7.1-py2.py3-none-any.whl
Collecting wcwidth (from prompt-toolkit!=3.0.0,!=3.0.1,<3.1.0,>=2.0.0->ipython>=4->ipyparallel->bluepyopt)
  Using cached https://files.pythonhosted.org/packages/59/7c/e39aca596badaf1b78e8f547c807b04dae603a433d3e7a7e04d67f2ef3e5/wcwidth-0.2.5-py2.py3-none-any.whl
Collecting ptyprocess>=0.5 (from pexpect; sys_platform != "win32"->ipython>=4->ipyparallel->bluepyopt)
  Using cached https://files.pythonhosted.org/packages/22/a6/858897256d0deac81a172289110f31629fc4cee19b6f01283303e18c8db3/ptyprocess-0.7.0-py2.py3-none-any.whl
Installing collected packages: pickleshare, Pebble, numpy, parso, jedi, pygments, setuptools, ipython-genutils, decorator, six, traitlets, backcall, wcwidth, prompt-toolkit, ptyprocess, pexpect, ipython, tornado, entrypoints, jupyter-core, nest-asyncio, python-dateutil, pyzmq, jupyter-client, ipykernel, tqdm, psutil, ipyparallel, future, MarkupSafe, Jinja2, efel, deap, pytz, pandas, bluepyopt
Successfully installed Jinja2-3.0.3 MarkupSafe-2.0.1 Pebble-4.6.3 backcall-0.2.0 bluepyopt-1.11.7 deap-1.3.1 decorator-5.1.1 efel-4.0.4 entrypoints-0.3 future-0.18.2 ipykernel-5.5.6 ipyparallel-8.1.0 ipython-7.16.3 ipython-genutils-0.2.0 jedi-0.17.2 jupyter-client-7.1.2 jupyter-core-4.9.1 nest-asyncio-1.5.4 numpy-1.19.5 pandas-1.1.5 parso-0.7.1 pexpect-4.8.0 pickleshare-0.7.5 prompt-toolkit-3.0.24 psutil-5.9.0 ptyprocess-0.7.0 pygments-2.11.2 python-dateutil-2.8.2 pytz-2021.3 pyzmq-22.3.0 setuptools-59.6.0 six-1.16.0 tornado-6.1 tqdm-4.62.3 traitlets-4.3.3 wcwidth-0.2.5
Current generation:  1
log: 
 gen	nevals	avg    	std    	min    	max   
1  	100   	33.2526	30.7972	2.14988	96.441 

Current generation:  2
log: 
 gen	nevals	avg    	std    	min    	max    
1  	100   	33.2526	30.7972	2.14988	96.441 
2  	100   	32.3575	29.8202	2.14988	96.8377 

Current generation:  3
log: 
 gen	nevals	avg    	std    	min    	max    
1  	100   	33.2526	30.7972	2.14988	96.441 
2  	100   	32.3575	29.8202	2.14988	96.8377
3  	100   	32.3241	28.0915	2.09494	94.0982 

Current generation:  4
log: 
 gen	nevals	avg    	std    	min    	max    
1  	100   	33.2526	30.7972	2.14988	96.441 
2  	100   	32.3575	29.8202	2.14988	96.8377
3  	100   	32.3241	28.0915	2.09494	94.0982
4  	100   	44.0088	31.3543	2.09494	97.1992 

Current generation:  5
log: 
 gen	nevals	avg    	std    	min    	max    
1  	100   	33.2526	30.7972	2.14988	96.441 
2  	100   	32.3575	29.8202	2.14988	96.8377
3  	100   	32.3241	28.0915	2.09494	94.0982
4  	100   	44.0088	31.3543	2.09494	97.1992
5  	100   	26.2814	22.5113	2.09474	97.1992 

Current generation:  6
log: 
 gen	nevals	avg    	std    	min    	max    
1  	100   	33.2526	30.7972	2.14988	96.441 
2  	100   	32.3575	29.8202	2.14988	96.8377
3  	100   	32.3241	28.0915	2.09494	94.0982
4  	100   	44.0088	31.3543	2.09494	97.1992
5  	100   	26.2814	22.5113	2.09474	97.1992
6  	100   	46.0197	30.8173	2.09494	97.6608 

Current generation:  7
log: 
 gen	nevals	avg    	std    	min    	max    
1  	100   	33.2526	30.7972	2.14988	96.441 
2  	100   	32.3575	29.8202	2.14988	96.8377
3  	100   	32.3241	28.0915	2.09494	94.0982
4  	100   	44.0088	31.3543	2.09494	97.1992
5  	100   	26.2814	22.5113	2.09474	97.1992
6  	100   	46.0197	30.8173	2.09494	97.6608
7  	100   	36.7442	30.2589	2.09494	94.2047 

Current generation:  8
log: 
 gen	nevals	avg    	std    	min    	max    
1  	100   	33.2526	30.7972	2.14988	96.441 
2  	100   	32.3575	29.8202	2.14988	96.8377
3  	100   	32.3241	28.0915	2.09494	94.0982
4  	100   	44.0088	31.3543	2.09494	97.1992
5  	100   	26.2814	22.5113	2.09474	97.1992
6  	100   	46.0197	30.8173	2.09494	97.6608
7  	100   	36.7442	30.2589	2.09494	94.2047
8  	100   	25.928 	24.4521	2.09199	98.1143 

Current generation:  9
log: 
 gen	nevals	avg    	std    	min    	max    
1  	100   	33.2526	30.7972	2.14988	96.441 
2  	100   	32.3575	29.8202	2.14988	96.8377
3  	100   	32.3241	28.0915	2.09494	94.0982
4  	100   	44.0088	31.3543	2.09494	97.1992
5  	100   	26.2814	22.5113	2.09474	97.1992
6  	100   	46.0197	30.8173	2.09494	97.6608
7  	100   	36.7442	30.2589	2.09494	94.2047
8  	100   	25.928 	24.4521	2.09199	98.1143
9  	100   	45.7263	27.784 	2.09494	98.1143 

Current generation:  10
log: 
 gen	nevals	avg    	std    	min    	max    
1  	100   	33.2526	30.7972	2.14988	96.441 
2  	100   	32.3575	29.8202	2.14988	96.8377
3  	100   	32.3241	28.0915	2.09494	94.0982
4  	100   	44.0088	31.3543	2.09494	97.1992
5  	100   	26.2814	22.5113	2.09474	97.1992
6  	100   	46.0197	30.8173	2.09494	97.6608
7  	100   	36.7442	30.2589	2.09494	94.2047
8  	100   	25.928 	24.4521	2.09199	98.1143
9  	100   	45.7263	27.784 	2.09494	98.1143
10 	100   	35.7497	29.2744	2.09494	97.9552 

Current generation:  11
log: 
 gen	nevals	avg    	std    	min    	max    
1  	100   	33.2526	30.7972	2.14988	96.441 
2  	100   	32.3575	29.8202	2.14988	96.8377
3  	100   	32.3241	28.0915	2.09494	94.0982
4  	100   	44.0088	31.3543	2.09494	97.1992
5  	100   	26.2814	22.5113	2.09474	97.1992
6  	100   	46.0197	30.8173	2.09494	97.6608
7  	100   	36.7442	30.2589	2.09494	94.2047
8  	100   	25.928 	24.4521	2.09199	98.1143
9  	100   	45.7263	27.784 	2.09494	98.1143
10 	100   	35.7497	29.2744	2.09494	97.9552
11 	100   	29.8372	28.553 	2.09494	93.8321 

Current generation:  12
log: 
 gen	nevals	avg    	std    	min    	max    
1  	100   	33.2526	30.7972	2.14988	96.441 
2  	100   	32.3575	29.8202	2.14988	96.8377
3  	100   	32.3241	28.0915	2.09494	94.0982
4  	100   	44.0088	31.3543	2.09494	97.1992
5  	100   	26.2814	22.5113	2.09474	97.1992
6  	100   	46.0197	30.8173	2.09494	97.6608
7  	100   	36.7442	30.2589	2.09494	94.2047
8  	100   	25.928 	24.4521	2.09199	98.1143
9  	100   	45.7263	27.784 	2.09494	98.1143
10 	100   	35.7497	29.2744	2.09494	97.9552
11 	100   	29.8372	28.553 	2.09494	93.8321
12 	100   	35.7369	23.7785	2.09124	96.3991 

Current generation:  13
log: 
 gen	nevals	avg    	std    	min    	max    
1  	100   	33.2526	30.7972	2.14988	96.441 
2  	100   	32.3575	29.8202	2.14988	96.8377
3  	100   	32.3241	28.0915	2.09494	94.0982
4  	100   	44.0088	31.3543	2.09494	97.1992
5  	100   	26.2814	22.5113	2.09474	97.1992
6  	100   	46.0197	30.8173	2.09494	97.6608
7  	100   	36.7442	30.2589	2.09494	94.2047
8  	100   	25.928 	24.4521	2.09199	98.1143
9  	100   	45.7263	27.784 	2.09494	98.1143
10 	100   	35.7497	29.2744	2.09494	97.9552
11 	100   	29.8372	28.553 	2.09494	93.8321
12 	100   	35.7369	23.7785	2.09124	96.3991
13 	100   	36.0491	34.733 	2.09124	96.3991 

Current generation:  14
log: 
 gen	nevals	avg    	std    	min    	max    
1  	100   	33.2526	30.7972	2.14988	96.441 
2  	100   	32.3575	29.8202	2.14988	96.8377
3  	100   	32.3241	28.0915	2.09494	94.0982
4  	100   	44.0088	31.3543	2.09494	97.1992
5  	100   	26.2814	22.5113	2.09474	97.1992
6  	100   	46.0197	30.8173	2.09494	97.6608
7  	100   	36.7442	30.2589	2.09494	94.2047
8  	100   	25.928 	24.4521	2.09199	98.1143
9  	100   	45.7263	27.784 	2.09494	98.1143
10 	100   	35.7497	29.2744	2.09494	97.9552
11 	100   	29.8372	28.553 	2.09494	93.8321
12 	100   	35.7369	23.7785	2.09124	96.3991
13 	100   	36.0491	34.733 	2.09124	96.3991
14 	100   	33.9897	25.9148	2.09336	97.2481 

Current generation:  15
log: 
 gen	nevals	avg    	std    	min    	max    
1  	100   	33.2526	30.7972	2.14988	96.441 
2  	100   	32.3575	29.8202	2.14988	96.8377
3  	100   	32.3241	28.0915	2.09494	94.0982
4  	100   	44.0088	31.3543	2.09494	97.1992
5  	100   	26.2814	22.5113	2.09474	97.1992
6  	100   	46.0197	30.8173	2.09494	97.6608
7  	100   	36.7442	30.2589	2.09494	94.2047
8  	100   	25.928 	24.4521	2.09199	98.1143
9  	100   	45.7263	27.784 	2.09494	98.1143
10 	100   	35.7497	29.2744	2.09494	97.9552
11 	100   	29.8372	28.553 	2.09494	93.8321
12 	100   	35.7369	23.7785	2.09124	96.3991
13 	100   	36.0491	34.733 	2.09124	96.3991
14 	100   	33.9897	25.9148	2.09336	97.2481
15 	100   	29.3815	33.3176	2.09122	97.2481 

Current generation:  16
log: 
 gen	nevals	avg    	std    	min    	max    
1  	100   	33.2526	30.7972	2.14988	96.441 
2  	100   	32.3575	29.8202	2.14988	96.8377
3  	100   	32.3241	28.0915	2.09494	94.0982
4  	100   	44.0088	31.3543	2.09494	97.1992
5  	100   	26.2814	22.5113	2.09474	97.1992
6  	100   	46.0197	30.8173	2.09494	97.6608
7  	100   	36.7442	30.2589	2.09494	94.2047
8  	100   	25.928 	24.4521	2.09199	98.1143
9  	100   	45.7263	27.784 	2.09494	98.1143
10 	100   	35.7497	29.2744	2.09494	97.9552
11 	100   	29.8372	28.553 	2.09494	93.8321
12 	100   	35.7369	23.7785	2.09124	96.3991
13 	100   	36.0491	34.733 	2.09124	96.3991
14 	100   	33.9897	25.9148	2.09336	97.2481
15 	100   	29.3815	33.3176	2.09122	97.2481
16 	100   	42.9202	26.9026	2.09336	94.1083 

Current generation:  17
log: 
 gen	nevals	avg    	std    	min    	max    
1  	100   	33.2526	30.7972	2.14988	96.441 
2  	100   	32.3575	29.8202	2.14988	96.8377
3  	100   	32.3241	28.0915	2.09494	94.0982
4  	100   	44.0088	31.3543	2.09494	97.1992
5  	100   	26.2814	22.5113	2.09474	97.1992
6  	100   	46.0197	30.8173	2.09494	97.6608
7  	100   	36.7442	30.2589	2.09494	94.2047
8  	100   	25.928 	24.4521	2.09199	98.1143
9  	100   	45.7263	27.784 	2.09494	98.1143
10 	100   	35.7497	29.2744	2.09494	97.9552
11 	100   	29.8372	28.553 	2.09494	93.8321
12 	100   	35.7369	23.7785	2.09124	96.3991
13 	100   	36.0491	34.733 	2.09124	96.3991
14 	100   	33.9897	25.9148	2.09336	97.2481
15 	100   	29.3815	33.3176	2.09122	97.2481
16 	100   	42.9202	26.9026	2.09336	94.1083
17 	100   	25.0694	23.2887	2.09427	97.7944 

Current generation:  18
log: 
 gen	nevals	avg    	std    	min    	max    
1  	100   	33.2526	30.7972	2.14988	96.441 
2  	100   	32.3575	29.8202	2.14988	96.8377
3  	100   	32.3241	28.0915	2.09494	94.0982
4  	100   	44.0088	31.3543	2.09494	97.1992
5  	100   	26.2814	22.5113	2.09474	97.1992
6  	100   	46.0197	30.8173	2.09494	97.6608
7  	100   	36.7442	30.2589	2.09494	94.2047
8  	100   	25.928 	24.4521	2.09199	98.1143
9  	100   	45.7263	27.784 	2.09494	98.1143
10 	100   	35.7497	29.2744	2.09494	97.9552
11 	100   	29.8372	28.553 	2.09494	93.8321
12 	100   	35.7369	23.7785	2.09124	96.3991
13 	100   	36.0491	34.733 	2.09124	96.3991
14 	100   	33.9897	25.9148	2.09336	97.2481
15 	100   	29.3815	33.3176	2.09122	97.2481
16 	100   	42.9202	26.9026	2.09336	94.1083
17 	100   	25.0694	23.2887	2.09427	97.7944
18 	100   	42.8612	31.8267	2.09238	189.256 

Current generation:  19
log: 
 gen	nevals	avg    	std    	min    	max    
1  	100   	33.2526	30.7972	2.14988	96.441 
2  	100   	32.3575	29.8202	2.14988	96.8377
3  	100   	32.3241	28.0915	2.09494	94.0982
4  	100   	44.0088	31.3543	2.09494	97.1992
5  	100   	26.2814	22.5113	2.09474	97.1992
6  	100   	46.0197	30.8173	2.09494	97.6608
7  	100   	36.7442	30.2589	2.09494	94.2047
8  	100   	25.928 	24.4521	2.09199	98.1143
9  	100   	45.7263	27.784 	2.09494	98.1143
10 	100   	35.7497	29.2744	2.09494	97.9552
11 	100   	29.8372	28.553 	2.09494	93.8321
12 	100   	35.7369	23.7785	2.09124	96.3991
13 	100   	36.0491	34.733 	2.09124	96.3991
14 	100   	33.9897	25.9148	2.09336	97.2481
15 	100   	29.3815	33.3176	2.09122	97.2481
16 	100   	42.9202	26.9026	2.09336	94.1083
17 	100   	25.0694	23.2887	2.09427	97.7944
18 	100   	42.8612	31.8267	2.09238	189.256
19 	100   	43.9794	34.8318	2.09089	98.0848 

Current generation:  20
log: 
 gen	nevals	avg    	std    	min    	max    
1  	100   	33.2526	30.7972	2.14988	96.441 
2  	100   	32.3575	29.8202	2.14988	96.8377
3  	100   	32.3241	28.0915	2.09494	94.0982
4  	100   	44.0088	31.3543	2.09494	97.1992
5  	100   	26.2814	22.5113	2.09474	97.1992
6  	100   	46.0197	30.8173	2.09494	97.6608
7  	100   	36.7442	30.2589	2.09494	94.2047
8  	100   	25.928 	24.4521	2.09199	98.1143
9  	100   	45.7263	27.784 	2.09494	98.1143
10 	100   	35.7497	29.2744	2.09494	97.9552
11 	100   	29.8372	28.553 	2.09494	93.8321
12 	100   	35.7369	23.7785	2.09124	96.3991
13 	100   	36.0491	34.733 	2.09124	96.3991
14 	100   	33.9897	25.9148	2.09336	97.2481
15 	100   	29.3815	33.3176	2.09122	97.2481
16 	100   	42.9202	26.9026	2.09336	94.1083
17 	100   	25.0694	23.2887	2.09427	97.7944
18 	100   	42.8612	31.8267	2.09238	189.256
19 	100   	43.9794	34.8318	2.09089	98.0848
20 	100   	27.0685	23.2195	2.09206	94.2157 

Total runtime: 234.7345039844513
Best params: [76.92980810304974, 0.38301442133187863, 0.3515953474401406, 4.734968447352597, 1360.156562576562, 0.02278290754408866, 1.8950160311796034, 4.432073990478784, 120.2505197241588, 0.08557424390054766, 0.9932034745591768, 0.2556635418807777, 18.3457543549793, 1.1632033003704336, 0.0530973542090729, 0.4133523075740809, 2407.033166213419, 1.4844605899774883, 22.93651338594041, -5.503841793762162]
[inact_err, act_err, tau0_err, peak_amp_err, time_to_peak_err]: [1.8933916859871975, 0.1974957799256528, 3.6770243470748054e-07, 4.940495480822359e-08, 6.250000000000178e-08]
Best invs list: [[41.45836040379944, 2.2887280152280405, 0.3200200271077217, 3.4062959854944737, 1441.3852700335458, 1.6853508456530497, 12.706400810286887, 4.870346444687884, 112.75475582125883, 1.4589133713776083, 14.24466529574995, 0.09397312276263066, 159.2247088607296, 23.722090511770027, 0.6993629670007743, 1.4161796321132307, 1121.1277104189323, 1.4115470156147834, 22.760438696196875, 15.412107790886598], [41.45836040379944, 2.2887280152280405, 0.3200200271077217, 3.4062959854944737, 1441.3852700335458, 1.6853508456530497, 12.706400810286887, 4.870346444687884, 112.75475582125883, 1.4589133713776083, 14.24466529574995, 0.09397312276263066, 159.2247088607296, 23.722090511770027, 0.6993629670007743, 1.4161796321132307, 1121.1277104189323, 1.4115470156147834, 22.760438696196875, 15.412107790886598], [76.92980810304974, 0.32204449798763174, 0.3455341272185791, 4.498175350259933, 1360.156562576562, 0.02278290754408866, 3.614484627376272, 4.513056968032767, 103.96679865947186, 0.17665289705778917, 0.9139473764602952, 0.29219329460178933, 69.36123740075917, 1.1632033003704336, 0.04082197535764549, 0.4425773734146819, 1497.103821121696, 1.2800751994054351, 22.92411819570213, -6.216144987003901], [72.66463568668894, 0.32204449798763174, 0.3455341272185791, 4.835587784489454, 1360.156562576562, 0.02278290754408866, 8.790556792379176, 0.6506342582888411, 103.96679865947186, 0.36401902757601423, 0.5417276600530919, 0.29219329460178933, 79.08472800057339, 1.1698420013545276, 0.04082197535764549, 0.11408021615815939, 1727.8377502376484, 1.4442526986674982, 22.92411819570213, -6.216144987003901], [76.92980810304974, 1.4705276313693127, 0.3217297203471401, 4.583603484733408, 1046.957421331921, 0.021596405920279754, 1.0957480113352869, 4.513056968032767, 103.96679865947186, 0.17665289705778917, 0.8027477320592972, 0.06883066070212046, 69.36123740075917, 22.628329140386505, 0.04082197535764549, 0.36267512781237377, 2526.908826501651, 1.2800751994054351, 22.92471739678156, 3.4604025745671727], [76.92980810304974, 1.4705276313693127, 0.3217297203471401, 4.583603484733408, 1046.957421331921, 0.021596405920279754, 1.0957480113352869, 4.513056968032767, 103.96679865947186, 0.17665289705778917, 0.8027477320592972, 0.06883066070212046, 69.36123740075917, 22.628329140386505, 0.04082197535764549, 0.36267512781237377, 2526.908826501651, 1.2800751994054351, 22.92471739678156, 3.4604025745671727], [76.92980810304974, 1.4705276313693127, 0.3217297203471401, 4.583603484733408, 1046.957421331921, 0.021596405920279754, 1.0957480113352869, 4.513056968032767, 103.96679865947186, 0.17665289705778917, 0.8027477320592972, 0.06883066070212046, 69.36123740075917, 22.628329140386505, 0.04082197535764549, 0.36267512781237377, 2526.908826501651, 1.2800751994054351, 22.92471739678156, 3.4604025745671727], [76.96522817228112, 0.49666276761638545, 0.3392025543861964, 4.599587933097504, 1357.8396340347924, 0.033914751470576265, 3.614484627376272, 4.513056968032767, 103.96679865947186, 0.18799994508457418, 1.7454996891559085, 0.29219329460178933, 69.36123740075917, 1.1632033003704336, 0.640049441334706, 0.3817411751930814, 1497.103821121696, 1.2366383422220721, 22.933120009076724, -14.95865488752058], [76.96522817228112, 0.49666276761638545, 0.3392025543861964, 4.599587933097504, 1357.8396340347924, 0.033914751470576265, 3.614484627376272, 4.513056968032767, 103.96679865947186, 0.18799994508457418, 1.7454996891559085, 0.29219329460178933, 69.36123740075917, 1.1632033003704336, 0.640049441334706, 0.3817411751930814, 1497.103821121696, 1.2366383422220721, 22.933120009076724, -14.95865488752058], [76.96522817228112, 0.49666276761638545, 0.3392025543861964, 4.599587933097504, 1357.8396340347924, 0.033914751470576265, 3.614484627376272, 4.513056968032767, 103.96679865947186, 0.18799994508457418, 1.7454996891559085, 0.29219329460178933, 69.36123740075917, 1.1632033003704336, 0.640049441334706, 0.3817411751930814, 1497.103821121696, 1.2366383422220721, 22.933120009076724, -14.95865488752058], [76.96522817228112, 0.49666276761638545, 0.3392025543861964, 4.599587933097504, 1357.8396340347924, 0.033914751470576265, 3.614484627376272, 4.513056968032767, 103.96679865947186, 0.18799994508457418, 1.7454996891559085, 0.29219329460178933, 69.36123740075917, 1.1632033003704336, 0.640049441334706, 0.3817411751930814, 1497.103821121696, 1.2366383422220721, 22.933120009076724, -14.95865488752058], [76.92980810304974, 0.3046322774119203, 0.25423195689671246, 1.3486692995222056, 1360.156562576562, 1.3116374631085854, 3.275177230045125, 4.695952776348583, 155.0581330242894, 0.17665289705778917, 0.4165981590730296, 0.33650910744688556, 5.072133126863877, 5.6101490649740455, 0.1754698142331741, 1.0867262404070037, 1420.3606650424595, 1.756737020650874, 22.935443757836683, -7.126739347112785], [76.92980810304974, 0.3046322774119203, 0.25423195689671246, 1.3486692995222056, 1360.156562576562, 1.3116374631085854, 3.275177230045125, 4.695952776348583, 155.0581330242894, 0.17665289705778917, 0.4165981590730296, 0.33650910744688556, 5.072133126863877, 5.6101490649740455, 0.1754698142331741, 1.0867262404070037, 1420.3606650424595, 1.756737020650874, 22.935443757836683, -7.126739347112785], [76.92980810304974, 0.3046322774119203, 0.25423195689671246, 1.3486692995222056, 1360.156562576562, 1.3116374631085854, 3.275177230045125, 4.695952776348583, 155.0581330242894, 0.17665289705778917, 0.4165981590730296, 0.33650910744688556, 5.072133126863877, 5.6101490649740455, 0.1754698142331741, 1.0867262404070037, 1420.3606650424595, 1.756737020650874, 22.935443757836683, -7.126739347112785], [45.10522295091002, 0.769505274416179, 0.3455341272185791, 4.558727049536617, 1453.777005276286, 0.21799911622404194, 3.128039505777341, 4.715180082529874, 33.51344868744437, 0.17665289705778917, 0.9139473764602952, 0.192966215150078, 28.70215860805575, 4.561779637719276, 0.11269311784925794, 0.4425773734146819, 1460.5145327400442, 1.218059021167, 22.935484118086165, -6.213228439750443], [45.10522295091002, 0.769505274416179, 0.3455341272185791, 4.558727049536617, 1453.777005276286, 0.21799911622404194, 3.128039505777341, 4.715180082529874, 33.51344868744437, 0.17665289705778917, 0.9139473764602952, 0.192966215150078, 28.70215860805575, 4.561779637719276, 0.11269311784925794, 0.4425773734146819, 1460.5145327400442, 1.218059021167, 22.935484118086165, -6.213228439750443], [45.10522295091002, 0.769505274416179, 0.3455341272185791, 4.558727049536617, 1453.777005276286, 0.21799911622404194, 3.128039505777341, 4.715180082529874, 33.51344868744437, 0.17665289705778917, 0.9139473764602952, 0.192966215150078, 28.70215860805575, 4.561779637719276, 0.11269311784925794, 0.4425773734146819, 1460.5145327400442, 1.218059021167, 22.935484118086165, -6.213228439750443], [45.10522295091002, 0.769505274416179, 0.3455341272185791, 4.558727049536617, 1453.777005276286, 0.21799911622404194, 3.128039505777341, 4.715180082529874, 33.51344868744437, 0.17665289705778917, 0.9139473764602952, 0.192966215150078, 28.70215860805575, 4.561779637719276, 0.11269311784925794, 0.4425773734146819, 1460.5145327400442, 1.218059021167, 22.935484118086165, -6.213228439750443], [76.92980810304974, 0.38301442133187863, 0.3515953474401406, 4.734968447352597, 1360.156562576562, 0.02278290754408866, 1.8950160311796034, 4.432073990478784, 120.2505197241588, 0.08557424390054766, 0.9932034745591768, 0.2556635418807777, 18.3457543549793, 1.1632033003704336, 0.0530973542090729, 0.4133523075740809, 2407.033166213419, 1.4844605899774883, 22.93651338594041, -5.503841793762162], [76.92980810304974, 0.38301442133187863, 0.3515953474401406, 4.734968447352597, 1360.156562576562, 0.02278290754408866, 1.8950160311796034, 4.432073990478784, 120.2505197241588, 0.08557424390054766, 0.9932034745591768, 0.2556635418807777, 18.3457543549793, 1.1632033003704336, 0.0530973542090729, 0.4133523075740809, 2407.033166213419, 1.4844605899774883, 22.93651338594041, -5.503841793762162]]
Couldn't generate tau0 data
