Requirement already satisfied: scipy in /global/u1/m/mikelam/.local/cori/3.7-anaconda-2019.07/lib/python3.7/site-packages (1.1.0)
Requirement already satisfied: numpy>=1.8.2 in /global/common/cori_cle7/software/python/3.7-anaconda-2019.07/lib/python3.7/site-packages (from scipy) (1.16.4)
/global/cscratch1/sd/adisaran/neuronBBP_build2/nrn/lib/python/
/global/u1/m/mikelam/SimulatingVariants
mechs/na12_mut.mod mechs/na16.mod mechs/na8stmut.mod mechs/vclmp_pl.mod
na12_mut.mod na16.mod na8stmut.mod vclmp_pl.mod
"/global/cscratch1/sd/adisaran/neuronBBP_build2/nrn/share/nrn/libtool" --tag=CC --mode=compile mpicc -DHAVE_CONFIG_H  -I. -I.. -I"/global/cscratch1/sd/adisaran/neuronBBP_build2/nrn/include/nrn" -I"/global/cscratch1/sd/adisaran/neuronBBP_build2/nrn/x86_64/lib"      -g -O2 -c -o mod_func.lo mod_func.c
libtool: compile:  mpicc -DHAVE_CONFIG_H -I. -I.. -I/global/cscratch1/sd/adisaran/neuronBBP_build2/nrn/include/nrn -I/global/cscratch1/sd/adisaran/neuronBBP_build2/nrn/x86_64/lib -g -O2 -c mod_func.c  -fPIC -DPIC -o .libs/mod_func.o
"/global/cscratch1/sd/adisaran/neuronBBP_build2/nrn/share/nrn/libtool" --tag=CC --mode=link mpicc -module  -g -O2    -o libnrnmech.la -rpath "/global/cscratch1/sd/adisaran/neuronBBP_build2/nrn/x86_64/lib"  na12_mut.lo na16.lo na8stmut.lo vclmp_pl.lo mod_func.lo  -L"/global/cscratch1/sd/adisaran/neuronBBP_build2/nrn/x86_64/lib" -lnrnoc -loc -lmemacs -lnrnmpi -lscopmath -lsparse13 -lreadline -lncurses -ltinfo -L"/global/cscratch1/sd/adisaran/neuronBBP_build2/nrn/x86_64/lib" -lnrniv -livoc -lneuron_gnu -lmeschach -lsundials -livos      -lm -ldl
libtool: link: rm -fr  .libs/libnrnmech.la .libs/libnrnmech.lai .libs/libnrnmech.so .libs/libnrnmech.so.0 .libs/libnrnmech.so.0.0.0
libtool: link: mpicc -shared  -fPIC -DPIC  .libs/na12_mut.o .libs/na16.o .libs/na8stmut.o .libs/vclmp_pl.o .libs/mod_func.o   -Wl,-rpath -Wl,/global/cscratch1/sd/adisaran/neuronBBP_build2/nrn/x86_64/lib -Wl,-rpath -Wl,/global/cscratch1/sd/adisaran/neuronBBP_build2/nrn/x86_64/lib -L/global/cscratch1/sd/adisaran/neuronBBP_build2/nrn/x86_64/lib /global/cscratch1/sd/adisaran/neuronBBP_build2/nrn/x86_64/lib/libnrnoc.so /global/cscratch1/sd/adisaran/neuronBBP_build2/nrn/x86_64/lib/liboc.so /global/cscratch1/sd/adisaran/neuronBBP_build2/nrn/x86_64/lib/libmemacs.so /global/cscratch1/sd/adisaran/neuronBBP_build2/nrn/x86_64/lib/libnrnmpi.so /global/cscratch1/sd/adisaran/neuronBBP_build2/nrn/x86_64/lib/libscopmath.so /global/cscratch1/sd/adisaran/neuronBBP_build2/nrn/x86_64/lib/libsparse13.so /global/cscratch1/sd/adisaran/neuronBBP_build2/nrn/x86_64/lib/libreadline.so -lncurses -ltinfo /global/cscratch1/sd/adisaran/neuronBBP_build2/nrn/x86_64/lib/libnrniv.so /global/cscratch1/sd/adisaran/neuronBBP_build2/nrn/x86_64/lib/libivoc.so /global/cscratch1/sd/adisaran/neuronBBP_build2/nrn/x86_64/lib/libneuron_gnu.so /global/cscratch1/sd/adisaran/neuronBBP_build2/nrn/x86_64/lib/libmeschach.so /global/cscratch1/sd/adisaran/neuronBBP_build2/nrn/x86_64/lib/libsundials.so /global/cscratch1/sd/adisaran/neuronBBP_build2/nrn/x86_64/lib/libivos.so -lm -ldl  -g -O2   -pthread -Wl,-soname -Wl,libnrnmech.so.0 -o .libs/libnrnmech.so.0.0.0
libtool: link: (cd ".libs" && rm -f "libnrnmech.so.0" && ln -s "libnrnmech.so.0.0.0" "libnrnmech.so.0")
libtool: link: (cd ".libs" && rm -f "libnrnmech.so" && ln -s "libnrnmech.so.0.0.0" "libnrnmech.so")
libtool: link: ( cd ".libs" && rm -f "libnrnmech.la" && ln -s "../libnrnmech.la" "libnrnmech.la" )
Successfully created x86_64/special
Collecting scipy
  Using cached https://files.pythonhosted.org/packages/c8/89/63171228d5ced148f5ced50305c89e8576ffc695a90b58fe5bb602b910c2/scipy-1.5.4-cp36-cp36m-manylinux1_x86_64.whl
Collecting numpy>=1.14.5 (from scipy)
  Using cached https://files.pythonhosted.org/packages/45/b2/6c7545bb7a38754d63048c7696804a0d947328125d81bf12beaa692c3ae3/numpy-1.19.5-cp36-cp36m-manylinux1_x86_64.whl
Installing collected packages: numpy, scipy
Successfully installed numpy-1.19.5 scipy-1.5.4
Collecting deap
  Using cached https://files.pythonhosted.org/packages/eb/00/84e60274a4bdd5475fd45b3be3f969bb328862ca2a68b13e4c07d8597389/deap-1.3.1-cp36-cp36m-manylinux1_x86_64.whl
Collecting numpy (from deap)
  Using cached https://files.pythonhosted.org/packages/45/b2/6c7545bb7a38754d63048c7696804a0d947328125d81bf12beaa692c3ae3/numpy-1.19.5-cp36-cp36m-manylinux1_x86_64.whl
Installing collected packages: numpy, deap
Successfully installed deap-1.3.1 numpy-1.19.5
Collecting bluepyopt
  Downloading https://files.pythonhosted.org/packages/16/c3/974f29fcabb22dfb337f217d0b4cd06d584549492dd4284454b744f63413/bluepyopt-1.12.1.tar.gz (199kB)
Collecting numpy>=1.6 (from bluepyopt)
  Using cached https://files.pythonhosted.org/packages/45/b2/6c7545bb7a38754d63048c7696804a0d947328125d81bf12beaa692c3ae3/numpy-1.19.5-cp36-cp36m-manylinux1_x86_64.whl
Collecting pandas>=0.18 (from bluepyopt)
  Using cached https://files.pythonhosted.org/packages/c3/e2/00cacecafbab071c787019f00ad84ca3185952f6bb9bca9550ed83870d4d/pandas-1.1.5-cp36-cp36m-manylinux1_x86_64.whl
Collecting deap (from bluepyopt)
  Using cached https://files.pythonhosted.org/packages/eb/00/84e60274a4bdd5475fd45b3be3f969bb328862ca2a68b13e4c07d8597389/deap-1.3.1-cp36-cp36m-manylinux1_x86_64.whl
Collecting efel>=2.13 (from bluepyopt)
Collecting ipyparallel (from bluepyopt)
  Downloading https://files.pythonhosted.org/packages/58/70/63bff3c813941777529988b8b940c0de282e87f1acd863b5ecbe05669cb3/ipyparallel-8.2.0-py3-none-any.whl (297kB)
Collecting pickleshare>=0.7.3 (from bluepyopt)
  Using cached https://files.pythonhosted.org/packages/9a/41/220f49aaea88bc6fa6cba8d05ecf24676326156c23b991e80b3f2fc24c77/pickleshare-0.7.5-py2.py3-none-any.whl
Collecting Jinja2>=2.8 (from bluepyopt)
  Using cached https://files.pythonhosted.org/packages/20/9a/e5d9ec41927401e41aea8af6d16e78b5e612bca4699d417f646a9610a076/Jinja2-3.0.3-py3-none-any.whl
Collecting future (from bluepyopt)
Collecting Pebble>=4.3.10 (from bluepyopt)
  Using cached https://files.pythonhosted.org/packages/e1/22/16fae923323a173c287e1a8525f2223274fbd70c7b8292d7f25d583f5028/Pebble-4.6.3-py2.py3-none-any.whl
Collecting python-dateutil>=2.7.3 (from pandas>=0.18->bluepyopt)
  Using cached https://files.pythonhosted.org/packages/36/7a/87837f39d0296e723bb9b62bbb257d0355c7f6128853c78955f57342a56d/python_dateutil-2.8.2-py2.py3-none-any.whl
Collecting pytz>=2017.2 (from pandas>=0.18->bluepyopt)
  Using cached https://files.pythonhosted.org/packages/d3/e3/d9f046b5d1c94a3aeab15f1f867aa414f8ee9d196fae6865f1d6a0ee1a0b/pytz-2021.3-py2.py3-none-any.whl
Collecting six (from efel>=2.13->bluepyopt)
  Using cached https://files.pythonhosted.org/packages/d9/5a/e7c31adbe875f2abbb91bd84cf2dc52d792b5a01506781dbcf25c91daf11/six-1.16.0-py2.py3-none-any.whl
Collecting pyzmq>=18 (from ipyparallel->bluepyopt)
  Using cached https://files.pythonhosted.org/packages/4b/d3/0cf139d9149bbf3f052b385842afa4e202ea743d85632815d98d0e67685a/pyzmq-22.3.0-cp36-cp36m-manylinux_2_5_x86_64.manylinux1_x86_64.whl
Collecting tqdm (from ipyparallel->bluepyopt)
  Downloading https://files.pythonhosted.org/packages/81/1c/93a2b77b97cdba15a59c3d2d03e53d3292158d1106d37f579069abd90ece/tqdm-4.63.0-py2.py3-none-any.whl (76kB)
Collecting traitlets>=4.3 (from ipyparallel->bluepyopt)
  Using cached https://files.pythonhosted.org/packages/ca/ab/872a23e29cec3cf2594af7e857f18b687ad21039c1f9b922fac5b9b142d5/traitlets-4.3.3-py2.py3-none-any.whl
Collecting entrypoints (from ipyparallel->bluepyopt)
  Downloading https://files.pythonhosted.org/packages/35/a8/365059bbcd4572cbc41de17fd5b682be5868b218c3c5479071865cab9078/entrypoints-0.4-py3-none-any.whl
Collecting tornado>=5.1 (from ipyparallel->bluepyopt)
  Using cached https://files.pythonhosted.org/packages/01/d1/8750ad20cbcefb499bb8b405e243f83c2c89f78d139e6f8c8d800640f554/tornado-6.1-cp36-cp36m-manylinux1_x86_64.whl
Collecting decorator (from ipyparallel->bluepyopt)
  Using cached https://files.pythonhosted.org/packages/d5/50/83c593b07763e1161326b3b8c6686f0f4b0f24d5526546bee538c89837d6/decorator-5.1.1-py3-none-any.whl
Collecting jupyter-client (from ipyparallel->bluepyopt)
  Using cached https://files.pythonhosted.org/packages/56/a7/f4d3790ce7bb925d3ffe299244501a264f23ee7ec401914f7d788881ea31/jupyter_client-7.1.2-py3-none-any.whl
Collecting psutil (from ipyparallel->bluepyopt)
Collecting ipykernel>=4.4 (from ipyparallel->bluepyopt)
  Using cached https://files.pythonhosted.org/packages/e9/ad/9101e0ab5e84dd117462bb3a1379d31728a849b6886458452e3d97dc6bba/ipykernel-5.5.6-py3-none-any.whl
Collecting ipython>=4 (from ipyparallel->bluepyopt)
  Using cached https://files.pythonhosted.org/packages/53/09/958a4802489d28b2484114ee6414c7502ef57de6f2dbc9095b718640060c/ipython-7.16.3-py3-none-any.whl
Collecting MarkupSafe>=2.0 (from Jinja2>=2.8->bluepyopt)
  Using cached https://files.pythonhosted.org/packages/fc/d6/57f9a97e56447a1e340f8574836d3b636e2c14de304943836bd645fa9c7e/MarkupSafe-2.0.1-cp36-cp36m-manylinux1_x86_64.whl
Collecting importlib-resources; python_version < "3.7" (from tqdm->ipyparallel->bluepyopt)
  Downloading https://files.pythonhosted.org/packages/24/1b/33e489669a94da3ef4562938cd306e8fa915e13939d7b8277cb5569cb405/importlib_resources-5.4.0-py3-none-any.whl
Collecting ipython-genutils (from traitlets>=4.3->ipyparallel->bluepyopt)
  Using cached https://files.pythonhosted.org/packages/fa/bc/9bd3b5c2b4774d5f33b2d544f1460be9df7df2fe42f352135381c347c69a/ipython_genutils-0.2.0-py2.py3-none-any.whl
Collecting jupyter-core>=4.6.0 (from jupyter-client->ipyparallel->bluepyopt)
  Downloading https://files.pythonhosted.org/packages/60/7d/bee50351fe3ff6979e949b9c4c00c556a7a9732ba39b547d07d93450de23/jupyter_core-4.9.2-py3-none-any.whl (86kB)
Collecting nest-asyncio>=1.5 (from jupyter-client->ipyparallel->bluepyopt)
  Using cached https://files.pythonhosted.org/packages/06/e0/93453ebab12f5ce9a9ceda2ff71648b30e5f2ce5bba19ee3c95cbd0aaa67/nest_asyncio-1.5.4-py3-none-any.whl
Collecting backcall (from ipython>=4->ipyparallel->bluepyopt)
  Using cached https://files.pythonhosted.org/packages/4c/1c/ff6546b6c12603d8dd1070aa3c3d273ad4c07f5771689a7b69a550e8c951/backcall-0.2.0-py2.py3-none-any.whl
Collecting setuptools>=18.5 (from ipython>=4->ipyparallel->bluepyopt)
  Using cached https://files.pythonhosted.org/packages/b0/3a/88b210db68e56854d0bcf4b38e165e03be377e13907746f825790f3df5bf/setuptools-59.6.0-py3-none-any.whl
Collecting prompt-toolkit!=3.0.0,!=3.0.1,<3.1.0,>=2.0.0 (from ipython>=4->ipyparallel->bluepyopt)
  Downloading https://files.pythonhosted.org/packages/00/e4/beb2fad0bec554a011b321d0f6b99981f9171c0b05d03a6948e45ac8a5be/prompt_toolkit-3.0.28-py3-none-any.whl (380kB)
Collecting pygments (from ipython>=4->ipyparallel->bluepyopt)
  Using cached https://files.pythonhosted.org/packages/1d/17/ed4d2df187995561b28f1073df24137cb750e12f9879d291cc8ab67c65d2/Pygments-2.11.2-py3-none-any.whl
Collecting jedi<=0.17.2,>=0.10 (from ipython>=4->ipyparallel->bluepyopt)
  Using cached https://files.pythonhosted.org/packages/c3/d4/36136b18daae06ad798966735f6c3fb96869c1be9f8245d2a8f556e40c36/jedi-0.17.2-py2.py3-none-any.whl
Collecting pexpect; sys_platform != "win32" (from ipython>=4->ipyparallel->bluepyopt)
  Using cached https://files.pythonhosted.org/packages/39/7b/88dbb785881c28a102619d46423cb853b46dbccc70d3ac362d99773a78ce/pexpect-4.8.0-py2.py3-none-any.whl
Collecting zipp>=3.1.0; python_version < "3.10" (from importlib-resources; python_version < "3.7"->tqdm->ipyparallel->bluepyopt)
  Downloading https://files.pythonhosted.org/packages/bd/df/d4a4974a3e3957fd1c1fa3082366d7fff6e428ddb55f074bf64876f8e8ad/zipp-3.6.0-py3-none-any.whl
Collecting wcwidth (from prompt-toolkit!=3.0.0,!=3.0.1,<3.1.0,>=2.0.0->ipython>=4->ipyparallel->bluepyopt)
  Using cached https://files.pythonhosted.org/packages/59/7c/e39aca596badaf1b78e8f547c807b04dae603a433d3e7a7e04d67f2ef3e5/wcwidth-0.2.5-py2.py3-none-any.whl
Collecting parso<0.8.0,>=0.7.0 (from jedi<=0.17.2,>=0.10->ipython>=4->ipyparallel->bluepyopt)
  Using cached https://files.pythonhosted.org/packages/93/d1/e635bdde32890db5aeb2ffbde17e74f68986305a4466b0aa373b861e3f00/parso-0.7.1-py2.py3-none-any.whl
Collecting ptyprocess>=0.5 (from pexpect; sys_platform != "win32"->ipython>=4->ipyparallel->bluepyopt)
  Using cached https://files.pythonhosted.org/packages/22/a6/858897256d0deac81a172289110f31629fc4cee19b6f01283303e18c8db3/ptyprocess-0.7.0-py2.py3-none-any.whl
Building wheels for collected packages: bluepyopt
  Running setup.py bdist_wheel for bluepyopt: started
  Running setup.py bdist_wheel for bluepyopt: finished with status 'done'
  Stored in directory: /global/homes/m/mikelam/.cache/pip/wheels/59/e4/cb/0f293e02547bdd3c587ca141a772bce1a6f4499a6673dffcfe
Successfully built bluepyopt
Installing collected packages: numpy, six, python-dateutil, pytz, pandas, deap, efel, pyzmq, zipp, importlib-resources, tqdm, ipython-genutils, decorator, traitlets, entrypoints, tornado, jupyter-core, nest-asyncio, jupyter-client, psutil, backcall, pickleshare, setuptools, wcwidth, prompt-toolkit, pygments, parso, jedi, ptyprocess, pexpect, ipython, ipykernel, ipyparallel, MarkupSafe, Jinja2, future, Pebble, bluepyopt
Successfully installed Jinja2-3.0.3 MarkupSafe-2.0.1 Pebble-4.6.3 backcall-0.2.0 bluepyopt-1.12.1 deap-1.3.1 decorator-5.1.1 efel-4.0.4 entrypoints-0.4 future-0.18.2 importlib-resources-5.4.0 ipykernel-5.5.6 ipyparallel-8.2.0 ipython-7.16.3 ipython-genutils-0.2.0 jedi-0.17.2 jupyter-client-7.1.2 jupyter-core-4.9.2 nest-asyncio-1.5.4 numpy-1.19.5 pandas-1.1.5 parso-0.7.1 pexpect-4.8.0 pickleshare-0.7.5 prompt-toolkit-3.0.28 psutil-5.9.0 ptyprocess-0.7.0 pygments-2.11.2 python-dateutil-2.8.2 pytz-2021.3 pyzmq-22.3.0 setuptools-59.6.0 six-1.16.0 tornado-6.1 tqdm-4.63.0 traitlets-4.3.3 wcwidth-0.2.5 zipp-3.6.0
Couldn't fit curve to recovery.
{'v_half_act': -25.372778269313965, 'gv_slope': 5.979533056640875, 'v_half_ssi': -54.77535847253028, 'ssi_slope': 7.039069712260356, 'tau_fast': 0.001, 'tau_slow': 0.001, 'percent_fast': 1000}
