Defaulting to user installation because normal site-packages is not writeable
Requirement already satisfied: scipy in /global/u2/r/roybens/.local/lib/python3.6/site-packages (1.4.1)
Requirement already satisfied: numpy>=1.13.3 in /global/u2/r/roybens/.local/lib/python3.6/site-packages (from scipy) (1.19.2)
Defaulting to user installation because normal site-packages is not writeable
Requirement already satisfied: deap in /global/u2/r/roybens/.local/lib/python3.6/site-packages (1.3.1)
Requirement already satisfied: numpy in /global/u2/r/roybens/.local/lib/python3.6/site-packages (from deap) (1.19.2)
Defaulting to user installation because normal site-packages is not writeable
Requirement already satisfied: bluepyopt in /global/u2/r/roybens/.local/lib/python3.6/site-packages (1.9.37)
Requirement already satisfied: deap in /global/u2/r/roybens/.local/lib/python3.6/site-packages (from bluepyopt) (1.3.1)
Requirement already satisfied: numpy>=1.6 in /global/u2/r/roybens/.local/lib/python3.6/site-packages (from bluepyopt) (1.19.2)
Requirement already satisfied: pandas>=0.18 in /global/u2/r/roybens/.local/lib/python3.6/site-packages (from bluepyopt) (1.1.3)
Requirement already satisfied: Pebble>=4.3.10 in /global/u2/r/roybens/.local/lib/python3.6/site-packages (from bluepyopt) (4.6.3)
Requirement already satisfied: ipyparallel in /global/u2/r/roybens/.local/lib/python3.6/site-packages (from bluepyopt) (8.2.0)
Requirement already satisfied: future in /global/u2/r/roybens/.local/lib/python3.6/site-packages (from bluepyopt) (0.18.2)
Requirement already satisfied: pickleshare>=0.7.3 in /global/u2/r/roybens/.local/lib/python3.6/site-packages (from bluepyopt) (0.7.5)
Requirement already satisfied: Jinja2>=2.8 in /usr/local/lib/python3.6/dist-packages (from bluepyopt) (3.0.3)
Requirement already satisfied: efel>=2.13 in /global/u2/r/roybens/.local/lib/python3.6/site-packages (from bluepyopt) (3.0.93)
Requirement already satisfied: scoop>=0.7 in /global/u2/r/roybens/.local/lib/python3.6/site-packages (from bluepyopt) (0.7.1.1)
Requirement already satisfied: six in /global/u2/r/roybens/.local/lib/python3.6/site-packages (from efel>=2.13->bluepyopt) (1.15.0)
Requirement already satisfied: MarkupSafe>=2.0 in /global/u2/r/roybens/.local/lib/python3.6/site-packages (from Jinja2>=2.8->bluepyopt) (2.0.1)
Requirement already satisfied: pytz>=2017.2 in /global/u2/r/roybens/.local/lib/python3.6/site-packages (from pandas>=0.18->bluepyopt) (2020.1)
Requirement already satisfied: python-dateutil>=2.7.3 in /global/u2/r/roybens/.local/lib/python3.6/site-packages (from pandas>=0.18->bluepyopt) (2.8.1)
Collecting argparse>=1.1
  Using cached argparse-1.4.0-py2.py3-none-any.whl (23 kB)
Requirement already satisfied: greenlet>=0.3.4 in /global/u2/r/roybens/.local/lib/python3.6/site-packages (from scoop>=0.7->bluepyopt) (0.4.15)
Requirement already satisfied: pyzmq>=13.1.0 in /usr/local/lib/python3.6/dist-packages (from scoop>=0.7->bluepyopt) (22.3.0)
Requirement already satisfied: jupyter-client in /usr/local/lib/python3.6/dist-packages (from ipyparallel->bluepyopt) (7.1.0)
Requirement already satisfied: tqdm in /global/u2/r/roybens/.local/lib/python3.6/site-packages (from ipyparallel->bluepyopt) (4.63.1)
Requirement already satisfied: decorator in /usr/local/lib/python3.6/dist-packages (from ipyparallel->bluepyopt) (5.1.0)
Requirement already satisfied: psutil in /global/u2/r/roybens/.local/lib/python3.6/site-packages (from ipyparallel->bluepyopt) (5.9.0)
Requirement already satisfied: ipykernel>=4.4 in /usr/local/lib/python3.6/dist-packages (from ipyparallel->bluepyopt) (5.5.6)
Requirement already satisfied: traitlets>=4.3 in /global/u2/r/roybens/.local/lib/python3.6/site-packages (from ipyparallel->bluepyopt) (4.3.3)
Requirement already satisfied: tornado>=5.1 in /usr/local/lib/python3.6/dist-packages (from ipyparallel->bluepyopt) (6.1)
Requirement already satisfied: ipython>=4 in /usr/local/lib/python3.6/dist-packages (from ipyparallel->bluepyopt) (7.16.2)
Requirement already satisfied: entrypoints in /usr/local/lib/python3.6/dist-packages (from ipyparallel->bluepyopt) (0.3)
Requirement already satisfied: ipython-genutils in /global/u2/r/roybens/.local/lib/python3.6/site-packages (from ipykernel>=4.4->ipyparallel->bluepyopt) (0.2.0)
Requirement already satisfied: backcall in /global/u2/r/roybens/.local/lib/python3.6/site-packages (from ipython>=4->ipyparallel->bluepyopt) (0.1.0)
Requirement already satisfied: pexpect in /usr/local/lib/python3.6/dist-packages (from ipython>=4->ipyparallel->bluepyopt) (4.8.0)
Requirement already satisfied: setuptools>=18.5 in /global/u2/r/roybens/.local/lib/python3.6/site-packages (from ipython>=4->ipyparallel->bluepyopt) (46.3.0)
Requirement already satisfied: jedi<=0.17.2,>=0.10 in /global/u2/r/roybens/.local/lib/python3.6/site-packages (from ipython>=4->ipyparallel->bluepyopt) (0.17.0)
Requirement already satisfied: prompt-toolkit!=3.0.0,!=3.0.1,<3.1.0,>=2.0.0 in /usr/local/lib/python3.6/dist-packages (from ipython>=4->ipyparallel->bluepyopt) (3.0.23)
Requirement already satisfied: pygments in /usr/local/lib/python3.6/dist-packages (from ipython>=4->ipyparallel->bluepyopt) (2.10.0)
Requirement already satisfied: jupyter-core>=4.6.0 in /usr/local/lib/python3.6/dist-packages (from jupyter-client->ipyparallel->bluepyopt) (4.9.1)
Requirement already satisfied: nest-asyncio>=1.5 in /usr/local/lib/python3.6/dist-packages (from jupyter-client->ipyparallel->bluepyopt) (1.5.4)
Requirement already satisfied: importlib-resources in /global/u2/r/roybens/.local/lib/python3.6/site-packages (from tqdm->ipyparallel->bluepyopt) (5.4.0)
Requirement already satisfied: parso>=0.7.0 in /global/u2/r/roybens/.local/lib/python3.6/site-packages (from jedi<=0.17.2,>=0.10->ipython>=4->ipyparallel->bluepyopt) (0.7.0)
Requirement already satisfied: wcwidth in /usr/local/lib/python3.6/dist-packages (from prompt-toolkit!=3.0.0,!=3.0.1,<3.1.0,>=2.0.0->ipython>=4->ipyparallel->bluepyopt) (0.2.5)
Requirement already satisfied: zipp>=3.1.0 in /usr/local/lib/python3.6/dist-packages (from importlib-resources->tqdm->ipyparallel->bluepyopt) (3.6.0)
Requirement already satisfied: ptyprocess>=0.5 in /global/u2/r/roybens/.local/lib/python3.6/site-packages (from pexpect->ipython>=4->ipyparallel->bluepyopt) (0.6.0)
Installing collected packages: argparse
Successfully installed argparse-1.4.0
