Warning: Python module not loaded, you already have Python loaded via conda init
Fri Jan  7 00:17:37 2022: [unset]:_pmi_alps_init:alps_get_placement_info returned with error -1
Fri Jan  7 00:17:37 2022: [unset]:_pmi_init:_pmi_alps_init returned -1
Reached import hoc
Reached import neuron.hoc
Current generation:  1
log: 
 gen	nevals	avg    	std    	min    	max    
1  	10    	2.38014	1.66475	0.21624	4.68436 

Current generation:  2
log: 
 gen	nevals	avg    	std    	min     	max    
1  	10    	2.38014	1.66475	0.21624 	4.68436
2  	10    	2.36153	1.65561	0.213386	4.86642 

Current generation:  3
log: 
 gen	nevals	avg    	std    	min     	max    
1  	10    	2.38014	1.66475	0.21624 	4.68436
2  	10    	2.36153	1.65561	0.213386	4.86642
3  	10    	1.82728	1.13707	0.21624 	4.50804 

Current generation:  4
log: 
 gen	nevals	avg    	std    	min     	max    
1  	10    	2.38014	1.66475	0.21624 	4.68436
2  	10    	2.36153	1.65561	0.213386	4.86642
3  	10    	1.82728	1.13707	0.21624 	4.50804
4  	10    	2.57501	1.76046	0.21624 	5.59942 

Current generation:  5
log: 
 gen	nevals	avg    	std    	min     	max    
1  	10    	2.38014	1.66475	0.21624 	4.68436
2  	10    	2.36153	1.65561	0.213386	4.86642
3  	10    	1.82728	1.13707	0.21624 	4.50804
4  	10    	2.57501	1.76046	0.21624 	5.59942
5  	10    	2.81148	1.76934	0.21624 	5.59942 

19.771166801452637
[21.313880767862162, 1.9750580475829143, 0.33860243432514, 1.3583419734929838, 973.8807390542286, 0.8799127130466736, 35.187193667262946, 4.75392577323918, 36.23830401541299, 1.5155293249758577, 32.7582639708458, 0.1394410496801344, 42.54814406925901, 0.285811767299239, 1.0072061857853267, 1.1643753103050483, 877.9770863924799, 2.0198295675997264, 18.88792566824418, -6.858983582355929]
[0.2067713602541126, 0.004489492288521176, 0.0007985922795755603, 0.0007010933765899792, 0.0006250000000000178]
/global/homes/m/mikelam/.local/cori/3.7-anaconda-2019.07/lib/python3.7/site-packages/scipy/optimize/minpack.py:794: OptimizeWarning: Covariance of the parameters could not be estimated
  category=OptimizeWarning)
/global/homes/m/mikelam/.local/cori/3.7-anaconda-2019.07/lib/python3.7/site-packages/scipy/optimize/minpack.py:794: OptimizeWarning: Covariance of the parameters could not be estimated
  category=OptimizeWarning)
/global/homes/m/mikelam/.local/cori/3.7-anaconda-2019.07/lib/python3.7/site-packages/scipy/optimize/minpack.py:794: OptimizeWarning: Covariance of the parameters could not be estimated
  category=OptimizeWarning)
/global/homes/m/mikelam/.local/cori/3.7-anaconda-2019.07/lib/python3.7/site-packages/scipy/optimize/minpack.py:794: OptimizeWarning: Covariance of the parameters could not be estimated
  category=OptimizeWarning)
/global/homes/m/mikelam/.local/cori/3.7-anaconda-2019.07/lib/python3.7/site-packages/scipy/optimize/minpack.py:794: OptimizeWarning: Covariance of the parameters could not be estimated
  category=OptimizeWarning)
/global/homes/m/mikelam/.local/cori/3.7-anaconda-2019.07/lib/python3.7/site-packages/scipy/optimize/minpack.py:794: OptimizeWarning: Covariance of the parameters could not be estimated
  category=OptimizeWarning)
/global/homes/m/mikelam/.local/cori/3.7-anaconda-2019.07/lib/python3.7/site-packages/scipy/optimize/minpack.py:794: OptimizeWarning: Covariance of the parameters could not be estimated
  category=OptimizeWarning)
