Warning: Python module not loaded, you already have Python loaded via conda init
Fri Jan  7 19:45:26 2022: [unset]:_pmi_alps_init:alps_get_placement_info returned with error -1
Fri Jan  7 19:45:26 2022: [unset]:_pmi_init:_pmi_alps_init returned -1
Reached import hoc
Reached import neuron.hoc
Current generation:  1
log: 
 gen	nevals	avg    	std    	min     	max    
1  	100   	2.31395	1.90729	0.151812	5.78896 

Current generation:  2
log: 
 gen	nevals	avg    	std    	min     	max    
1  	100   	2.31395	1.90729	0.151812	5.78896
2  	100   	2.30085	1.88439	0.151812	5.82838 

Current generation:  3
log: 
 gen	nevals	avg    	std    	min     	max    
1  	100   	2.31395	1.90729	0.151812	5.78896
2  	100   	2.30085	1.88439	0.151812	5.82838
3  	100   	2.67351	1.57628	0.151812	5.94899 

Current generation:  4
log: 
 gen	nevals	avg    	std    	min     	max    
1  	100   	2.31395	1.90729	0.151812	5.78896
2  	100   	2.30085	1.88439	0.151812	5.82838
3  	100   	2.67351	1.57628	0.151812	5.94899
4  	100   	2.1818 	1.84072	0.151812	5.90578 

Current generation:  5
log: 
 gen	nevals	avg    	std    	min     	max    
1  	100   	2.31395	1.90729	0.151812	5.78896
2  	100   	2.30085	1.88439	0.151812	5.82838
3  	100   	2.67351	1.57628	0.151812	5.94899
4  	100   	2.1818 	1.84072	0.151812	5.90578
5  	100   	2.94264	1.40389	0.164804	5.90578 

Current generation:  6
log: 
 gen	nevals	avg    	std    	min     	max    
1  	100   	2.31395	1.90729	0.151812	5.78896
2  	100   	2.30085	1.88439	0.151812	5.82838
3  	100   	2.67351	1.57628	0.151812	5.94899
4  	100   	2.1818 	1.84072	0.151812	5.90578
5  	100   	2.94264	1.40389	0.164804	5.90578
6  	100   	2.67383	1.80383	0.153336	5.96249 

Current generation:  7
log: 
 gen	nevals	avg    	std    	min     	max    
1  	100   	2.31395	1.90729	0.151812	5.78896
2  	100   	2.30085	1.88439	0.151812	5.82838
3  	100   	2.67351	1.57628	0.151812	5.94899
4  	100   	2.1818 	1.84072	0.151812	5.90578
5  	100   	2.94264	1.40389	0.164804	5.90578
6  	100   	2.67383	1.80383	0.153336	5.96249
7  	100   	1.59725	1.6467 	0.151254	4.85115 

Current generation:  8
log: 
 gen	nevals	avg    	std    	min     	max    
1  	100   	2.31395	1.90729	0.151812	5.78896
2  	100   	2.30085	1.88439	0.151812	5.82838
3  	100   	2.67351	1.57628	0.151812	5.94899
4  	100   	2.1818 	1.84072	0.151812	5.90578
5  	100   	2.94264	1.40389	0.164804	5.90578
6  	100   	2.67383	1.80383	0.153336	5.96249
7  	100   	1.59725	1.6467 	0.151254	4.85115
8  	100   	2.70779	1.40372	0.153336	5.81894 

Current generation:  9
log: 
 gen	nevals	avg    	std    	min     	max    
1  	100   	2.31395	1.90729	0.151812	5.78896
2  	100   	2.30085	1.88439	0.151812	5.82838
3  	100   	2.67351	1.57628	0.151812	5.94899
4  	100   	2.1818 	1.84072	0.151812	5.90578
5  	100   	2.94264	1.40389	0.164804	5.90578
6  	100   	2.67383	1.80383	0.153336	5.96249
7  	100   	1.59725	1.6467 	0.151254	4.85115
8  	100   	2.70779	1.40372	0.153336	5.81894
9  	100   	1.97478	1.57407	0.150781	5.51595 

Current generation:  10
log: 
 gen	nevals	avg    	std    	min     	max    
1  	100   	2.31395	1.90729	0.151812	5.78896
2  	100   	2.30085	1.88439	0.151812	5.82838
3  	100   	2.67351	1.57628	0.151812	5.94899
4  	100   	2.1818 	1.84072	0.151812	5.90578
5  	100   	2.94264	1.40389	0.164804	5.90578
6  	100   	2.67383	1.80383	0.153336	5.96249
7  	100   	1.59725	1.6467 	0.151254	4.85115
8  	100   	2.70779	1.40372	0.153336	5.81894
9  	100   	1.97478	1.57407	0.150781	5.51595
10 	100   	3.25262	1.57694	0.181095	6.42492 

Current generation:  11
log: 
 gen	nevals	avg    	std    	min     	max    
1  	100   	2.31395	1.90729	0.151812	5.78896
2  	100   	2.30085	1.88439	0.151812	5.82838
3  	100   	2.67351	1.57628	0.151812	5.94899
4  	100   	2.1818 	1.84072	0.151812	5.90578
5  	100   	2.94264	1.40389	0.164804	5.90578
6  	100   	2.67383	1.80383	0.153336	5.96249
7  	100   	1.59725	1.6467 	0.151254	4.85115
8  	100   	2.70779	1.40372	0.153336	5.81894
9  	100   	1.97478	1.57407	0.150781	5.51595
10 	100   	3.25262	1.57694	0.181095	6.42492
11 	100   	2.06426	1.42125	0.159689	4.73197 

Current generation:  12
log: 
 gen	nevals	avg    	std    	min     	max    
1  	100   	2.31395	1.90729	0.151812	5.78896
2  	100   	2.30085	1.88439	0.151812	5.82838
3  	100   	2.67351	1.57628	0.151812	5.94899
4  	100   	2.1818 	1.84072	0.151812	5.90578
5  	100   	2.94264	1.40389	0.164804	5.90578
6  	100   	2.67383	1.80383	0.153336	5.96249
7  	100   	1.59725	1.6467 	0.151254	4.85115
8  	100   	2.70779	1.40372	0.153336	5.81894
9  	100   	1.97478	1.57407	0.150781	5.51595
10 	100   	3.25262	1.57694	0.181095	6.42492
11 	100   	2.06426	1.42125	0.159689	4.73197
12 	100   	2.27754	1.39014	0.155645	6.17636 

Current generation:  13
log: 
 gen	nevals	avg    	std    	min     	max    
1  	100   	2.31395	1.90729	0.151812	5.78896
2  	100   	2.30085	1.88439	0.151812	5.82838
3  	100   	2.67351	1.57628	0.151812	5.94899
4  	100   	2.1818 	1.84072	0.151812	5.90578
5  	100   	2.94264	1.40389	0.164804	5.90578
6  	100   	2.67383	1.80383	0.153336	5.96249
7  	100   	1.59725	1.6467 	0.151254	4.85115
8  	100   	2.70779	1.40372	0.153336	5.81894
9  	100   	1.97478	1.57407	0.150781	5.51595
10 	100   	3.25262	1.57694	0.181095	6.42492
11 	100   	2.06426	1.42125	0.159689	4.73197
12 	100   	2.27754	1.39014	0.155645	6.17636
13 	100   	2.06463	1.97477	0.147475	6.17636 

Current generation:  14
log: 
 gen	nevals	avg    	std    	min     	max    
1  	100   	2.31395	1.90729	0.151812	5.78896
2  	100   	2.30085	1.88439	0.151812	5.82838
3  	100   	2.67351	1.57628	0.151812	5.94899
4  	100   	2.1818 	1.84072	0.151812	5.90578
5  	100   	2.94264	1.40389	0.164804	5.90578
6  	100   	2.67383	1.80383	0.153336	5.96249
7  	100   	1.59725	1.6467 	0.151254	4.85115
8  	100   	2.70779	1.40372	0.153336	5.81894
9  	100   	1.97478	1.57407	0.150781	5.51595
10 	100   	3.25262	1.57694	0.181095	6.42492
11 	100   	2.06426	1.42125	0.159689	4.73197
12 	100   	2.27754	1.39014	0.155645	6.17636
13 	100   	2.06463	1.97477	0.147475	6.17636
14 	100   	3.18348	1.34352	0.149006	6.17636 

Current generation:  15
log: 
 gen	nevals	avg    	std    	min     	max    
1  	100   	2.31395	1.90729	0.151812	5.78896
2  	100   	2.30085	1.88439	0.151812	5.82838
3  	100   	2.67351	1.57628	0.151812	5.94899
4  	100   	2.1818 	1.84072	0.151812	5.90578
5  	100   	2.94264	1.40389	0.164804	5.90578
6  	100   	2.67383	1.80383	0.153336	5.96249
7  	100   	1.59725	1.6467 	0.151254	4.85115
8  	100   	2.70779	1.40372	0.153336	5.81894
9  	100   	1.97478	1.57407	0.150781	5.51595
10 	100   	3.25262	1.57694	0.181095	6.42492
11 	100   	2.06426	1.42125	0.159689	4.73197
12 	100   	2.27754	1.39014	0.155645	6.17636
13 	100   	2.06463	1.97477	0.147475	6.17636
14 	100   	3.18348	1.34352	0.149006	6.17636
15 	100   	2.43013	1.62276	0.149006	6.17636 

Current generation:  16
log: 
 gen	nevals	avg    	std    	min     	max    
1  	100   	2.31395	1.90729	0.151812	5.78896
2  	100   	2.30085	1.88439	0.151812	5.82838
3  	100   	2.67351	1.57628	0.151812	5.94899
4  	100   	2.1818 	1.84072	0.151812	5.90578
5  	100   	2.94264	1.40389	0.164804	5.90578
6  	100   	2.67383	1.80383	0.153336	5.96249
7  	100   	1.59725	1.6467 	0.151254	4.85115
8  	100   	2.70779	1.40372	0.153336	5.81894
9  	100   	1.97478	1.57407	0.150781	5.51595
10 	100   	3.25262	1.57694	0.181095	6.42492
11 	100   	2.06426	1.42125	0.159689	4.73197
12 	100   	2.27754	1.39014	0.155645	6.17636
13 	100   	2.06463	1.97477	0.147475	6.17636
14 	100   	3.18348	1.34352	0.149006	6.17636
15 	100   	2.43013	1.62276	0.149006	6.17636
16 	100   	3.16102	1.9167 	0.149006	5.92404 

Current generation:  17
log: 
 gen	nevals	avg    	std    	min     	max    
1  	100   	2.31395	1.90729	0.151812	5.78896
2  	100   	2.30085	1.88439	0.151812	5.82838
3  	100   	2.67351	1.57628	0.151812	5.94899
4  	100   	2.1818 	1.84072	0.151812	5.90578
5  	100   	2.94264	1.40389	0.164804	5.90578
6  	100   	2.67383	1.80383	0.153336	5.96249
7  	100   	1.59725	1.6467 	0.151254	4.85115
8  	100   	2.70779	1.40372	0.153336	5.81894
9  	100   	1.97478	1.57407	0.150781	5.51595
10 	100   	3.25262	1.57694	0.181095	6.42492
11 	100   	2.06426	1.42125	0.159689	4.73197
12 	100   	2.27754	1.39014	0.155645	6.17636
13 	100   	2.06463	1.97477	0.147475	6.17636
14 	100   	3.18348	1.34352	0.149006	6.17636
15 	100   	2.43013	1.62276	0.149006	6.17636
16 	100   	3.16102	1.9167 	0.149006	5.92404
17 	100   	1.90799	1.19683	0.149378	5.13107 

Current generation:  18
log: 
 gen	nevals	avg    	std    	min     	max    
1  	100   	2.31395	1.90729	0.151812	5.78896
2  	100   	2.30085	1.88439	0.151812	5.82838
3  	100   	2.67351	1.57628	0.151812	5.94899
4  	100   	2.1818 	1.84072	0.151812	5.90578
5  	100   	2.94264	1.40389	0.164804	5.90578
6  	100   	2.67383	1.80383	0.153336	5.96249
7  	100   	1.59725	1.6467 	0.151254	4.85115
8  	100   	2.70779	1.40372	0.153336	5.81894
9  	100   	1.97478	1.57407	0.150781	5.51595
10 	100   	3.25262	1.57694	0.181095	6.42492
11 	100   	2.06426	1.42125	0.159689	4.73197
12 	100   	2.27754	1.39014	0.155645	6.17636
13 	100   	2.06463	1.97477	0.147475	6.17636
14 	100   	3.18348	1.34352	0.149006	6.17636
15 	100   	2.43013	1.62276	0.149006	6.17636
16 	100   	3.16102	1.9167 	0.149006	5.92404
17 	100   	1.90799	1.19683	0.149378	5.13107
18 	100   	1.78414	1.80575	0.149378	5.61691 

Current generation:  19
log: 
 gen	nevals	avg    	std    	min     	max    
1  	100   	2.31395	1.90729	0.151812	5.78896
2  	100   	2.30085	1.88439	0.151812	5.82838
3  	100   	2.67351	1.57628	0.151812	5.94899
4  	100   	2.1818 	1.84072	0.151812	5.90578
5  	100   	2.94264	1.40389	0.164804	5.90578
6  	100   	2.67383	1.80383	0.153336	5.96249
7  	100   	1.59725	1.6467 	0.151254	4.85115
8  	100   	2.70779	1.40372	0.153336	5.81894
9  	100   	1.97478	1.57407	0.150781	5.51595
10 	100   	3.25262	1.57694	0.181095	6.42492
11 	100   	2.06426	1.42125	0.159689	4.73197
12 	100   	2.27754	1.39014	0.155645	6.17636
13 	100   	2.06463	1.97477	0.147475	6.17636
14 	100   	3.18348	1.34352	0.149006	6.17636
15 	100   	2.43013	1.62276	0.149006	6.17636
16 	100   	3.16102	1.9167 	0.149006	5.92404
17 	100   	1.90799	1.19683	0.149378	5.13107
18 	100   	1.78414	1.80575	0.149378	5.61691
19 	100   	3.11694	1.51505	0.149192	5.96116 

Current generation:  20
log: 
 gen	nevals	avg    	std    	min     	max    
1  	100   	2.31395	1.90729	0.151812	5.78896
2  	100   	2.30085	1.88439	0.151812	5.82838
3  	100   	2.67351	1.57628	0.151812	5.94899
4  	100   	2.1818 	1.84072	0.151812	5.90578
5  	100   	2.94264	1.40389	0.164804	5.90578
6  	100   	2.67383	1.80383	0.153336	5.96249
7  	100   	1.59725	1.6467 	0.151254	4.85115
8  	100   	2.70779	1.40372	0.153336	5.81894
9  	100   	1.97478	1.57407	0.150781	5.51595
10 	100   	3.25262	1.57694	0.181095	6.42492
11 	100   	2.06426	1.42125	0.159689	4.73197
12 	100   	2.27754	1.39014	0.155645	6.17636
13 	100   	2.06463	1.97477	0.147475	6.17636
14 	100   	3.18348	1.34352	0.149006	6.17636
15 	100   	2.43013	1.62276	0.149006	6.17636
16 	100   	3.16102	1.9167 	0.149006	5.92404
17 	100   	1.90799	1.19683	0.149378	5.13107
18 	100   	1.78414	1.80575	0.149378	5.61691
19 	100   	3.11694	1.51505	0.149192	5.96116
20 	100   	1.92979	1.61006	0.149192	5.70395 

Current generation:  21
log: 
 gen	nevals	avg    	std    	min     	max    
1  	100   	2.31395	1.90729	0.151812	5.78896
2  	100   	2.30085	1.88439	0.151812	5.82838
3  	100   	2.67351	1.57628	0.151812	5.94899
4  	100   	2.1818 	1.84072	0.151812	5.90578
5  	100   	2.94264	1.40389	0.164804	5.90578
6  	100   	2.67383	1.80383	0.153336	5.96249
7  	100   	1.59725	1.6467 	0.151254	4.85115
8  	100   	2.70779	1.40372	0.153336	5.81894
9  	100   	1.97478	1.57407	0.150781	5.51595
10 	100   	3.25262	1.57694	0.181095	6.42492
11 	100   	2.06426	1.42125	0.159689	4.73197
12 	100   	2.27754	1.39014	0.155645	6.17636
13 	100   	2.06463	1.97477	0.147475	6.17636
14 	100   	3.18348	1.34352	0.149006	6.17636
15 	100   	2.43013	1.62276	0.149006	6.17636
16 	100   	3.16102	1.9167 	0.149006	5.92404
17 	100   	1.90799	1.19683	0.149378	5.13107
18 	100   	1.78414	1.80575	0.149378	5.61691
19 	100   	3.11694	1.51505	0.149192	5.96116
20 	100   	1.92979	1.61006	0.149192	5.70395
21 	100   	3.53735	1.55815	0.165447	5.81487 

Current generation:  22
log: 
 gen	nevals	avg    	std    	min     	max    
1  	100   	2.31395	1.90729	0.151812	5.78896
2  	100   	2.30085	1.88439	0.151812	5.82838
3  	100   	2.67351	1.57628	0.151812	5.94899
4  	100   	2.1818 	1.84072	0.151812	5.90578
5  	100   	2.94264	1.40389	0.164804	5.90578
6  	100   	2.67383	1.80383	0.153336	5.96249
7  	100   	1.59725	1.6467 	0.151254	4.85115
8  	100   	2.70779	1.40372	0.153336	5.81894
9  	100   	1.97478	1.57407	0.150781	5.51595
10 	100   	3.25262	1.57694	0.181095	6.42492
11 	100   	2.06426	1.42125	0.159689	4.73197
12 	100   	2.27754	1.39014	0.155645	6.17636
13 	100   	2.06463	1.97477	0.147475	6.17636
14 	100   	3.18348	1.34352	0.149006	6.17636
15 	100   	2.43013	1.62276	0.149006	6.17636
16 	100   	3.16102	1.9167 	0.149006	5.92404
17 	100   	1.90799	1.19683	0.149378	5.13107
18 	100   	1.78414	1.80575	0.149378	5.61691
19 	100   	3.11694	1.51505	0.149192	5.96116
20 	100   	1.92979	1.61006	0.149192	5.70395
21 	100   	3.53735	1.55815	0.165447	5.81487
22 	100   	1.91299	1.37199	0.152558	5.28653 

Current generation:  23
log: 
 gen	nevals	avg    	std    	min     	max    
1  	100   	2.31395	1.90729	0.151812	5.78896
2  	100   	2.30085	1.88439	0.151812	5.82838
3  	100   	2.67351	1.57628	0.151812	5.94899
4  	100   	2.1818 	1.84072	0.151812	5.90578
5  	100   	2.94264	1.40389	0.164804	5.90578
6  	100   	2.67383	1.80383	0.153336	5.96249
7  	100   	1.59725	1.6467 	0.151254	4.85115
8  	100   	2.70779	1.40372	0.153336	5.81894
9  	100   	1.97478	1.57407	0.150781	5.51595
10 	100   	3.25262	1.57694	0.181095	6.42492
11 	100   	2.06426	1.42125	0.159689	4.73197
12 	100   	2.27754	1.39014	0.155645	6.17636
13 	100   	2.06463	1.97477	0.147475	6.17636
14 	100   	3.18348	1.34352	0.149006	6.17636
15 	100   	2.43013	1.62276	0.149006	6.17636
16 	100   	3.16102	1.9167 	0.149006	5.92404
17 	100   	1.90799	1.19683	0.149378	5.13107
18 	100   	1.78414	1.80575	0.149378	5.61691
19 	100   	3.11694	1.51505	0.149192	5.96116
20 	100   	1.92979	1.61006	0.149192	5.70395
21 	100   	3.53735	1.55815	0.165447	5.81487
22 	100   	1.91299	1.37199	0.152558	5.28653
23 	100   	2.49776	1.85395	0.152558	5.87458 

Current generation:  24
log: 
 gen	nevals	avg    	std    	min     	max    
1  	100   	2.31395	1.90729	0.151812	5.78896
2  	100   	2.30085	1.88439	0.151812	5.82838
3  	100   	2.67351	1.57628	0.151812	5.94899
4  	100   	2.1818 	1.84072	0.151812	5.90578
5  	100   	2.94264	1.40389	0.164804	5.90578
6  	100   	2.67383	1.80383	0.153336	5.96249
7  	100   	1.59725	1.6467 	0.151254	4.85115
8  	100   	2.70779	1.40372	0.153336	5.81894
9  	100   	1.97478	1.57407	0.150781	5.51595
10 	100   	3.25262	1.57694	0.181095	6.42492
11 	100   	2.06426	1.42125	0.159689	4.73197
12 	100   	2.27754	1.39014	0.155645	6.17636
13 	100   	2.06463	1.97477	0.147475	6.17636
14 	100   	3.18348	1.34352	0.149006	6.17636
15 	100   	2.43013	1.62276	0.149006	6.17636
16 	100   	3.16102	1.9167 	0.149006	5.92404
17 	100   	1.90799	1.19683	0.149378	5.13107
18 	100   	1.78414	1.80575	0.149378	5.61691
19 	100   	3.11694	1.51505	0.149192	5.96116
20 	100   	1.92979	1.61006	0.149192	5.70395
21 	100   	3.53735	1.55815	0.165447	5.81487
22 	100   	1.91299	1.37199	0.152558	5.28653
23 	100   	2.49776	1.85395	0.152558	5.87458
24 	100   	2.97003	1.23027	0.152558	6.42589 

Current generation:  25
log: 
 gen	nevals	avg    	std    	min     	max    
1  	100   	2.31395	1.90729	0.151812	5.78896
2  	100   	2.30085	1.88439	0.151812	5.82838
3  	100   	2.67351	1.57628	0.151812	5.94899
4  	100   	2.1818 	1.84072	0.151812	5.90578
5  	100   	2.94264	1.40389	0.164804	5.90578
6  	100   	2.67383	1.80383	0.153336	5.96249
7  	100   	1.59725	1.6467 	0.151254	4.85115
8  	100   	2.70779	1.40372	0.153336	5.81894
9  	100   	1.97478	1.57407	0.150781	5.51595
10 	100   	3.25262	1.57694	0.181095	6.42492
11 	100   	2.06426	1.42125	0.159689	4.73197
12 	100   	2.27754	1.39014	0.155645	6.17636
13 	100   	2.06463	1.97477	0.147475	6.17636
14 	100   	3.18348	1.34352	0.149006	6.17636
15 	100   	2.43013	1.62276	0.149006	6.17636
16 	100   	3.16102	1.9167 	0.149006	5.92404
17 	100   	1.90799	1.19683	0.149378	5.13107
18 	100   	1.78414	1.80575	0.149378	5.61691
19 	100   	3.11694	1.51505	0.149192	5.96116
20 	100   	1.92979	1.61006	0.149192	5.70395
21 	100   	3.53735	1.55815	0.165447	5.81487
22 	100   	1.91299	1.37199	0.152558	5.28653
23 	100   	2.49776	1.85395	0.152558	5.87458
24 	100   	2.97003	1.23027	0.152558	6.42589
25 	100   	2.88046	1.73436	0.152558	6.42589 

Current generation:  26
log: 
 gen	nevals	avg    	std    	min     	max    
1  	100   	2.31395	1.90729	0.151812	5.78896
2  	100   	2.30085	1.88439	0.151812	5.82838
3  	100   	2.67351	1.57628	0.151812	5.94899
4  	100   	2.1818 	1.84072	0.151812	5.90578
5  	100   	2.94264	1.40389	0.164804	5.90578
6  	100   	2.67383	1.80383	0.153336	5.96249
7  	100   	1.59725	1.6467 	0.151254	4.85115
8  	100   	2.70779	1.40372	0.153336	5.81894
9  	100   	1.97478	1.57407	0.150781	5.51595
10 	100   	3.25262	1.57694	0.181095	6.42492
11 	100   	2.06426	1.42125	0.159689	4.73197
12 	100   	2.27754	1.39014	0.155645	6.17636
13 	100   	2.06463	1.97477	0.147475	6.17636
14 	100   	3.18348	1.34352	0.149006	6.17636
15 	100   	2.43013	1.62276	0.149006	6.17636
16 	100   	3.16102	1.9167 	0.149006	5.92404
17 	100   	1.90799	1.19683	0.149378	5.13107
18 	100   	1.78414	1.80575	0.149378	5.61691
19 	100   	3.11694	1.51505	0.149192	5.96116
20 	100   	1.92979	1.61006	0.149192	5.70395
21 	100   	3.53735	1.55815	0.165447	5.81487
22 	100   	1.91299	1.37199	0.152558	5.28653
23 	100   	2.49776	1.85395	0.152558	5.87458
24 	100   	2.97003	1.23027	0.152558	6.42589
25 	100   	2.88046	1.73436	0.152558	6.42589
26 	100   	1.57808	1.26607	0.152558	5.07568 

Current generation:  27
log: 
 gen	nevals	avg    	std    	min     	max    
1  	100   	2.31395	1.90729	0.151812	5.78896
2  	100   	2.30085	1.88439	0.151812	5.82838
3  	100   	2.67351	1.57628	0.151812	5.94899
4  	100   	2.1818 	1.84072	0.151812	5.90578
5  	100   	2.94264	1.40389	0.164804	5.90578
6  	100   	2.67383	1.80383	0.153336	5.96249
7  	100   	1.59725	1.6467 	0.151254	4.85115
8  	100   	2.70779	1.40372	0.153336	5.81894
9  	100   	1.97478	1.57407	0.150781	5.51595
10 	100   	3.25262	1.57694	0.181095	6.42492
11 	100   	2.06426	1.42125	0.159689	4.73197
12 	100   	2.27754	1.39014	0.155645	6.17636
13 	100   	2.06463	1.97477	0.147475	6.17636
14 	100   	3.18348	1.34352	0.149006	6.17636
15 	100   	2.43013	1.62276	0.149006	6.17636
16 	100   	3.16102	1.9167 	0.149006	5.92404
17 	100   	1.90799	1.19683	0.149378	5.13107
18 	100   	1.78414	1.80575	0.149378	5.61691
19 	100   	3.11694	1.51505	0.149192	5.96116
20 	100   	1.92979	1.61006	0.149192	5.70395
21 	100   	3.53735	1.55815	0.165447	5.81487
22 	100   	1.91299	1.37199	0.152558	5.28653
23 	100   	2.49776	1.85395	0.152558	5.87458
24 	100   	2.97003	1.23027	0.152558	6.42589
25 	100   	2.88046	1.73436	0.152558	6.42589
26 	100   	1.57808	1.26607	0.152558	5.07568
27 	100   	1.88971	1.73201	0.150049	5.11488 

Current generation:  28
log: 
 gen	nevals	avg    	std    	min     	max    
1  	100   	2.31395	1.90729	0.151812	5.78896
2  	100   	2.30085	1.88439	0.151812	5.82838
3  	100   	2.67351	1.57628	0.151812	5.94899
4  	100   	2.1818 	1.84072	0.151812	5.90578
5  	100   	2.94264	1.40389	0.164804	5.90578
6  	100   	2.67383	1.80383	0.153336	5.96249
7  	100   	1.59725	1.6467 	0.151254	4.85115
8  	100   	2.70779	1.40372	0.153336	5.81894
9  	100   	1.97478	1.57407	0.150781	5.51595
10 	100   	3.25262	1.57694	0.181095	6.42492
11 	100   	2.06426	1.42125	0.159689	4.73197
12 	100   	2.27754	1.39014	0.155645	6.17636
13 	100   	2.06463	1.97477	0.147475	6.17636
14 	100   	3.18348	1.34352	0.149006	6.17636
15 	100   	2.43013	1.62276	0.149006	6.17636
16 	100   	3.16102	1.9167 	0.149006	5.92404
17 	100   	1.90799	1.19683	0.149378	5.13107
18 	100   	1.78414	1.80575	0.149378	5.61691
19 	100   	3.11694	1.51505	0.149192	5.96116
20 	100   	1.92979	1.61006	0.149192	5.70395
21 	100   	3.53735	1.55815	0.165447	5.81487
22 	100   	1.91299	1.37199	0.152558	5.28653
23 	100   	2.49776	1.85395	0.152558	5.87458
24 	100   	2.97003	1.23027	0.152558	6.42589
25 	100   	2.88046	1.73436	0.152558	6.42589
26 	100   	1.57808	1.26607	0.152558	5.07568
27 	100   	1.88971	1.73201	0.150049	5.11488
28 	100   	2.93975	1.34476	0.154094	5.85086 

Current generation:  29
log: 
 gen	nevals	avg    	std    	min     	max    
1  	100   	2.31395	1.90729	0.151812	5.78896
2  	100   	2.30085	1.88439	0.151812	5.82838
3  	100   	2.67351	1.57628	0.151812	5.94899
4  	100   	2.1818 	1.84072	0.151812	5.90578
5  	100   	2.94264	1.40389	0.164804	5.90578
6  	100   	2.67383	1.80383	0.153336	5.96249
7  	100   	1.59725	1.6467 	0.151254	4.85115
8  	100   	2.70779	1.40372	0.153336	5.81894
9  	100   	1.97478	1.57407	0.150781	5.51595
10 	100   	3.25262	1.57694	0.181095	6.42492
11 	100   	2.06426	1.42125	0.159689	4.73197
12 	100   	2.27754	1.39014	0.155645	6.17636
13 	100   	2.06463	1.97477	0.147475	6.17636
14 	100   	3.18348	1.34352	0.149006	6.17636
15 	100   	2.43013	1.62276	0.149006	6.17636
16 	100   	3.16102	1.9167 	0.149006	5.92404
17 	100   	1.90799	1.19683	0.149378	5.13107
18 	100   	1.78414	1.80575	0.149378	5.61691
19 	100   	3.11694	1.51505	0.149192	5.96116
20 	100   	1.92979	1.61006	0.149192	5.70395
21 	100   	3.53735	1.55815	0.165447	5.81487
22 	100   	1.91299	1.37199	0.152558	5.28653
23 	100   	2.49776	1.85395	0.152558	5.87458
24 	100   	2.97003	1.23027	0.152558	6.42589
25 	100   	2.88046	1.73436	0.152558	6.42589
26 	100   	1.57808	1.26607	0.152558	5.07568
27 	100   	1.88971	1.73201	0.150049	5.11488
28 	100   	2.93975	1.34476	0.154094	5.85086
29 	100   	3.15548	1.74481	0.154094	5.96335 

Current generation:  30
log: 
 gen	nevals	avg    	std    	min     	max    
1  	100   	2.31395	1.90729	0.151812	5.78896
2  	100   	2.30085	1.88439	0.151812	5.82838
3  	100   	2.67351	1.57628	0.151812	5.94899
4  	100   	2.1818 	1.84072	0.151812	5.90578
5  	100   	2.94264	1.40389	0.164804	5.90578
6  	100   	2.67383	1.80383	0.153336	5.96249
7  	100   	1.59725	1.6467 	0.151254	4.85115
8  	100   	2.70779	1.40372	0.153336	5.81894
9  	100   	1.97478	1.57407	0.150781	5.51595
10 	100   	3.25262	1.57694	0.181095	6.42492
11 	100   	2.06426	1.42125	0.159689	4.73197
12 	100   	2.27754	1.39014	0.155645	6.17636
13 	100   	2.06463	1.97477	0.147475	6.17636
14 	100   	3.18348	1.34352	0.149006	6.17636
15 	100   	2.43013	1.62276	0.149006	6.17636
16 	100   	3.16102	1.9167 	0.149006	5.92404
17 	100   	1.90799	1.19683	0.149378	5.13107
18 	100   	1.78414	1.80575	0.149378	5.61691
19 	100   	3.11694	1.51505	0.149192	5.96116
20 	100   	1.92979	1.61006	0.149192	5.70395
21 	100   	3.53735	1.55815	0.165447	5.81487
22 	100   	1.91299	1.37199	0.152558	5.28653
23 	100   	2.49776	1.85395	0.152558	5.87458
24 	100   	2.97003	1.23027	0.152558	6.42589
25 	100   	2.88046	1.73436	0.152558	6.42589
26 	100   	1.57808	1.26607	0.152558	5.07568
27 	100   	1.88971	1.73201	0.150049	5.11488
28 	100   	2.93975	1.34476	0.154094	5.85086
29 	100   	3.15548	1.74481	0.154094	5.96335
30 	100   	1.65741	1.29121	0.154094	7.2673  

Current generation:  31
log: 
 gen	nevals	avg    	std    	min     	max    
1  	100   	2.31395	1.90729	0.151812	5.78896
2  	100   	2.30085	1.88439	0.151812	5.82838
3  	100   	2.67351	1.57628	0.151812	5.94899
4  	100   	2.1818 	1.84072	0.151812	5.90578
5  	100   	2.94264	1.40389	0.164804	5.90578
6  	100   	2.67383	1.80383	0.153336	5.96249
7  	100   	1.59725	1.6467 	0.151254	4.85115
8  	100   	2.70779	1.40372	0.153336	5.81894
9  	100   	1.97478	1.57407	0.150781	5.51595
10 	100   	3.25262	1.57694	0.181095	6.42492
11 	100   	2.06426	1.42125	0.159689	4.73197
12 	100   	2.27754	1.39014	0.155645	6.17636
13 	100   	2.06463	1.97477	0.147475	6.17636
14 	100   	3.18348	1.34352	0.149006	6.17636
15 	100   	2.43013	1.62276	0.149006	6.17636
16 	100   	3.16102	1.9167 	0.149006	5.92404
17 	100   	1.90799	1.19683	0.149378	5.13107
18 	100   	1.78414	1.80575	0.149378	5.61691
19 	100   	3.11694	1.51505	0.149192	5.96116
20 	100   	1.92979	1.61006	0.149192	5.70395
21 	100   	3.53735	1.55815	0.165447	5.81487
22 	100   	1.91299	1.37199	0.152558	5.28653
23 	100   	2.49776	1.85395	0.152558	5.87458
24 	100   	2.97003	1.23027	0.152558	6.42589
25 	100   	2.88046	1.73436	0.152558	6.42589
26 	100   	1.57808	1.26607	0.152558	5.07568
27 	100   	1.88971	1.73201	0.150049	5.11488
28 	100   	2.93975	1.34476	0.154094	5.85086
29 	100   	3.15548	1.74481	0.154094	5.96335
30 	100   	1.65741	1.29121	0.154094	7.2673 
31 	100   	2.19643	1.85095	0.153221	7.2673  

Current generation:  32
log: 
 gen	nevals	avg    	std    	min     	max    
1  	100   	2.31395	1.90729	0.151812	5.78896
2  	100   	2.30085	1.88439	0.151812	5.82838
3  	100   	2.67351	1.57628	0.151812	5.94899
4  	100   	2.1818 	1.84072	0.151812	5.90578
5  	100   	2.94264	1.40389	0.164804	5.90578
6  	100   	2.67383	1.80383	0.153336	5.96249
7  	100   	1.59725	1.6467 	0.151254	4.85115
8  	100   	2.70779	1.40372	0.153336	5.81894
9  	100   	1.97478	1.57407	0.150781	5.51595
10 	100   	3.25262	1.57694	0.181095	6.42492
11 	100   	2.06426	1.42125	0.159689	4.73197
12 	100   	2.27754	1.39014	0.155645	6.17636
13 	100   	2.06463	1.97477	0.147475	6.17636
14 	100   	3.18348	1.34352	0.149006	6.17636
15 	100   	2.43013	1.62276	0.149006	6.17636
16 	100   	3.16102	1.9167 	0.149006	5.92404
17 	100   	1.90799	1.19683	0.149378	5.13107
18 	100   	1.78414	1.80575	0.149378	5.61691
19 	100   	3.11694	1.51505	0.149192	5.96116
20 	100   	1.92979	1.61006	0.149192	5.70395
21 	100   	3.53735	1.55815	0.165447	5.81487
22 	100   	1.91299	1.37199	0.152558	5.28653
23 	100   	2.49776	1.85395	0.152558	5.87458
24 	100   	2.97003	1.23027	0.152558	6.42589
25 	100   	2.88046	1.73436	0.152558	6.42589
26 	100   	1.57808	1.26607	0.152558	5.07568
27 	100   	1.88971	1.73201	0.150049	5.11488
28 	100   	2.93975	1.34476	0.154094	5.85086
29 	100   	3.15548	1.74481	0.154094	5.96335
30 	100   	1.65741	1.29121	0.154094	7.2673 
31 	100   	2.19643	1.85095	0.153221	7.2673 
32 	100   	4.16415	1.52093	0.187041	7.2673  

Current generation:  33
log: 
 gen	nevals	avg    	std    	min     	max    
1  	100   	2.31395	1.90729	0.151812	5.78896
2  	100   	2.30085	1.88439	0.151812	5.82838
3  	100   	2.67351	1.57628	0.151812	5.94899
4  	100   	2.1818 	1.84072	0.151812	5.90578
5  	100   	2.94264	1.40389	0.164804	5.90578
6  	100   	2.67383	1.80383	0.153336	5.96249
7  	100   	1.59725	1.6467 	0.151254	4.85115
8  	100   	2.70779	1.40372	0.153336	5.81894
9  	100   	1.97478	1.57407	0.150781	5.51595
10 	100   	3.25262	1.57694	0.181095	6.42492
11 	100   	2.06426	1.42125	0.159689	4.73197
12 	100   	2.27754	1.39014	0.155645	6.17636
13 	100   	2.06463	1.97477	0.147475	6.17636
14 	100   	3.18348	1.34352	0.149006	6.17636
15 	100   	2.43013	1.62276	0.149006	6.17636
16 	100   	3.16102	1.9167 	0.149006	5.92404
17 	100   	1.90799	1.19683	0.149378	5.13107
18 	100   	1.78414	1.80575	0.149378	5.61691
19 	100   	3.11694	1.51505	0.149192	5.96116
20 	100   	1.92979	1.61006	0.149192	5.70395
21 	100   	3.53735	1.55815	0.165447	5.81487
22 	100   	1.91299	1.37199	0.152558	5.28653
23 	100   	2.49776	1.85395	0.152558	5.87458
24 	100   	2.97003	1.23027	0.152558	6.42589
25 	100   	2.88046	1.73436	0.152558	6.42589
26 	100   	1.57808	1.26607	0.152558	5.07568
27 	100   	1.88971	1.73201	0.150049	5.11488
28 	100   	2.93975	1.34476	0.154094	5.85086
29 	100   	3.15548	1.74481	0.154094	5.96335
30 	100   	1.65741	1.29121	0.154094	7.2673 
31 	100   	2.19643	1.85095	0.153221	7.2673 
32 	100   	4.16415	1.52093	0.187041	7.2673 
33 	100   	2.52611	1.25471	0.159923	5.33104 

Current generation:  34
log: 
 gen	nevals	avg    	std    	min     	max    
1  	100   	2.31395	1.90729	0.151812	5.78896
2  	100   	2.30085	1.88439	0.151812	5.82838
3  	100   	2.67351	1.57628	0.151812	5.94899
4  	100   	2.1818 	1.84072	0.151812	5.90578
5  	100   	2.94264	1.40389	0.164804	5.90578
6  	100   	2.67383	1.80383	0.153336	5.96249
7  	100   	1.59725	1.6467 	0.151254	4.85115
8  	100   	2.70779	1.40372	0.153336	5.81894
9  	100   	1.97478	1.57407	0.150781	5.51595
10 	100   	3.25262	1.57694	0.181095	6.42492
11 	100   	2.06426	1.42125	0.159689	4.73197
12 	100   	2.27754	1.39014	0.155645	6.17636
13 	100   	2.06463	1.97477	0.147475	6.17636
14 	100   	3.18348	1.34352	0.149006	6.17636
15 	100   	2.43013	1.62276	0.149006	6.17636
16 	100   	3.16102	1.9167 	0.149006	5.92404
17 	100   	1.90799	1.19683	0.149378	5.13107
18 	100   	1.78414	1.80575	0.149378	5.61691
19 	100   	3.11694	1.51505	0.149192	5.96116
20 	100   	1.92979	1.61006	0.149192	5.70395
21 	100   	3.53735	1.55815	0.165447	5.81487
22 	100   	1.91299	1.37199	0.152558	5.28653
23 	100   	2.49776	1.85395	0.152558	5.87458
24 	100   	2.97003	1.23027	0.152558	6.42589
25 	100   	2.88046	1.73436	0.152558	6.42589
26 	100   	1.57808	1.26607	0.152558	5.07568
27 	100   	1.88971	1.73201	0.150049	5.11488
28 	100   	2.93975	1.34476	0.154094	5.85086
29 	100   	3.15548	1.74481	0.154094	5.96335
30 	100   	1.65741	1.29121	0.154094	7.2673 
31 	100   	2.19643	1.85095	0.153221	7.2673 
32 	100   	4.16415	1.52093	0.187041	7.2673 
33 	100   	2.52611	1.25471	0.159923	5.33104
34 	100   	2.78079	1.88155	0.155563	5.83553 

Current generation:  35
log: 
 gen	nevals	avg    	std    	min     	max    
1  	100   	2.31395	1.90729	0.151812	5.78896
2  	100   	2.30085	1.88439	0.151812	5.82838
3  	100   	2.67351	1.57628	0.151812	5.94899
4  	100   	2.1818 	1.84072	0.151812	5.90578
5  	100   	2.94264	1.40389	0.164804	5.90578
6  	100   	2.67383	1.80383	0.153336	5.96249
7  	100   	1.59725	1.6467 	0.151254	4.85115
8  	100   	2.70779	1.40372	0.153336	5.81894
9  	100   	1.97478	1.57407	0.150781	5.51595
10 	100   	3.25262	1.57694	0.181095	6.42492
11 	100   	2.06426	1.42125	0.159689	4.73197
12 	100   	2.27754	1.39014	0.155645	6.17636
13 	100   	2.06463	1.97477	0.147475	6.17636
14 	100   	3.18348	1.34352	0.149006	6.17636
15 	100   	2.43013	1.62276	0.149006	6.17636
16 	100   	3.16102	1.9167 	0.149006	5.92404
17 	100   	1.90799	1.19683	0.149378	5.13107
18 	100   	1.78414	1.80575	0.149378	5.61691
19 	100   	3.11694	1.51505	0.149192	5.96116
20 	100   	1.92979	1.61006	0.149192	5.70395
21 	100   	3.53735	1.55815	0.165447	5.81487
22 	100   	1.91299	1.37199	0.152558	5.28653
23 	100   	2.49776	1.85395	0.152558	5.87458
24 	100   	2.97003	1.23027	0.152558	6.42589
25 	100   	2.88046	1.73436	0.152558	6.42589
26 	100   	1.57808	1.26607	0.152558	5.07568
27 	100   	1.88971	1.73201	0.150049	5.11488
28 	100   	2.93975	1.34476	0.154094	5.85086
29 	100   	3.15548	1.74481	0.154094	5.96335
30 	100   	1.65741	1.29121	0.154094	7.2673 
31 	100   	2.19643	1.85095	0.153221	7.2673 
32 	100   	4.16415	1.52093	0.187041	7.2673 
33 	100   	2.52611	1.25471	0.159923	5.33104
34 	100   	2.78079	1.88155	0.155563	5.83553
35 	100   	1.95688	1.33006	0.155972	5.62149 

Current generation:  36
log: 
 gen	nevals	avg    	std    	min     	max    
1  	100   	2.31395	1.90729	0.151812	5.78896
2  	100   	2.30085	1.88439	0.151812	5.82838
3  	100   	2.67351	1.57628	0.151812	5.94899
4  	100   	2.1818 	1.84072	0.151812	5.90578
5  	100   	2.94264	1.40389	0.164804	5.90578
6  	100   	2.67383	1.80383	0.153336	5.96249
7  	100   	1.59725	1.6467 	0.151254	4.85115
8  	100   	2.70779	1.40372	0.153336	5.81894
9  	100   	1.97478	1.57407	0.150781	5.51595
10 	100   	3.25262	1.57694	0.181095	6.42492
11 	100   	2.06426	1.42125	0.159689	4.73197
12 	100   	2.27754	1.39014	0.155645	6.17636
13 	100   	2.06463	1.97477	0.147475	6.17636
14 	100   	3.18348	1.34352	0.149006	6.17636
15 	100   	2.43013	1.62276	0.149006	6.17636
16 	100   	3.16102	1.9167 	0.149006	5.92404
17 	100   	1.90799	1.19683	0.149378	5.13107
18 	100   	1.78414	1.80575	0.149378	5.61691
19 	100   	3.11694	1.51505	0.149192	5.96116
20 	100   	1.92979	1.61006	0.149192	5.70395
21 	100   	3.53735	1.55815	0.165447	5.81487
22 	100   	1.91299	1.37199	0.152558	5.28653
23 	100   	2.49776	1.85395	0.152558	5.87458
24 	100   	2.97003	1.23027	0.152558	6.42589
25 	100   	2.88046	1.73436	0.152558	6.42589
26 	100   	1.57808	1.26607	0.152558	5.07568
27 	100   	1.88971	1.73201	0.150049	5.11488
28 	100   	2.93975	1.34476	0.154094	5.85086
29 	100   	3.15548	1.74481	0.154094	5.96335
30 	100   	1.65741	1.29121	0.154094	7.2673 
31 	100   	2.19643	1.85095	0.153221	7.2673 
32 	100   	4.16415	1.52093	0.187041	7.2673 
33 	100   	2.52611	1.25471	0.159923	5.33104
34 	100   	2.78079	1.88155	0.155563	5.83553
35 	100   	1.95688	1.33006	0.155972	5.62149
36 	100   	2.62807	1.59844	0.155972	5.89867 

Current generation:  37
log: 
 gen	nevals	avg    	std    	min     	max    
1  	100   	2.31395	1.90729	0.151812	5.78896
2  	100   	2.30085	1.88439	0.151812	5.82838
3  	100   	2.67351	1.57628	0.151812	5.94899
4  	100   	2.1818 	1.84072	0.151812	5.90578
5  	100   	2.94264	1.40389	0.164804	5.90578
6  	100   	2.67383	1.80383	0.153336	5.96249
7  	100   	1.59725	1.6467 	0.151254	4.85115
8  	100   	2.70779	1.40372	0.153336	5.81894
9  	100   	1.97478	1.57407	0.150781	5.51595
10 	100   	3.25262	1.57694	0.181095	6.42492
11 	100   	2.06426	1.42125	0.159689	4.73197
12 	100   	2.27754	1.39014	0.155645	6.17636
13 	100   	2.06463	1.97477	0.147475	6.17636
14 	100   	3.18348	1.34352	0.149006	6.17636
15 	100   	2.43013	1.62276	0.149006	6.17636
16 	100   	3.16102	1.9167 	0.149006	5.92404
17 	100   	1.90799	1.19683	0.149378	5.13107
18 	100   	1.78414	1.80575	0.149378	5.61691
19 	100   	3.11694	1.51505	0.149192	5.96116
20 	100   	1.92979	1.61006	0.149192	5.70395
21 	100   	3.53735	1.55815	0.165447	5.81487
22 	100   	1.91299	1.37199	0.152558	5.28653
23 	100   	2.49776	1.85395	0.152558	5.87458
24 	100   	2.97003	1.23027	0.152558	6.42589
25 	100   	2.88046	1.73436	0.152558	6.42589
26 	100   	1.57808	1.26607	0.152558	5.07568
27 	100   	1.88971	1.73201	0.150049	5.11488
28 	100   	2.93975	1.34476	0.154094	5.85086
29 	100   	3.15548	1.74481	0.154094	5.96335
30 	100   	1.65741	1.29121	0.154094	7.2673 
31 	100   	2.19643	1.85095	0.153221	7.2673 
32 	100   	4.16415	1.52093	0.187041	7.2673 
33 	100   	2.52611	1.25471	0.159923	5.33104
34 	100   	2.78079	1.88155	0.155563	5.83553
35 	100   	1.95688	1.33006	0.155972	5.62149
36 	100   	2.62807	1.59844	0.155972	5.89867
37 	100   	2.0365 	2.07492	0.150602	6.33868 

Current generation:  38
log: 
 gen	nevals	avg    	std    	min     	max    
1  	100   	2.31395	1.90729	0.151812	5.78896
2  	100   	2.30085	1.88439	0.151812	5.82838
3  	100   	2.67351	1.57628	0.151812	5.94899
4  	100   	2.1818 	1.84072	0.151812	5.90578
5  	100   	2.94264	1.40389	0.164804	5.90578
6  	100   	2.67383	1.80383	0.153336	5.96249
7  	100   	1.59725	1.6467 	0.151254	4.85115
8  	100   	2.70779	1.40372	0.153336	5.81894
9  	100   	1.97478	1.57407	0.150781	5.51595
10 	100   	3.25262	1.57694	0.181095	6.42492
11 	100   	2.06426	1.42125	0.159689	4.73197
12 	100   	2.27754	1.39014	0.155645	6.17636
13 	100   	2.06463	1.97477	0.147475	6.17636
14 	100   	3.18348	1.34352	0.149006	6.17636
15 	100   	2.43013	1.62276	0.149006	6.17636
16 	100   	3.16102	1.9167 	0.149006	5.92404
17 	100   	1.90799	1.19683	0.149378	5.13107
18 	100   	1.78414	1.80575	0.149378	5.61691
19 	100   	3.11694	1.51505	0.149192	5.96116
20 	100   	1.92979	1.61006	0.149192	5.70395
21 	100   	3.53735	1.55815	0.165447	5.81487
22 	100   	1.91299	1.37199	0.152558	5.28653
23 	100   	2.49776	1.85395	0.152558	5.87458
24 	100   	2.97003	1.23027	0.152558	6.42589
25 	100   	2.88046	1.73436	0.152558	6.42589
26 	100   	1.57808	1.26607	0.152558	5.07568
27 	100   	1.88971	1.73201	0.150049	5.11488
28 	100   	2.93975	1.34476	0.154094	5.85086
29 	100   	3.15548	1.74481	0.154094	5.96335
30 	100   	1.65741	1.29121	0.154094	7.2673 
31 	100   	2.19643	1.85095	0.153221	7.2673 
32 	100   	4.16415	1.52093	0.187041	7.2673 
33 	100   	2.52611	1.25471	0.159923	5.33104
34 	100   	2.78079	1.88155	0.155563	5.83553
35 	100   	1.95688	1.33006	0.155972	5.62149
36 	100   	2.62807	1.59844	0.155972	5.89867
37 	100   	2.0365 	2.07492	0.150602	6.33868
38 	100   	3.24897	1.66084	0.147778	6.87941 

Current generation:  39
log: 
 gen	nevals	avg    	std    	min     	max    
1  	100   	2.31395	1.90729	0.151812	5.78896
2  	100   	2.30085	1.88439	0.151812	5.82838
3  	100   	2.67351	1.57628	0.151812	5.94899
4  	100   	2.1818 	1.84072	0.151812	5.90578
5  	100   	2.94264	1.40389	0.164804	5.90578
6  	100   	2.67383	1.80383	0.153336	5.96249
7  	100   	1.59725	1.6467 	0.151254	4.85115
8  	100   	2.70779	1.40372	0.153336	5.81894
9  	100   	1.97478	1.57407	0.150781	5.51595
10 	100   	3.25262	1.57694	0.181095	6.42492
11 	100   	2.06426	1.42125	0.159689	4.73197
12 	100   	2.27754	1.39014	0.155645	6.17636
13 	100   	2.06463	1.97477	0.147475	6.17636
14 	100   	3.18348	1.34352	0.149006	6.17636
15 	100   	2.43013	1.62276	0.149006	6.17636
16 	100   	3.16102	1.9167 	0.149006	5.92404
17 	100   	1.90799	1.19683	0.149378	5.13107
18 	100   	1.78414	1.80575	0.149378	5.61691
19 	100   	3.11694	1.51505	0.149192	5.96116
20 	100   	1.92979	1.61006	0.149192	5.70395
21 	100   	3.53735	1.55815	0.165447	5.81487
22 	100   	1.91299	1.37199	0.152558	5.28653
23 	100   	2.49776	1.85395	0.152558	5.87458
24 	100   	2.97003	1.23027	0.152558	6.42589
25 	100   	2.88046	1.73436	0.152558	6.42589
26 	100   	1.57808	1.26607	0.152558	5.07568
27 	100   	1.88971	1.73201	0.150049	5.11488
28 	100   	2.93975	1.34476	0.154094	5.85086
29 	100   	3.15548	1.74481	0.154094	5.96335
30 	100   	1.65741	1.29121	0.154094	7.2673 
31 	100   	2.19643	1.85095	0.153221	7.2673 
32 	100   	4.16415	1.52093	0.187041	7.2673 
33 	100   	2.52611	1.25471	0.159923	5.33104
34 	100   	2.78079	1.88155	0.155563	5.83553
35 	100   	1.95688	1.33006	0.155972	5.62149
36 	100   	2.62807	1.59844	0.155972	5.89867
37 	100   	2.0365 	2.07492	0.150602	6.33868
38 	100   	3.24897	1.66084	0.147778	6.87941
39 	100   	2.11094	1.71672	0.147778	5.94923 

Current generation:  40
log: 
 gen	nevals	avg    	std    	min     	max    
1  	100   	2.31395	1.90729	0.151812	5.78896
2  	100   	2.30085	1.88439	0.151812	5.82838
3  	100   	2.67351	1.57628	0.151812	5.94899
4  	100   	2.1818 	1.84072	0.151812	5.90578
5  	100   	2.94264	1.40389	0.164804	5.90578
6  	100   	2.67383	1.80383	0.153336	5.96249
7  	100   	1.59725	1.6467 	0.151254	4.85115
8  	100   	2.70779	1.40372	0.153336	5.81894
9  	100   	1.97478	1.57407	0.150781	5.51595
10 	100   	3.25262	1.57694	0.181095	6.42492
11 	100   	2.06426	1.42125	0.159689	4.73197
12 	100   	2.27754	1.39014	0.155645	6.17636
13 	100   	2.06463	1.97477	0.147475	6.17636
14 	100   	3.18348	1.34352	0.149006	6.17636
15 	100   	2.43013	1.62276	0.149006	6.17636
16 	100   	3.16102	1.9167 	0.149006	5.92404
17 	100   	1.90799	1.19683	0.149378	5.13107
18 	100   	1.78414	1.80575	0.149378	5.61691
19 	100   	3.11694	1.51505	0.149192	5.96116
20 	100   	1.92979	1.61006	0.149192	5.70395
21 	100   	3.53735	1.55815	0.165447	5.81487
22 	100   	1.91299	1.37199	0.152558	5.28653
23 	100   	2.49776	1.85395	0.152558	5.87458
24 	100   	2.97003	1.23027	0.152558	6.42589
25 	100   	2.88046	1.73436	0.152558	6.42589
26 	100   	1.57808	1.26607	0.152558	5.07568
27 	100   	1.88971	1.73201	0.150049	5.11488
28 	100   	2.93975	1.34476	0.154094	5.85086
29 	100   	3.15548	1.74481	0.154094	5.96335
30 	100   	1.65741	1.29121	0.154094	7.2673 
31 	100   	2.19643	1.85095	0.153221	7.2673 
32 	100   	4.16415	1.52093	0.187041	7.2673 
33 	100   	2.52611	1.25471	0.159923	5.33104
34 	100   	2.78079	1.88155	0.155563	5.83553
35 	100   	1.95688	1.33006	0.155972	5.62149
36 	100   	2.62807	1.59844	0.155972	5.89867
37 	100   	2.0365 	2.07492	0.150602	6.33868
38 	100   	3.24897	1.66084	0.147778	6.87941
39 	100   	2.11094	1.71672	0.147778	5.94923
40 	100   	3.31561	1.57652	0.157918	6.43461 

Current generation:  41
log: 
 gen	nevals	avg    	std    	min     	max    
1  	100   	2.31395	1.90729	0.151812	5.78896
2  	100   	2.30085	1.88439	0.151812	5.82838
3  	100   	2.67351	1.57628	0.151812	5.94899
4  	100   	2.1818 	1.84072	0.151812	5.90578
5  	100   	2.94264	1.40389	0.164804	5.90578
6  	100   	2.67383	1.80383	0.153336	5.96249
7  	100   	1.59725	1.6467 	0.151254	4.85115
8  	100   	2.70779	1.40372	0.153336	5.81894
9  	100   	1.97478	1.57407	0.150781	5.51595
10 	100   	3.25262	1.57694	0.181095	6.42492
11 	100   	2.06426	1.42125	0.159689	4.73197
12 	100   	2.27754	1.39014	0.155645	6.17636
13 	100   	2.06463	1.97477	0.147475	6.17636
14 	100   	3.18348	1.34352	0.149006	6.17636
15 	100   	2.43013	1.62276	0.149006	6.17636
16 	100   	3.16102	1.9167 	0.149006	5.92404
17 	100   	1.90799	1.19683	0.149378	5.13107
18 	100   	1.78414	1.80575	0.149378	5.61691
19 	100   	3.11694	1.51505	0.149192	5.96116
20 	100   	1.92979	1.61006	0.149192	5.70395
21 	100   	3.53735	1.55815	0.165447	5.81487
22 	100   	1.91299	1.37199	0.152558	5.28653
23 	100   	2.49776	1.85395	0.152558	5.87458
24 	100   	2.97003	1.23027	0.152558	6.42589
25 	100   	2.88046	1.73436	0.152558	6.42589
26 	100   	1.57808	1.26607	0.152558	5.07568
27 	100   	1.88971	1.73201	0.150049	5.11488
28 	100   	2.93975	1.34476	0.154094	5.85086
29 	100   	3.15548	1.74481	0.154094	5.96335
30 	100   	1.65741	1.29121	0.154094	7.2673 
31 	100   	2.19643	1.85095	0.153221	7.2673 
32 	100   	4.16415	1.52093	0.187041	7.2673 
33 	100   	2.52611	1.25471	0.159923	5.33104
34 	100   	2.78079	1.88155	0.155563	5.83553
35 	100   	1.95688	1.33006	0.155972	5.62149
36 	100   	2.62807	1.59844	0.155972	5.89867
37 	100   	2.0365 	2.07492	0.150602	6.33868
38 	100   	3.24897	1.66084	0.147778	6.87941
39 	100   	2.11094	1.71672	0.147778	5.94923
40 	100   	3.31561	1.57652	0.157918	6.43461
41 	100   	1.94984	1.50107	0.157918	6.43461 

Current generation:  42
log: 
 gen	nevals	avg    	std    	min     	max    
1  	100   	2.31395	1.90729	0.151812	5.78896
2  	100   	2.30085	1.88439	0.151812	5.82838
3  	100   	2.67351	1.57628	0.151812	5.94899
4  	100   	2.1818 	1.84072	0.151812	5.90578
5  	100   	2.94264	1.40389	0.164804	5.90578
6  	100   	2.67383	1.80383	0.153336	5.96249
7  	100   	1.59725	1.6467 	0.151254	4.85115
8  	100   	2.70779	1.40372	0.153336	5.81894
9  	100   	1.97478	1.57407	0.150781	5.51595
10 	100   	3.25262	1.57694	0.181095	6.42492
11 	100   	2.06426	1.42125	0.159689	4.73197
12 	100   	2.27754	1.39014	0.155645	6.17636
13 	100   	2.06463	1.97477	0.147475	6.17636
14 	100   	3.18348	1.34352	0.149006	6.17636
15 	100   	2.43013	1.62276	0.149006	6.17636
16 	100   	3.16102	1.9167 	0.149006	5.92404
17 	100   	1.90799	1.19683	0.149378	5.13107
18 	100   	1.78414	1.80575	0.149378	5.61691
19 	100   	3.11694	1.51505	0.149192	5.96116
20 	100   	1.92979	1.61006	0.149192	5.70395
21 	100   	3.53735	1.55815	0.165447	5.81487
22 	100   	1.91299	1.37199	0.152558	5.28653
23 	100   	2.49776	1.85395	0.152558	5.87458
24 	100   	2.97003	1.23027	0.152558	6.42589
25 	100   	2.88046	1.73436	0.152558	6.42589
26 	100   	1.57808	1.26607	0.152558	5.07568
27 	100   	1.88971	1.73201	0.150049	5.11488
28 	100   	2.93975	1.34476	0.154094	5.85086
29 	100   	3.15548	1.74481	0.154094	5.96335
30 	100   	1.65741	1.29121	0.154094	7.2673 
31 	100   	2.19643	1.85095	0.153221	7.2673 
32 	100   	4.16415	1.52093	0.187041	7.2673 
33 	100   	2.52611	1.25471	0.159923	5.33104
34 	100   	2.78079	1.88155	0.155563	5.83553
35 	100   	1.95688	1.33006	0.155972	5.62149
36 	100   	2.62807	1.59844	0.155972	5.89867
37 	100   	2.0365 	2.07492	0.150602	6.33868
38 	100   	3.24897	1.66084	0.147778	6.87941
39 	100   	2.11094	1.71672	0.147778	5.94923
40 	100   	3.31561	1.57652	0.157918	6.43461
41 	100   	1.94984	1.50107	0.157918	6.43461
42 	100   	3.47043	1.91746	0.180076	6.88059 

Current generation:  43
log: 
 gen	nevals	avg    	std    	min     	max    
1  	100   	2.31395	1.90729	0.151812	5.78896
2  	100   	2.30085	1.88439	0.151812	5.82838
3  	100   	2.67351	1.57628	0.151812	5.94899
4  	100   	2.1818 	1.84072	0.151812	5.90578
5  	100   	2.94264	1.40389	0.164804	5.90578
6  	100   	2.67383	1.80383	0.153336	5.96249
7  	100   	1.59725	1.6467 	0.151254	4.85115
8  	100   	2.70779	1.40372	0.153336	5.81894
9  	100   	1.97478	1.57407	0.150781	5.51595
10 	100   	3.25262	1.57694	0.181095	6.42492
11 	100   	2.06426	1.42125	0.159689	4.73197
12 	100   	2.27754	1.39014	0.155645	6.17636
13 	100   	2.06463	1.97477	0.147475	6.17636
14 	100   	3.18348	1.34352	0.149006	6.17636
15 	100   	2.43013	1.62276	0.149006	6.17636
16 	100   	3.16102	1.9167 	0.149006	5.92404
17 	100   	1.90799	1.19683	0.149378	5.13107
18 	100   	1.78414	1.80575	0.149378	5.61691
19 	100   	3.11694	1.51505	0.149192	5.96116
20 	100   	1.92979	1.61006	0.149192	5.70395
21 	100   	3.53735	1.55815	0.165447	5.81487
22 	100   	1.91299	1.37199	0.152558	5.28653
23 	100   	2.49776	1.85395	0.152558	5.87458
24 	100   	2.97003	1.23027	0.152558	6.42589
25 	100   	2.88046	1.73436	0.152558	6.42589
26 	100   	1.57808	1.26607	0.152558	5.07568
27 	100   	1.88971	1.73201	0.150049	5.11488
28 	100   	2.93975	1.34476	0.154094	5.85086
29 	100   	3.15548	1.74481	0.154094	5.96335
30 	100   	1.65741	1.29121	0.154094	7.2673 
31 	100   	2.19643	1.85095	0.153221	7.2673 
32 	100   	4.16415	1.52093	0.187041	7.2673 
33 	100   	2.52611	1.25471	0.159923	5.33104
34 	100   	2.78079	1.88155	0.155563	5.83553
35 	100   	1.95688	1.33006	0.155972	5.62149
36 	100   	2.62807	1.59844	0.155972	5.89867
37 	100   	2.0365 	2.07492	0.150602	6.33868
38 	100   	3.24897	1.66084	0.147778	6.87941
39 	100   	2.11094	1.71672	0.147778	5.94923
40 	100   	3.31561	1.57652	0.157918	6.43461
41 	100   	1.94984	1.50107	0.157918	6.43461
42 	100   	3.47043	1.91746	0.180076	6.88059
43 	100   	1.87026	1.56998	0.151477	5.85894 

Current generation:  44
log: 
 gen	nevals	avg    	std    	min     	max    
1  	100   	2.31395	1.90729	0.151812	5.78896
2  	100   	2.30085	1.88439	0.151812	5.82838
3  	100   	2.67351	1.57628	0.151812	5.94899
4  	100   	2.1818 	1.84072	0.151812	5.90578
5  	100   	2.94264	1.40389	0.164804	5.90578
6  	100   	2.67383	1.80383	0.153336	5.96249
7  	100   	1.59725	1.6467 	0.151254	4.85115
8  	100   	2.70779	1.40372	0.153336	5.81894
9  	100   	1.97478	1.57407	0.150781	5.51595
10 	100   	3.25262	1.57694	0.181095	6.42492
11 	100   	2.06426	1.42125	0.159689	4.73197
12 	100   	2.27754	1.39014	0.155645	6.17636
13 	100   	2.06463	1.97477	0.147475	6.17636
14 	100   	3.18348	1.34352	0.149006	6.17636
15 	100   	2.43013	1.62276	0.149006	6.17636
16 	100   	3.16102	1.9167 	0.149006	5.92404
17 	100   	1.90799	1.19683	0.149378	5.13107
18 	100   	1.78414	1.80575	0.149378	5.61691
19 	100   	3.11694	1.51505	0.149192	5.96116
20 	100   	1.92979	1.61006	0.149192	5.70395
21 	100   	3.53735	1.55815	0.165447	5.81487
22 	100   	1.91299	1.37199	0.152558	5.28653
23 	100   	2.49776	1.85395	0.152558	5.87458
24 	100   	2.97003	1.23027	0.152558	6.42589
25 	100   	2.88046	1.73436	0.152558	6.42589
26 	100   	1.57808	1.26607	0.152558	5.07568
27 	100   	1.88971	1.73201	0.150049	5.11488
28 	100   	2.93975	1.34476	0.154094	5.85086
29 	100   	3.15548	1.74481	0.154094	5.96335
30 	100   	1.65741	1.29121	0.154094	7.2673 
31 	100   	2.19643	1.85095	0.153221	7.2673 
32 	100   	4.16415	1.52093	0.187041	7.2673 
33 	100   	2.52611	1.25471	0.159923	5.33104
34 	100   	2.78079	1.88155	0.155563	5.83553
35 	100   	1.95688	1.33006	0.155972	5.62149
36 	100   	2.62807	1.59844	0.155972	5.89867
37 	100   	2.0365 	2.07492	0.150602	6.33868
38 	100   	3.24897	1.66084	0.147778	6.87941
39 	100   	2.11094	1.71672	0.147778	5.94923
40 	100   	3.31561	1.57652	0.157918	6.43461
41 	100   	1.94984	1.50107	0.157918	6.43461
42 	100   	3.47043	1.91746	0.180076	6.88059
43 	100   	1.87026	1.56998	0.151477	5.85894
44 	100   	2.64374	1.74972	0.147623	5.94716 

Current generation:  45
log: 
 gen	nevals	avg    	std    	min     	max    
1  	100   	2.31395	1.90729	0.151812	5.78896
2  	100   	2.30085	1.88439	0.151812	5.82838
3  	100   	2.67351	1.57628	0.151812	5.94899
4  	100   	2.1818 	1.84072	0.151812	5.90578
5  	100   	2.94264	1.40389	0.164804	5.90578
6  	100   	2.67383	1.80383	0.153336	5.96249
7  	100   	1.59725	1.6467 	0.151254	4.85115
8  	100   	2.70779	1.40372	0.153336	5.81894
9  	100   	1.97478	1.57407	0.150781	5.51595
10 	100   	3.25262	1.57694	0.181095	6.42492
11 	100   	2.06426	1.42125	0.159689	4.73197
12 	100   	2.27754	1.39014	0.155645	6.17636
13 	100   	2.06463	1.97477	0.147475	6.17636
14 	100   	3.18348	1.34352	0.149006	6.17636
15 	100   	2.43013	1.62276	0.149006	6.17636
16 	100   	3.16102	1.9167 	0.149006	5.92404
17 	100   	1.90799	1.19683	0.149378	5.13107
18 	100   	1.78414	1.80575	0.149378	5.61691
19 	100   	3.11694	1.51505	0.149192	5.96116
20 	100   	1.92979	1.61006	0.149192	5.70395
21 	100   	3.53735	1.55815	0.165447	5.81487
22 	100   	1.91299	1.37199	0.152558	5.28653
23 	100   	2.49776	1.85395	0.152558	5.87458
24 	100   	2.97003	1.23027	0.152558	6.42589
25 	100   	2.88046	1.73436	0.152558	6.42589
26 	100   	1.57808	1.26607	0.152558	5.07568
27 	100   	1.88971	1.73201	0.150049	5.11488
28 	100   	2.93975	1.34476	0.154094	5.85086
29 	100   	3.15548	1.74481	0.154094	5.96335
30 	100   	1.65741	1.29121	0.154094	7.2673 
31 	100   	2.19643	1.85095	0.153221	7.2673 
32 	100   	4.16415	1.52093	0.187041	7.2673 
33 	100   	2.52611	1.25471	0.159923	5.33104
34 	100   	2.78079	1.88155	0.155563	5.83553
35 	100   	1.95688	1.33006	0.155972	5.62149
36 	100   	2.62807	1.59844	0.155972	5.89867
37 	100   	2.0365 	2.07492	0.150602	6.33868
38 	100   	3.24897	1.66084	0.147778	6.87941
39 	100   	2.11094	1.71672	0.147778	5.94923
40 	100   	3.31561	1.57652	0.157918	6.43461
41 	100   	1.94984	1.50107	0.157918	6.43461
42 	100   	3.47043	1.91746	0.180076	6.88059
43 	100   	1.87026	1.56998	0.151477	5.85894
44 	100   	2.64374	1.74972	0.147623	5.94716
45 	100   	2.34756	1.70651	0.147623	5.79558 

Current generation:  46
log: 
 gen	nevals	avg    	std    	min     	max    
1  	100   	2.31395	1.90729	0.151812	5.78896
2  	100   	2.30085	1.88439	0.151812	5.82838
3  	100   	2.67351	1.57628	0.151812	5.94899
4  	100   	2.1818 	1.84072	0.151812	5.90578
5  	100   	2.94264	1.40389	0.164804	5.90578
6  	100   	2.67383	1.80383	0.153336	5.96249
7  	100   	1.59725	1.6467 	0.151254	4.85115
8  	100   	2.70779	1.40372	0.153336	5.81894
9  	100   	1.97478	1.57407	0.150781	5.51595
10 	100   	3.25262	1.57694	0.181095	6.42492
11 	100   	2.06426	1.42125	0.159689	4.73197
12 	100   	2.27754	1.39014	0.155645	6.17636
13 	100   	2.06463	1.97477	0.147475	6.17636
14 	100   	3.18348	1.34352	0.149006	6.17636
15 	100   	2.43013	1.62276	0.149006	6.17636
16 	100   	3.16102	1.9167 	0.149006	5.92404
17 	100   	1.90799	1.19683	0.149378	5.13107
18 	100   	1.78414	1.80575	0.149378	5.61691
19 	100   	3.11694	1.51505	0.149192	5.96116
20 	100   	1.92979	1.61006	0.149192	5.70395
21 	100   	3.53735	1.55815	0.165447	5.81487
22 	100   	1.91299	1.37199	0.152558	5.28653
23 	100   	2.49776	1.85395	0.152558	5.87458
24 	100   	2.97003	1.23027	0.152558	6.42589
25 	100   	2.88046	1.73436	0.152558	6.42589
26 	100   	1.57808	1.26607	0.152558	5.07568
27 	100   	1.88971	1.73201	0.150049	5.11488
28 	100   	2.93975	1.34476	0.154094	5.85086
29 	100   	3.15548	1.74481	0.154094	5.96335
30 	100   	1.65741	1.29121	0.154094	7.2673 
31 	100   	2.19643	1.85095	0.153221	7.2673 
32 	100   	4.16415	1.52093	0.187041	7.2673 
33 	100   	2.52611	1.25471	0.159923	5.33104
34 	100   	2.78079	1.88155	0.155563	5.83553
35 	100   	1.95688	1.33006	0.155972	5.62149
36 	100   	2.62807	1.59844	0.155972	5.89867
37 	100   	2.0365 	2.07492	0.150602	6.33868
38 	100   	3.24897	1.66084	0.147778	6.87941
39 	100   	2.11094	1.71672	0.147778	5.94923
40 	100   	3.31561	1.57652	0.157918	6.43461
41 	100   	1.94984	1.50107	0.157918	6.43461
42 	100   	3.47043	1.91746	0.180076	6.88059
43 	100   	1.87026	1.56998	0.151477	5.85894
44 	100   	2.64374	1.74972	0.147623	5.94716
45 	100   	2.34756	1.70651	0.147623	5.79558
46 	100   	2.82438	1.35385	0.180634	6.2682  

Current generation:  47
log: 
 gen	nevals	avg    	std    	min     	max    
1  	100   	2.31395	1.90729	0.151812	5.78896
2  	100   	2.30085	1.88439	0.151812	5.82838
3  	100   	2.67351	1.57628	0.151812	5.94899
4  	100   	2.1818 	1.84072	0.151812	5.90578
5  	100   	2.94264	1.40389	0.164804	5.90578
6  	100   	2.67383	1.80383	0.153336	5.96249
7  	100   	1.59725	1.6467 	0.151254	4.85115
8  	100   	2.70779	1.40372	0.153336	5.81894
9  	100   	1.97478	1.57407	0.150781	5.51595
10 	100   	3.25262	1.57694	0.181095	6.42492
11 	100   	2.06426	1.42125	0.159689	4.73197
12 	100   	2.27754	1.39014	0.155645	6.17636
13 	100   	2.06463	1.97477	0.147475	6.17636
14 	100   	3.18348	1.34352	0.149006	6.17636
15 	100   	2.43013	1.62276	0.149006	6.17636
16 	100   	3.16102	1.9167 	0.149006	5.92404
17 	100   	1.90799	1.19683	0.149378	5.13107
18 	100   	1.78414	1.80575	0.149378	5.61691
19 	100   	3.11694	1.51505	0.149192	5.96116
20 	100   	1.92979	1.61006	0.149192	5.70395
21 	100   	3.53735	1.55815	0.165447	5.81487
22 	100   	1.91299	1.37199	0.152558	5.28653
23 	100   	2.49776	1.85395	0.152558	5.87458
24 	100   	2.97003	1.23027	0.152558	6.42589
25 	100   	2.88046	1.73436	0.152558	6.42589
26 	100   	1.57808	1.26607	0.152558	5.07568
27 	100   	1.88971	1.73201	0.150049	5.11488
28 	100   	2.93975	1.34476	0.154094	5.85086
29 	100   	3.15548	1.74481	0.154094	5.96335
30 	100   	1.65741	1.29121	0.154094	7.2673 
31 	100   	2.19643	1.85095	0.153221	7.2673 
32 	100   	4.16415	1.52093	0.187041	7.2673 
33 	100   	2.52611	1.25471	0.159923	5.33104
34 	100   	2.78079	1.88155	0.155563	5.83553
35 	100   	1.95688	1.33006	0.155972	5.62149
36 	100   	2.62807	1.59844	0.155972	5.89867
37 	100   	2.0365 	2.07492	0.150602	6.33868
38 	100   	3.24897	1.66084	0.147778	6.87941
39 	100   	2.11094	1.71672	0.147778	5.94923
40 	100   	3.31561	1.57652	0.157918	6.43461
41 	100   	1.94984	1.50107	0.157918	6.43461
42 	100   	3.47043	1.91746	0.180076	6.88059
43 	100   	1.87026	1.56998	0.151477	5.85894
44 	100   	2.64374	1.74972	0.147623	5.94716
45 	100   	2.34756	1.70651	0.147623	5.79558
46 	100   	2.82438	1.35385	0.180634	6.2682 
47 	100   	3.11596	1.91213	0.180634	6.43984 

Current generation:  48
log: 
 gen	nevals	avg    	std    	min     	max    
1  	100   	2.31395	1.90729	0.151812	5.78896
2  	100   	2.30085	1.88439	0.151812	5.82838
3  	100   	2.67351	1.57628	0.151812	5.94899
4  	100   	2.1818 	1.84072	0.151812	5.90578
5  	100   	2.94264	1.40389	0.164804	5.90578
6  	100   	2.67383	1.80383	0.153336	5.96249
7  	100   	1.59725	1.6467 	0.151254	4.85115
8  	100   	2.70779	1.40372	0.153336	5.81894
9  	100   	1.97478	1.57407	0.150781	5.51595
10 	100   	3.25262	1.57694	0.181095	6.42492
11 	100   	2.06426	1.42125	0.159689	4.73197
12 	100   	2.27754	1.39014	0.155645	6.17636
13 	100   	2.06463	1.97477	0.147475	6.17636
14 	100   	3.18348	1.34352	0.149006	6.17636
15 	100   	2.43013	1.62276	0.149006	6.17636
16 	100   	3.16102	1.9167 	0.149006	5.92404
17 	100   	1.90799	1.19683	0.149378	5.13107
18 	100   	1.78414	1.80575	0.149378	5.61691
19 	100   	3.11694	1.51505	0.149192	5.96116
20 	100   	1.92979	1.61006	0.149192	5.70395
21 	100   	3.53735	1.55815	0.165447	5.81487
22 	100   	1.91299	1.37199	0.152558	5.28653
23 	100   	2.49776	1.85395	0.152558	5.87458
24 	100   	2.97003	1.23027	0.152558	6.42589
25 	100   	2.88046	1.73436	0.152558	6.42589
26 	100   	1.57808	1.26607	0.152558	5.07568
27 	100   	1.88971	1.73201	0.150049	5.11488
28 	100   	2.93975	1.34476	0.154094	5.85086
29 	100   	3.15548	1.74481	0.154094	5.96335
30 	100   	1.65741	1.29121	0.154094	7.2673 
31 	100   	2.19643	1.85095	0.153221	7.2673 
32 	100   	4.16415	1.52093	0.187041	7.2673 
33 	100   	2.52611	1.25471	0.159923	5.33104
34 	100   	2.78079	1.88155	0.155563	5.83553
35 	100   	1.95688	1.33006	0.155972	5.62149
36 	100   	2.62807	1.59844	0.155972	5.89867
37 	100   	2.0365 	2.07492	0.150602	6.33868
38 	100   	3.24897	1.66084	0.147778	6.87941
39 	100   	2.11094	1.71672	0.147778	5.94923
40 	100   	3.31561	1.57652	0.157918	6.43461
41 	100   	1.94984	1.50107	0.157918	6.43461
42 	100   	3.47043	1.91746	0.180076	6.88059
43 	100   	1.87026	1.56998	0.151477	5.85894
44 	100   	2.64374	1.74972	0.147623	5.94716
45 	100   	2.34756	1.70651	0.147623	5.79558
46 	100   	2.82438	1.35385	0.180634	6.2682 
47 	100   	3.11596	1.91213	0.180634	6.43984
48 	100   	1.8717 	1.39607	0.14863 	4.96447 

Current generation:  49
log: 
 gen	nevals	avg    	std    	min     	max    
1  	100   	2.31395	1.90729	0.151812	5.78896
2  	100   	2.30085	1.88439	0.151812	5.82838
3  	100   	2.67351	1.57628	0.151812	5.94899
4  	100   	2.1818 	1.84072	0.151812	5.90578
5  	100   	2.94264	1.40389	0.164804	5.90578
6  	100   	2.67383	1.80383	0.153336	5.96249
7  	100   	1.59725	1.6467 	0.151254	4.85115
8  	100   	2.70779	1.40372	0.153336	5.81894
9  	100   	1.97478	1.57407	0.150781	5.51595
10 	100   	3.25262	1.57694	0.181095	6.42492
11 	100   	2.06426	1.42125	0.159689	4.73197
12 	100   	2.27754	1.39014	0.155645	6.17636
13 	100   	2.06463	1.97477	0.147475	6.17636
14 	100   	3.18348	1.34352	0.149006	6.17636
15 	100   	2.43013	1.62276	0.149006	6.17636
16 	100   	3.16102	1.9167 	0.149006	5.92404
17 	100   	1.90799	1.19683	0.149378	5.13107
18 	100   	1.78414	1.80575	0.149378	5.61691
19 	100   	3.11694	1.51505	0.149192	5.96116
20 	100   	1.92979	1.61006	0.149192	5.70395
21 	100   	3.53735	1.55815	0.165447	5.81487
22 	100   	1.91299	1.37199	0.152558	5.28653
23 	100   	2.49776	1.85395	0.152558	5.87458
24 	100   	2.97003	1.23027	0.152558	6.42589
25 	100   	2.88046	1.73436	0.152558	6.42589
26 	100   	1.57808	1.26607	0.152558	5.07568
27 	100   	1.88971	1.73201	0.150049	5.11488
28 	100   	2.93975	1.34476	0.154094	5.85086
29 	100   	3.15548	1.74481	0.154094	5.96335
30 	100   	1.65741	1.29121	0.154094	7.2673 
31 	100   	2.19643	1.85095	0.153221	7.2673 
32 	100   	4.16415	1.52093	0.187041	7.2673 
33 	100   	2.52611	1.25471	0.159923	5.33104
34 	100   	2.78079	1.88155	0.155563	5.83553
35 	100   	1.95688	1.33006	0.155972	5.62149
36 	100   	2.62807	1.59844	0.155972	5.89867
37 	100   	2.0365 	2.07492	0.150602	6.33868
38 	100   	3.24897	1.66084	0.147778	6.87941
39 	100   	2.11094	1.71672	0.147778	5.94923
40 	100   	3.31561	1.57652	0.157918	6.43461
41 	100   	1.94984	1.50107	0.157918	6.43461
42 	100   	3.47043	1.91746	0.180076	6.88059
43 	100   	1.87026	1.56998	0.151477	5.85894
44 	100   	2.64374	1.74972	0.147623	5.94716
45 	100   	2.34756	1.70651	0.147623	5.79558
46 	100   	2.82438	1.35385	0.180634	6.2682 
47 	100   	3.11596	1.91213	0.180634	6.43984
48 	100   	1.8717 	1.39607	0.14863 	4.96447
49 	100   	2.25034	1.6893 	0.147991	6.35007 

Current generation:  50
log: 
 gen	nevals	avg    	std    	min     	max    
1  	100   	2.31395	1.90729	0.151812	5.78896
2  	100   	2.30085	1.88439	0.151812	5.82838
3  	100   	2.67351	1.57628	0.151812	5.94899
4  	100   	2.1818 	1.84072	0.151812	5.90578
5  	100   	2.94264	1.40389	0.164804	5.90578
6  	100   	2.67383	1.80383	0.153336	5.96249
7  	100   	1.59725	1.6467 	0.151254	4.85115
8  	100   	2.70779	1.40372	0.153336	5.81894
9  	100   	1.97478	1.57407	0.150781	5.51595
10 	100   	3.25262	1.57694	0.181095	6.42492
11 	100   	2.06426	1.42125	0.159689	4.73197
12 	100   	2.27754	1.39014	0.155645	6.17636
13 	100   	2.06463	1.97477	0.147475	6.17636
14 	100   	3.18348	1.34352	0.149006	6.17636
15 	100   	2.43013	1.62276	0.149006	6.17636
16 	100   	3.16102	1.9167 	0.149006	5.92404
17 	100   	1.90799	1.19683	0.149378	5.13107
18 	100   	1.78414	1.80575	0.149378	5.61691
19 	100   	3.11694	1.51505	0.149192	5.96116
20 	100   	1.92979	1.61006	0.149192	5.70395
21 	100   	3.53735	1.55815	0.165447	5.81487
22 	100   	1.91299	1.37199	0.152558	5.28653
23 	100   	2.49776	1.85395	0.152558	5.87458
24 	100   	2.97003	1.23027	0.152558	6.42589
25 	100   	2.88046	1.73436	0.152558	6.42589
26 	100   	1.57808	1.26607	0.152558	5.07568
27 	100   	1.88971	1.73201	0.150049	5.11488
28 	100   	2.93975	1.34476	0.154094	5.85086
29 	100   	3.15548	1.74481	0.154094	5.96335
30 	100   	1.65741	1.29121	0.154094	7.2673 
31 	100   	2.19643	1.85095	0.153221	7.2673 
32 	100   	4.16415	1.52093	0.187041	7.2673 
33 	100   	2.52611	1.25471	0.159923	5.33104
34 	100   	2.78079	1.88155	0.155563	5.83553
35 	100   	1.95688	1.33006	0.155972	5.62149
36 	100   	2.62807	1.59844	0.155972	5.89867
37 	100   	2.0365 	2.07492	0.150602	6.33868
38 	100   	3.24897	1.66084	0.147778	6.87941
39 	100   	2.11094	1.71672	0.147778	5.94923
40 	100   	3.31561	1.57652	0.157918	6.43461
41 	100   	1.94984	1.50107	0.157918	6.43461
42 	100   	3.47043	1.91746	0.180076	6.88059
43 	100   	1.87026	1.56998	0.151477	5.85894
44 	100   	2.64374	1.74972	0.147623	5.94716
45 	100   	2.34756	1.70651	0.147623	5.79558
46 	100   	2.82438	1.35385	0.180634	6.2682 
47 	100   	3.11596	1.91213	0.180634	6.43984
48 	100   	1.8717 	1.39607	0.14863 	4.96447
49 	100   	2.25034	1.6893 	0.147991	6.35007
50 	100   	2.44725	1.79335	0.157792	6.35007 

715.4376838207245
[90.39339971612965, 2.2849291229623456, 0.29423683309593507, 2.9978018314611465, 1366.423897098745, 0.11391835928083194, 13.066198072691815, 4.623127561876454, 209.8961856445253, 0.7430204468846605, 6.383647059557771, 0.45689907437322064, 8.684505595794555, 19.226613601094396, 1.794049599503972, 0.8538399272171266, 2691.3641216829583, 1.3332396980867474, 21.86656933725461, -14.069003545711649]
[0.11291681628655435, 0.0321343868589793, 0.0011948408806149657, 0.000604313610755952, 0.0006250000000000178]
/global/homes/m/mikelam/.local/cori/3.7-anaconda-2019.07/lib/python3.7/site-packages/scipy/optimize/minpack.py:794: OptimizeWarning: Covariance of the parameters could not be estimated
  category=OptimizeWarning)
/global/homes/m/mikelam/.local/cori/3.7-anaconda-2019.07/lib/python3.7/site-packages/scipy/optimize/minpack.py:794: OptimizeWarning: Covariance of the parameters could not be estimated
  category=OptimizeWarning)
/global/homes/m/mikelam/.local/cori/3.7-anaconda-2019.07/lib/python3.7/site-packages/scipy/optimize/minpack.py:794: OptimizeWarning: Covariance of the parameters could not be estimated
  category=OptimizeWarning)
/global/homes/m/mikelam/.local/cori/3.7-anaconda-2019.07/lib/python3.7/site-packages/scipy/optimize/minpack.py:794: OptimizeWarning: Covariance of the parameters could not be estimated
  category=OptimizeWarning)
/global/homes/m/mikelam/.local/cori/3.7-anaconda-2019.07/lib/python3.7/site-packages/scipy/optimize/minpack.py:794: OptimizeWarning: Covariance of the parameters could not be estimated
  category=OptimizeWarning)
/global/homes/m/mikelam/.local/cori/3.7-anaconda-2019.07/lib/python3.7/site-packages/scipy/optimize/minpack.py:794: OptimizeWarning: Covariance of the parameters could not be estimated
  category=OptimizeWarning)
/global/homes/m/mikelam/.local/cori/3.7-anaconda-2019.07/lib/python3.7/site-packages/scipy/optimize/minpack.py:794: OptimizeWarning: Covariance of the parameters could not be estimated
  category=OptimizeWarning)
/global/homes/m/mikelam/.local/cori/3.7-anaconda-2019.07/lib/python3.7/site-packages/scipy/optimize/minpack.py:794: OptimizeWarning: Covariance of the parameters could not be estimated
  category=OptimizeWarning)
/global/homes/m/mikelam/.local/cori/3.7-anaconda-2019.07/lib/python3.7/site-packages/scipy/optimize/minpack.py:794: OptimizeWarning: Covariance of the parameters could not be estimated
  category=OptimizeWarning)
/global/homes/m/mikelam/.local/cori/3.7-anaconda-2019.07/lib/python3.7/site-packages/scipy/optimize/minpack.py:794: OptimizeWarning: Covariance of the parameters could not be estimated
  category=OptimizeWarning)
/global/homes/m/mikelam/.local/cori/3.7-anaconda-2019.07/lib/python3.7/site-packages/scipy/optimize/minpack.py:794: OptimizeWarning: Covariance of the parameters could not be estimated
  category=OptimizeWarning)
/global/homes/m/mikelam/.local/cori/3.7-anaconda-2019.07/lib/python3.7/site-packages/scipy/optimize/minpack.py:794: OptimizeWarning: Covariance of the parameters could not be estimated
  category=OptimizeWarning)
/global/homes/m/mikelam/.local/cori/3.7-anaconda-2019.07/lib/python3.7/site-packages/scipy/optimize/minpack.py:794: OptimizeWarning: Covariance of the parameters could not be estimated
  category=OptimizeWarning)
/global/homes/m/mikelam/.local/cori/3.7-anaconda-2019.07/lib/python3.7/site-packages/scipy/optimize/minpack.py:794: OptimizeWarning: Covariance of the parameters could not be estimated
  category=OptimizeWarning)
/global/homes/m/mikelam/.local/cori/3.7-anaconda-2019.07/lib/python3.7/site-packages/scipy/optimize/minpack.py:794: OptimizeWarning: Covariance of the parameters could not be estimated
  category=OptimizeWarning)
/global/homes/m/mikelam/.local/cori/3.7-anaconda-2019.07/lib/python3.7/site-packages/scipy/optimize/minpack.py:794: OptimizeWarning: Covariance of the parameters could not be estimated
  category=OptimizeWarning)
/global/homes/m/mikelam/.local/cori/3.7-anaconda-2019.07/lib/python3.7/site-packages/scipy/optimize/minpack.py:794: OptimizeWarning: Covariance of the parameters could not be estimated
  category=OptimizeWarning)
/global/homes/m/mikelam/.local/cori/3.7-anaconda-2019.07/lib/python3.7/site-packages/scipy/optimize/minpack.py:794: OptimizeWarning: Covariance of the parameters could not be estimated
  category=OptimizeWarning)
/global/homes/m/mikelam/.local/cori/3.7-anaconda-2019.07/lib/python3.7/site-packages/scipy/optimize/minpack.py:794: OptimizeWarning: Covariance of the parameters could not be estimated
  category=OptimizeWarning)
/global/homes/m/mikelam/.local/cori/3.7-anaconda-2019.07/lib/python3.7/site-packages/scipy/optimize/minpack.py:794: OptimizeWarning: Covariance of the parameters could not be estimated
  category=OptimizeWarning)
/global/homes/m/mikelam/.local/cori/3.7-anaconda-2019.07/lib/python3.7/site-packages/scipy/optimize/minpack.py:794: OptimizeWarning: Covariance of the parameters could not be estimated
  category=OptimizeWarning)
/global/homes/m/mikelam/.local/cori/3.7-anaconda-2019.07/lib/python3.7/site-packages/scipy/optimize/minpack.py:794: OptimizeWarning: Covariance of the parameters could not be estimated
  category=OptimizeWarning)
/global/homes/m/mikelam/.local/cori/3.7-anaconda-2019.07/lib/python3.7/site-packages/scipy/optimize/minpack.py:794: OptimizeWarning: Covariance of the parameters could not be estimated
  category=OptimizeWarning)
/global/homes/m/mikelam/.local/cori/3.7-anaconda-2019.07/lib/python3.7/site-packages/scipy/optimize/minpack.py:794: OptimizeWarning: Covariance of the parameters could not be estimated
  category=OptimizeWarning)
/global/homes/m/mikelam/.local/cori/3.7-anaconda-2019.07/lib/python3.7/site-packages/scipy/optimize/minpack.py:794: OptimizeWarning: Covariance of the parameters could not be estimated
  category=OptimizeWarning)
/global/homes/m/mikelam/.local/cori/3.7-anaconda-2019.07/lib/python3.7/site-packages/scipy/optimize/minpack.py:794: OptimizeWarning: Covariance of the parameters could not be estimated
  category=OptimizeWarning)
/global/homes/m/mikelam/.local/cori/3.7-anaconda-2019.07/lib/python3.7/site-packages/scipy/optimize/minpack.py:794: OptimizeWarning: Covariance of the parameters could not be estimated
  category=OptimizeWarning)
/global/homes/m/mikelam/.local/cori/3.7-anaconda-2019.07/lib/python3.7/site-packages/scipy/optimize/minpack.py:794: OptimizeWarning: Covariance of the parameters could not be estimated
  category=OptimizeWarning)
/global/homes/m/mikelam/.local/cori/3.7-anaconda-2019.07/lib/python3.7/site-packages/scipy/optimize/minpack.py:794: OptimizeWarning: Covariance of the parameters could not be estimated
  category=OptimizeWarning)
/global/homes/m/mikelam/.local/cori/3.7-anaconda-2019.07/lib/python3.7/site-packages/scipy/optimize/minpack.py:794: OptimizeWarning: Covariance of the parameters could not be estimated
  category=OptimizeWarning)
/global/homes/m/mikelam/.local/cori/3.7-anaconda-2019.07/lib/python3.7/site-packages/scipy/optimize/minpack.py:794: OptimizeWarning: Covariance of the parameters could not be estimated
  category=OptimizeWarning)
/global/homes/m/mikelam/.local/cori/3.7-anaconda-2019.07/lib/python3.7/site-packages/scipy/optimize/minpack.py:794: OptimizeWarning: Covariance of the parameters could not be estimated
  category=OptimizeWarning)
/global/homes/m/mikelam/.local/cori/3.7-anaconda-2019.07/lib/python3.7/site-packages/scipy/optimize/minpack.py:794: OptimizeWarning: Covariance of the parameters could not be estimated
  category=OptimizeWarning)
/global/homes/m/mikelam/.local/cori/3.7-anaconda-2019.07/lib/python3.7/site-packages/scipy/optimize/minpack.py:794: OptimizeWarning: Covariance of the parameters could not be estimated
  category=OptimizeWarning)
/global/homes/m/mikelam/.local/cori/3.7-anaconda-2019.07/lib/python3.7/site-packages/scipy/optimize/minpack.py:794: OptimizeWarning: Covariance of the parameters could not be estimated
  category=OptimizeWarning)
/global/homes/m/mikelam/.local/cori/3.7-anaconda-2019.07/lib/python3.7/site-packages/scipy/optimize/minpack.py:794: OptimizeWarning: Covariance of the parameters could not be estimated
  category=OptimizeWarning)
/global/homes/m/mikelam/.local/cori/3.7-anaconda-2019.07/lib/python3.7/site-packages/scipy/optimize/minpack.py:794: OptimizeWarning: Covariance of the parameters could not be estimated
  category=OptimizeWarning)
/global/homes/m/mikelam/.local/cori/3.7-anaconda-2019.07/lib/python3.7/site-packages/scipy/optimize/minpack.py:794: OptimizeWarning: Covariance of the parameters could not be estimated
  category=OptimizeWarning)
/global/homes/m/mikelam/.local/cori/3.7-anaconda-2019.07/lib/python3.7/site-packages/scipy/optimize/minpack.py:794: OptimizeWarning: Covariance of the parameters could not be estimated
  category=OptimizeWarning)
/global/homes/m/mikelam/.local/cori/3.7-anaconda-2019.07/lib/python3.7/site-packages/scipy/optimize/minpack.py:794: OptimizeWarning: Covariance of the parameters could not be estimated
  category=OptimizeWarning)
/global/homes/m/mikelam/.local/cori/3.7-anaconda-2019.07/lib/python3.7/site-packages/scipy/optimize/minpack.py:794: OptimizeWarning: Covariance of the parameters could not be estimated
  category=OptimizeWarning)
/global/homes/m/mikelam/.local/cori/3.7-anaconda-2019.07/lib/python3.7/site-packages/scipy/optimize/minpack.py:794: OptimizeWarning: Covariance of the parameters could not be estimated
  category=OptimizeWarning)
/global/homes/m/mikelam/.local/cori/3.7-anaconda-2019.07/lib/python3.7/site-packages/scipy/optimize/minpack.py:794: OptimizeWarning: Covariance of the parameters could not be estimated
  category=OptimizeWarning)
/global/homes/m/mikelam/.local/cori/3.7-anaconda-2019.07/lib/python3.7/site-packages/scipy/optimize/minpack.py:794: OptimizeWarning: Covariance of the parameters could not be estimated
  category=OptimizeWarning)
/global/homes/m/mikelam/.local/cori/3.7-anaconda-2019.07/lib/python3.7/site-packages/scipy/optimize/minpack.py:794: OptimizeWarning: Covariance of the parameters could not be estimated
  category=OptimizeWarning)
/global/homes/m/mikelam/.local/cori/3.7-anaconda-2019.07/lib/python3.7/site-packages/scipy/optimize/minpack.py:794: OptimizeWarning: Covariance of the parameters could not be estimated
  category=OptimizeWarning)
/global/homes/m/mikelam/.local/cori/3.7-anaconda-2019.07/lib/python3.7/site-packages/scipy/optimize/minpack.py:794: OptimizeWarning: Covariance of the parameters could not be estimated
  category=OptimizeWarning)
/global/homes/m/mikelam/.local/cori/3.7-anaconda-2019.07/lib/python3.7/site-packages/scipy/optimize/minpack.py:794: OptimizeWarning: Covariance of the parameters could not be estimated
  category=OptimizeWarning)
/global/homes/m/mikelam/.local/cori/3.7-anaconda-2019.07/lib/python3.7/site-packages/scipy/optimize/minpack.py:794: OptimizeWarning: Covariance of the parameters could not be estimated
  category=OptimizeWarning)
/global/homes/m/mikelam/.local/cori/3.7-anaconda-2019.07/lib/python3.7/site-packages/scipy/optimize/minpack.py:794: OptimizeWarning: Covariance of the parameters could not be estimated
  category=OptimizeWarning)
/global/homes/m/mikelam/.local/cori/3.7-anaconda-2019.07/lib/python3.7/site-packages/scipy/optimize/minpack.py:794: OptimizeWarning: Covariance of the parameters could not be estimated
  category=OptimizeWarning)
/global/homes/m/mikelam/.local/cori/3.7-anaconda-2019.07/lib/python3.7/site-packages/scipy/optimize/minpack.py:794: OptimizeWarning: Covariance of the parameters could not be estimated
  category=OptimizeWarning)
/global/homes/m/mikelam/.local/cori/3.7-anaconda-2019.07/lib/python3.7/site-packages/scipy/optimize/minpack.py:794: OptimizeWarning: Covariance of the parameters could not be estimated
  category=OptimizeWarning)
/global/homes/m/mikelam/.local/cori/3.7-anaconda-2019.07/lib/python3.7/site-packages/scipy/optimize/minpack.py:794: OptimizeWarning: Covariance of the parameters could not be estimated
  category=OptimizeWarning)
/global/homes/m/mikelam/.local/cori/3.7-anaconda-2019.07/lib/python3.7/site-packages/scipy/optimize/minpack.py:794: OptimizeWarning: Covariance of the parameters could not be estimated
  category=OptimizeWarning)
/global/homes/m/mikelam/.local/cori/3.7-anaconda-2019.07/lib/python3.7/site-packages/scipy/optimize/minpack.py:794: OptimizeWarning: Covariance of the parameters could not be estimated
  category=OptimizeWarning)
/global/homes/m/mikelam/.local/cori/3.7-anaconda-2019.07/lib/python3.7/site-packages/scipy/optimize/minpack.py:794: OptimizeWarning: Covariance of the parameters could not be estimated
  category=OptimizeWarning)
/global/homes/m/mikelam/.local/cori/3.7-anaconda-2019.07/lib/python3.7/site-packages/scipy/optimize/minpack.py:794: OptimizeWarning: Covariance of the parameters could not be estimated
  category=OptimizeWarning)
/global/homes/m/mikelam/.local/cori/3.7-anaconda-2019.07/lib/python3.7/site-packages/scipy/optimize/minpack.py:794: OptimizeWarning: Covariance of the parameters could not be estimated
  category=OptimizeWarning)
/global/homes/m/mikelam/.local/cori/3.7-anaconda-2019.07/lib/python3.7/site-packages/scipy/optimize/minpack.py:794: OptimizeWarning: Covariance of the parameters could not be estimated
  category=OptimizeWarning)
/global/homes/m/mikelam/.local/cori/3.7-anaconda-2019.07/lib/python3.7/site-packages/scipy/optimize/minpack.py:794: OptimizeWarning: Covariance of the parameters could not be estimated
  category=OptimizeWarning)
/global/homes/m/mikelam/.local/cori/3.7-anaconda-2019.07/lib/python3.7/site-packages/scipy/optimize/minpack.py:794: OptimizeWarning: Covariance of the parameters could not be estimated
  category=OptimizeWarning)
/global/homes/m/mikelam/.local/cori/3.7-anaconda-2019.07/lib/python3.7/site-packages/scipy/optimize/minpack.py:794: OptimizeWarning: Covariance of the parameters could not be estimated
  category=OptimizeWarning)
/global/homes/m/mikelam/.local/cori/3.7-anaconda-2019.07/lib/python3.7/site-packages/scipy/optimize/minpack.py:794: OptimizeWarning: Covariance of the parameters could not be estimated
  category=OptimizeWarning)
