debug: -3.2027341340615103
init called
here are the name, val, min, max of each parameter
sh
8.0
(0.1, 50.0)

tha
-35.0
(-150.0, -1.0)

qa
7.2
(0.1, 100.0)

Ra
0.4
(0.005, 2.0)

Rb
0.124
(0.005, 2.0)

thi1
-45.0
(-150.0, -1.0)

thi2
-45.0
(-150.0, -1.0)

qd
0.5
(0.0, 20.0)

qg
1.5
(0.0, 20.0)

mmin
0.02
(5e-05, 0.5)

hmin
0.01
(5e-05, 0.5)

q10
2.0
(0.0, 20.0)

Rg
0.01
(0.0005, 0.2)

Rd
0.03
(0.0005, 0.2)

thinf
-45.0
(-150.0, -1.0)

qinf
7.0
(0.5, 100.0)

vhalfs
-60.0
(-150.0, -1.0)

a0s
0.0003
(1.5e-06, 0.1)

zetas
12.0
(0.1, 80.0)

gms
0.2
(0.003, 3.0)

smax
10.0
(0.1, 150.0)

vvh
-58.0
(-150.0, -1.0)

vvs
2.0
(-50.0, 60.0)

Ena
55.0
(45.0, 65.0)




here are the goals:
10.59
18.83
1.456
1.31
0.18
2.0
1
exp(743.026) out of range, returning exp(700)
exp(826.329) out of range, returning exp(700)
exp(829.544) out of range, returning exp(700)
exp(829.676) out of range, returning exp(700)
No more errno warnings during this execution
exp(717.234) out of range, returning exp(700)
exp(883.396) out of range, returning exp(700)
exp(889.804) out of range, returning exp(700)
exp(890.063) out of range, returning exp(700)
No more errno warnings during this execution
exp(705.687) out of range, returning exp(700)
exp(711.68) out of range, returning exp(700)
exp(715.161) out of range, returning exp(700)
exp(717.147) out of range, returning exp(700)
No more errno warnings during this execution
exp(879.263) out of range, returning exp(700)
exp(879.263) out of range, returning exp(700)
exp(727.277) out of range, returning exp(700)
exp(778.118) out of range, returning exp(700)
exp(780.089) out of range, returning exp(700)
exp(780.179) out of range, returning exp(700)
No more errno warnings during this execution
exp(879.263) out of range, returning exp(700)
exp(879.263) out of range, returning exp(700)
No more errno warnings during this execution
exp(703.131) out of range, returning exp(700)
exp(738.325) out of range, returning exp(700)
exp(739.706) out of range, returning exp(700)
exp(739.761) out of range, returning exp(700)
No more errno warnings during this execution
[10.908309916817608, -87.10463023817512, 3.0011746787293077, 0.44727487421470496, 0.8785857493328914, -76.12397603410426, -115.27041691162168, 4.617330830819686, 4.375620746753772, 0.2298287526955799, 0.14492631821451327, 0.4297941053181775, 0.1675968061446833, 0.11151263736916048, -54.298139923065605, 18.99767345652441, -2.111031585766284, 0.0859948629597358, 9.759107788483933, 1.0000874705243068, 108.25051269673193, -44.03242631540333, 53.00846454794056, 53.4421399992283]
Current generation:  1
log: 
 gen	nevals	avg   	std   	min    	max   
1  	5     	344200	261314	7330.23	790738 

[10.908309916817608, -87.10463023817512, 3.0011746787293077, 0.44727487421470496, 0.8785857493328914, -76.12397603410426, -115.27041691162168, 4.617330830819686, 4.375620746753772, 0.2298287526955799, 0.14492631821451327, 0.4297941053181775, 0.1675968061446833, 0.11151263736916048, -54.298139923065605, 18.99767345652441, -2.111031585766284, 0.0859948629597358, 9.759107788483933, 1.0000874705243068, 108.25051269673193, -44.03242631540333, 53.00846454794056, 53.4421399992283]
Current generation:  2
log: 
 gen	nevals	avg   	std   	min    	max   
1  	5     	344200	261314	7330.23	790738
2  	5     	299603	222496	7330.23	790738 

[14.116339734596394, -105.7574788155498, 75.93053925786586, 0.5339778695204837, 0.8213019134260324, -56.21857431787869, -54.782496585816155, 4.916398751699636, 4.352853421963827, 0.24167915214219812, 0.050610647876419224, 1.4519353334703955, 0.15241103816615303, 0.0817661152647446, -98.60358424380856, 6.842357056248698, -113.86110284047703, 0.07040476278594576, 77.5397295901596, 1.0148260008990162, 110.42115194304803, -80.92535177328675, 52.96622486690901, 53.937005177853564]
Current generation:  3
log: 
 gen	nevals	avg   	std   	min    	max        
1  	5     	344200	261314	7330.23	790738     
2  	5     	299603	222496	7330.23	790738     
3  	5     	319485	371831	2871.82	1.23048e+06 

[14.116339734596394, -105.7574788155498, 75.93053925786586, 0.5339778695204837, 0.8213019134260324, -56.21857431787869, -54.782496585816155, 4.916398751699636, 4.352853421963827, 0.24167915214219812, 0.050610647876419224, 1.4519353334703955, 0.15241103816615303, 0.0817661152647446, -98.60358424380856, 6.842357056248698, -113.86110284047703, 0.07040476278594576, 77.5397295901596, 1.0148260008990162, 110.42115194304803, -80.92535177328675, 52.96622486690901, 53.937005177853564]
Current generation:  4
log: 
 gen	nevals	avg   	std   	min    	max        
1  	5     	344200	261314	7330.23	790738     
2  	5     	299603	222496	7330.23	790738     
3  	5     	319485	371831	2871.82	1.23048e+06
4  	5     	718778	725426	39793.5	2.65951e+06 

[14.116339734596394, -105.7574788155498, 75.93053925786586, 0.5339778695204837, 0.8213019134260324, -56.21857431787869, -54.782496585816155, 4.916398751699636, 4.352853421963827, 0.24167915214219812, 0.050610647876419224, 1.4519353334703955, 0.15241103816615303, 0.0817661152647446, -98.60358424380856, 6.842357056248698, -113.86110284047703, 0.07040476278594576, 77.5397295901596, 1.0148260008990162, 110.42115194304803, -80.92535177328675, 52.96622486690901, 53.937005177853564]
Current generation:  5
log: 
 gen	nevals	avg   	std    	min    	max        
1  	5     	344200	261314 	7330.23	790738     
2  	5     	299603	222496 	7330.23	790738     
3  	5     	319485	371831 	2871.82	1.23048e+06
4  	5     	718778	725426 	39793.5	2.65951e+06
5  	5     	7e+15 	2.1e+16	3307.01	7e+16       

[14.116339734596394, -105.7574788155498, 75.93053925786586, 0.5339778695204837, 0.8213019134260324, -56.21857431787869, -54.782496585816155, 4.916398751699636, 4.352853421963827, 0.24167915214219812, 0.050610647876419224, 1.4519353334703955, 0.15241103816615303, 0.0817661152647446, -98.60358424380856, 6.842357056248698, -113.86110284047703, 0.07040476278594576, 77.5397295901596, 1.0148260008990162, 110.42115194304803, -80.92535177328675, 52.96622486690901, 53.937005177853564]
Current generation:  6
log: 
 gen	nevals	avg    	std    	min    	max        
1  	5     	344200 	261314 	7330.23	790738     
2  	5     	299603 	222496 	7330.23	790738     
3  	5     	319485 	371831 	2871.82	1.23048e+06
4  	5     	718778 	725426 	39793.5	2.65951e+06
5  	5     	7e+15  	2.1e+16	3307.01	7e+16      
6  	5     	1.4e+16	2.8e+16	145457 	7e+16       

[17.987567317103057, -118.34023142488603, 26.041874920295335, 0.3802237529658158, 0.9816367328392741, -59.76625468536618, -67.91481392110285, 6.451211483514896, 0.5542679500514542, 0.17852406219831296, 0.3965723690833091, 0.008311537010909475, 0.15730835237695953, 0.17201016715429915, -57.202726061841545, 6.180143305219612, -113.34424870670948, 0.06439254026619058, 74.82300160097554, 0.9538440271936321, 13.282134759397799, -43.99750136856022, 52.96622486690901, 55.70705937008057]
Current generation:  7
log: 
 gen	nevals	avg    	std    	min    	max        
1  	5     	344200 	261314 	7330.23	790738     
2  	5     	299603 	222496 	7330.23	790738     
3  	5     	319485 	371831 	2871.82	1.23048e+06
4  	5     	718778 	725426 	39793.5	2.65951e+06
5  	5     	7e+15  	2.1e+16	3307.01	7e+16      
6  	5     	1.4e+16	2.8e+16	145457 	7e+16      
7  	5     	7e+15  	2.1e+16	2329.78	7e+16       

[17.987567317103057, -118.34023142488603, 26.041874920295335, 0.3802237529658158, 0.9816367328392741, -59.76625468536618, -67.91481392110285, 6.451211483514896, 0.5542679500514542, 0.17852406219831296, 0.3965723690833091, 0.008311537010909475, 0.15730835237695953, 0.17201016715429915, -57.202726061841545, 6.180143305219612, -113.34424870670948, 0.06439254026619058, 74.82300160097554, 0.9538440271936321, 13.282134759397799, -43.99750136856022, 52.96622486690901, 55.70705937008057]
Current generation:  8
log: 
 gen	nevals	avg    	std    	min    	max        
1  	5     	344200 	261314 	7330.23	790738     
2  	5     	299603 	222496 	7330.23	790738     
3  	5     	319485 	371831 	2871.82	1.23048e+06
4  	5     	718778 	725426 	39793.5	2.65951e+06
5  	5     	7e+15  	2.1e+16	3307.01	7e+16      
6  	5     	1.4e+16	2.8e+16	145457 	7e+16      
7  	5     	7e+15  	2.1e+16	2329.78	7e+16      
8  	5     	219227 	370832 	2329.78	1.15134e+06 

[17.987567317103057, -118.34023142488603, 26.041874920295335, 0.3802237529658158, 0.9816367328392741, -59.76625468536618, -67.91481392110285, 6.451211483514896, 0.5542679500514542, 0.17852406219831296, 0.3965723690833091, 0.008311537010909475, 0.15730835237695953, 0.17201016715429915, -57.202726061841545, 6.180143305219612, -113.34424870670948, 0.06439254026619058, 74.82300160097554, 0.9538440271936321, 13.282134759397799, -43.99750136856022, 52.96622486690901, 55.70705937008057]
Current generation:  9
log: 
 gen	nevals	avg    	std    	min    	max        
1  	5     	344200 	261314 	7330.23	790738     
2  	5     	299603 	222496 	7330.23	790738     
3  	5     	319485 	371831 	2871.82	1.23048e+06
4  	5     	718778 	725426 	39793.5	2.65951e+06
5  	5     	7e+15  	2.1e+16	3307.01	7e+16      
6  	5     	1.4e+16	2.8e+16	145457 	7e+16      
7  	5     	7e+15  	2.1e+16	2329.78	7e+16      
8  	5     	219227 	370832 	2329.78	1.15134e+06
9  	5     	234164 	194911 	3472.83	441757      

[4.055533725092787, -100.20041744754009, 87.61751430008316, 0.8990847747444566, 1.0584749698515936, -129.99756258843172, -97.10461172525233, 3.297242226150252, 0.3692667395433232, 0.23741170995970373, 0.3678928589442665, 0.3629033131744654, 0.17176828802539834, 0.17436828921797376, -94.5595623586696, 10.77300501131311, -113.3451432551829, 0.05773535816485327, 60.09345870821972, 1.1993504039558311, 7.948731235742613, -90.49087796186375, 52.96622486690901, 56.00530263409597]
Current generation:  10
log: 
 gen	nevals	avg    	std    	min    	max        
1  	5     	344200 	261314 	7330.23	790738     
2  	5     	299603 	222496 	7330.23	790738     
3  	5     	319485 	371831 	2871.82	1.23048e+06
4  	5     	718778 	725426 	39793.5	2.65951e+06
5  	5     	7e+15  	2.1e+16	3307.01	7e+16      
6  	5     	1.4e+16	2.8e+16	145457 	7e+16      
7  	5     	7e+15  	2.1e+16	2329.78	7e+16      
8  	5     	219227 	370832 	2329.78	1.15134e+06
9  	5     	234164 	194911 	3472.83	441757     
10 	5     	46359  	52162.6	2253.28	182523      

exp(8470.78) out of range, returning exp(700)
exp(8470.78) out of range, returning exp(700)
exp(8470.78) out of range, returning exp(700)
exp(8470.78) out of range, returning exp(700)
No more errno warnings during this execution
exp(710.653) out of range, returning exp(700)
exp(711.908) out of range, returning exp(700)
exp(711.958) out of range, returning exp(700)
exp(711.962) out of range, returning exp(700)
No more errno warnings during this execution
exp(717.604) out of range, returning exp(700)
exp(718.583) out of range, returning exp(700)
exp(718.621) out of range, returning exp(700)
exp(718.623) out of range, returning exp(700)
No more errno warnings during this execution
exp(705.264) out of range, returning exp(700)
exp(734.492) out of range, returning exp(700)
exp(735.621) out of range, returning exp(700)
exp(735.668) out of range, returning exp(700)
No more errno warnings during this execution
exp(710.279) out of range, returning exp(700)
exp(712.215) out of range, returning exp(700)
exp(712.298) out of range, returning exp(700)
exp(712.309) out of range, returning exp(700)
No more errno warnings during this execution
exp(720.446) out of range, returning exp(700)
exp(752.179) out of range, returning exp(700)
exp(753.408) out of range, returning exp(700)
exp(753.462) out of range, returning exp(700)
No more errno warnings during this execution
exp(725.256) out of range, returning exp(700)
exp(726.725) out of range, returning exp(700)
exp(726.782) out of range, returning exp(700)
exp(726.785) out of range, returning exp(700)
No more errno warnings during this execution
exp(709.592) out of range, returning exp(700)
exp(710.967) out of range, returning exp(700)
exp(711.022) out of range, returning exp(700)
exp(711.025) out of range, returning exp(700)
No more errno warnings during this execution
exp(725.445) out of range, returning exp(700)
exp(726.914) out of range, returning exp(700)
exp(726.97) out of range, returning exp(700)
exp(726.973) out of range, returning exp(700)
No more errno warnings during this execution
exp(701.682) out of range, returning exp(700)
exp(703.321) out of range, returning exp(700)
exp(704.516) out of range, returning exp(700)
exp(705.397) out of range, returning exp(700)
No more errno warnings during this execution
[4.055533725092787, -99.85849775001961, 87.61751430008316, 0.8990847747444566, 1.2715350256920095, -127.60473820724181, -75.83052144356098, 0.26602720525443546, 0.3692667395433232, 0.1597315836940144, 0.4882127980426393, 0.2453315934542839, 0.19252588471266302, 0.17436828921797376, -71.47106589075996, 4.088455993674778, -113.31938923849425, 0.06069785766053673, 60.09345870821972, 1.1993699660308583, 7.881729895345647, -90.54489029143942, 55.37724442520434, 55.73682071298876]
Current generation:  11
log: 
 gen	nevals	avg    	std    	min    	max        
1  	5     	344200 	261314 	7330.23	790738     
2  	5     	299603 	222496 	7330.23	790738     
3  	5     	319485 	371831 	2871.82	1.23048e+06
4  	5     	718778 	725426 	39793.5	2.65951e+06
5  	5     	7e+15  	2.1e+16	3307.01	7e+16      
6  	5     	1.4e+16	2.8e+16	145457 	7e+16      
7  	5     	7e+15  	2.1e+16	2329.78	7e+16      
8  	5     	219227 	370832 	2329.78	1.15134e+06
9  	5     	234164 	194911 	3472.83	441757     
10 	5     	46359  	52162.6	2253.28	182523     
11 	5     	5699.57	4598.45	1257.91	15731       

[4.055533725092787, -99.85849775001961, 87.61751430008316, 0.8990847747444566, 1.2715350256920095, -127.60473820724181, -75.83052144356098, 0.26602720525443546, 0.3692667395433232, 0.1597315836940144, 0.4882127980426393, 0.2453315934542839, 0.19252588471266302, 0.17436828921797376, -71.47106589075996, 4.088455993674778, -113.31938923849425, 0.06069785766053673, 60.09345870821972, 1.1993699660308583, 7.881729895345647, -90.54489029143942, 55.37724442520434, 55.73682071298876]
Current generation:  12
log: 
 gen	nevals	avg    	std    	min    	max        
1  	5     	344200 	261314 	7330.23	790738     
2  	5     	299603 	222496 	7330.23	790738     
3  	5     	319485 	371831 	2871.82	1.23048e+06
4  	5     	718778 	725426 	39793.5	2.65951e+06
5  	5     	7e+15  	2.1e+16	3307.01	7e+16      
6  	5     	1.4e+16	2.8e+16	145457 	7e+16      
7  	5     	7e+15  	2.1e+16	2329.78	7e+16      
8  	5     	219227 	370832 	2329.78	1.15134e+06
9  	5     	234164 	194911 	3472.83	441757     
10 	5     	46359  	52162.6	2253.28	182523     
11 	5     	5699.57	4598.45	1257.91	15731      
12 	5     	7e+15  	2.1e+16	1257.91	7e+16       

[4.055533725092787, -74.4579520311902, 91.30379269976561, 0.3127549075573305, 1.322719414393033, -128.1911592704066, -72.25078143239392, 5.296627735377397, 0.3107234026004209, 0.060057555216303495, 0.4550672293954011, 0.03340706917394386, 0.19695249766147063, 0.18367769999006436, -59.36474668065121, 2.7545845725155464, -78.91878588251443, 0.06344366259846539, 61.418481625420306, 1.1993699660308583, 9.43806380498245, -90.54489029143942, 45.109119718667216, 54.95028727321071]
Current generation:  13
log: 
 gen	nevals	avg    	std    	min    	max        
1  	5     	344200 	261314 	7330.23	790738     
2  	5     	299603 	222496 	7330.23	790738     
3  	5     	319485 	371831 	2871.82	1.23048e+06
4  	5     	718778 	725426 	39793.5	2.65951e+06
5  	5     	7e+15  	2.1e+16	3307.01	7e+16      
6  	5     	1.4e+16	2.8e+16	145457 	7e+16      
7  	5     	7e+15  	2.1e+16	2329.78	7e+16      
8  	5     	219227 	370832 	2329.78	1.15134e+06
9  	5     	234164 	194911 	3472.83	441757     
10 	5     	46359  	52162.6	2253.28	182523     
11 	5     	5699.57	4598.45	1257.91	15731      
12 	5     	7e+15  	2.1e+16	1257.91	7e+16      
13 	5     	3799.8 	4038.44	1005.55	13409.2     

[4.055533725092787, -74.4579520311902, 91.30379269976561, 0.3127549075573305, 1.322719414393033, -128.1911592704066, -72.25078143239392, 5.296627735377397, 0.3107234026004209, 0.060057555216303495, 0.4550672293954011, 0.03340706917394386, 0.19695249766147063, 0.18367769999006436, -59.36474668065121, 2.7545845725155464, -78.91878588251443, 0.06344366259846539, 61.418481625420306, 1.1993699660308583, 9.43806380498245, -90.54489029143942, 45.109119718667216, 54.95028727321071]
Current generation:  14
log: 
 gen	nevals	avg    	std    	min    	max        
1  	5     	344200 	261314 	7330.23	790738     
2  	5     	299603 	222496 	7330.23	790738     
3  	5     	319485 	371831 	2871.82	1.23048e+06
4  	5     	718778 	725426 	39793.5	2.65951e+06
5  	5     	7e+15  	2.1e+16	3307.01	7e+16      
6  	5     	1.4e+16	2.8e+16	145457 	7e+16      
7  	5     	7e+15  	2.1e+16	2329.78	7e+16      
8  	5     	219227 	370832 	2329.78	1.15134e+06
9  	5     	234164 	194911 	3472.83	441757     
10 	5     	46359  	52162.6	2253.28	182523     
11 	5     	5699.57	4598.45	1257.91	15731      
12 	5     	7e+15  	2.1e+16	1257.91	7e+16      
13 	5     	3799.8 	4038.44	1005.55	13409.2    
14 	5     	10374.6	18655.9	1005.55	65678       

[4.055533725092787, -74.4579520311902, 91.30379269976561, 0.3127549075573305, 1.322719414393033, -128.1911592704066, -72.25078143239392, 5.296627735377397, 0.3107234026004209, 0.060057555216303495, 0.4550672293954011, 0.03340706917394386, 0.19695249766147063, 0.18367769999006436, -59.36474668065121, 2.7545845725155464, -78.91878588251443, 0.06344366259846539, 61.418481625420306, 1.1993699660308583, 9.43806380498245, -90.54489029143942, 45.109119718667216, 54.95028727321071]
Current generation:  15
log: 
 gen	nevals	avg    	std    	min    	max        
1  	5     	344200 	261314 	7330.23	790738     
2  	5     	299603 	222496 	7330.23	790738     
3  	5     	319485 	371831 	2871.82	1.23048e+06
4  	5     	718778 	725426 	39793.5	2.65951e+06
5  	5     	7e+15  	2.1e+16	3307.01	7e+16      
6  	5     	1.4e+16	2.8e+16	145457 	7e+16      
7  	5     	7e+15  	2.1e+16	2329.78	7e+16      
8  	5     	219227 	370832 	2329.78	1.15134e+06
9  	5     	234164 	194911 	3472.83	441757     
10 	5     	46359  	52162.6	2253.28	182523     
11 	5     	5699.57	4598.45	1257.91	15731      
12 	5     	7e+15  	2.1e+16	1257.91	7e+16      
13 	5     	3799.8 	4038.44	1005.55	13409.2    
14 	5     	10374.6	18655.9	1005.55	65678      
15 	5     	7806.8 	10959.9	1383.16	38847.9     

[4.055533725092787, -74.4579520311902, 91.30379269976561, 0.3127549075573305, 1.322719414393033, -128.1911592704066, -72.25078143239392, 5.296627735377397, 0.3107234026004209, 0.060057555216303495, 0.4550672293954011, 0.03340706917394386, 0.19695249766147063, 0.18367769999006436, -59.36474668065121, 2.7545845725155464, -78.91878588251443, 0.06344366259846539, 61.418481625420306, 1.1993699660308583, 9.43806380498245, -90.54489029143942, 45.109119718667216, 54.95028727321071]
Current generation:  16
log: 
 gen	nevals	avg    	std    	min    	max        
1  	5     	344200 	261314 	7330.23	790738     
2  	5     	299603 	222496 	7330.23	790738     
3  	5     	319485 	371831 	2871.82	1.23048e+06
4  	5     	718778 	725426 	39793.5	2.65951e+06
5  	5     	7e+15  	2.1e+16	3307.01	7e+16      
6  	5     	1.4e+16	2.8e+16	145457 	7e+16      
7  	5     	7e+15  	2.1e+16	2329.78	7e+16      
8  	5     	219227 	370832 	2329.78	1.15134e+06
9  	5     	234164 	194911 	3472.83	441757     
10 	5     	46359  	52162.6	2253.28	182523     
11 	5     	5699.57	4598.45	1257.91	15731      
12 	5     	7e+15  	2.1e+16	1257.91	7e+16      
13 	5     	3799.8 	4038.44	1005.55	13409.2    
14 	5     	10374.6	18655.9	1005.55	65678      
15 	5     	7806.8 	10959.9	1383.16	38847.9    
16 	5     	12986  	14913.9	2479.69	45060.9     

[4.055533725092787, -74.4579520311902, 91.30379269976561, 0.3127549075573305, 1.322719414393033, -128.1911592704066, -72.25078143239392, 5.296627735377397, 0.3107234026004209, 0.060057555216303495, 0.4550672293954011, 0.03340706917394386, 0.19695249766147063, 0.18367769999006436, -59.36474668065121, 2.7545845725155464, -78.91878588251443, 0.06344366259846539, 61.418481625420306, 1.1993699660308583, 9.43806380498245, -90.54489029143942, 45.109119718667216, 54.95028727321071]
Current generation:  17
log: 
 gen	nevals	avg    	std    	min    	max        
1  	5     	344200 	261314 	7330.23	790738     
2  	5     	299603 	222496 	7330.23	790738     
3  	5     	319485 	371831 	2871.82	1.23048e+06
4  	5     	718778 	725426 	39793.5	2.65951e+06
5  	5     	7e+15  	2.1e+16	3307.01	7e+16      
6  	5     	1.4e+16	2.8e+16	145457 	7e+16      
7  	5     	7e+15  	2.1e+16	2329.78	7e+16      
8  	5     	219227 	370832 	2329.78	1.15134e+06
9  	5     	234164 	194911 	3472.83	441757     
10 	5     	46359  	52162.6	2253.28	182523     
11 	5     	5699.57	4598.45	1257.91	15731      
12 	5     	7e+15  	2.1e+16	1257.91	7e+16      
13 	5     	3799.8 	4038.44	1005.55	13409.2    
14 	5     	10374.6	18655.9	1005.55	65678      
15 	5     	7806.8 	10959.9	1383.16	38847.9    
16 	5     	12986  	14913.9	2479.69	45060.9    
17 	5     	7e+15  	2.1e+16	2908.32	7e+16       

exp(702.213) out of range, returning exp(700)
exp(703.769) out of range, returning exp(700)
exp(703.834) out of range, returning exp(700)
exp(703.838) out of range, returning exp(700)
No more errno warnings during this execution
exp(710.897) out of range, returning exp(700)
exp(712.462) out of range, returning exp(700)
exp(712.525) out of range, returning exp(700)
exp(712.528) out of range, returning exp(700)
No more errno warnings during this execution
exp(721.897) out of range, returning exp(700)
exp(723.443) out of range, returning exp(700)
exp(723.5) out of range, returning exp(700)
exp(723.5) out of range, returning exp(700)
No more errno warnings during this execution
exp(721.897) out of range, returning exp(700)
exp(723.443) out of range, returning exp(700)
exp(723.5) out of range, returning exp(700)
exp(723.5) out of range, returning exp(700)
No more errno warnings during this execution
exp(705.397) out of range, returning exp(700)
exp(716.299) out of range, returning exp(700)
exp(722.238) out of range, returning exp(700)
exp(725.549) out of range, returning exp(700)
No more errno warnings during this execution
[4.055533725092787, -74.4579520311902, 91.30379269976561, 0.3127549075573305, 1.322719414393033, -128.1911592704066, -72.25078143239392, 5.296627735377397, 0.3107234026004209, 0.060057555216303495, 0.4550672293954011, 0.03340706917394386, 0.19695249766147063, 0.18367769999006436, -59.36474668065121, 2.7545845725155464, -78.91878588251443, 0.06344366259846539, 61.418481625420306, 1.1993699660308583, 9.43806380498245, -90.54489029143942, 45.109119718667216, 54.95028727321071]
Current generation:  18
log: 
 gen	nevals	avg    	std    	min    	max        
1  	5     	344200 	261314 	7330.23	790738     
2  	5     	299603 	222496 	7330.23	790738     
3  	5     	319485 	371831 	2871.82	1.23048e+06
4  	5     	718778 	725426 	39793.5	2.65951e+06
5  	5     	7e+15  	2.1e+16	3307.01	7e+16      
6  	5     	1.4e+16	2.8e+16	145457 	7e+16      
7  	5     	7e+15  	2.1e+16	2329.78	7e+16      
8  	5     	219227 	370832 	2329.78	1.15134e+06
9  	5     	234164 	194911 	3472.83	441757     
10 	5     	46359  	52162.6	2253.28	182523     
11 	5     	5699.57	4598.45	1257.91	15731      
12 	5     	7e+15  	2.1e+16	1257.91	7e+16      
13 	5     	3799.8 	4038.44	1005.55	13409.2    
14 	5     	10374.6	18655.9	1005.55	65678      
15 	5     	7806.8 	10959.9	1383.16	38847.9    
16 	5     	12986  	14913.9	2479.69	45060.9    
17 	5     	7e+15  	2.1e+16	2908.32	7e+16      
18 	5     	6700.83	3674.03	2038.43	12134.2     

[4.055533725092787, -74.4579520311902, 91.30379269976561, 0.3127549075573305, 1.322719414393033, -128.1911592704066, -72.25078143239392, 5.296627735377397, 0.3107234026004209, 0.060057555216303495, 0.4550672293954011, 0.03340706917394386, 0.19695249766147063, 0.18367769999006436, -59.36474668065121, 2.7545845725155464, -78.91878588251443, 0.06344366259846539, 61.418481625420306, 1.1993699660308583, 9.43806380498245, -90.54489029143942, 45.109119718667216, 54.95028727321071]
Current generation:  19
log: 
 gen	nevals	avg    	std    	min    	max        
1  	5     	344200 	261314 	7330.23	790738     
2  	5     	299603 	222496 	7330.23	790738     
3  	5     	319485 	371831 	2871.82	1.23048e+06
4  	5     	718778 	725426 	39793.5	2.65951e+06
5  	5     	7e+15  	2.1e+16	3307.01	7e+16      
6  	5     	1.4e+16	2.8e+16	145457 	7e+16      
7  	5     	7e+15  	2.1e+16	2329.78	7e+16      
8  	5     	219227 	370832 	2329.78	1.15134e+06
9  	5     	234164 	194911 	3472.83	441757     
10 	5     	46359  	52162.6	2253.28	182523     
11 	5     	5699.57	4598.45	1257.91	15731      
12 	5     	7e+15  	2.1e+16	1257.91	7e+16      
13 	5     	3799.8 	4038.44	1005.55	13409.2    
14 	5     	10374.6	18655.9	1005.55	65678      
15 	5     	7806.8 	10959.9	1383.16	38847.9    
16 	5     	12986  	14913.9	2479.69	45060.9    
17 	5     	7e+15  	2.1e+16	2908.32	7e+16      
18 	5     	6700.83	3674.03	2038.43	12134.2    
19 	5     	7173.18	7731.77	1233.9 	28727.9     

[4.055533725092787, -74.4579520311902, 91.30379269976561, 0.3127549075573305, 1.322719414393033, -128.1911592704066, -72.25078143239392, 5.296627735377397, 0.3107234026004209, 0.060057555216303495, 0.4550672293954011, 0.03340706917394386, 0.19695249766147063, 0.18367769999006436, -59.36474668065121, 2.7545845725155464, -78.91878588251443, 0.06344366259846539, 61.418481625420306, 1.1993699660308583, 9.43806380498245, -90.54489029143942, 45.109119718667216, 54.95028727321071]
Current generation:  20
log: 
 gen	nevals	avg    	std    	min    	max        
1  	5     	344200 	261314 	7330.23	790738     
2  	5     	299603 	222496 	7330.23	790738     
3  	5     	319485 	371831 	2871.82	1.23048e+06
4  	5     	718778 	725426 	39793.5	2.65951e+06
5  	5     	7e+15  	2.1e+16	3307.01	7e+16      
6  	5     	1.4e+16	2.8e+16	145457 	7e+16      
7  	5     	7e+15  	2.1e+16	2329.78	7e+16      
8  	5     	219227 	370832 	2329.78	1.15134e+06
9  	5     	234164 	194911 	3472.83	441757     
10 	5     	46359  	52162.6	2253.28	182523     
11 	5     	5699.57	4598.45	1257.91	15731      
12 	5     	7e+15  	2.1e+16	1257.91	7e+16      
13 	5     	3799.8 	4038.44	1005.55	13409.2    
14 	5     	10374.6	18655.9	1005.55	65678      
15 	5     	7806.8 	10959.9	1383.16	38847.9    
16 	5     	12986  	14913.9	2479.69	45060.9    
17 	5     	7e+15  	2.1e+16	2908.32	7e+16      
18 	5     	6700.83	3674.03	2038.43	12134.2    
19 	5     	7173.18	7731.77	1233.9 	28727.9    
20 	5     	5919.96	3829.46	2639.87	14984.8     

[4.055533725092787, -74.4579520311902, 91.30379269976561, 0.3127549075573305, 1.322719414393033, -128.1911592704066, -72.25078143239392, 5.296627735377397, 0.3107234026004209, 0.060057555216303495, 0.4550672293954011, 0.03340706917394386, 0.19695249766147063, 0.18367769999006436, -59.36474668065121, 2.7545845725155464, -78.91878588251443, 0.06344366259846539, 61.418481625420306, 1.1993699660308583, 9.43806380498245, -90.54489029143942, 45.109119718667216, 54.95028727321071]
Current generation:  21
log: 
 gen	nevals	avg    	std    	min    	max        
1  	5     	344200 	261314 	7330.23	790738     
2  	5     	299603 	222496 	7330.23	790738     
3  	5     	319485 	371831 	2871.82	1.23048e+06
4  	5     	718778 	725426 	39793.5	2.65951e+06
5  	5     	7e+15  	2.1e+16	3307.01	7e+16      
6  	5     	1.4e+16	2.8e+16	145457 	7e+16      
7  	5     	7e+15  	2.1e+16	2329.78	7e+16      
8  	5     	219227 	370832 	2329.78	1.15134e+06
9  	5     	234164 	194911 	3472.83	441757     
10 	5     	46359  	52162.6	2253.28	182523     
11 	5     	5699.57	4598.45	1257.91	15731      
12 	5     	7e+15  	2.1e+16	1257.91	7e+16      
13 	5     	3799.8 	4038.44	1005.55	13409.2    
14 	5     	10374.6	18655.9	1005.55	65678      
15 	5     	7806.8 	10959.9	1383.16	38847.9    
16 	5     	12986  	14913.9	2479.69	45060.9    
17 	5     	7e+15  	2.1e+16	2908.32	7e+16      
18 	5     	6700.83	3674.03	2038.43	12134.2    
19 	5     	7173.18	7731.77	1233.9 	28727.9    
20 	5     	5919.96	3829.46	2639.87	14984.8    
21 	5     	7344.35	4993.7 	1782.4 	15204.4     

[4.055533725092787, -74.4579520311902, 91.30379269976561, 0.3127549075573305, 1.322719414393033, -128.1911592704066, -72.25078143239392, 5.296627735377397, 0.3107234026004209, 0.060057555216303495, 0.4550672293954011, 0.03340706917394386, 0.19695249766147063, 0.18367769999006436, -59.36474668065121, 2.7545845725155464, -78.91878588251443, 0.06344366259846539, 61.418481625420306, 1.1993699660308583, 9.43806380498245, -90.54489029143942, 45.109119718667216, 54.95028727321071]
Current generation:  22
log: 
 gen	nevals	avg    	std    	min    	max        
1  	5     	344200 	261314 	7330.23	790738     
2  	5     	299603 	222496 	7330.23	790738     
3  	5     	319485 	371831 	2871.82	1.23048e+06
4  	5     	718778 	725426 	39793.5	2.65951e+06
5  	5     	7e+15  	2.1e+16	3307.01	7e+16      
6  	5     	1.4e+16	2.8e+16	145457 	7e+16      
7  	5     	7e+15  	2.1e+16	2329.78	7e+16      
8  	5     	219227 	370832 	2329.78	1.15134e+06
9  	5     	234164 	194911 	3472.83	441757     
10 	5     	46359  	52162.6	2253.28	182523     
11 	5     	5699.57	4598.45	1257.91	15731      
12 	5     	7e+15  	2.1e+16	1257.91	7e+16      
13 	5     	3799.8 	4038.44	1005.55	13409.2    
14 	5     	10374.6	18655.9	1005.55	65678      
15 	5     	7806.8 	10959.9	1383.16	38847.9    
16 	5     	12986  	14913.9	2479.69	45060.9    
17 	5     	7e+15  	2.1e+16	2908.32	7e+16      
18 	5     	6700.83	3674.03	2038.43	12134.2    
19 	5     	7173.18	7731.77	1233.9 	28727.9    
20 	5     	5919.96	3829.46	2639.87	14984.8    
21 	5     	7344.35	4993.7 	1782.4 	15204.4    
22 	5     	16409.2	18928.9	1782.4 	56497.6     

[4.055533725092787, -74.4579520311902, 91.30379269976561, 0.3127549075573305, 1.322719414393033, -128.1911592704066, -72.25078143239392, 5.296627735377397, 0.3107234026004209, 0.060057555216303495, 0.4550672293954011, 0.03340706917394386, 0.19695249766147063, 0.18367769999006436, -59.36474668065121, 2.7545845725155464, -78.91878588251443, 0.06344366259846539, 61.418481625420306, 1.1993699660308583, 9.43806380498245, -90.54489029143942, 45.109119718667216, 54.95028727321071]
Current generation:  23
log: 
 gen	nevals	avg    	std    	min    	max        
1  	5     	344200 	261314 	7330.23	790738     
2  	5     	299603 	222496 	7330.23	790738     
3  	5     	319485 	371831 	2871.82	1.23048e+06
4  	5     	718778 	725426 	39793.5	2.65951e+06
5  	5     	7e+15  	2.1e+16	3307.01	7e+16      
6  	5     	1.4e+16	2.8e+16	145457 	7e+16      
7  	5     	7e+15  	2.1e+16	2329.78	7e+16      
8  	5     	219227 	370832 	2329.78	1.15134e+06
9  	5     	234164 	194911 	3472.83	441757     
10 	5     	46359  	52162.6	2253.28	182523     
11 	5     	5699.57	4598.45	1257.91	15731      
12 	5     	7e+15  	2.1e+16	1257.91	7e+16      
13 	5     	3799.8 	4038.44	1005.55	13409.2    
14 	5     	10374.6	18655.9	1005.55	65678      
15 	5     	7806.8 	10959.9	1383.16	38847.9    
16 	5     	12986  	14913.9	2479.69	45060.9    
17 	5     	7e+15  	2.1e+16	2908.32	7e+16      
18 	5     	6700.83	3674.03	2038.43	12134.2    
19 	5     	7173.18	7731.77	1233.9 	28727.9    
20 	5     	5919.96	3829.46	2639.87	14984.8    
21 	5     	7344.35	4993.7 	1782.4 	15204.4    
22 	5     	16409.2	18928.9	1782.4 	56497.6    
exp(717.293) out of range, returning exp(700)
exp(718.551) out of range, returning exp(700)
exp(718.599) out of range, returning exp(700)
exp(718.602) out of range, returning exp(700)
No more errno warnings during this execution
exp(712.851) out of range, returning exp(700)
exp(732.531) out of range, returning exp(700)
exp(743.317) out of range, returning exp(700)
exp(749.455) out of range, returning exp(700)
No more errno warnings during this execution
exp(702.794) out of range, returning exp(700)
exp(704.639) out of range, returning exp(700)
exp(705.885) out of range, returning exp(700)
exp(706.748) out of range, returning exp(700)
No more errno warnings during this execution
exp(717.294) out of range, returning exp(700)
exp(718.551) out of range, returning exp(700)
exp(718.6) out of range, returning exp(700)
exp(718.602) out of range, returning exp(700)
No more errno warnings during this execution
exp(711.664) out of range, returning exp(700)
exp(746.27) out of range, returning exp(700)
exp(768.386) out of range, returning exp(700)
exp(782.405) out of range, returning exp(700)
No more errno warnings during this execution
exp(712.764) out of range, returning exp(700)
exp(714.025) out of range, returning exp(700)
exp(714.071) out of range, returning exp(700)
exp(714.07) out of range, returning exp(700)
No more errno warnings during this execution
exp(722.334) out of range, returning exp(700)
exp(723.602) out of range, returning exp(700)
exp(723.651) out of range, returning exp(700)
exp(723.652) out of range, returning exp(700)
No more errno warnings during this execution
exp(724.99) out of range, returning exp(700)
exp(745.942) out of range, returning exp(700)
exp(758.222) out of range, returning exp(700)
exp(765.779) out of range, returning exp(700)
No more errno warnings during this execution
23 	5     	8439.62	8476.71	1235.36	29243.8     

[4.055533725092787, -74.4579520311902, 91.30379269976561, 0.3127549075573305, 1.322719414393033, -128.1911592704066, -72.25078143239392, 5.296627735377397, 0.3107234026004209, 0.060057555216303495, 0.4550672293954011, 0.03340706917394386, 0.19695249766147063, 0.18367769999006436, -59.36474668065121, 2.7545845725155464, -78.91878588251443, 0.06344366259846539, 61.418481625420306, 1.1993699660308583, 9.43806380498245, -90.54489029143942, 45.109119718667216, 54.95028727321071]
Current generation:  24
log: 
 gen	nevals	avg    	std    	min    	max        
1  	5     	344200 	261314 	7330.23	790738     
2  	5     	299603 	222496 	7330.23	790738     
3  	5     	319485 	371831 	2871.82	1.23048e+06
4  	5     	718778 	725426 	39793.5	2.65951e+06
5  	5     	7e+15  	2.1e+16	3307.01	7e+16      
6  	5     	1.4e+16	2.8e+16	145457 	7e+16      
7  	5     	7e+15  	2.1e+16	2329.78	7e+16      
8  	5     	219227 	370832 	2329.78	1.15134e+06
9  	5     	234164 	194911 	3472.83	441757     
10 	5     	46359  	52162.6	2253.28	182523     
11 	5     	5699.57	4598.45	1257.91	15731      
12 	5     	7e+15  	2.1e+16	1257.91	7e+16      
13 	5     	3799.8 	4038.44	1005.55	13409.2    
14 	5     	10374.6	18655.9	1005.55	65678      
15 	5     	7806.8 	10959.9	1383.16	38847.9    
16 	5     	12986  	14913.9	2479.69	45060.9    
17 	5     	7e+15  	2.1e+16	2908.32	7e+16      
18 	5     	6700.83	3674.03	2038.43	12134.2    
19 	5     	7173.18	7731.77	1233.9 	28727.9    
20 	5     	5919.96	3829.46	2639.87	14984.8    
21 	5     	7344.35	4993.7 	1782.4 	15204.4    
22 	5     	16409.2	18928.9	1782.4 	56497.6    
23 	5     	8439.62	8476.71	1235.36	29243.8    
24 	5     	9708.72	4485.4 	1416.54	14225.1     

[4.055533725092787, -74.4579520311902, 91.30379269976561, 0.3127549075573305, 1.322719414393033, -128.1911592704066, -72.25078143239392, 5.296627735377397, 0.3107234026004209, 0.060057555216303495, 0.4550672293954011, 0.03340706917394386, 0.19695249766147063, 0.18367769999006436, -59.36474668065121, 2.7545845725155464, -78.91878588251443, 0.06344366259846539, 61.418481625420306, 1.1993699660308583, 9.43806380498245, -90.54489029143942, 45.109119718667216, 54.95028727321071]
Current generation:  25
log: 
 gen	nevals	avg    	std    	min    	max        
1  	5     	344200 	261314 	7330.23	790738     
2  	5     	299603 	222496 	7330.23	790738     
3  	5     	319485 	371831 	2871.82	1.23048e+06
4  	5     	718778 	725426 	39793.5	2.65951e+06
5  	5     	7e+15  	2.1e+16	3307.01	7e+16      
6  	5     	1.4e+16	2.8e+16	145457 	7e+16      
7  	5     	7e+15  	2.1e+16	2329.78	7e+16      
8  	5     	219227 	370832 	2329.78	1.15134e+06
9  	5     	234164 	194911 	3472.83	441757     
10 	5     	46359  	52162.6	2253.28	182523     
11 	5     	5699.57	4598.45	1257.91	15731      
12 	5     	7e+15  	2.1e+16	1257.91	7e+16      
13 	5     	3799.8 	4038.44	1005.55	13409.2    
14 	5     	10374.6	18655.9	1005.55	65678      
15 	5     	7806.8 	10959.9	1383.16	38847.9    
16 	5     	12986  	14913.9	2479.69	45060.9    
17 	5     	7e+15  	2.1e+16	2908.32	7e+16      
18 	5     	6700.83	3674.03	2038.43	12134.2    
19 	5     	7173.18	7731.77	1233.9 	28727.9    
20 	5     	5919.96	3829.46	2639.87	14984.8    
21 	5     	7344.35	4993.7 	1782.4 	15204.4    
22 	5     	16409.2	18928.9	1782.4 	56497.6    
23 	5     	8439.62	8476.71	1235.36	29243.8    
24 	5     	9708.72	4485.4 	1416.54	14225.1    
25 	5     	21537.8	50580.8	1359.52	172939      

[4.055533725092787, -74.4579520311902, 91.30379269976561, 0.3127549075573305, 1.322719414393033, -128.1911592704066, -72.25078143239392, 5.296627735377397, 0.3107234026004209, 0.060057555216303495, 0.4550672293954011, 0.03340706917394386, 0.19695249766147063, 0.18367769999006436, -59.36474668065121, 2.7545845725155464, -78.91878588251443, 0.06344366259846539, 61.418481625420306, 1.1993699660308583, 9.43806380498245, -90.54489029143942, 45.109119718667216, 54.95028727321071]
Current generation:  26
log: 
 gen	nevals	avg    	std    	min    	max        
1  	5     	344200 	261314 	7330.23	790738     
2  	5     	299603 	222496 	7330.23	790738     
3  	5     	319485 	371831 	2871.82	1.23048e+06
4  	5     	718778 	725426 	39793.5	2.65951e+06
5  	5     	7e+15  	2.1e+16	3307.01	7e+16      
6  	5     	1.4e+16	2.8e+16	145457 	7e+16      
7  	5     	7e+15  	2.1e+16	2329.78	7e+16      
8  	5     	219227 	370832 	2329.78	1.15134e+06
9  	5     	234164 	194911 	3472.83	441757     
10 	5     	46359  	52162.6	2253.28	182523     
11 	5     	5699.57	4598.45	1257.91	15731      
12 	5     	7e+15  	2.1e+16	1257.91	7e+16      
13 	5     	3799.8 	4038.44	1005.55	13409.2    
14 	5     	10374.6	18655.9	1005.55	65678      
15 	5     	7806.8 	10959.9	1383.16	38847.9    
16 	5     	12986  	14913.9	2479.69	45060.9    
17 	5     	7e+15  	2.1e+16	2908.32	7e+16      
18 	5     	6700.83	3674.03	2038.43	12134.2    
19 	5     	7173.18	7731.77	1233.9 	28727.9    
20 	5     	5919.96	3829.46	2639.87	14984.8    
21 	5     	7344.35	4993.7 	1782.4 	15204.4    
22 	5     	16409.2	18928.9	1782.4 	56497.6    
23 	5     	8439.62	8476.71	1235.36	29243.8    
24 	5     	9708.72	4485.4 	1416.54	14225.1    
25 	5     	21537.8	50580.8	1359.52	172939     
26 	5     	7448.3 	6673.78	1127.84	24526.4     

[8.040280808677743, -136.31598860274326, 51.459919964835386, 1.2048949012883716, 0.7333802405365417, -139.9823981979449, -100.97345562750408, 5.263158018730543, 0.9155365714156759, 0.024159113470115526, 0.2996562574085566, 0.8240454175625863, 0.18795669883146152, 0.19296983446235114, -63.866195252371384, 5.9282827855830735, -100.40007845309223, 0.04219793053468705, 71.40336341635899, 2.1854271090245736, 21.07477139956803, -2.2021832394258514, 26.02280679628067, 48.965041992470944]
Current generation:  27
log: 
 gen	nevals	avg    	std    	min    	max        
1  	5     	344200 	261314 	7330.23	790738     
2  	5     	299603 	222496 	7330.23	790738     
3  	5     	319485 	371831 	2871.82	1.23048e+06
4  	5     	718778 	725426 	39793.5	2.65951e+06
5  	5     	7e+15  	2.1e+16	3307.01	7e+16      
6  	5     	1.4e+16	2.8e+16	145457 	7e+16      
7  	5     	7e+15  	2.1e+16	2329.78	7e+16      
8  	5     	219227 	370832 	2329.78	1.15134e+06
9  	5     	234164 	194911 	3472.83	441757     
10 	5     	46359  	52162.6	2253.28	182523     
11 	5     	5699.57	4598.45	1257.91	15731      
12 	5     	7e+15  	2.1e+16	1257.91	7e+16      
13 	5     	3799.8 	4038.44	1005.55	13409.2    
14 	5     	10374.6	18655.9	1005.55	65678      
15 	5     	7806.8 	10959.9	1383.16	38847.9    
16 	5     	12986  	14913.9	2479.69	45060.9    
17 	5     	7e+15  	2.1e+16	2908.32	7e+16      
18 	5     	6700.83	3674.03	2038.43	12134.2    
19 	5     	7173.18	7731.77	1233.9 	28727.9    
20 	5     	5919.96	3829.46	2639.87	14984.8    
21 	5     	7344.35	4993.7 	1782.4 	15204.4    
22 	5     	16409.2	18928.9	1782.4 	56497.6    
23 	5     	8439.62	8476.71	1235.36	29243.8    
24 	5     	9708.72	4485.4 	1416.54	14225.1    
25 	5     	21537.8	50580.8	1359.52	172939     
26 	5     	7448.3 	6673.78	1127.84	24526.4    
27 	5     	11208.3	17221.6	804.671	58056.1     

[8.040280808677743, -136.31598860274326, 51.459919964835386, 1.2048949012883716, 0.7333802405365417, -139.9823981979449, -100.97345562750408, 5.263158018730543, 0.9155365714156759, 0.024159113470115526, 0.2996562574085566, 0.8240454175625863, 0.18795669883146152, 0.19296983446235114, -63.866195252371384, 5.9282827855830735, -100.40007845309223, 0.04219793053468705, 71.40336341635899, 2.1854271090245736, 21.07477139956803, -2.2021832394258514, 26.02280679628067, 48.965041992470944]
Current generation:  28
log: 
 gen	nevals	avg    	std    	min    	max        
1  	5     	344200 	261314 	7330.23	790738     
2  	5     	299603 	222496 	7330.23	790738     
3  	5     	319485 	371831 	2871.82	1.23048e+06
4  	5     	718778 	725426 	39793.5	2.65951e+06
5  	5     	7e+15  	2.1e+16	3307.01	7e+16      
6  	5     	1.4e+16	2.8e+16	145457 	7e+16      
7  	5     	7e+15  	2.1e+16	2329.78	7e+16      
8  	5     	219227 	370832 	2329.78	1.15134e+06
9  	5     	234164 	194911 	3472.83	441757     
10 	5     	46359  	52162.6	2253.28	182523     
11 	5     	5699.57	4598.45	1257.91	15731      
12 	5     	7e+15  	2.1e+16	1257.91	7e+16      
13 	5     	3799.8 	4038.44	1005.55	13409.2    
14 	5     	10374.6	18655.9	1005.55	65678      
15 	5     	7806.8 	10959.9	1383.16	38847.9    
16 	5     	12986  	14913.9	2479.69	45060.9    
17 	5     	7e+15  	2.1e+16	2908.32	7e+16      
18 	5     	6700.83	3674.03	2038.43	12134.2    
19 	5     	7173.18	7731.77	1233.9 	28727.9    
20 	5     	5919.96	3829.46	2639.87	14984.8    
21 	5     	7344.35	4993.7 	1782.4 	15204.4    
22 	5     	16409.2	18928.9	1782.4 	56497.6    
23 	5     	8439.62	8476.71	1235.36	29243.8    
24 	5     	9708.72	4485.4 	1416.54	14225.1    
25 	5     	21537.8	50580.8	1359.52	172939     
26 	5     	7448.3 	6673.78	1127.84	24526.4    
27 	5     	11208.3	17221.6	804.671	58056.1    
exp(711.97) out of range, returning exp(700)
exp(713.136) out of range, returning exp(700)
exp(713.183) out of range, returning exp(700)
exp(713.184) out of range, returning exp(700)
No more errno warnings during this execution
exp(758.172) out of range, returning exp(700)
exp(761.902) out of range, returning exp(700)
exp(762.062) out of range, returning exp(700)
exp(762.074) out of range, returning exp(700)
No more errno warnings during this execution
exp(727.204) out of range, returning exp(700)
exp(727.204) out of range, returning exp(700)
exp(727.204) out of range, returning exp(700)
exp(727.204) out of range, returning exp(700)
No more errno warnings during this execution
28 	5     	14361.1	21725.3	965.17 	58056.1     

[8.040280808677743, -136.31598860274326, 51.459919964835386, 1.2048949012883716, 0.7333802405365417, -139.9823981979449, -100.97345562750408, 5.263158018730543, 0.9155365714156759, 0.024159113470115526, 0.2996562574085566, 0.8240454175625863, 0.18795669883146152, 0.19296983446235114, -63.866195252371384, 5.9282827855830735, -100.40007845309223, 0.04219793053468705, 71.40336341635899, 2.1854271090245736, 21.07477139956803, -2.2021832394258514, 26.02280679628067, 48.965041992470944]
Current generation:  29
log: 
 gen	nevals	avg    	std    	min    	max        
1  	5     	344200 	261314 	7330.23	790738     
2  	5     	299603 	222496 	7330.23	790738     
3  	5     	319485 	371831 	2871.82	1.23048e+06
4  	5     	718778 	725426 	39793.5	2.65951e+06
5  	5     	7e+15  	2.1e+16	3307.01	7e+16      
6  	5     	1.4e+16	2.8e+16	145457 	7e+16      
7  	5     	7e+15  	2.1e+16	2329.78	7e+16      
8  	5     	219227 	370832 	2329.78	1.15134e+06
9  	5     	234164 	194911 	3472.83	441757     
10 	5     	46359  	52162.6	2253.28	182523     
11 	5     	5699.57	4598.45	1257.91	15731      
12 	5     	7e+15  	2.1e+16	1257.91	7e+16      
13 	5     	3799.8 	4038.44	1005.55	13409.2    
14 	5     	10374.6	18655.9	1005.55	65678      
15 	5     	7806.8 	10959.9	1383.16	38847.9    
16 	5     	12986  	14913.9	2479.69	45060.9    
17 	5     	7e+15  	2.1e+16	2908.32	7e+16      
18 	5     	6700.83	3674.03	2038.43	12134.2    
19 	5     	7173.18	7731.77	1233.9 	28727.9    
20 	5     	5919.96	3829.46	2639.87	14984.8    
21 	5     	7344.35	4993.7 	1782.4 	15204.4    
22 	5     	16409.2	18928.9	1782.4 	56497.6    
23 	5     	8439.62	8476.71	1235.36	29243.8    
24 	5     	9708.72	4485.4 	1416.54	14225.1    
25 	5     	21537.8	50580.8	1359.52	172939     
26 	5     	7448.3 	6673.78	1127.84	24526.4    
27 	5     	11208.3	17221.6	804.671	58056.1    
28 	5     	14361.1	21725.3	965.17 	58056.1    
29 	5     	35070  	52154  	965.17 	178097      

[8.040280808677743, -115.48217759480053, 52.3775951978371, 1.5504048574466656, 1.136519470240861, -140.7681252990325, -72.07331620358106, 5.955946799432626, 0.22956384398846275, 0.1629218555561504, 0.04056736654283696, 0.4383392949543219, 0.1908799061590521, 0.1930304470733653, -63.52036921992761, 7.0578165447066485, -60.18165138978069, 0.06378894989364262, 70.38181813217969, 1.0563844289786837, 6.630018666970063, -2.2021832394258514, 32.70861163523463, 49.260057078227796]
Current generation:  30
log: 
 gen	nevals	avg    	std    	min    	max        
1  	5     	344200 	261314 	7330.23	790738     
2  	5     	299603 	222496 	7330.23	790738     
3  	5     	319485 	371831 	2871.82	1.23048e+06
4  	5     	718778 	725426 	39793.5	2.65951e+06
5  	5     	7e+15  	2.1e+16	3307.01	7e+16      
6  	5     	1.4e+16	2.8e+16	145457 	7e+16      
7  	5     	7e+15  	2.1e+16	2329.78	7e+16      
8  	5     	219227 	370832 	2329.78	1.15134e+06
9  	5     	234164 	194911 	3472.83	441757     
10 	5     	46359  	52162.6	2253.28	182523     
11 	5     	5699.57	4598.45	1257.91	15731      
12 	5     	7e+15  	2.1e+16	1257.91	7e+16      
13 	5     	3799.8 	4038.44	1005.55	13409.2    
14 	5     	10374.6	18655.9	1005.55	65678      
15 	5     	7806.8 	10959.9	1383.16	38847.9    
16 	5     	12986  	14913.9	2479.69	45060.9    
17 	5     	7e+15  	2.1e+16	2908.32	7e+16      
18 	5     	6700.83	3674.03	2038.43	12134.2    
19 	5     	7173.18	7731.77	1233.9 	28727.9    
20 	5     	5919.96	3829.46	2639.87	14984.8    
21 	5     	7344.35	4993.7 	1782.4 	15204.4    
22 	5     	16409.2	18928.9	1782.4 	56497.6    
23 	5     	8439.62	8476.71	1235.36	29243.8    
24 	5     	9708.72	4485.4 	1416.54	14225.1    
25 	5     	21537.8	50580.8	1359.52	172939     
26 	5     	7448.3 	6673.78	1127.84	24526.4    
27 	5     	11208.3	17221.6	804.671	58056.1    
28 	5     	14361.1	21725.3	965.17 	58056.1    
29 	5     	35070  	52154  	965.17 	178097     
30 	5     	1241.02	636.576	709.769	3100.24     

[8.040280808677743, -115.48217759480053, 52.3775951978371, 1.5504048574466656, 1.136519470240861, -140.7681252990325, -72.07331620358106, 5.955946799432626, 0.22956384398846275, 0.1629218555561504, 0.04056736654283696, 0.4383392949543219, 0.1908799061590521, 0.1930304470733653, -63.52036921992761, 7.0578165447066485, -60.18165138978069, 0.06378894989364262, 70.38181813217969, 1.0563844289786837, 6.630018666970063, -2.2021832394258514, 32.70861163523463, 49.260057078227796]
Current generation:  31
log: 
 gen	nevals	avg    	std    	min    	max        
1  	5     	344200 	261314 	7330.23	790738     
2  	5     	299603 	222496 	7330.23	790738     
3  	5     	319485 	371831 	2871.82	1.23048e+06
4  	5     	718778 	725426 	39793.5	2.65951e+06
5  	5     	7e+15  	2.1e+16	3307.01	7e+16      
6  	5     	1.4e+16	2.8e+16	145457 	7e+16      
7  	5     	7e+15  	2.1e+16	2329.78	7e+16      
8  	5     	219227 	370832 	2329.78	1.15134e+06
9  	5     	234164 	194911 	3472.83	441757     
10 	5     	46359  	52162.6	2253.28	182523     
11 	5     	5699.57	4598.45	1257.91	15731      
12 	5     	7e+15  	2.1e+16	1257.91	7e+16      
13 	5     	3799.8 	4038.44	1005.55	13409.2    
14 	5     	10374.6	18655.9	1005.55	65678      
15 	5     	7806.8 	10959.9	1383.16	38847.9    
16 	5     	12986  	14913.9	2479.69	45060.9    
17 	5     	7e+15  	2.1e+16	2908.32	7e+16      
18 	5     	6700.83	3674.03	2038.43	12134.2    
19 	5     	7173.18	7731.77	1233.9 	28727.9    
20 	5     	5919.96	3829.46	2639.87	14984.8    
21 	5     	7344.35	4993.7 	1782.4 	15204.4    
22 	5     	16409.2	18928.9	1782.4 	56497.6    
23 	5     	8439.62	8476.71	1235.36	29243.8    
24 	5     	9708.72	4485.4 	1416.54	14225.1    
25 	5     	21537.8	50580.8	1359.52	172939     
26 	5     	7448.3 	6673.78	1127.84	24526.4    
27 	5     	11208.3	17221.6	804.671	58056.1    
28 	5     	14361.1	21725.3	965.17 	58056.1    
29 	5     	35070  	52154  	965.17 	178097     
30 	5     	1241.02	636.576	709.769	3100.24    
31 	5     	16379.9	23212.7	1030.53	61194.3     

[13.802079284004375, -127.62741397739028, 69.08070350108447, 1.5499821055151755, 0.7085624573352468, -140.75173796526397, -63.10801415180758, 6.023815071161308, 0.025071545451948896, 0.06948612663051267, 0.14926300621082242, 0.29922116861850645, 0.19783143766269512, 0.1834604699878377, -61.81723926117584, 9.504559041897341, -122.08005626677179, 0.07416300703197509, 79.17440582365937, 0.9902468336429282, 20.593991755765565, -1.7173205970417493, 48.56903599746423, 50.58042048076829]
Current generation:  32
log: 
 gen	nevals	avg    	std    	min    	max        
1  	5     	344200 	261314 	7330.23	790738     
2  	5     	299603 	222496 	7330.23	790738     
3  	5     	319485 	371831 	2871.82	1.23048e+06
4  	5     	718778 	725426 	39793.5	2.65951e+06
5  	5     	7e+15  	2.1e+16	3307.01	7e+16      
6  	5     	1.4e+16	2.8e+16	145457 	7e+16      
7  	5     	7e+15  	2.1e+16	2329.78	7e+16      
8  	5     	219227 	370832 	2329.78	1.15134e+06
9  	5     	234164 	194911 	3472.83	441757     
10 	5     	46359  	52162.6	2253.28	182523     
11 	5     	5699.57	4598.45	1257.91	15731      
12 	5     	7e+15  	2.1e+16	1257.91	7e+16      
13 	5     	3799.8 	4038.44	1005.55	13409.2    
14 	5     	10374.6	18655.9	1005.55	65678      
15 	5     	7806.8 	10959.9	1383.16	38847.9    
16 	5     	12986  	14913.9	2479.69	45060.9    
17 	5     	7e+15  	2.1e+16	2908.32	7e+16      
18 	5     	6700.83	3674.03	2038.43	12134.2    
19 	5     	7173.18	7731.77	1233.9 	28727.9    
20 	5     	5919.96	3829.46	2639.87	14984.8    
21 	5     	7344.35	4993.7 	1782.4 	15204.4    
22 	5     	16409.2	18928.9	1782.4 	56497.6    
23 	5     	8439.62	8476.71	1235.36	29243.8    
24 	5     	9708.72	4485.4 	1416.54	14225.1    
25 	5     	21537.8	50580.8	1359.52	172939     
26 	5     	7448.3 	6673.78	1127.84	24526.4    
27 	5     	11208.3	17221.6	804.671	58056.1    
28 	5     	14361.1	21725.3	965.17 	58056.1    
29 	5     	35070  	52154  	965.17 	178097     
30 	5     	1241.02	636.576	709.769	3100.24    
31 	5     	16379.9	23212.7	1030.53	61194.3    
32 	5     	64925.5	75903  	660.749	234241      

exp(1869.55) out of range, returning exp(700)
exp(1869.55) out of range, returning exp(700)
exp(1869.55) out of range, returning exp(700)
exp(1869.55) out of range, returning exp(700)
No more errno warnings during this execution
[13.802079284004375, -127.62741397739028, 69.08070350108447, 1.5499821055151755, 0.7085624573352468, -140.75173796526397, -63.10801415180758, 6.023815071161308, 0.025071545451948896, 0.06948612663051267, 0.14926300621082242, 0.29922116861850645, 0.19783143766269512, 0.1834604699878377, -61.81723926117584, 9.504559041897341, -122.08005626677179, 0.07416300703197509, 79.17440582365937, 0.9902468336429282, 20.593991755765565, -1.7173205970417493, 48.56903599746423, 50.58042048076829]
Current generation:  33
log: 
 gen	nevals	avg    	std    	min    	max        
1  	5     	344200 	261314 	7330.23	790738     
2  	5     	299603 	222496 	7330.23	790738     
3  	5     	319485 	371831 	2871.82	1.23048e+06
4  	5     	718778 	725426 	39793.5	2.65951e+06
5  	5     	7e+15  	2.1e+16	3307.01	7e+16      
6  	5     	1.4e+16	2.8e+16	145457 	7e+16      
7  	5     	7e+15  	2.1e+16	2329.78	7e+16      
8  	5     	219227 	370832 	2329.78	1.15134e+06
9  	5     	234164 	194911 	3472.83	441757     
10 	5     	46359  	52162.6	2253.28	182523     
11 	5     	5699.57	4598.45	1257.91	15731      
12 	5     	7e+15  	2.1e+16	1257.91	7e+16      
13 	5     	3799.8 	4038.44	1005.55	13409.2    
14 	5     	10374.6	18655.9	1005.55	65678      
15 	5     	7806.8 	10959.9	1383.16	38847.9    
16 	5     	12986  	14913.9	2479.69	45060.9    
17 	5     	7e+15  	2.1e+16	2908.32	7e+16      
18 	5     	6700.83	3674.03	2038.43	12134.2    
19 	5     	7173.18	7731.77	1233.9 	28727.9    
20 	5     	5919.96	3829.46	2639.87	14984.8    
21 	5     	7344.35	4993.7 	1782.4 	15204.4    
22 	5     	16409.2	18928.9	1782.4 	56497.6    
23 	5     	8439.62	8476.71	1235.36	29243.8    
24 	5     	9708.72	4485.4 	1416.54	14225.1    
25 	5     	21537.8	50580.8	1359.52	172939     
26 	5     	7448.3 	6673.78	1127.84	24526.4    
27 	5     	11208.3	17221.6	804.671	58056.1    
28 	5     	14361.1	21725.3	965.17 	58056.1    
29 	5     	35070  	52154  	965.17 	178097     
30 	5     	1241.02	636.576	709.769	3100.24    
31 	5     	16379.9	23212.7	1030.53	61194.3    
32 	5     	64925.5	75903  	660.749	234241     
33 	5     	1677.06	790.75 	791.71 	3521.25     

[13.802079284004375, -127.62741397739028, 69.08070350108447, 1.5499821055151755, 0.7085624573352468, -140.75173796526397, -63.10801415180758, 6.023815071161308, 0.025071545451948896, 0.06948612663051267, 0.14926300621082242, 0.29922116861850645, 0.19783143766269512, 0.1834604699878377, -61.81723926117584, 9.504559041897341, -122.08005626677179, 0.07416300703197509, 79.17440582365937, 0.9902468336429282, 20.593991755765565, -1.7173205970417493, 48.56903599746423, 50.58042048076829]
Current generation:  34
log: 
 gen	nevals	avg    	std    	min    	max        
1  	5     	344200 	261314 	7330.23	790738     
2  	5     	299603 	222496 	7330.23	790738     
3  	5     	319485 	371831 	2871.82	1.23048e+06
4  	5     	718778 	725426 	39793.5	2.65951e+06
5  	5     	7e+15  	2.1e+16	3307.01	7e+16      
6  	5     	1.4e+16	2.8e+16	145457 	7e+16      
7  	5     	7e+15  	2.1e+16	2329.78	7e+16      
8  	5     	219227 	370832 	2329.78	1.15134e+06
9  	5     	234164 	194911 	3472.83	441757     
10 	5     	46359  	52162.6	2253.28	182523     
11 	5     	5699.57	4598.45	1257.91	15731      
12 	5     	7e+15  	2.1e+16	1257.91	7e+16      
13 	5     	3799.8 	4038.44	1005.55	13409.2    
14 	5     	10374.6	18655.9	1005.55	65678      
15 	5     	7806.8 	10959.9	1383.16	38847.9    
16 	5     	12986  	14913.9	2479.69	45060.9    
17 	5     	7e+15  	2.1e+16	2908.32	7e+16      
18 	5     	6700.83	3674.03	2038.43	12134.2    
19 	5     	7173.18	7731.77	1233.9 	28727.9    
20 	5     	5919.96	3829.46	2639.87	14984.8    
21 	5     	7344.35	4993.7 	1782.4 	15204.4    
22 	5     	16409.2	18928.9	1782.4 	56497.6    
23 	5     	8439.62	8476.71	1235.36	29243.8    
24 	5     	9708.72	4485.4 	1416.54	14225.1    
25 	5     	21537.8	50580.8	1359.52	172939     
26 	5     	7448.3 	6673.78	1127.84	24526.4    
27 	5     	11208.3	17221.6	804.671	58056.1    
28 	5     	14361.1	21725.3	965.17 	58056.1    
29 	5     	35070  	52154  	965.17 	178097     
30 	5     	1241.02	636.576	709.769	3100.24    
31 	5     	16379.9	23212.7	1030.53	61194.3    
32 	5     	64925.5	75903  	660.749	234241     
33 	5     	1677.06	790.75 	791.71 	3521.25    
34 	5     	19502.5	54002.9	762.377	181492      

[13.802079284004375, -127.62741397739028, 69.08070350108447, 1.5499821055151755, 0.7085624573352468, -140.75173796526397, -63.10801415180758, 6.023815071161308, 0.025071545451948896, 0.06948612663051267, 0.14926300621082242, 0.29922116861850645, 0.19783143766269512, 0.1834604699878377, -61.81723926117584, 9.504559041897341, -122.08005626677179, 0.07416300703197509, 79.17440582365937, 0.9902468336429282, 20.593991755765565, -1.7173205970417493, 48.56903599746423, 50.58042048076829]
Current generation:  35
log: 
 gen	nevals	avg    	std    	min    	max        
1  	5     	344200 	261314 	7330.23	790738     
2  	5     	299603 	222496 	7330.23	790738     
3  	5     	319485 	371831 	2871.82	1.23048e+06
4  	5     	718778 	725426 	39793.5	2.65951e+06
5  	5     	7e+15  	2.1e+16	3307.01	7e+16      
6  	5     	1.4e+16	2.8e+16	145457 	7e+16      
7  	5     	7e+15  	2.1e+16	2329.78	7e+16      
8  	5     	219227 	370832 	2329.78	1.15134e+06
9  	5     	234164 	194911 	3472.83	441757     
10 	5     	46359  	52162.6	2253.28	182523     
11 	5     	5699.57	4598.45	1257.91	15731      
12 	5     	7e+15  	2.1e+16	1257.91	7e+16      
13 	5     	3799.8 	4038.44	1005.55	13409.2    
14 	5     	10374.6	18655.9	1005.55	65678      
15 	5     	7806.8 	10959.9	1383.16	38847.9    
16 	5     	12986  	14913.9	2479.69	45060.9    
17 	5     	7e+15  	2.1e+16	2908.32	7e+16      
18 	5     	6700.83	3674.03	2038.43	12134.2    
19 	5     	7173.18	7731.77	1233.9 	28727.9    
20 	5     	5919.96	3829.46	2639.87	14984.8    
21 	5     	7344.35	4993.7 	1782.4 	15204.4    
22 	5     	16409.2	18928.9	1782.4 	56497.6    
23 	5     	8439.62	8476.71	1235.36	29243.8    
24 	5     	9708.72	4485.4 	1416.54	14225.1    
25 	5     	21537.8	50580.8	1359.52	172939     
26 	5     	7448.3 	6673.78	1127.84	24526.4    
27 	5     	11208.3	17221.6	804.671	58056.1    
28 	5     	14361.1	21725.3	965.17 	58056.1    
29 	5     	35070  	52154  	965.17 	178097     
30 	5     	1241.02	636.576	709.769	3100.24    
31 	5     	16379.9	23212.7	1030.53	61194.3    
32 	5     	64925.5	75903  	660.749	234241     
33 	5     	1677.06	790.75 	791.71 	3521.25    
34 	5     	19502.5	54002.9	762.377	181492     
35 	5     	1246.43	440.146	760.143	2201.49     

[4.359331384322578, -136.906752573324, 40.78969826942048, 1.1302315507424023, 0.8496105251731898, -143.18078176626267, -35.85792342795182, 8.299728832920053, 0.039213021157031736, 0.14671420235315133, 0.26467189519813206, 0.41127999843638907, 0.17994166948541832, 0.1915187045006706, -62.76057654827025, 13.818255560767177, -86.91800609702449, 0.07085744681034821, 72.31708376133639, 1.0004221988739324, 51.70029448286551, -15.762115999901658, 50.14607432113751, 53.04513360961997]
Current generation:  36
log: 
 gen	nevals	avg    	std    	min    	max        
1  	5     	344200 	261314 	7330.23	790738     
2  	5     	299603 	222496 	7330.23	790738     
3  	5     	319485 	371831 	2871.82	1.23048e+06
4  	5     	718778 	725426 	39793.5	2.65951e+06
5  	5     	7e+15  	2.1e+16	3307.01	7e+16      
6  	5     	1.4e+16	2.8e+16	145457 	7e+16      
7  	5     	7e+15  	2.1e+16	2329.78	7e+16      
8  	5     	219227 	370832 	2329.78	1.15134e+06
9  	5     	234164 	194911 	3472.83	441757     
10 	5     	46359  	52162.6	2253.28	182523     
11 	5     	5699.57	4598.45	1257.91	15731      
12 	5     	7e+15  	2.1e+16	1257.91	7e+16      
13 	5     	3799.8 	4038.44	1005.55	13409.2    
14 	5     	10374.6	18655.9	1005.55	65678      
15 	5     	7806.8 	10959.9	1383.16	38847.9    
16 	5     	12986  	14913.9	2479.69	45060.9    
17 	5     	7e+15  	2.1e+16	2908.32	7e+16      
18 	5     	6700.83	3674.03	2038.43	12134.2    
19 	5     	7173.18	7731.77	1233.9 	28727.9    
20 	5     	5919.96	3829.46	2639.87	14984.8    
21 	5     	7344.35	4993.7 	1782.4 	15204.4    
22 	5     	16409.2	18928.9	1782.4 	56497.6    
23 	5     	8439.62	8476.71	1235.36	29243.8    
24 	5     	9708.72	4485.4 	1416.54	14225.1    
25 	5     	21537.8	50580.8	1359.52	172939     
26 	5     	7448.3 	6673.78	1127.84	24526.4    
27 	5     	11208.3	17221.6	804.671	58056.1    
28 	5     	14361.1	21725.3	965.17 	58056.1    
29 	5     	35070  	52154  	965.17 	178097     
30 	5     	1241.02	636.576	709.769	3100.24    
31 	5     	16379.9	23212.7	1030.53	61194.3    
32 	5     	64925.5	75903  	660.749	234241     
33 	5     	1677.06	790.75 	791.71 	3521.25    
34 	5     	19502.5	54002.9	762.377	181492     
35 	5     	1246.43	440.146	760.143	2201.49    
exp(706.604) out of range, returning exp(700)
exp(715.919) out of range, returning exp(700)
exp(721.433) out of range, returning exp(700)
exp(724.56) out of range, returning exp(700)
No more errno warnings during this execution
36 	5     	1566.68	2037.64	559.482	7607.37     

[4.359331384322578, -136.906752573324, 40.78969826942048, 1.1302315507424023, 0.8496105251731898, -143.18078176626267, -35.85792342795182, 8.299728832920053, 0.039213021157031736, 0.14671420235315133, 0.26467189519813206, 0.41127999843638907, 0.17994166948541832, 0.1915187045006706, -62.76057654827025, 13.818255560767177, -86.91800609702449, 0.07085744681034821, 72.31708376133639, 1.0004221988739324, 51.70029448286551, -15.762115999901658, 50.14607432113751, 53.04513360961997]
Current generation:  37
log: 
 gen	nevals	avg    	std    	min    	max        
1  	5     	344200 	261314 	7330.23	790738     
2  	5     	299603 	222496 	7330.23	790738     
3  	5     	319485 	371831 	2871.82	1.23048e+06
4  	5     	718778 	725426 	39793.5	2.65951e+06
5  	5     	7e+15  	2.1e+16	3307.01	7e+16      
6  	5     	1.4e+16	2.8e+16	145457 	7e+16      
7  	5     	7e+15  	2.1e+16	2329.78	7e+16      
8  	5     	219227 	370832 	2329.78	1.15134e+06
9  	5     	234164 	194911 	3472.83	441757     
10 	5     	46359  	52162.6	2253.28	182523     
11 	5     	5699.57	4598.45	1257.91	15731      
12 	5     	7e+15  	2.1e+16	1257.91	7e+16      
13 	5     	3799.8 	4038.44	1005.55	13409.2    
14 	5     	10374.6	18655.9	1005.55	65678      
15 	5     	7806.8 	10959.9	1383.16	38847.9    
16 	5     	12986  	14913.9	2479.69	45060.9    
17 	5     	7e+15  	2.1e+16	2908.32	7e+16      
18 	5     	6700.83	3674.03	2038.43	12134.2    
19 	5     	7173.18	7731.77	1233.9 	28727.9    
20 	5     	5919.96	3829.46	2639.87	14984.8    
21 	5     	7344.35	4993.7 	1782.4 	15204.4    
22 	5     	16409.2	18928.9	1782.4 	56497.6    
23 	5     	8439.62	8476.71	1235.36	29243.8    
24 	5     	9708.72	4485.4 	1416.54	14225.1    
25 	5     	21537.8	50580.8	1359.52	172939     
26 	5     	7448.3 	6673.78	1127.84	24526.4    
27 	5     	11208.3	17221.6	804.671	58056.1    
28 	5     	14361.1	21725.3	965.17 	58056.1    
29 	5     	35070  	52154  	965.17 	178097     
30 	5     	1241.02	636.576	709.769	3100.24    
31 	5     	16379.9	23212.7	1030.53	61194.3    
32 	5     	64925.5	75903  	660.749	234241     
33 	5     	1677.06	790.75 	791.71 	3521.25    
34 	5     	19502.5	54002.9	762.377	181492     
35 	5     	1246.43	440.146	760.143	2201.49    
36 	5     	1566.68	2037.64	559.482	7607.37    
37 	5     	2963.52	4677.41	648.517	15603.3     

[11.654050617575725, -124.000536082129, 43.97920071787354, 1.490511132628352, 1.679789586528059, -142.59950470455905, -63.20813884655259, 8.649889777167333, 0.9360183397284988, 0.15079460029187652, 0.22384787900701897, 0.3847767374863352, 0.17320306107269953, 0.18655181045592653, -63.50994820535536, 10.133066589061933, -91.81511094714908, 0.06098033131068455, 71.9550522072297, 0.8004903099557964, 13.518144529238162, -1.0638490584093971, 20.871386025015173, 47.340809303051635]
Current generation:  38
log: 
 gen	nevals	avg    	std    	min    	max        
1  	5     	344200 	261314 	7330.23	790738     
2  	5     	299603 	222496 	7330.23	790738     
3  	5     	319485 	371831 	2871.82	1.23048e+06
4  	5     	718778 	725426 	39793.5	2.65951e+06
5  	5     	7e+15  	2.1e+16	3307.01	7e+16      
6  	5     	1.4e+16	2.8e+16	145457 	7e+16      
7  	5     	7e+15  	2.1e+16	2329.78	7e+16      
8  	5     	219227 	370832 	2329.78	1.15134e+06
9  	5     	234164 	194911 	3472.83	441757     
10 	5     	46359  	52162.6	2253.28	182523     
11 	5     	5699.57	4598.45	1257.91	15731      
12 	5     	7e+15  	2.1e+16	1257.91	7e+16      
13 	5     	3799.8 	4038.44	1005.55	13409.2    
14 	5     	10374.6	18655.9	1005.55	65678      
15 	5     	7806.8 	10959.9	1383.16	38847.9    
16 	5     	12986  	14913.9	2479.69	45060.9    
17 	5     	7e+15  	2.1e+16	2908.32	7e+16      
18 	5     	6700.83	3674.03	2038.43	12134.2    
19 	5     	7173.18	7731.77	1233.9 	28727.9    
20 	5     	5919.96	3829.46	2639.87	14984.8    
21 	5     	7344.35	4993.7 	1782.4 	15204.4    
22 	5     	16409.2	18928.9	1782.4 	56497.6    
23 	5     	8439.62	8476.71	1235.36	29243.8    
24 	5     	9708.72	4485.4 	1416.54	14225.1    
25 	5     	21537.8	50580.8	1359.52	172939     
26 	5     	7448.3 	6673.78	1127.84	24526.4    
27 	5     	11208.3	17221.6	804.671	58056.1    
28 	5     	14361.1	21725.3	965.17 	58056.1    
29 	5     	35070  	52154  	965.17 	178097     
30 	5     	1241.02	636.576	709.769	3100.24    
31 	5     	16379.9	23212.7	1030.53	61194.3    
32 	5     	64925.5	75903  	660.749	234241     
33 	5     	1677.06	790.75 	791.71 	3521.25    
34 	5     	19502.5	54002.9	762.377	181492     
35 	5     	1246.43	440.146	760.143	2201.49    
36 	5     	1566.68	2037.64	559.482	7607.37    
37 	5     	2963.52	4677.41	648.517	15603.3    
38 	5     	46864.9	131202 	388.185	440213      

[11.654050617575725, -124.000536082129, 43.97920071787354, 1.490511132628352, 1.679789586528059, -142.59950470455905, -63.20813884655259, 8.649889777167333, 0.9360183397284988, 0.15079460029187652, 0.22384787900701897, 0.3847767374863352, 0.17320306107269953, 0.18655181045592653, -63.50994820535536, 10.133066589061933, -91.81511094714908, 0.06098033131068455, 71.9550522072297, 0.8004903099557964, 13.518144529238162, -1.0638490584093971, 20.871386025015173, 47.340809303051635]
Current generation:  39
log: 
 gen	nevals	avg    	std    	min    	max        
1  	5     	344200 	261314 	7330.23	790738     
2  	5     	299603 	222496 	7330.23	790738     
3  	5     	319485 	371831 	2871.82	1.23048e+06
4  	5     	718778 	725426 	39793.5	2.65951e+06
5  	5     	7e+15  	2.1e+16	3307.01	7e+16      
6  	5     	1.4e+16	2.8e+16	145457 	7e+16      
7  	5     	7e+15  	2.1e+16	2329.78	7e+16      
8  	5     	219227 	370832 	2329.78	1.15134e+06
9  	5     	234164 	194911 	3472.83	441757     
10 	5     	46359  	52162.6	2253.28	182523     
11 	5     	5699.57	4598.45	1257.91	15731      
12 	5     	7e+15  	2.1e+16	1257.91	7e+16      
13 	5     	3799.8 	4038.44	1005.55	13409.2    
14 	5     	10374.6	18655.9	1005.55	65678      
15 	5     	7806.8 	10959.9	1383.16	38847.9    
16 	5     	12986  	14913.9	2479.69	45060.9    
17 	5     	7e+15  	2.1e+16	2908.32	7e+16      
18 	5     	6700.83	3674.03	2038.43	12134.2    
19 	5     	7173.18	7731.77	1233.9 	28727.9    
20 	5     	5919.96	3829.46	2639.87	14984.8    
21 	5     	7344.35	4993.7 	1782.4 	15204.4    
22 	5     	16409.2	18928.9	1782.4 	56497.6    
23 	5     	8439.62	8476.71	1235.36	29243.8    
24 	5     	9708.72	4485.4 	1416.54	14225.1    
25 	5     	21537.8	50580.8	1359.52	172939     
26 	5     	7448.3 	6673.78	1127.84	24526.4    
27 	5     	11208.3	17221.6	804.671	58056.1    
28 	5     	14361.1	21725.3	965.17 	58056.1    
29 	5     	35070  	52154  	965.17 	178097     
30 	5     	1241.02	636.576	709.769	3100.24    
31 	5     	16379.9	23212.7	1030.53	61194.3    
32 	5     	64925.5	75903  	660.749	234241     
33 	5     	1677.06	790.75 	791.71 	3521.25    
34 	5     	19502.5	54002.9	762.377	181492     
35 	5     	1246.43	440.146	760.143	2201.49    
36 	5     	1566.68	2037.64	559.482	7607.37    
37 	5     	2963.52	4677.41	648.517	15603.3    
38 	5     	46864.9	131202 	388.185	440213     
39 	5     	8246.82	8326.65	730.424	26698.7     

[11.654050617575725, -124.000536082129, 43.97920071787354, 1.490511132628352, 1.679789586528059, -142.59950470455905, -63.20813884655259, 8.649889777167333, 0.9360183397284988, 0.15079460029187652, 0.22384787900701897, 0.3847767374863352, 0.17320306107269953, 0.18655181045592653, -63.50994820535536, 10.133066589061933, -91.81511094714908, 0.06098033131068455, 71.9550522072297, 0.8004903099557964, 13.518144529238162, -1.0638490584093971, 20.871386025015173, 47.340809303051635]
Current generation:  40
log: 
 gen	nevals	avg    	std    	min    	max        
1  	5     	344200 	261314 	7330.23	790738     
2  	5     	299603 	222496 	7330.23	790738     
3  	5     	319485 	371831 	2871.82	1.23048e+06
4  	5     	718778 	725426 	39793.5	2.65951e+06
5  	5     	7e+15  	2.1e+16	3307.01	7e+16      
6  	5     	1.4e+16	2.8e+16	145457 	7e+16      
7  	5     	7e+15  	2.1e+16	2329.78	7e+16      
8  	5     	219227 	370832 	2329.78	1.15134e+06
9  	5     	234164 	194911 	3472.83	441757     
10 	5     	46359  	52162.6	2253.28	182523     
11 	5     	5699.57	4598.45	1257.91	15731      
12 	5     	7e+15  	2.1e+16	1257.91	7e+16      
13 	5     	3799.8 	4038.44	1005.55	13409.2    
14 	5     	10374.6	18655.9	1005.55	65678      
15 	5     	7806.8 	10959.9	1383.16	38847.9    
16 	5     	12986  	14913.9	2479.69	45060.9    
17 	5     	7e+15  	2.1e+16	2908.32	7e+16      
18 	5     	6700.83	3674.03	2038.43	12134.2    
19 	5     	7173.18	7731.77	1233.9 	28727.9    
20 	5     	5919.96	3829.46	2639.87	14984.8    
21 	5     	7344.35	4993.7 	1782.4 	15204.4    
22 	5     	16409.2	18928.9	1782.4 	56497.6    
23 	5     	8439.62	8476.71	1235.36	29243.8    
24 	5     	9708.72	4485.4 	1416.54	14225.1    
25 	5     	21537.8	50580.8	1359.52	172939     
26 	5     	7448.3 	6673.78	1127.84	24526.4    
27 	5     	11208.3	17221.6	804.671	58056.1    
28 	5     	14361.1	21725.3	965.17 	58056.1    
29 	5     	35070  	52154  	965.17 	178097     
30 	5     	1241.02	636.576	709.769	3100.24    
31 	5     	16379.9	23212.7	1030.53	61194.3    
32 	5     	64925.5	75903  	660.749	234241     
33 	5     	1677.06	790.75 	791.71 	3521.25    
34 	5     	19502.5	54002.9	762.377	181492     
35 	5     	1246.43	440.146	760.143	2201.49    
36 	5     	1566.68	2037.64	559.482	7607.37    
37 	5     	2963.52	4677.41	648.517	15603.3    
38 	5     	46864.9	131202 	388.185	440213     
39 	5     	8246.82	8326.65	730.424	26698.7    
slurmstepd: error: *** STEP 52877167.0 ON nid00791 CANCELLED AT 2022-01-07T18:31:17 DUE TO TIME LIMIT ***
srun: Job step aborted: Waiting up to 32 seconds for job step to finish.
srun: got SIGCONT
40 	5     	24762.7	22065  	5127.58	78056.5    srun: forcing job termination
