init called
here are the name, val, min, max of each parameter
sh
8.0
(0.1, 50.0)

tha
-28.76
(-150.0, -1.0)

qa
5.41
(0.1, 100.0)

Ra
0.3282
(0.005, 2.0)

Rb
0.1
(0.005, 2.0)

thi1
-37.651
(-150.0, -1.0)

thi2
-30.0
(-150.0, -1.0)

qd
0.5
(0.0, 20.0)

qg
1.5
(0.0, 20.0)

mmin
0.02
(5e-05, 0.5)

hmin
0.01
(5e-05, 0.5)

q10
2.0
(0.0, 20.0)

Rg
0.01
(0.0005, 0.2)

Rd
0.02657
(0.0005, 0.2)

thinf
-45.0
(-150.0, -1.0)

qinf
7.69
(0.5, 100.0)

vhalfs
-60.0
(-150.0, -1.0)

a0s
0.0003
(1.5e-06, 0.1)

zetas
12.0
(0.1, 80.0)

gms
0.2
(0.003, 3.0)

smax
10.0
(0.1, 150.0)

vvh
-58.0
(-150.0, -1.0)

vvs
2.0
(-50.0, 60.0)

Ena
55.0
(45.0, 65.0)




here are the goals:
0.0
0.0
1.0
1.0
1.5
1.0
exp(701.192) out of range, returning exp(700)
exp(703.312) out of range, returning exp(700)
exp(703.394) out of range, returning exp(700)
exp(703.397) out of range, returning exp(700)
No more errno warnings during this execution
exp(701.192) out of range, returning exp(700)
exp(703.312) out of range, returning exp(700)
exp(703.394) out of range, returning exp(700)
exp(703.397) out of range, returning exp(700)
No more errno warnings during this execution
[10.908309916817608, -87.10463023817512, 3.0011746787293077, 0.44727487421470496, 0.8785857493328914, -76.12397603410426, -115.27041691162168, 4.617330830819686, 4.375620746753772, 0.2298287526955799, 0.14492631821451327, 0.4297941053181775, 0.1675968061446833, 0.11151263736916048, -54.298139923065605, 18.99767345652441, -2.111031585766284, 0.0859948629597358, 9.759107788483933, 1.0000874705243068, 108.25051269673193, -44.03242631540333, 53.00846454794056, 53.4421399992283]
Current generation:  1
log: 
 gen	nevals	avg    	std  	min    	max  
1  	3     	17199.3	12067	3536.73	32886 

[10.908309916817608, -87.10463023817512, 3.0011746787293077, 0.44727487421470496, 0.8785857493328914, -76.12397603410426, -115.27041691162168, 4.617330830819686, 4.375620746753772, 0.2298287526955799, 0.14492631821451327, 0.4297941053181775, 0.1675968061446833, 0.11151263736916048, -54.298139923065605, 18.99767345652441, -2.111031585766284, 0.0859948629597358, 9.759107788483933, 1.0000874705243068, 108.25051269673193, -44.03242631540333, 53.00846454794056, 53.4421399992283]
Current generation:  2
log: 
 gen	nevals	avg    	std    	min    	max    
1  	3     	17199.3	12067  	3536.73	32886  
2  	3     	23045.6	19971.2	3536.73	62311.5 

[10.908309916817608, -87.10463023817512, 3.0011746787293077, 0.44727487421470496, 0.8785857493328914, -76.12397603410426, -115.27041691162168, 4.617330830819686, 4.375620746753772, 0.2298287526955799, 0.14492631821451327, 0.4297941053181775, 0.1675968061446833, 0.11151263736916048, -54.298139923065605, 18.99767345652441, -2.111031585766284, 0.0859948629597358, 9.759107788483933, 1.0000874705243068, 108.25051269673193, -44.03242631540333, 53.00846454794056, 53.4421399992283]
Current generation:  3
log: 
 gen	nevals	avg    	std        	min    	max    
1  	3     	17199.3	12067      	3536.73	32886  
2  	3     	23045.6	19971.2    	3536.73	62311.5
3  	3     	1e+16  	2.23607e+16	12435.4	6e+16   

[10.908309916817608, -87.10463023817512, 3.0011746787293077, 0.44727487421470496, 0.8785857493328914, -76.12397603410426, -115.27041691162168, 4.617330830819686, 4.375620746753772, 0.2298287526955799, 0.14492631821451327, 0.4297941053181775, 0.1675968061446833, 0.11151263736916048, -54.298139923065605, 18.99767345652441, -2.111031585766284, 0.0859948629597358, 9.759107788483933, 1.0000874705243068, 108.25051269673193, -44.03242631540333, 53.00846454794056, 53.4421399992283]
Current generation:  4
log: 
 gen	nevals	avg    	std        	min    	max    
1  	3     	17199.3	12067      	3536.73	32886  
2  	3     	23045.6	19971.2    	3536.73	62311.5
3  	3     	1e+16  	2.23607e+16	12435.4	6e+16  
4  	3     	13002.2	2504.59    	10610.3	18341.5 

[10.908309916817608, -87.10463023817512, 3.0011746787293077, 0.44727487421470496, 0.8785857493328914, -76.12397603410426, -115.27041691162168, 4.617330830819686, 4.375620746753772, 0.2298287526955799, 0.14492631821451327, 0.4297941053181775, 0.1675968061446833, 0.11151263736916048, -54.298139923065605, 18.99767345652441, -2.111031585766284, 0.0859948629597358, 9.759107788483933, 1.0000874705243068, 108.25051269673193, -44.03242631540333, 53.00846454794056, 53.4421399992283]
Current generation:  5
log: 
 gen	nevals	avg    	std        	min    	max    
1  	3     	17199.3	12067      	3536.73	32886  
2  	3     	23045.6	19971.2    	3536.73	62311.5
3  	3     	1e+16  	2.23607e+16	12435.4	6e+16  
4  	3     	13002.2	2504.59    	10610.3	18341.5
5  	3     	18440.4	9112.08    	12435.4	38307.7 

33.14698505401611
evaluate_with_lists is called
evaluate_with_lists is called
evaluate_with_lists is called
evaluate_with_lists is called
evaluate_with_lists is called
evaluate_with_lists is called
evaluate_with_lists is called
evaluate_with_lists is called
/global/u1/j/jinan/dec18/SimulatingVariants/CHOP/files_for_optimization/generalized_genSim_shorten_time.py:210: RuntimeWarning: overflow encountered in exp
  return Gmax * (vm - self.vrev) / (1 + np.exp((v_half - vm) / s))
/global/homes/j/jinan/.local/lib/python3.6/site-packages/scipy/optimize/minpack.py:829: OptimizeWarning: Covariance of the parameters could not be estimated
  category=OptimizeWarning)
/global/u1/j/jinan/dec18/SimulatingVariants/CHOP/files_for_optimization/generalized_genSim_shorten_time.py:218: RuntimeWarning: overflow encountered in exp
  norm_g.append(1 / (1 + np.exp(-(volt - self.v_half) / self.s)))
/global/u1/j/jinan/dec18/SimulatingVariants/CHOP/files_for_optimization/curve_fitting.py:17: RuntimeWarning: overflow encountered in exp
  return bottom +  ((top - bottom) / (1.0 + np.exp((v_half - x)/slope)))
/global/u1/j/jinan/dec18/SimulatingVariants/CHOP/files_for_optimization/curve_fitting.py:17: RuntimeWarning: overflow encountered in exp
  return bottom +  ((top - bottom) / (1.0 + np.exp((v_half - x)/slope)))
evaluate_with_lists is called
evaluate_with_lists is called
evaluate_with_lists is called
evaluate_with_lists is called
evaluate_with_lists is called
evaluate_with_lists is called
evaluate_with_lists is called
